running egg_info
writing ../../build/cv2_pkg/cv2_pkg.egg-info/PKG-INFO
writing dependency_links to ../../build/cv2_pkg/cv2_pkg.egg-info/dependency_links.txt
writing entry points to ../../build/cv2_pkg/cv2_pkg.egg-info/entry_points.txt
writing requirements to ../../build/cv2_pkg/cv2_pkg.egg-info/requires.txt
writing top-level names to ../../build/cv2_pkg/cv2_pkg.egg-info/top_level.txt
reading manifest file '../../build/cv2_pkg/cv2_pkg.egg-info/SOURCES.txt'
writing manifest file '../../build/cv2_pkg/cv2_pkg.egg-info/SOURCES.txt'
running build
running build_py
copying cv2_pkg/img_pub.py -> /home/kim/ros2_ws/build/cv2_pkg/build/lib/cv2_pkg
running install
running install_lib
copying /home/kim/ros2_ws/build/cv2_pkg/build/lib/cv2_pkg/img_pub.py -> /home/kim/ros2_ws/install/cv2_pkg/lib/python3.10/site-packages/cv2_pkg
byte-compiling /home/kim/ros2_ws/install/cv2_pkg/lib/python3.10/site-packages/cv2_pkg/img_pub.py to img_pub.cpython-310.pyc
running install_data
copying package.xml -> /home/kim/ros2_ws/install/cv2_pkg/share/cv2_pkg
running install_egg_info
removing '/home/kim/ros2_ws/install/cv2_pkg/lib/python3.10/site-packages/cv2_pkg-0.0.0-py3.10.egg-info' (and everything under it)
Copying ../../build/cv2_pkg/cv2_pkg.egg-info to /home/kim/ros2_ws/install/cv2_pkg/lib/python3.10/site-packages/cv2_pkg-0.0.0-py3.10.egg-info
running install_scripts
Installing img_pub script to /home/kim/ros2_ws/install/cv2_pkg/lib/cv2_pkg
Installing img_sub script to /home/kim/ros2_ws/install/cv2_pkg/lib/cv2_pkg
writing list of installed files to '/home/kim/ros2_ws/build/cv2_pkg/install.log'
