running develop
running egg_info
writing my_first_pkg.egg-info/PKG-INFO
writing dependency_links to my_first_pkg.egg-info/dependency_links.txt
writing entry points to my_first_pkg.egg-info/entry_points.txt
writing requirements to my_first_pkg.egg-info/requires.txt
writing top-level names to my_first_pkg.egg-info/top_level.txt
reading manifest file 'my_first_pkg.egg-info/SOURCES.txt'
writing manifest file 'my_first_pkg.egg-info/SOURCES.txt'
running build_ext
Creating /home/kim/ros2_ws/install/my_first_pkg/lib/python3.10/site-packages/my-first-pkg.egg-link (link to .)
Installing add_three_ints_client script to /home/kim/ros2_ws/install/my_first_pkg/lib/my_first_pkg
Installing add_three_ints_server script to /home/kim/ros2_ws/install/my_first_pkg/lib/my_first_pkg
Installing add_two_ints_client script to /home/kim/ros2_ws/install/my_first_pkg/lib/my_first_pkg
Installing add_two_ints_server script to /home/kim/ros2_ws/install/my_first_pkg/lib/my_first_pkg
Installing counter_node script to /home/kim/ros2_ws/install/my_first_pkg/lib/my_first_pkg
Installing counter_pub script to /home/kim/ros2_ws/install/my_first_pkg/lib/my_first_pkg
Installing robot_station2 script to /home/kim/ros2_ws/install/my_first_pkg/lib/my_first_pkg
Installing sensor_status_pub script to /home/kim/ros2_ws/install/my_first_pkg/lib/my_first_pkg
Installing sensor_status_sub script to /home/kim/ros2_ws/install/my_first_pkg/lib/my_first_pkg
Installing sub_sub script to /home/kim/ros2_ws/install/my_first_pkg/lib/my_first_pkg
Installing turtle_color script to /home/kim/ros2_ws/install/my_first_pkg/lib/my_first_pkg
Installing turtle_pose script to /home/kim/ros2_ws/install/my_first_pkg/lib/my_first_pkg
Installing turtlesim_controller script to /home/kim/ros2_ws/install/my_first_pkg/lib/my_first_pkg
Installing turtlesim_pub script to /home/kim/ros2_ws/install/my_first_pkg/lib/my_first_pkg

Installed /home/kim/ros2_ws/build/my_first_pkg
running symlink_data
symbolically linking /home/kim/ros2_ws/build/my_first_pkg/resource/my_first_pkg -> /home/kim/ros2_ws/install/my_first_pkg/share/ament_index/resource_index/packages
symbolically linking /home/kim/ros2_ws/build/my_first_pkg/package.xml -> /home/kim/ros2_ws/install/my_first_pkg/share/my_first_pkg
symbolically linking /home/kim/ros2_ws/build/my_first_pkg/launch/test.launch.py -> /home/kim/ros2_ws/install/my_first_pkg/share/my_first_pkg/launch
