[0.516s] Invoking command in '/home/kim/ros2_ws/build/my_first_pkg': PYTHONPATH=/home/kim/ros2_ws/build/my_first_pkg/prefix_override:/usr/lib/python3/dist-packages/colcon_core/task/python/colcon_distutils_commands:/home/kim/ros2_ws/install/my_first_pkg/lib/python3.10/site-packages:${PYTHONPATH} /usr/bin/python3 -W ignore:setup.py install is deprecated -W ignore:easy_install command is deprecated setup.py develop --editable --build-directory /home/kim/ros2_ws/build/my_first_pkg/build --no-deps symlink_data --force
[0.732s] running develop
[0.855s] running egg_info
[0.855s] writing my_first_pkg.egg-info/PKG-INFO
[0.855s] writing dependency_links to my_first_pkg.egg-info/dependency_links.txt
[0.856s] writing entry points to my_first_pkg.egg-info/entry_points.txt
[0.856s] writing requirements to my_first_pkg.egg-info/requires.txt
[0.856s] writing top-level names to my_first_pkg.egg-info/top_level.txt
[0.857s] reading manifest file 'my_first_pkg.egg-info/SOURCES.txt'
[0.858s] writing manifest file 'my_first_pkg.egg-info/SOURCES.txt'
[0.859s] running build_ext
[0.859s] Creating /home/kim/ros2_ws/install/my_first_pkg/lib/python3.10/site-packages/my-first-pkg.egg-link (link to .)
[0.860s] Installing add_three_ints_client script to /home/kim/ros2_ws/install/my_first_pkg/lib/my_first_pkg
[0.860s] Installing add_three_ints_server script to /home/kim/ros2_ws/install/my_first_pkg/lib/my_first_pkg
[0.860s] Installing add_two_ints_client script to /home/kim/ros2_ws/install/my_first_pkg/lib/my_first_pkg
[0.860s] Installing add_two_ints_server script to /home/kim/ros2_ws/install/my_first_pkg/lib/my_first_pkg
[0.861s] Installing counter_node script to /home/kim/ros2_ws/install/my_first_pkg/lib/my_first_pkg
[0.861s] Installing counter_pub script to /home/kim/ros2_ws/install/my_first_pkg/lib/my_first_pkg
[0.861s] Installing robot_station2 script to /home/kim/ros2_ws/install/my_first_pkg/lib/my_first_pkg
[0.861s] Installing sensor_status_pub script to /home/kim/ros2_ws/install/my_first_pkg/lib/my_first_pkg
[0.862s] Installing sensor_status_sub script to /home/kim/ros2_ws/install/my_first_pkg/lib/my_first_pkg
[0.862s] Installing sub_sub script to /home/kim/ros2_ws/install/my_first_pkg/lib/my_first_pkg
[0.862s] Installing turtle_color script to /home/kim/ros2_ws/install/my_first_pkg/lib/my_first_pkg
[0.862s] Installing turtle_pose script to /home/kim/ros2_ws/install/my_first_pkg/lib/my_first_pkg
[0.862s] Installing turtlesim_controller script to /home/kim/ros2_ws/install/my_first_pkg/lib/my_first_pkg
[0.862s] Installing turtlesim_pub script to /home/kim/ros2_ws/install/my_first_pkg/lib/my_first_pkg
[0.862s] 
[0.863s] Installed /home/kim/ros2_ws/build/my_first_pkg
[0.863s] running symlink_data
[0.863s] symbolically linking /home/kim/ros2_ws/build/my_first_pkg/resource/my_first_pkg -> /home/kim/ros2_ws/install/my_first_pkg/share/ament_index/resource_index/packages
[0.863s] symbolically linking /home/kim/ros2_ws/build/my_first_pkg/package.xml -> /home/kim/ros2_ws/install/my_first_pkg/share/my_first_pkg
[0.863s] symbolically linking /home/kim/ros2_ws/build/my_first_pkg/launch/test.launch.py -> /home/kim/ros2_ws/install/my_first_pkg/share/my_first_pkg/launch
[0.884s] Invoked command in '/home/kim/ros2_ws/build/my_first_pkg' returned '0': PYTHONPATH=/home/kim/ros2_ws/build/my_first_pkg/prefix_override:/usr/lib/python3/dist-packages/colcon_core/task/python/colcon_distutils_commands:/home/kim/ros2_ws/install/my_first_pkg/lib/python3.10/site-packages:${PYTHONPATH} /usr/bin/python3 -W ignore:setup.py install is deprecated -W ignore:easy_install command is deprecated setup.py develop --editable --build-directory /home/kim/ros2_ws/build/my_first_pkg/build --no-deps symlink_data --force
