[0.799s] Invoking command in '/home/kim/ros2_ws/src/my_first_pkg': CMAKE_PREFIX_PATH=/home/kim/ros2_ws/install/my_interfaces:/home/kim/ros2_ws/install/my_robot_description PYTHONPATH=/home/kim/ros2_ws/build/my_first_pkg/prefix_override:/usr/lib/python3/dist-packages/colcon_core/task/python/colcon_distutils_commands:/home/kim/ros2_ws/install/my_first_pkg/lib/python3.10/site-packages:${PYTHONPATH} /usr/bin/python3 -W ignore:setup.py install is deprecated -W ignore:easy_install command is deprecated setup.py egg_info --egg-base ../../build/my_first_pkg build --build-base /home/kim/ros2_ws/build/my_first_pkg/build install --record /home/kim/ros2_ws/build/my_first_pkg/install.log --single-version-externally-managed install_data
[1.013s] running egg_info
[1.013s] writing ../../build/my_first_pkg/my_first_pkg.egg-info/PKG-INFO
[1.014s] writing dependency_links to ../../build/my_first_pkg/my_first_pkg.egg-info/dependency_links.txt
[1.014s] writing entry points to ../../build/my_first_pkg/my_first_pkg.egg-info/entry_points.txt
[1.014s] writing requirements to ../../build/my_first_pkg/my_first_pkg.egg-info/requires.txt
[1.014s] writing top-level names to ../../build/my_first_pkg/my_first_pkg.egg-info/top_level.txt
[1.015s] reading manifest file '../../build/my_first_pkg/my_first_pkg.egg-info/SOURCES.txt'
[1.017s] writing manifest file '../../build/my_first_pkg/my_first_pkg.egg-info/SOURCES.txt'
[1.017s] running build
[1.017s] running build_py
[1.017s] copying my_first_pkg/set_agv_speed_sub.py -> /home/kim/ros2_ws/build/my_first_pkg/build/lib/my_first_pkg
[1.017s] copying my_first_pkg/move_server.py -> /home/kim/ros2_ws/build/my_first_pkg/build/lib/my_first_pkg
[1.018s] copying my_first_pkg/move_client.py -> /home/kim/ros2_ws/build/my_first_pkg/build/lib/my_first_pkg
[1.019s] copying my_first_pkg/set_agv_speed_controller.py -> /home/kim/ros2_ws/build/my_first_pkg/build/lib/my_first_pkg
[1.019s] copying my_first_pkg/set_agv_speed_client.py -> /home/kim/ros2_ws/build/my_first_pkg/build/lib/my_first_pkg
[1.019s] running install
[1.019s] running install_lib
[1.019s] copying /home/kim/ros2_ws/build/my_first_pkg/build/lib/my_first_pkg/set_agv_speed_sub.py -> /home/kim/ros2_ws/install/my_first_pkg/lib/python3.10/site-packages/my_first_pkg
[1.019s] copying /home/kim/ros2_ws/build/my_first_pkg/build/lib/my_first_pkg/move_server.py -> /home/kim/ros2_ws/install/my_first_pkg/lib/python3.10/site-packages/my_first_pkg
[1.020s] copying /home/kim/ros2_ws/build/my_first_pkg/build/lib/my_first_pkg/move_client.py -> /home/kim/ros2_ws/install/my_first_pkg/lib/python3.10/site-packages/my_first_pkg
[1.020s] copying /home/kim/ros2_ws/build/my_first_pkg/build/lib/my_first_pkg/set_agv_speed_controller.py -> /home/kim/ros2_ws/install/my_first_pkg/lib/python3.10/site-packages/my_first_pkg
[1.020s] copying /home/kim/ros2_ws/build/my_first_pkg/build/lib/my_first_pkg/set_agv_speed_client.py -> /home/kim/ros2_ws/install/my_first_pkg/lib/python3.10/site-packages/my_first_pkg
[1.020s] byte-compiling /home/kim/ros2_ws/install/my_first_pkg/lib/python3.10/site-packages/my_first_pkg/set_agv_speed_sub.py to set_agv_speed_sub.cpython-310.pyc
[1.021s] byte-compiling /home/kim/ros2_ws/install/my_first_pkg/lib/python3.10/site-packages/my_first_pkg/move_server.py to move_server.cpython-310.pyc
[1.021s] byte-compiling /home/kim/ros2_ws/install/my_first_pkg/lib/python3.10/site-packages/my_first_pkg/move_client.py to move_client.cpython-310.pyc
[1.022s] byte-compiling /home/kim/ros2_ws/install/my_first_pkg/lib/python3.10/site-packages/my_first_pkg/set_agv_speed_controller.py to set_agv_speed_controller.cpython-310.pyc
[1.022s] byte-compiling /home/kim/ros2_ws/install/my_first_pkg/lib/python3.10/site-packages/my_first_pkg/set_agv_speed_client.py to set_agv_speed_client.cpython-310.pyc
[1.023s] running install_data
[1.023s] running install_egg_info
[1.025s] removing '/home/kim/ros2_ws/install/my_first_pkg/lib/python3.10/site-packages/my_first_pkg-0.0.0-py3.10.egg-info' (and everything under it)
[1.028s] Copying ../../build/my_first_pkg/my_first_pkg.egg-info to /home/kim/ros2_ws/install/my_first_pkg/lib/python3.10/site-packages/my_first_pkg-0.0.0-py3.10.egg-info
[1.030s] running install_scripts
[1.049s] Installing add_three_ints_client script to /home/kim/ros2_ws/install/my_first_pkg/lib/my_first_pkg
[1.049s] Installing add_three_ints_server script to /home/kim/ros2_ws/install/my_first_pkg/lib/my_first_pkg
[1.049s] Installing add_two_ints_client script to /home/kim/ros2_ws/install/my_first_pkg/lib/my_first_pkg
[1.049s] Installing add_two_ints_server script to /home/kim/ros2_ws/install/my_first_pkg/lib/my_first_pkg
[1.049s] Installing count_until_client script to /home/kim/ros2_ws/install/my_first_pkg/lib/my_first_pkg
[1.049s] Installing count_until_server script to /home/kim/ros2_ws/install/my_first_pkg/lib/my_first_pkg
[1.049s] Installing counter_node script to /home/kim/ros2_ws/install/my_first_pkg/lib/my_first_pkg
[1.049s] Installing counter_pub script to /home/kim/ros2_ws/install/my_first_pkg/lib/my_first_pkg
[1.050s] Installing move_client script to /home/kim/ros2_ws/install/my_first_pkg/lib/my_first_pkg
[1.050s] Installing move_server script to /home/kim/ros2_ws/install/my_first_pkg/lib/my_first_pkg
[1.050s] Installing robot_station2 script to /home/kim/ros2_ws/install/my_first_pkg/lib/my_first_pkg
[1.050s] Installing sensor_status_pub script to /home/kim/ros2_ws/install/my_first_pkg/lib/my_first_pkg
[1.051s] Installing sensor_status_sub script to /home/kim/ros2_ws/install/my_first_pkg/lib/my_first_pkg
[1.051s] Installing set_agv_speed_client script to /home/kim/ros2_ws/install/my_first_pkg/lib/my_first_pkg
[1.051s] Installing set_agv_speed_controller script to /home/kim/ros2_ws/install/my_first_pkg/lib/my_first_pkg
[1.051s] Installing set_agv_speed_sub script to /home/kim/ros2_ws/install/my_first_pkg/lib/my_first_pkg
[1.051s] Installing sub_sub script to /home/kim/ros2_ws/install/my_first_pkg/lib/my_first_pkg
[1.051s] Installing turtle_color script to /home/kim/ros2_ws/install/my_first_pkg/lib/my_first_pkg
[1.051s] Installing turtle_pose script to /home/kim/ros2_ws/install/my_first_pkg/lib/my_first_pkg
[1.051s] Installing turtlesim_controller script to /home/kim/ros2_ws/install/my_first_pkg/lib/my_first_pkg
[1.051s] Installing turtlesim_pub script to /home/kim/ros2_ws/install/my_first_pkg/lib/my_first_pkg
[1.051s] writing list of installed files to '/home/kim/ros2_ws/build/my_first_pkg/install.log'
[1.076s] Invoked command in '/home/kim/ros2_ws/src/my_first_pkg' returned '0': CMAKE_PREFIX_PATH=/home/kim/ros2_ws/install/my_interfaces:/home/kim/ros2_ws/install/my_robot_description PYTHONPATH=/home/kim/ros2_ws/build/my_first_pkg/prefix_override:/usr/lib/python3/dist-packages/colcon_core/task/python/colcon_distutils_commands:/home/kim/ros2_ws/install/my_first_pkg/lib/python3.10/site-packages:${PYTHONPATH} /usr/bin/python3 -W ignore:setup.py install is deprecated -W ignore:easy_install command is deprecated setup.py egg_info --egg-base ../../build/my_first_pkg build --build-base /home/kim/ros2_ws/build/my_first_pkg/build install --record /home/kim/ros2_ws/build/my_first_pkg/install.log --single-version-externally-managed install_data
