[0.570s] Invoking command in '/home/kim/ros2_ws/src/my_first_pkg': PYTHONPATH=/home/kim/ros2_ws/build/my_first_pkg/prefix_override:/usr/lib/python3/dist-packages/colcon_core/task/python/colcon_distutils_commands:/home/kim/ros2_ws/install/my_first_pkg/lib/python3.10/site-packages:${PYTHONPATH} /usr/bin/python3 -W ignore:setup.py install is deprecated -W ignore:easy_install command is deprecated setup.py egg_info --egg-base ../../build/my_first_pkg build --build-base /home/kim/ros2_ws/build/my_first_pkg/build install --record /home/kim/ros2_ws/build/my_first_pkg/install.log --single-version-externally-managed install_data
[0.819s] running egg_info
[0.819s] writing ../../build/my_first_pkg/my_first_pkg.egg-info/PKG-INFO
[0.820s] writing dependency_links to ../../build/my_first_pkg/my_first_pkg.egg-info/dependency_links.txt
[0.820s] writing entry points to ../../build/my_first_pkg/my_first_pkg.egg-info/entry_points.txt
[0.820s] writing requirements to ../../build/my_first_pkg/my_first_pkg.egg-info/requires.txt
[0.820s] writing top-level names to ../../build/my_first_pkg/my_first_pkg.egg-info/top_level.txt
[0.829s] reading manifest file '../../build/my_first_pkg/my_first_pkg.egg-info/SOURCES.txt'
[0.832s] writing manifest file '../../build/my_first_pkg/my_first_pkg.egg-info/SOURCES.txt'
[0.832s] running build
[0.832s] running build_py
[0.832s] copying my_first_pkg/add_three_ints_client.py -> /home/kim/ros2_ws/build/my_first_pkg/build/lib/my_first_pkg
[0.832s] copying my_first_pkg/sensor_status_sub.py -> /home/kim/ros2_ws/build/my_first_pkg/build/lib/my_first_pkg
[0.832s] copying my_first_pkg/add_three_ints_server.py -> /home/kim/ros2_ws/build/my_first_pkg/build/lib/my_first_pkg
[0.832s] copying my_first_pkg/sensor_status_pub.py -> /home/kim/ros2_ws/build/my_first_pkg/build/lib/my_first_pkg
[0.834s] running install
[0.834s] running install_lib
[0.835s] copying /home/kim/ros2_ws/build/my_first_pkg/build/lib/my_first_pkg/add_three_ints_client.py -> /home/kim/ros2_ws/install/my_first_pkg/lib/python3.10/site-packages/my_first_pkg
[0.835s] copying /home/kim/ros2_ws/build/my_first_pkg/build/lib/my_first_pkg/sensor_status_sub.py -> /home/kim/ros2_ws/install/my_first_pkg/lib/python3.10/site-packages/my_first_pkg
[0.835s] copying /home/kim/ros2_ws/build/my_first_pkg/build/lib/my_first_pkg/add_three_ints_server.py -> /home/kim/ros2_ws/install/my_first_pkg/lib/python3.10/site-packages/my_first_pkg
[0.835s] copying /home/kim/ros2_ws/build/my_first_pkg/build/lib/my_first_pkg/sensor_status_pub.py -> /home/kim/ros2_ws/install/my_first_pkg/lib/python3.10/site-packages/my_first_pkg
[0.836s] byte-compiling /home/kim/ros2_ws/install/my_first_pkg/lib/python3.10/site-packages/my_first_pkg/add_three_ints_client.py to add_three_ints_client.cpython-310.pyc
[0.837s] byte-compiling /home/kim/ros2_ws/install/my_first_pkg/lib/python3.10/site-packages/my_first_pkg/sensor_status_sub.py to sensor_status_sub.cpython-310.pyc
[0.838s] byte-compiling /home/kim/ros2_ws/install/my_first_pkg/lib/python3.10/site-packages/my_first_pkg/add_three_ints_server.py to add_three_ints_server.cpython-310.pyc
[0.838s] byte-compiling /home/kim/ros2_ws/install/my_first_pkg/lib/python3.10/site-packages/my_first_pkg/sensor_status_pub.py to sensor_status_pub.cpython-310.pyc
[0.838s] running install_data
[0.839s] copying package.xml -> /home/kim/ros2_ws/install/my_first_pkg/share/my_first_pkg
[0.839s] running install_egg_info
[0.840s] removing '/home/kim/ros2_ws/install/my_first_pkg/lib/python3.10/site-packages/my_first_pkg-0.0.0-py3.10.egg-info' (and everything under it)
[0.844s] Copying ../../build/my_first_pkg/my_first_pkg.egg-info to /home/kim/ros2_ws/install/my_first_pkg/lib/python3.10/site-packages/my_first_pkg-0.0.0-py3.10.egg-info
[0.844s] running install_scripts
[0.872s] Installing add_three_ints_client script to /home/kim/ros2_ws/install/my_first_pkg/lib/my_first_pkg
[0.872s] Installing add_three_ints_server script to /home/kim/ros2_ws/install/my_first_pkg/lib/my_first_pkg
[0.872s] Installing add_two_ints_client script to /home/kim/ros2_ws/install/my_first_pkg/lib/my_first_pkg
[0.873s] Installing add_two_ints_server script to /home/kim/ros2_ws/install/my_first_pkg/lib/my_first_pkg
[0.873s] Installing counter_node script to /home/kim/ros2_ws/install/my_first_pkg/lib/my_first_pkg
[0.873s] Installing counter_pub script to /home/kim/ros2_ws/install/my_first_pkg/lib/my_first_pkg
[0.873s] Installing robot_station2 script to /home/kim/ros2_ws/install/my_first_pkg/lib/my_first_pkg
[0.873s] Installing sub_sub script to /home/kim/ros2_ws/install/my_first_pkg/lib/my_first_pkg
[0.874s] Installing turtle_color script to /home/kim/ros2_ws/install/my_first_pkg/lib/my_first_pkg
[0.874s] Installing turtle_pose script to /home/kim/ros2_ws/install/my_first_pkg/lib/my_first_pkg
[0.874s] Installing turtlesim_controller script to /home/kim/ros2_ws/install/my_first_pkg/lib/my_first_pkg
[0.874s] Installing turtlesim_pub script to /home/kim/ros2_ws/install/my_first_pkg/lib/my_first_pkg
[0.874s] writing list of installed files to '/home/kim/ros2_ws/build/my_first_pkg/install.log'
[0.892s] Invoked command in '/home/kim/ros2_ws/src/my_first_pkg' returned '0': PYTHONPATH=/home/kim/ros2_ws/build/my_first_pkg/prefix_override:/usr/lib/python3/dist-packages/colcon_core/task/python/colcon_distutils_commands:/home/kim/ros2_ws/install/my_first_pkg/lib/python3.10/site-packages:${PYTHONPATH} /usr/bin/python3 -W ignore:setup.py install is deprecated -W ignore:easy_install command is deprecated setup.py egg_info --egg-base ../../build/my_first_pkg build --build-base /home/kim/ros2_ws/build/my_first_pkg/build install --record /home/kim/ros2_ws/build/my_first_pkg/install.log --single-version-externally-managed install_data
