/home/kim/ros2_ws/install/my_first_pkg/lib/python3.10/site-packages/my_first_pkg/number_sub_for_test.py
/home/kim/ros2_ws/install/my_first_pkg/lib/python3.10/site-packages/my_first_pkg/robot_station.py
/home/kim/ros2_ws/install/my_first_pkg/lib/python3.10/site-packages/my_first_pkg/turtlesim_pose_sub.py
/home/kim/ros2_ws/install/my_first_pkg/lib/python3.10/site-packages/my_first_pkg/number_pub_for_test.py
/home/kim/ros2_ws/install/my_first_pkg/lib/python3.10/site-packages/my_first_pkg/counter_pub.py
/home/kim/ros2_ws/install/my_first_pkg/lib/python3.10/site-packages/my_first_pkg/add_two_ints_server.py
/home/kim/ros2_ws/install/my_first_pkg/lib/python3.10/site-packages/my_first_pkg/news_sub.py
/home/kim/ros2_ws/install/my_first_pkg/lib/python3.10/site-packages/my_first_pkg/add_three_ints_client.py
/home/kim/ros2_ws/install/my_first_pkg/lib/python3.10/site-packages/my_first_pkg/sensor_status_sub.py
/home/kim/ros2_ws/install/my_first_pkg/lib/python3.10/site-packages/my_first_pkg/__init__.py
/home/kim/ros2_ws/install/my_first_pkg/lib/python3.10/site-packages/my_first_pkg/set_agv_speed_sub.py
/home/kim/ros2_ws/install/my_first_pkg/lib/python3.10/site-packages/my_first_pkg/move_server.py
/home/kim/ros2_ws/install/my_first_pkg/lib/python3.10/site-packages/my_first_pkg/turtlesim_color_sub.py
/home/kim/ros2_ws/install/my_first_pkg/lib/python3.10/site-packages/my_first_pkg/my_first_node.py
/home/kim/ros2_ws/install/my_first_pkg/lib/python3.10/site-packages/my_first_pkg/add_three_ints_server.py
/home/kim/ros2_ws/install/my_first_pkg/lib/python3.10/site-packages/my_first_pkg/add_two_ints_client.py
/home/kim/ros2_ws/install/my_first_pkg/lib/python3.10/site-packages/my_first_pkg/count_until_client.py
/home/kim/ros2_ws/install/my_first_pkg/lib/python3.10/site-packages/my_first_pkg/count_until_server.py
/home/kim/ros2_ws/install/my_first_pkg/lib/python3.10/site-packages/my_first_pkg/turtlesim_pub.py
/home/kim/ros2_ws/install/my_first_pkg/lib/python3.10/site-packages/my_first_pkg/template_node.py
/home/kim/ros2_ws/install/my_first_pkg/lib/python3.10/site-packages/my_first_pkg/move_client.py
/home/kim/ros2_ws/install/my_first_pkg/lib/python3.10/site-packages/my_first_pkg/set_agv_speed_controller.py
/home/kim/ros2_ws/install/my_first_pkg/lib/python3.10/site-packages/my_first_pkg/turtlesim_controller.py
/home/kim/ros2_ws/install/my_first_pkg/lib/python3.10/site-packages/my_first_pkg/set_agv_speed_client.py
/home/kim/ros2_ws/install/my_first_pkg/lib/python3.10/site-packages/my_first_pkg/sensor_status_pub.py
/home/kim/ros2_ws/install/my_first_pkg/lib/python3.10/site-packages/my_first_pkg/__pycache__/number_sub_for_test.cpython-310.pyc
/home/kim/ros2_ws/install/my_first_pkg/lib/python3.10/site-packages/my_first_pkg/__pycache__/robot_station.cpython-310.pyc
/home/kim/ros2_ws/install/my_first_pkg/lib/python3.10/site-packages/my_first_pkg/__pycache__/turtlesim_pose_sub.cpython-310.pyc
/home/kim/ros2_ws/install/my_first_pkg/lib/python3.10/site-packages/my_first_pkg/__pycache__/number_pub_for_test.cpython-310.pyc
/home/kim/ros2_ws/install/my_first_pkg/lib/python3.10/site-packages/my_first_pkg/__pycache__/counter_pub.cpython-310.pyc
/home/kim/ros2_ws/install/my_first_pkg/lib/python3.10/site-packages/my_first_pkg/__pycache__/add_two_ints_server.cpython-310.pyc
/home/kim/ros2_ws/install/my_first_pkg/lib/python3.10/site-packages/my_first_pkg/__pycache__/news_sub.cpython-310.pyc
/home/kim/ros2_ws/install/my_first_pkg/lib/python3.10/site-packages/my_first_pkg/__pycache__/add_three_ints_client.cpython-310.pyc
/home/kim/ros2_ws/install/my_first_pkg/lib/python3.10/site-packages/my_first_pkg/__pycache__/sensor_status_sub.cpython-310.pyc
/home/kim/ros2_ws/install/my_first_pkg/lib/python3.10/site-packages/my_first_pkg/__pycache__/__init__.cpython-310.pyc
/home/kim/ros2_ws/install/my_first_pkg/lib/python3.10/site-packages/my_first_pkg/__pycache__/set_agv_speed_sub.cpython-310.pyc
/home/kim/ros2_ws/install/my_first_pkg/lib/python3.10/site-packages/my_first_pkg/__pycache__/move_server.cpython-310.pyc
/home/kim/ros2_ws/install/my_first_pkg/lib/python3.10/site-packages/my_first_pkg/__pycache__/turtlesim_color_sub.cpython-310.pyc
/home/kim/ros2_ws/install/my_first_pkg/lib/python3.10/site-packages/my_first_pkg/__pycache__/my_first_node.cpython-310.pyc
/home/kim/ros2_ws/install/my_first_pkg/lib/python3.10/site-packages/my_first_pkg/__pycache__/add_three_ints_server.cpython-310.pyc
/home/kim/ros2_ws/install/my_first_pkg/lib/python3.10/site-packages/my_first_pkg/__pycache__/add_two_ints_client.cpython-310.pyc
/home/kim/ros2_ws/install/my_first_pkg/lib/python3.10/site-packages/my_first_pkg/__pycache__/count_until_client.cpython-310.pyc
/home/kim/ros2_ws/install/my_first_pkg/lib/python3.10/site-packages/my_first_pkg/__pycache__/count_until_server.cpython-310.pyc
/home/kim/ros2_ws/install/my_first_pkg/lib/python3.10/site-packages/my_first_pkg/__pycache__/turtlesim_pub.cpython-310.pyc
/home/kim/ros2_ws/install/my_first_pkg/lib/python3.10/site-packages/my_first_pkg/__pycache__/template_node.cpython-310.pyc
/home/kim/ros2_ws/install/my_first_pkg/lib/python3.10/site-packages/my_first_pkg/__pycache__/move_client.cpython-310.pyc
/home/kim/ros2_ws/install/my_first_pkg/lib/python3.10/site-packages/my_first_pkg/__pycache__/set_agv_speed_controller.cpython-310.pyc
/home/kim/ros2_ws/install/my_first_pkg/lib/python3.10/site-packages/my_first_pkg/__pycache__/turtlesim_controller.cpython-310.pyc
/home/kim/ros2_ws/install/my_first_pkg/lib/python3.10/site-packages/my_first_pkg/__pycache__/set_agv_speed_client.cpython-310.pyc
/home/kim/ros2_ws/install/my_first_pkg/lib/python3.10/site-packages/my_first_pkg/__pycache__/sensor_status_pub.cpython-310.pyc
/home/kim/ros2_ws/install/my_first_pkg/share/ament_index/resource_index/packages/my_first_pkg
/home/kim/ros2_ws/install/my_first_pkg/share/my_first_pkg/package.xml
/home/kim/ros2_ws/install/my_first_pkg/share/my_first_pkg/launch/new.launch.py
/home/kim/ros2_ws/install/my_first_pkg/share/my_first_pkg/launch/test.launch.py
/home/kim/ros2_ws/install/my_first_pkg/share/my_first_pkg/launch/counter.launch.py
/home/kim/ros2_ws/install/my_first_pkg/lib/python3.10/site-packages/my_first_pkg-0.0.0-py3.10.egg-info/PKG-INFO
/home/kim/ros2_ws/install/my_first_pkg/lib/python3.10/site-packages/my_first_pkg-0.0.0-py3.10.egg-info/zip-safe
/home/kim/ros2_ws/install/my_first_pkg/lib/python3.10/site-packages/my_first_pkg-0.0.0-py3.10.egg-info/requires.txt
/home/kim/ros2_ws/install/my_first_pkg/lib/python3.10/site-packages/my_first_pkg-0.0.0-py3.10.egg-info/SOURCES.txt
/home/kim/ros2_ws/install/my_first_pkg/lib/python3.10/site-packages/my_first_pkg-0.0.0-py3.10.egg-info/dependency_links.txt
/home/kim/ros2_ws/install/my_first_pkg/lib/python3.10/site-packages/my_first_pkg-0.0.0-py3.10.egg-info/entry_points.txt
/home/kim/ros2_ws/install/my_first_pkg/lib/python3.10/site-packages/my_first_pkg-0.0.0-py3.10.egg-info/top_level.txt
/home/kim/ros2_ws/install/my_first_pkg/lib/my_first_pkg/add_three_ints_client
/home/kim/ros2_ws/install/my_first_pkg/lib/my_first_pkg/add_three_ints_server
/home/kim/ros2_ws/install/my_first_pkg/lib/my_first_pkg/add_two_ints_client
/home/kim/ros2_ws/install/my_first_pkg/lib/my_first_pkg/add_two_ints_server
/home/kim/ros2_ws/install/my_first_pkg/lib/my_first_pkg/count_until_client
/home/kim/ros2_ws/install/my_first_pkg/lib/my_first_pkg/count_until_server
/home/kim/ros2_ws/install/my_first_pkg/lib/my_first_pkg/counter_node
/home/kim/ros2_ws/install/my_first_pkg/lib/my_first_pkg/counter_pub
/home/kim/ros2_ws/install/my_first_pkg/lib/my_first_pkg/move_client
/home/kim/ros2_ws/install/my_first_pkg/lib/my_first_pkg/move_server
/home/kim/ros2_ws/install/my_first_pkg/lib/my_first_pkg/number_pub_for_test
/home/kim/ros2_ws/install/my_first_pkg/lib/my_first_pkg/number_sub_for_test
/home/kim/ros2_ws/install/my_first_pkg/lib/my_first_pkg/robot_station2
/home/kim/ros2_ws/install/my_first_pkg/lib/my_first_pkg/sensor_status_pub
/home/kim/ros2_ws/install/my_first_pkg/lib/my_first_pkg/sensor_status_sub
/home/kim/ros2_ws/install/my_first_pkg/lib/my_first_pkg/set_agv_speed_client
/home/kim/ros2_ws/install/my_first_pkg/lib/my_first_pkg/set_agv_speed_controller
/home/kim/ros2_ws/install/my_first_pkg/lib/my_first_pkg/set_agv_speed_sub
/home/kim/ros2_ws/install/my_first_pkg/lib/my_first_pkg/sub_sub
/home/kim/ros2_ws/install/my_first_pkg/lib/my_first_pkg/turtle_color
/home/kim/ros2_ws/install/my_first_pkg/lib/my_first_pkg/turtle_pose
/home/kim/ros2_ws/install/my_first_pkg/lib/my_first_pkg/turtlesim_controller
/home/kim/ros2_ws/install/my_first_pkg/lib/my_first_pkg/turtlesim_pub
