running egg_info
writing ../../build/motor_node/motor_node.egg-info/PKG-INFO
writing dependency_links to ../../build/motor_node/motor_node.egg-info/dependency_links.txt
writing entry points to ../../build/motor_node/motor_node.egg-info/entry_points.txt
writing requirements to ../../build/motor_node/motor_node.egg-info/requires.txt
writing top-level names to ../../build/motor_node/motor_node.egg-info/top_level.txt
reading manifest file '../../build/motor_node/motor_node.egg-info/SOURCES.txt'
writing manifest file '../../build/motor_node/motor_node.egg-info/SOURCES.txt'
running build
running build_py
copying motor_node/motor_node2.py -> /home/kim/stm_ws/build/motor_node/build/lib/motor_node
running install
running install_lib
copying /home/kim/stm_ws/build/motor_node/build/lib/motor_node/motor_node2.py -> /home/kim/stm_ws/install/motor_node/lib/python3.10/site-packages/motor_node
byte-compiling /home/kim/stm_ws/install/motor_node/lib/python3.10/site-packages/motor_node/motor_node2.py to motor_node2.cpython-310.pyc
running install_data
running install_egg_info
removing '/home/kim/stm_ws/install/motor_node/lib/python3.10/site-packages/motor_node-0.0.0-py3.10.egg-info' (and everything under it)
Copying ../../build/motor_node/motor_node.egg-info to /home/kim/stm_ws/install/motor_node/lib/python3.10/site-packages/motor_node-0.0.0-py3.10.egg-info
running install_scripts
Installing motor_node script to /home/kim/stm_ws/install/motor_node/lib/motor_node
Installing motor_node2 script to /home/kim/stm_ws/install/motor_node/lib/motor_node
writing list of installed files to '/home/kim/stm_ws/build/motor_node/install.log'
