[0.153s] DEBUG:colcon:Command line arguments: ['/usr/bin/colcon', 'build', '--packages-select', 'my_first_pkg']
[0.153s] DEBUG:colcon:Parsed command line arguments: Namespace(log_base=None, log_level=None, verb_name='build', build_base='build', install_base='install', merge_install=False, symlink_install=False, test_result_base=None, continue_on_error=False, executor='parallel', parallel_workers=8, event_handlers=None, ignore_user_meta=False, metas=['./colcon.meta'], base_paths=['.'], packages_ignore=None, packages_ignore_regex=None, paths=None, packages_up_to=None, packages_up_to_regex=None, packages_above=None, packages_above_and_dependencies=None, packages_above_depth=None, packages_select_by_dep=None, packages_skip_by_dep=None, packages_skip_up_to=None, packages_select_build_failed=False, packages_skip_build_finished=False, packages_select_test_failures=False, packages_skip_test_passed=False, packages_select=['my_first_pkg'], packages_skip=None, packages_select_regex=None, packages_skip_regex=None, packages_start=None, packages_end=None, allow_overriding=[], cmake_args=None, cmake_target=None, cmake_target_skip_unavailable=False, cmake_clean_cache=False, cmake_clean_first=False, cmake_force_configure=False, ament_cmake_args=None, catkin_cmake_args=None, catkin_skip_building_tests=False, mixin_files=None, mixin=None, verb_parser=<colcon_mixin.mixin.mixin_argument.MixinArgumentDecorator object at 0x7df59352e050>, verb_extension=<colcon_core.verb.build.BuildVerb object at 0x7df59352da80>, main=<bound method BuildVerb.main of <colcon_core.verb.build.BuildVerb object at 0x7df59352da80>>, mixin_verb=('build',))
[0.438s] Level 1:colcon.colcon_core.package_discovery:discover_packages(colcon_meta) check parameters
[0.438s] Level 1:colcon.colcon_core.package_discovery:discover_packages(recursive) check parameters
[0.438s] Level 1:colcon.colcon_core.package_discovery:discover_packages(ignore) check parameters
[0.438s] Level 1:colcon.colcon_core.package_discovery:discover_packages(path) check parameters
[0.438s] Level 1:colcon.colcon_core.package_discovery:discover_packages(colcon_meta) discover
[0.438s] Level 1:colcon.colcon_core.package_discovery:discover_packages(recursive) discover
[0.438s] INFO:colcon.colcon_core.package_discovery:Crawling recursively for packages in '/home/kim/ros2_ws'
[0.439s] Level 1:colcon.colcon_core.package_identification:_identify(.) by extensions ['ignore', 'ignore_ament_install']
[0.439s] Level 1:colcon.colcon_core.package_identification:_identify(.) by extension 'ignore'
[0.439s] Level 1:colcon.colcon_core.package_identification:_identify(.) by extension 'ignore_ament_install'
[0.439s] Level 1:colcon.colcon_core.package_identification:_identify(.) by extensions ['colcon_pkg']
[0.439s] Level 1:colcon.colcon_core.package_identification:_identify(.) by extension 'colcon_pkg'
[0.439s] Level 1:colcon.colcon_core.package_identification:_identify(.) by extensions ['colcon_meta']
[0.439s] Level 1:colcon.colcon_core.package_identification:_identify(.) by extension 'colcon_meta'
[0.439s] Level 1:colcon.colcon_core.package_identification:_identify(.) by extensions ['ros']
[0.439s] Level 1:colcon.colcon_core.package_identification:_identify(.) by extension 'ros'
[0.455s] Level 1:colcon.colcon_core.package_identification:_identify(.) by extensions ['cmake', 'python']
[0.455s] Level 1:colcon.colcon_core.package_identification:_identify(.) by extension 'cmake'
[0.455s] Level 1:colcon.colcon_core.package_identification:_identify(.) by extension 'python'
[0.455s] Level 1:colcon.colcon_core.package_identification:_identify(.) by extensions ['python_setup_py']
[0.455s] Level 1:colcon.colcon_core.package_identification:_identify(.) by extension 'python_setup_py'
[0.455s] Level 1:colcon.colcon_core.package_identification:_identify(build) by extensions ['ignore', 'ignore_ament_install']
[0.455s] Level 1:colcon.colcon_core.package_identification:_identify(build) by extension 'ignore'
[0.455s] Level 1:colcon.colcon_core.package_identification:_identify(build) ignored
[0.456s] Level 1:colcon.colcon_core.package_identification:_identify(install) by extensions ['ignore', 'ignore_ament_install']
[0.456s] Level 1:colcon.colcon_core.package_identification:_identify(install) by extension 'ignore'
[0.456s] Level 1:colcon.colcon_core.package_identification:_identify(install) ignored
[0.456s] Level 1:colcon.colcon_core.package_identification:_identify(log) by extensions ['ignore', 'ignore_ament_install']
[0.456s] Level 1:colcon.colcon_core.package_identification:_identify(log) by extension 'ignore'
[0.456s] Level 1:colcon.colcon_core.package_identification:_identify(log) ignored
[0.456s] Level 1:colcon.colcon_core.package_identification:_identify(src) by extensions ['ignore', 'ignore_ament_install']
[0.456s] Level 1:colcon.colcon_core.package_identification:_identify(src) by extension 'ignore'
[0.456s] Level 1:colcon.colcon_core.package_identification:_identify(src) by extension 'ignore_ament_install'
[0.456s] Level 1:colcon.colcon_core.package_identification:_identify(src) by extensions ['colcon_pkg']
[0.456s] Level 1:colcon.colcon_core.package_identification:_identify(src) by extension 'colcon_pkg'
[0.456s] Level 1:colcon.colcon_core.package_identification:_identify(src) by extensions ['colcon_meta']
[0.456s] Level 1:colcon.colcon_core.package_identification:_identify(src) by extension 'colcon_meta'
[0.456s] Level 1:colcon.colcon_core.package_identification:_identify(src) by extensions ['ros']
[0.456s] Level 1:colcon.colcon_core.package_identification:_identify(src) by extension 'ros'
[0.456s] Level 1:colcon.colcon_core.package_identification:_identify(src) by extensions ['cmake', 'python']
[0.456s] Level 1:colcon.colcon_core.package_identification:_identify(src) by extension 'cmake'
[0.456s] Level 1:colcon.colcon_core.package_identification:_identify(src) by extension 'python'
[0.456s] Level 1:colcon.colcon_core.package_identification:_identify(src) by extensions ['python_setup_py']
[0.456s] Level 1:colcon.colcon_core.package_identification:_identify(src) by extension 'python_setup_py'
[0.457s] Level 1:colcon.colcon_core.package_identification:_identify(src/my_first_pkg) by extensions ['ignore', 'ignore_ament_install']
[0.457s] Level 1:colcon.colcon_core.package_identification:_identify(src/my_first_pkg) by extension 'ignore'
[0.457s] Level 1:colcon.colcon_core.package_identification:_identify(src/my_first_pkg) by extension 'ignore_ament_install'
[0.457s] Level 1:colcon.colcon_core.package_identification:_identify(src/my_first_pkg) by extensions ['colcon_pkg']
[0.457s] Level 1:colcon.colcon_core.package_identification:_identify(src/my_first_pkg) by extension 'colcon_pkg'
[0.457s] Level 1:colcon.colcon_core.package_identification:_identify(src/my_first_pkg) by extensions ['colcon_meta']
[0.457s] Level 1:colcon.colcon_core.package_identification:_identify(src/my_first_pkg) by extension 'colcon_meta'
[0.457s] Level 1:colcon.colcon_core.package_identification:_identify(src/my_first_pkg) by extensions ['ros']
[0.457s] Level 1:colcon.colcon_core.package_identification:_identify(src/my_first_pkg) by extension 'ros'
[0.461s] DEBUG:colcon.colcon_core.package_identification:Package 'src/my_first_pkg' with type 'ros.ament_python' and name 'my_first_pkg'
[0.461s] Level 1:colcon.colcon_core.package_identification:_identify(src/my_interfaces) by extensions ['ignore', 'ignore_ament_install']
[0.461s] Level 1:colcon.colcon_core.package_identification:_identify(src/my_interfaces) by extension 'ignore'
[0.461s] Level 1:colcon.colcon_core.package_identification:_identify(src/my_interfaces) by extension 'ignore_ament_install'
[0.461s] Level 1:colcon.colcon_core.package_identification:_identify(src/my_interfaces) by extensions ['colcon_pkg']
[0.461s] Level 1:colcon.colcon_core.package_identification:_identify(src/my_interfaces) by extension 'colcon_pkg'
[0.461s] Level 1:colcon.colcon_core.package_identification:_identify(src/my_interfaces) by extensions ['colcon_meta']
[0.461s] Level 1:colcon.colcon_core.package_identification:_identify(src/my_interfaces) by extension 'colcon_meta'
[0.461s] Level 1:colcon.colcon_core.package_identification:_identify(src/my_interfaces) by extensions ['ros']
[0.461s] Level 1:colcon.colcon_core.package_identification:_identify(src/my_interfaces) by extension 'ros'
[0.462s] DEBUG:colcon.colcon_core.package_identification:Package 'src/my_interfaces' with type 'ros.ament_cmake' and name 'my_interfaces'
[0.462s] Level 1:colcon.colcon_core.package_identification:_identify(src/my_robot_discription) by extensions ['ignore', 'ignore_ament_install']
[0.462s] Level 1:colcon.colcon_core.package_identification:_identify(src/my_robot_discription) by extension 'ignore'
[0.463s] Level 1:colcon.colcon_core.package_identification:_identify(src/my_robot_discription) by extension 'ignore_ament_install'
[0.463s] Level 1:colcon.colcon_core.package_identification:_identify(src/my_robot_discription) by extensions ['colcon_pkg']
[0.463s] Level 1:colcon.colcon_core.package_identification:_identify(src/my_robot_discription) by extension 'colcon_pkg'
[0.463s] Level 1:colcon.colcon_core.package_identification:_identify(src/my_robot_discription) by extensions ['colcon_meta']
[0.463s] Level 1:colcon.colcon_core.package_identification:_identify(src/my_robot_discription) by extension 'colcon_meta'
[0.463s] Level 1:colcon.colcon_core.package_identification:_identify(src/my_robot_discription) by extensions ['ros']
[0.463s] Level 1:colcon.colcon_core.package_identification:_identify(src/my_robot_discription) by extension 'ros'
[0.463s] DEBUG:colcon.colcon_core.package_identification:Package 'src/my_robot_discription' with type 'ros.ament_cmake' and name 'my_robot_discription'
[0.464s] Level 1:colcon.colcon_core.package_identification:_identify(src/simple_test_pkg) by extensions ['ignore', 'ignore_ament_install']
[0.464s] Level 1:colcon.colcon_core.package_identification:_identify(src/simple_test_pkg) by extension 'ignore'
[0.464s] Level 1:colcon.colcon_core.package_identification:_identify(src/simple_test_pkg) by extension 'ignore_ament_install'
[0.464s] Level 1:colcon.colcon_core.package_identification:_identify(src/simple_test_pkg) by extensions ['colcon_pkg']
[0.464s] Level 1:colcon.colcon_core.package_identification:_identify(src/simple_test_pkg) by extension 'colcon_pkg'
[0.464s] Level 1:colcon.colcon_core.package_identification:_identify(src/simple_test_pkg) by extensions ['colcon_meta']
[0.464s] Level 1:colcon.colcon_core.package_identification:_identify(src/simple_test_pkg) by extension 'colcon_meta'
[0.464s] Level 1:colcon.colcon_core.package_identification:_identify(src/simple_test_pkg) by extensions ['ros']
[0.464s] Level 1:colcon.colcon_core.package_identification:_identify(src/simple_test_pkg) by extension 'ros'
[0.465s] DEBUG:colcon.colcon_core.package_identification:Package 'src/simple_test_pkg' with type 'ros.ament_python' and name 'simple_test_pkg'
[0.465s] Level 1:colcon.colcon_core.package_discovery:discover_packages(recursive) using defaults
[0.465s] Level 1:colcon.colcon_core.package_discovery:discover_packages(ignore) discover
[0.465s] Level 1:colcon.colcon_core.package_discovery:discover_packages(ignore) using defaults
[0.465s] Level 1:colcon.colcon_core.package_discovery:discover_packages(path) discover
[0.465s] Level 1:colcon.colcon_core.package_discovery:discover_packages(path) using defaults
[0.506s] INFO:colcon.colcon_core.package_selection:Skipping not selected package 'my_interfaces' in 'src/my_interfaces'
[0.506s] INFO:colcon.colcon_core.package_selection:Skipping not selected package 'my_robot_discription' in 'src/my_robot_discription'
[0.506s] INFO:colcon.colcon_core.package_selection:Skipping not selected package 'simple_test_pkg' in 'src/simple_test_pkg'
[0.507s] Level 1:colcon.colcon_core.package_discovery:discover_packages(prefix_path) check parameters
[0.508s] Level 1:colcon.colcon_core.package_discovery:discover_packages(prefix_path) discover
[0.513s] DEBUG:colcon.colcon_installed_package_information.package_discovery:Found 3 installed packages in /home/kim/ros2_ws/install
[0.514s] DEBUG:colcon.colcon_installed_package_information.package_discovery:Found 275 installed packages in /opt/ros/humble
[0.517s] Level 1:colcon.colcon_core.package_discovery:discover_packages(prefix_path) using defaults
[0.553s] Level 5:colcon.colcon_core.verb:set package 'my_first_pkg' build argument 'cmake_args' from command line to 'None'
[0.553s] Level 5:colcon.colcon_core.verb:set package 'my_first_pkg' build argument 'cmake_target' from command line to 'None'
[0.553s] Level 5:colcon.colcon_core.verb:set package 'my_first_pkg' build argument 'cmake_target_skip_unavailable' from command line to 'False'
[0.553s] Level 5:colcon.colcon_core.verb:set package 'my_first_pkg' build argument 'cmake_clean_cache' from command line to 'False'
[0.553s] Level 5:colcon.colcon_core.verb:set package 'my_first_pkg' build argument 'cmake_clean_first' from command line to 'False'
[0.553s] Level 5:colcon.colcon_core.verb:set package 'my_first_pkg' build argument 'cmake_force_configure' from command line to 'False'
[0.553s] Level 5:colcon.colcon_core.verb:set package 'my_first_pkg' build argument 'ament_cmake_args' from command line to 'None'
[0.553s] Level 5:colcon.colcon_core.verb:set package 'my_first_pkg' build argument 'catkin_cmake_args' from command line to 'None'
[0.553s] Level 5:colcon.colcon_core.verb:set package 'my_first_pkg' build argument 'catkin_skip_building_tests' from command line to 'False'
[0.553s] DEBUG:colcon.colcon_core.verb:Building package 'my_first_pkg' with the following arguments: {'ament_cmake_args': None, 'build_base': '/home/kim/ros2_ws/build/my_first_pkg', 'catkin_cmake_args': None, 'catkin_skip_building_tests': False, 'cmake_args': None, 'cmake_clean_cache': False, 'cmake_clean_first': False, 'cmake_force_configure': False, 'cmake_target': None, 'cmake_target_skip_unavailable': False, 'install_base': '/home/kim/ros2_ws/install/my_first_pkg', 'merge_install': False, 'path': '/home/kim/ros2_ws/src/my_first_pkg', 'symlink_install': False, 'test_result_base': None}
[0.553s] INFO:colcon.colcon_core.executor:Executing jobs using 'parallel' executor
[0.554s] DEBUG:colcon.colcon_parallel_executor.executor.parallel:run_until_complete
[0.554s] INFO:colcon.colcon_ros.task.ament_python.build:Building ROS package in '/home/kim/ros2_ws/src/my_first_pkg' with build type 'ament_python'
[0.555s] Level 1:colcon.colcon_core.shell:create_environment_hook('my_first_pkg', 'ament_prefix_path')
[0.559s] INFO:colcon.colcon_core.plugin_system:Skipping extension 'colcon_core.shell.bat': Not used on non-Windows systems
[0.559s] INFO:colcon.colcon_core.shell:Creating environment hook '/home/kim/ros2_ws/install/my_first_pkg/share/my_first_pkg/hook/ament_prefix_path.ps1'
[0.560s] INFO:colcon.colcon_core.shell:Creating environment descriptor '/home/kim/ros2_ws/install/my_first_pkg/share/my_first_pkg/hook/ament_prefix_path.dsv'
[0.561s] INFO:colcon.colcon_core.shell:Creating environment hook '/home/kim/ros2_ws/install/my_first_pkg/share/my_first_pkg/hook/ament_prefix_path.sh'
[0.562s] INFO:colcon.colcon_core.shell:Skip shell extension 'powershell' for command environment: Not usable outside of PowerShell
[0.562s] DEBUG:colcon.colcon_core.shell:Skip shell extension 'dsv' for command environment
[0.791s] INFO:colcon.colcon_core.task.python.build:Building Python package in '/home/kim/ros2_ws/src/my_first_pkg'
[0.792s] INFO:colcon.colcon_core.shell:Skip shell extension 'powershell' for command environment: Not usable outside of PowerShell
[0.792s] DEBUG:colcon.colcon_core.shell:Skip shell extension 'dsv' for command environment
[1.189s] DEBUG:colcon.colcon_core.event_handler.log_command:Invoking command in '/home/kim/ros2_ws/src/my_first_pkg': PYTHONPATH=/home/kim/ros2_ws/build/my_first_pkg/prefix_override:/usr/lib/python3/dist-packages/colcon_core/task/python/colcon_distutils_commands:/home/kim/ros2_ws/install/my_first_pkg/lib/python3.10/site-packages:${PYTHONPATH} /usr/bin/python3 -W ignore:setup.py install is deprecated -W ignore:easy_install command is deprecated setup.py egg_info --egg-base ../../build/my_first_pkg build --build-base /home/kim/ros2_ws/build/my_first_pkg/build install --record /home/kim/ros2_ws/build/my_first_pkg/install.log --single-version-externally-managed install_data
[1.439s] DEBUG:colcon.colcon_core.event_handler.log_command:Invoked command in '/home/kim/ros2_ws/src/my_first_pkg' returned '0': PYTHONPATH=/home/kim/ros2_ws/build/my_first_pkg/prefix_override:/usr/lib/python3/dist-packages/colcon_core/task/python/colcon_distutils_commands:/home/kim/ros2_ws/install/my_first_pkg/lib/python3.10/site-packages:${PYTHONPATH} /usr/bin/python3 -W ignore:setup.py install is deprecated -W ignore:easy_install command is deprecated setup.py egg_info --egg-base ../../build/my_first_pkg build --build-base /home/kim/ros2_ws/build/my_first_pkg/build install --record /home/kim/ros2_ws/build/my_first_pkg/install.log --single-version-externally-managed install_data
[1.445s] Level 1:colcon.colcon_core.environment:checking '/home/kim/ros2_ws/install/my_first_pkg' for CMake module files
[1.446s] Level 1:colcon.colcon_core.environment:checking '/home/kim/ros2_ws/install/my_first_pkg' for CMake config files
[1.446s] Level 1:colcon.colcon_core.environment:checking '/home/kim/ros2_ws/install/my_first_pkg/lib'
[1.447s] Level 1:colcon.colcon_core.environment:checking '/home/kim/ros2_ws/install/my_first_pkg/bin'
[1.447s] Level 1:colcon.colcon_core.environment:checking '/home/kim/ros2_ws/install/my_first_pkg/lib/pkgconfig/my_first_pkg.pc'
[1.447s] Level 1:colcon.colcon_core.environment:checking '/home/kim/ros2_ws/install/my_first_pkg/lib/python3.10/site-packages'
[1.447s] Level 1:colcon.colcon_core.shell:create_environment_hook('my_first_pkg', 'pythonpath')
[1.447s] INFO:colcon.colcon_core.shell:Creating environment hook '/home/kim/ros2_ws/install/my_first_pkg/share/my_first_pkg/hook/pythonpath.ps1'
[1.448s] INFO:colcon.colcon_core.shell:Creating environment descriptor '/home/kim/ros2_ws/install/my_first_pkg/share/my_first_pkg/hook/pythonpath.dsv'
[1.448s] INFO:colcon.colcon_core.shell:Creating environment hook '/home/kim/ros2_ws/install/my_first_pkg/share/my_first_pkg/hook/pythonpath.sh'
[1.448s] Level 1:colcon.colcon_core.environment:checking '/home/kim/ros2_ws/install/my_first_pkg/bin'
[1.449s] Level 1:colcon.colcon_core.environment:create_environment_scripts_only(my_first_pkg)
[1.449s] INFO:colcon.colcon_core.shell:Creating package script '/home/kim/ros2_ws/install/my_first_pkg/share/my_first_pkg/package.ps1'
[1.450s] INFO:colcon.colcon_core.shell:Creating package descriptor '/home/kim/ros2_ws/install/my_first_pkg/share/my_first_pkg/package.dsv'
[1.451s] INFO:colcon.colcon_core.shell:Creating package script '/home/kim/ros2_ws/install/my_first_pkg/share/my_first_pkg/package.sh'
[1.452s] INFO:colcon.colcon_core.shell:Creating package script '/home/kim/ros2_ws/install/my_first_pkg/share/my_first_pkg/package.bash'
[1.453s] INFO:colcon.colcon_core.shell:Creating package script '/home/kim/ros2_ws/install/my_first_pkg/share/my_first_pkg/package.zsh'
[1.454s] Level 1:colcon.colcon_core.environment:create_file_with_runtime_dependencies(/home/kim/ros2_ws/install/my_first_pkg/share/colcon-core/packages/my_first_pkg)
[1.454s] DEBUG:colcon.colcon_parallel_executor.executor.parallel:closing loop
[1.455s] DEBUG:colcon.colcon_parallel_executor.executor.parallel:loop closed
[1.455s] DEBUG:colcon.colcon_parallel_executor.executor.parallel:run_until_complete finished with '0'
[1.455s] DEBUG:colcon.colcon_core.event_reactor:joining thread
[1.461s] INFO:colcon.colcon_core.plugin_system:Skipping extension 'colcon_notification.desktop_notification.terminal_notifier': Not used on non-Darwin systems
[1.461s] INFO:colcon.colcon_core.plugin_system:Skipping extension 'colcon_notification.desktop_notification.win32': Not used on non-Windows systems
[1.461s] INFO:colcon.colcon_notification.desktop_notification:Sending desktop notification using 'notify2'
[1.478s] DEBUG:colcon.colcon_core.event_reactor:joined thread
[1.479s] INFO:colcon.colcon_core.shell:Creating prefix script '/home/kim/ros2_ws/install/local_setup.ps1'
[1.496s] INFO:colcon.colcon_core.shell:Creating prefix util module '/home/kim/ros2_ws/install/_local_setup_util_ps1.py'
[1.498s] INFO:colcon.colcon_core.shell:Creating prefix chain script '/home/kim/ros2_ws/install/setup.ps1'
[1.501s] INFO:colcon.colcon_core.shell:Creating prefix script '/home/kim/ros2_ws/install/local_setup.sh'
[1.502s] INFO:colcon.colcon_core.shell:Creating prefix util module '/home/kim/ros2_ws/install/_local_setup_util_sh.py'
[1.503s] INFO:colcon.colcon_core.shell:Creating prefix chain script '/home/kim/ros2_ws/install/setup.sh'
[1.504s] INFO:colcon.colcon_core.shell:Creating prefix script '/home/kim/ros2_ws/install/local_setup.bash'
[1.505s] INFO:colcon.colcon_core.shell:Creating prefix chain script '/home/kim/ros2_ws/install/setup.bash'
[1.509s] INFO:colcon.colcon_core.shell:Creating prefix script '/home/kim/ros2_ws/install/local_setup.zsh'
[1.511s] INFO:colcon.colcon_core.shell:Creating prefix chain script '/home/kim/ros2_ws/install/setup.zsh'
