running develop
Removing /home/kim/ros2_ws/install/my_first_pkg/lib/python3.10/site-packages/my-first-pkg.egg-link (link to .)
running egg_info
writing ../../build/my_first_pkg/my_first_pkg.egg-info/PKG-INFO
writing dependency_links to ../../build/my_first_pkg/my_first_pkg.egg-info/dependency_links.txt
writing entry points to ../../build/my_first_pkg/my_first_pkg.egg-info/entry_points.txt
writing requirements to ../../build/my_first_pkg/my_first_pkg.egg-info/requires.txt
writing top-level names to ../../build/my_first_pkg/my_first_pkg.egg-info/top_level.txt
reading manifest file '../../build/my_first_pkg/my_first_pkg.egg-info/SOURCES.txt'
writing manifest file '../../build/my_first_pkg/my_first_pkg.egg-info/SOURCES.txt'
running build
running build_py
running install
running install_lib
creating /home/kim/ros2_ws/install/my_first_pkg/lib/python3.10/site-packages/my_first_pkg
copying /home/kim/ros2_ws/build/my_first_pkg/build/lib/my_first_pkg/robot_station.py -> /home/kim/ros2_ws/install/my_first_pkg/lib/python3.10/site-packages/my_first_pkg
copying /home/kim/ros2_ws/build/my_first_pkg/build/lib/my_first_pkg/turtlesim_pose_sub.py -> /home/kim/ros2_ws/install/my_first_pkg/lib/python3.10/site-packages/my_first_pkg
copying /home/kim/ros2_ws/build/my_first_pkg/build/lib/my_first_pkg/counter_pub.py -> /home/kim/ros2_ws/install/my_first_pkg/lib/python3.10/site-packages/my_first_pkg
copying /home/kim/ros2_ws/build/my_first_pkg/build/lib/my_first_pkg/add_two_ints_server.py -> /home/kim/ros2_ws/install/my_first_pkg/lib/python3.10/site-packages/my_first_pkg
copying /home/kim/ros2_ws/build/my_first_pkg/build/lib/my_first_pkg/news_sub.py -> /home/kim/ros2_ws/install/my_first_pkg/lib/python3.10/site-packages/my_first_pkg
copying /home/kim/ros2_ws/build/my_first_pkg/build/lib/my_first_pkg/add_three_ints_client.py -> /home/kim/ros2_ws/install/my_first_pkg/lib/python3.10/site-packages/my_first_pkg
copying /home/kim/ros2_ws/build/my_first_pkg/build/lib/my_first_pkg/sensor_status_sub.py -> /home/kim/ros2_ws/install/my_first_pkg/lib/python3.10/site-packages/my_first_pkg
copying /home/kim/ros2_ws/build/my_first_pkg/build/lib/my_first_pkg/__init__.py -> /home/kim/ros2_ws/install/my_first_pkg/lib/python3.10/site-packages/my_first_pkg
copying /home/kim/ros2_ws/build/my_first_pkg/build/lib/my_first_pkg/turtlesim_color_sub.py -> /home/kim/ros2_ws/install/my_first_pkg/lib/python3.10/site-packages/my_first_pkg
copying /home/kim/ros2_ws/build/my_first_pkg/build/lib/my_first_pkg/my_first_node.py -> /home/kim/ros2_ws/install/my_first_pkg/lib/python3.10/site-packages/my_first_pkg
copying /home/kim/ros2_ws/build/my_first_pkg/build/lib/my_first_pkg/add_three_ints_server.py -> /home/kim/ros2_ws/install/my_first_pkg/lib/python3.10/site-packages/my_first_pkg
copying /home/kim/ros2_ws/build/my_first_pkg/build/lib/my_first_pkg/add_two_ints_client.py -> /home/kim/ros2_ws/install/my_first_pkg/lib/python3.10/site-packages/my_first_pkg
copying /home/kim/ros2_ws/build/my_first_pkg/build/lib/my_first_pkg/turtlesim_pub.py -> /home/kim/ros2_ws/install/my_first_pkg/lib/python3.10/site-packages/my_first_pkg
copying /home/kim/ros2_ws/build/my_first_pkg/build/lib/my_first_pkg/template_node.py -> /home/kim/ros2_ws/install/my_first_pkg/lib/python3.10/site-packages/my_first_pkg
copying /home/kim/ros2_ws/build/my_first_pkg/build/lib/my_first_pkg/turtlesim_controller.py -> /home/kim/ros2_ws/install/my_first_pkg/lib/python3.10/site-packages/my_first_pkg
copying /home/kim/ros2_ws/build/my_first_pkg/build/lib/my_first_pkg/sensor_status_pub.py -> /home/kim/ros2_ws/install/my_first_pkg/lib/python3.10/site-packages/my_first_pkg
byte-compiling /home/kim/ros2_ws/install/my_first_pkg/lib/python3.10/site-packages/my_first_pkg/robot_station.py to robot_station.cpython-310.pyc
byte-compiling /home/kim/ros2_ws/install/my_first_pkg/lib/python3.10/site-packages/my_first_pkg/turtlesim_pose_sub.py to turtlesim_pose_sub.cpython-310.pyc
byte-compiling /home/kim/ros2_ws/install/my_first_pkg/lib/python3.10/site-packages/my_first_pkg/counter_pub.py to counter_pub.cpython-310.pyc
byte-compiling /home/kim/ros2_ws/install/my_first_pkg/lib/python3.10/site-packages/my_first_pkg/add_two_ints_server.py to add_two_ints_server.cpython-310.pyc
byte-compiling /home/kim/ros2_ws/install/my_first_pkg/lib/python3.10/site-packages/my_first_pkg/news_sub.py to news_sub.cpython-310.pyc
byte-compiling /home/kim/ros2_ws/install/my_first_pkg/lib/python3.10/site-packages/my_first_pkg/add_three_ints_client.py to add_three_ints_client.cpython-310.pyc
byte-compiling /home/kim/ros2_ws/install/my_first_pkg/lib/python3.10/site-packages/my_first_pkg/sensor_status_sub.py to sensor_status_sub.cpython-310.pyc
byte-compiling /home/kim/ros2_ws/install/my_first_pkg/lib/python3.10/site-packages/my_first_pkg/__init__.py to __init__.cpython-310.pyc
byte-compiling /home/kim/ros2_ws/install/my_first_pkg/lib/python3.10/site-packages/my_first_pkg/turtlesim_color_sub.py to turtlesim_color_sub.cpython-310.pyc
byte-compiling /home/kim/ros2_ws/install/my_first_pkg/lib/python3.10/site-packages/my_first_pkg/my_first_node.py to my_first_node.cpython-310.pyc
byte-compiling /home/kim/ros2_ws/install/my_first_pkg/lib/python3.10/site-packages/my_first_pkg/add_three_ints_server.py to add_three_ints_server.cpython-310.pyc
byte-compiling /home/kim/ros2_ws/install/my_first_pkg/lib/python3.10/site-packages/my_first_pkg/add_two_ints_client.py to add_two_ints_client.cpython-310.pyc
byte-compiling /home/kim/ros2_ws/install/my_first_pkg/lib/python3.10/site-packages/my_first_pkg/turtlesim_pub.py to turtlesim_pub.cpython-310.pyc
byte-compiling /home/kim/ros2_ws/install/my_first_pkg/lib/python3.10/site-packages/my_first_pkg/template_node.py to template_node.cpython-310.pyc
byte-compiling /home/kim/ros2_ws/install/my_first_pkg/lib/python3.10/site-packages/my_first_pkg/turtlesim_controller.py to turtlesim_controller.cpython-310.pyc
byte-compiling /home/kim/ros2_ws/install/my_first_pkg/lib/python3.10/site-packages/my_first_pkg/sensor_status_pub.py to sensor_status_pub.cpython-310.pyc
running install_data
copying resource/my_first_pkg -> /home/kim/ros2_ws/install/my_first_pkg/share/ament_index/resource_index/packages
copying package.xml -> /home/kim/ros2_ws/install/my_first_pkg/share/my_first_pkg
copying launch/new.launch.py -> /home/kim/ros2_ws/install/my_first_pkg/share/my_first_pkg/launch
copying launch/test.launch.py -> /home/kim/ros2_ws/install/my_first_pkg/share/my_first_pkg/launch
running install_egg_info
Copying ../../build/my_first_pkg/my_first_pkg.egg-info to /home/kim/ros2_ws/install/my_first_pkg/lib/python3.10/site-packages/my_first_pkg-0.0.0-py3.10.egg-info
running install_scripts
Installing add_three_ints_client script to /home/kim/ros2_ws/install/my_first_pkg/lib/my_first_pkg
Installing add_three_ints_server script to /home/kim/ros2_ws/install/my_first_pkg/lib/my_first_pkg
Installing add_two_ints_client script to /home/kim/ros2_ws/install/my_first_pkg/lib/my_first_pkg
Installing add_two_ints_server script to /home/kim/ros2_ws/install/my_first_pkg/lib/my_first_pkg
Installing counter_node script to /home/kim/ros2_ws/install/my_first_pkg/lib/my_first_pkg
Installing counter_pub script to /home/kim/ros2_ws/install/my_first_pkg/lib/my_first_pkg
Installing robot_station2 script to /home/kim/ros2_ws/install/my_first_pkg/lib/my_first_pkg
Installing sensor_status_pub script to /home/kim/ros2_ws/install/my_first_pkg/lib/my_first_pkg
Installing sensor_status_sub script to /home/kim/ros2_ws/install/my_first_pkg/lib/my_first_pkg
Installing sub_sub script to /home/kim/ros2_ws/install/my_first_pkg/lib/my_first_pkg
Installing turtle_color script to /home/kim/ros2_ws/install/my_first_pkg/lib/my_first_pkg
Installing turtle_pose script to /home/kim/ros2_ws/install/my_first_pkg/lib/my_first_pkg
Installing turtlesim_controller script to /home/kim/ros2_ws/install/my_first_pkg/lib/my_first_pkg
Installing turtlesim_pub script to /home/kim/ros2_ws/install/my_first_pkg/lib/my_first_pkg
writing list of installed files to '/home/kim/ros2_ws/build/my_first_pkg/install.log'
