[0.586s] Invoking command in '/home/kim/ros2_ws/build/my_first_pkg': PYTHONPATH=/home/kim/ros2_ws/build/my_first_pkg/prefix_override:/usr/lib/python3/dist-packages/colcon_core/task/python/colcon_distutils_commands:/home/kim/ros2_ws/install/my_first_pkg/lib/python3.10/site-packages:${PYTHONPATH} /usr/bin/python3 -W ignore:setup.py install is deprecated -W ignore:easy_install command is deprecated setup.py develop --uninstall --editable --build-directory /home/kim/ros2_ws/build/my_first_pkg/build
[0.826s] running develop
[0.969s] Removing /home/kim/ros2_ws/install/my_first_pkg/lib/python3.10/site-packages/my-first-pkg.egg-link (link to .)
[0.993s] Invoked command in '/home/kim/ros2_ws/build/my_first_pkg' returned '0': PYTHONPATH=/home/kim/ros2_ws/build/my_first_pkg/prefix_override:/usr/lib/python3/dist-packages/colcon_core/task/python/colcon_distutils_commands:/home/kim/ros2_ws/install/my_first_pkg/lib/python3.10/site-packages:${PYTHONPATH} /usr/bin/python3 -W ignore:setup.py install is deprecated -W ignore:easy_install command is deprecated setup.py develop --uninstall --editable --build-directory /home/kim/ros2_ws/build/my_first_pkg/build
[0.995s] Invoking command in '/home/kim/ros2_ws/src/my_first_pkg': PYTHONPATH=/home/kim/ros2_ws/build/my_first_pkg/prefix_override:/usr/lib/python3/dist-packages/colcon_core/task/python/colcon_distutils_commands:/home/kim/ros2_ws/install/my_first_pkg/lib/python3.10/site-packages:${PYTHONPATH} /usr/bin/python3 -W ignore:setup.py install is deprecated -W ignore:easy_install command is deprecated setup.py egg_info --egg-base ../../build/my_first_pkg build --build-base /home/kim/ros2_ws/build/my_first_pkg/build install --record /home/kim/ros2_ws/build/my_first_pkg/install.log --single-version-externally-managed install_data --force
[1.221s] running egg_info
[1.221s] writing ../../build/my_first_pkg/my_first_pkg.egg-info/PKG-INFO
[1.221s] writing dependency_links to ../../build/my_first_pkg/my_first_pkg.egg-info/dependency_links.txt
[1.221s] writing entry points to ../../build/my_first_pkg/my_first_pkg.egg-info/entry_points.txt
[1.222s] writing requirements to ../../build/my_first_pkg/my_first_pkg.egg-info/requires.txt
[1.222s] writing top-level names to ../../build/my_first_pkg/my_first_pkg.egg-info/top_level.txt
[1.225s] reading manifest file '../../build/my_first_pkg/my_first_pkg.egg-info/SOURCES.txt'
[1.225s] writing manifest file '../../build/my_first_pkg/my_first_pkg.egg-info/SOURCES.txt'
[1.225s] running build
[1.225s] running build_py
[1.226s] running install
[1.226s] running install_lib
[1.229s] creating /home/kim/ros2_ws/install/my_first_pkg/lib/python3.10/site-packages/my_first_pkg
[1.229s] copying /home/kim/ros2_ws/build/my_first_pkg/build/lib/my_first_pkg/robot_station.py -> /home/kim/ros2_ws/install/my_first_pkg/lib/python3.10/site-packages/my_first_pkg
[1.229s] copying /home/kim/ros2_ws/build/my_first_pkg/build/lib/my_first_pkg/turtlesim_pose_sub.py -> /home/kim/ros2_ws/install/my_first_pkg/lib/python3.10/site-packages/my_first_pkg
[1.229s] copying /home/kim/ros2_ws/build/my_first_pkg/build/lib/my_first_pkg/counter_pub.py -> /home/kim/ros2_ws/install/my_first_pkg/lib/python3.10/site-packages/my_first_pkg
[1.229s] copying /home/kim/ros2_ws/build/my_first_pkg/build/lib/my_first_pkg/add_two_ints_server.py -> /home/kim/ros2_ws/install/my_first_pkg/lib/python3.10/site-packages/my_first_pkg
[1.230s] copying /home/kim/ros2_ws/build/my_first_pkg/build/lib/my_first_pkg/news_sub.py -> /home/kim/ros2_ws/install/my_first_pkg/lib/python3.10/site-packages/my_first_pkg
[1.230s] copying /home/kim/ros2_ws/build/my_first_pkg/build/lib/my_first_pkg/add_three_ints_client.py -> /home/kim/ros2_ws/install/my_first_pkg/lib/python3.10/site-packages/my_first_pkg
[1.230s] copying /home/kim/ros2_ws/build/my_first_pkg/build/lib/my_first_pkg/sensor_status_sub.py -> /home/kim/ros2_ws/install/my_first_pkg/lib/python3.10/site-packages/my_first_pkg
[1.230s] copying /home/kim/ros2_ws/build/my_first_pkg/build/lib/my_first_pkg/__init__.py -> /home/kim/ros2_ws/install/my_first_pkg/lib/python3.10/site-packages/my_first_pkg
[1.230s] copying /home/kim/ros2_ws/build/my_first_pkg/build/lib/my_first_pkg/turtlesim_color_sub.py -> /home/kim/ros2_ws/install/my_first_pkg/lib/python3.10/site-packages/my_first_pkg
[1.230s] copying /home/kim/ros2_ws/build/my_first_pkg/build/lib/my_first_pkg/my_first_node.py -> /home/kim/ros2_ws/install/my_first_pkg/lib/python3.10/site-packages/my_first_pkg
[1.230s] copying /home/kim/ros2_ws/build/my_first_pkg/build/lib/my_first_pkg/add_three_ints_server.py -> /home/kim/ros2_ws/install/my_first_pkg/lib/python3.10/site-packages/my_first_pkg
[1.230s] copying /home/kim/ros2_ws/build/my_first_pkg/build/lib/my_first_pkg/add_two_ints_client.py -> /home/kim/ros2_ws/install/my_first_pkg/lib/python3.10/site-packages/my_first_pkg
[1.230s] copying /home/kim/ros2_ws/build/my_first_pkg/build/lib/my_first_pkg/turtlesim_pub.py -> /home/kim/ros2_ws/install/my_first_pkg/lib/python3.10/site-packages/my_first_pkg
[1.230s] copying /home/kim/ros2_ws/build/my_first_pkg/build/lib/my_first_pkg/template_node.py -> /home/kim/ros2_ws/install/my_first_pkg/lib/python3.10/site-packages/my_first_pkg
[1.230s] copying /home/kim/ros2_ws/build/my_first_pkg/build/lib/my_first_pkg/turtlesim_controller.py -> /home/kim/ros2_ws/install/my_first_pkg/lib/python3.10/site-packages/my_first_pkg
[1.230s] copying /home/kim/ros2_ws/build/my_first_pkg/build/lib/my_first_pkg/sensor_status_pub.py -> /home/kim/ros2_ws/install/my_first_pkg/lib/python3.10/site-packages/my_first_pkg
[1.231s] byte-compiling /home/kim/ros2_ws/install/my_first_pkg/lib/python3.10/site-packages/my_first_pkg/robot_station.py to robot_station.cpython-310.pyc
[1.231s] byte-compiling /home/kim/ros2_ws/install/my_first_pkg/lib/python3.10/site-packages/my_first_pkg/turtlesim_pose_sub.py to turtlesim_pose_sub.cpython-310.pyc
[1.231s] byte-compiling /home/kim/ros2_ws/install/my_first_pkg/lib/python3.10/site-packages/my_first_pkg/counter_pub.py to counter_pub.cpython-310.pyc
[1.231s] byte-compiling /home/kim/ros2_ws/install/my_first_pkg/lib/python3.10/site-packages/my_first_pkg/add_two_ints_server.py to add_two_ints_server.cpython-310.pyc
[1.231s] byte-compiling /home/kim/ros2_ws/install/my_first_pkg/lib/python3.10/site-packages/my_first_pkg/news_sub.py to news_sub.cpython-310.pyc
[1.231s] byte-compiling /home/kim/ros2_ws/install/my_first_pkg/lib/python3.10/site-packages/my_first_pkg/add_three_ints_client.py to add_three_ints_client.cpython-310.pyc
[1.231s] byte-compiling /home/kim/ros2_ws/install/my_first_pkg/lib/python3.10/site-packages/my_first_pkg/sensor_status_sub.py to sensor_status_sub.cpython-310.pyc
[1.231s] byte-compiling /home/kim/ros2_ws/install/my_first_pkg/lib/python3.10/site-packages/my_first_pkg/__init__.py to __init__.cpython-310.pyc
[1.231s] byte-compiling /home/kim/ros2_ws/install/my_first_pkg/lib/python3.10/site-packages/my_first_pkg/turtlesim_color_sub.py to turtlesim_color_sub.cpython-310.pyc
[1.231s] byte-compiling /home/kim/ros2_ws/install/my_first_pkg/lib/python3.10/site-packages/my_first_pkg/my_first_node.py to my_first_node.cpython-310.pyc
[1.235s] byte-compiling /home/kim/ros2_ws/install/my_first_pkg/lib/python3.10/site-packages/my_first_pkg/add_three_ints_server.py to add_three_ints_server.cpython-310.pyc
[1.235s] byte-compiling /home/kim/ros2_ws/install/my_first_pkg/lib/python3.10/site-packages/my_first_pkg/add_two_ints_client.py to add_two_ints_client.cpython-310.pyc
[1.235s] byte-compiling /home/kim/ros2_ws/install/my_first_pkg/lib/python3.10/site-packages/my_first_pkg/turtlesim_pub.py to turtlesim_pub.cpython-310.pyc
[1.235s] byte-compiling /home/kim/ros2_ws/install/my_first_pkg/lib/python3.10/site-packages/my_first_pkg/template_node.py to template_node.cpython-310.pyc
[1.235s] byte-compiling /home/kim/ros2_ws/install/my_first_pkg/lib/python3.10/site-packages/my_first_pkg/turtlesim_controller.py to turtlesim_controller.cpython-310.pyc
[1.235s] byte-compiling /home/kim/ros2_ws/install/my_first_pkg/lib/python3.10/site-packages/my_first_pkg/sensor_status_pub.py to sensor_status_pub.cpython-310.pyc
[1.235s] running install_data
[1.235s] copying resource/my_first_pkg -> /home/kim/ros2_ws/install/my_first_pkg/share/ament_index/resource_index/packages
[1.235s] copying package.xml -> /home/kim/ros2_ws/install/my_first_pkg/share/my_first_pkg
[1.235s] copying launch/new.launch.py -> /home/kim/ros2_ws/install/my_first_pkg/share/my_first_pkg/launch
[1.235s] copying launch/test.launch.py -> /home/kim/ros2_ws/install/my_first_pkg/share/my_first_pkg/launch
[1.235s] running install_egg_info
[1.236s] Copying ../../build/my_first_pkg/my_first_pkg.egg-info to /home/kim/ros2_ws/install/my_first_pkg/lib/python3.10/site-packages/my_first_pkg-0.0.0-py3.10.egg-info
[1.236s] running install_scripts
[1.261s] Installing add_three_ints_client script to /home/kim/ros2_ws/install/my_first_pkg/lib/my_first_pkg
[1.261s] Installing add_three_ints_server script to /home/kim/ros2_ws/install/my_first_pkg/lib/my_first_pkg
[1.261s] Installing add_two_ints_client script to /home/kim/ros2_ws/install/my_first_pkg/lib/my_first_pkg
[1.261s] Installing add_two_ints_server script to /home/kim/ros2_ws/install/my_first_pkg/lib/my_first_pkg
[1.261s] Installing counter_node script to /home/kim/ros2_ws/install/my_first_pkg/lib/my_first_pkg
[1.261s] Installing counter_pub script to /home/kim/ros2_ws/install/my_first_pkg/lib/my_first_pkg
[1.261s] Installing robot_station2 script to /home/kim/ros2_ws/install/my_first_pkg/lib/my_first_pkg
[1.261s] Installing sensor_status_pub script to /home/kim/ros2_ws/install/my_first_pkg/lib/my_first_pkg
[1.261s] Installing sensor_status_sub script to /home/kim/ros2_ws/install/my_first_pkg/lib/my_first_pkg
[1.261s] Installing sub_sub script to /home/kim/ros2_ws/install/my_first_pkg/lib/my_first_pkg
[1.262s] Installing turtle_color script to /home/kim/ros2_ws/install/my_first_pkg/lib/my_first_pkg
[1.262s] Installing turtle_pose script to /home/kim/ros2_ws/install/my_first_pkg/lib/my_first_pkg
[1.262s] Installing turtlesim_controller script to /home/kim/ros2_ws/install/my_first_pkg/lib/my_first_pkg
[1.262s] Installing turtlesim_pub script to /home/kim/ros2_ws/install/my_first_pkg/lib/my_first_pkg
[1.263s] writing list of installed files to '/home/kim/ros2_ws/build/my_first_pkg/install.log'
[1.288s] Invoked command in '/home/kim/ros2_ws/src/my_first_pkg' returned '0': PYTHONPATH=/home/kim/ros2_ws/build/my_first_pkg/prefix_override:/usr/lib/python3/dist-packages/colcon_core/task/python/colcon_distutils_commands:/home/kim/ros2_ws/install/my_first_pkg/lib/python3.10/site-packages:${PYTHONPATH} /usr/bin/python3 -W ignore:setup.py install is deprecated -W ignore:easy_install command is deprecated setup.py egg_info --egg-base ../../build/my_first_pkg build --build-base /home/kim/ros2_ws/build/my_first_pkg/build install --record /home/kim/ros2_ws/build/my_first_pkg/install.log --single-version-externally-managed install_data --force
