[0.033s] Invoking command in '/home/kim/ros2_ws/build/my_robot_discription': CMAKE_PREFIX_PATH=${CMAKE_PREFIX_PATH}:/home/kim/ros2_ws/install/simple_test_pkg:/home/kim/ros2_ws/install/my_first_pkg:/opt/ros/humble /usr/bin/cmake --build /home/kim/ros2_ws/build/my_robot_discription -- -j8 -l8
[0.332s] Invoked command in '/home/kim/ros2_ws/build/my_robot_discription' returned '0': CMAKE_PREFIX_PATH=${CMAKE_PREFIX_PATH}:/home/kim/ros2_ws/install/simple_test_pkg:/home/kim/ros2_ws/install/my_first_pkg:/opt/ros/humble /usr/bin/cmake --build /home/kim/ros2_ws/build/my_robot_discription -- -j8 -l8
[0.342s] Invoking command in '/home/kim/ros2_ws/build/my_robot_discription': CMAKE_PREFIX_PATH=${CMAKE_PREFIX_PATH}:/home/kim/ros2_ws/install/simple_test_pkg:/home/kim/ros2_ws/install/my_first_pkg:/opt/ros/humble /usr/bin/cmake --install /home/kim/ros2_ws/build/my_robot_discription
[0.349s] -- Install configuration: ""
[0.349s] -- Up-to-date: /home/kim/ros2_ws/install/my_robot_discription/share/ament_index/resource_index/package_run_dependencies/my_robot_discription
[0.349s] -- Up-to-date: /home/kim/ros2_ws/install/my_robot_discription/share/ament_index/resource_index/parent_prefix_path/my_robot_discription
[0.349s] -- Up-to-date: /home/kim/ros2_ws/install/my_robot_discription/share/my_robot_discription/environment/ament_prefix_path.sh
[0.350s] -- Up-to-date: /home/kim/ros2_ws/install/my_robot_discription/share/my_robot_discription/environment/ament_prefix_path.dsv
[0.350s] -- Up-to-date: /home/kim/ros2_ws/install/my_robot_discription/share/my_robot_discription/environment/path.sh
[0.350s] -- Up-to-date: /home/kim/ros2_ws/install/my_robot_discription/share/my_robot_discription/environment/path.dsv
[0.350s] -- Up-to-date: /home/kim/ros2_ws/install/my_robot_discription/share/my_robot_discription/local_setup.bash
[0.350s] -- Up-to-date: /home/kim/ros2_ws/install/my_robot_discription/share/my_robot_discription/local_setup.sh
[0.350s] -- Up-to-date: /home/kim/ros2_ws/install/my_robot_discription/share/my_robot_discription/local_setup.zsh
[0.350s] -- Up-to-date: /home/kim/ros2_ws/install/my_robot_discription/share/my_robot_discription/local_setup.dsv
[0.350s] -- Installing: /home/kim/ros2_ws/install/my_robot_discription/share/my_robot_discription/package.dsv
[0.350s] -- Up-to-date: /home/kim/ros2_ws/install/my_robot_discription/share/ament_index/resource_index/packages/my_robot_discription
[0.351s] -- Up-to-date: /home/kim/ros2_ws/install/my_robot_discription/share/my_robot_discription/cmake/my_robot_discriptionConfig.cmake
[0.351s] -- Up-to-date: /home/kim/ros2_ws/install/my_robot_discription/share/my_robot_discription/cmake/my_robot_discriptionConfig-version.cmake
[0.351s] -- Up-to-date: /home/kim/ros2_ws/install/my_robot_discription/share/my_robot_discription/package.xml
[0.359s] Invoked command in '/home/kim/ros2_ws/build/my_robot_discription' returned '0': CMAKE_PREFIX_PATH=${CMAKE_PREFIX_PATH}:/home/kim/ros2_ws/install/simple_test_pkg:/home/kim/ros2_ws/install/my_first_pkg:/opt/ros/humble /usr/bin/cmake --install /home/kim/ros2_ws/build/my_robot_discription
