running egg_info
creating ../../build/motor_node/motor_node.egg-info
writing ../../build/motor_node/motor_node.egg-info/PKG-INFO
writing dependency_links to ../../build/motor_node/motor_node.egg-info/dependency_links.txt
writing entry points to ../../build/motor_node/motor_node.egg-info/entry_points.txt
writing requirements to ../../build/motor_node/motor_node.egg-info/requires.txt
writing top-level names to ../../build/motor_node/motor_node.egg-info/top_level.txt
writing manifest file '../../build/motor_node/motor_node.egg-info/SOURCES.txt'
reading manifest file '../../build/motor_node/motor_node.egg-info/SOURCES.txt'
writing manifest file '../../build/motor_node/motor_node.egg-info/SOURCES.txt'
running build
running build_py
creating /home/kim/stm_ws/build/motor_node/build
creating /home/kim/stm_ws/build/motor_node/build/lib
creating /home/kim/stm_ws/build/motor_node/build/lib/motor_node
copying motor_node/__init__.py -> /home/kim/stm_ws/build/motor_node/build/lib/motor_node
running install
running install_lib
creating /home/kim/stm_ws/install/motor_node/lib/python3.10/site-packages/motor_node
copying /home/kim/stm_ws/build/motor_node/build/lib/motor_node/__init__.py -> /home/kim/stm_ws/install/motor_node/lib/python3.10/site-packages/motor_node
byte-compiling /home/kim/stm_ws/install/motor_node/lib/python3.10/site-packages/motor_node/__init__.py to __init__.cpython-310.pyc
running install_data
creating /home/kim/stm_ws/install/motor_node/share/ament_index
creating /home/kim/stm_ws/install/motor_node/share/ament_index/resource_index
creating /home/kim/stm_ws/install/motor_node/share/ament_index/resource_index/packages
copying resource/motor_node -> /home/kim/stm_ws/install/motor_node/share/ament_index/resource_index/packages
copying package.xml -> /home/kim/stm_ws/install/motor_node/share/motor_node
running install_egg_info
Copying ../../build/motor_node/motor_node.egg-info to /home/kim/stm_ws/install/motor_node/lib/python3.10/site-packages/motor_node-0.0.0-py3.10.egg-info
running install_scripts
writing list of installed files to '/home/kim/stm_ws/build/motor_node/install.log'
