/home/kim/stm_ws/install/motor_node/lib/python3.10/site-packages/motor_node/motor_node2.py
/home/kim/stm_ws/install/motor_node/lib/python3.10/site-packages/motor_node/motor_node.py
/home/kim/stm_ws/install/motor_node/lib/python3.10/site-packages/motor_node/__init__.py
/home/kim/stm_ws/install/motor_node/lib/python3.10/site-packages/motor_node/rccar_stm32.py
/home/kim/stm_ws/install/motor_node/lib/python3.10/site-packages/motor_node/__pycache__/motor_node2.cpython-310.pyc
/home/kim/stm_ws/install/motor_node/lib/python3.10/site-packages/motor_node/__pycache__/motor_node.cpython-310.pyc
/home/kim/stm_ws/install/motor_node/lib/python3.10/site-packages/motor_node/__pycache__/__init__.cpython-310.pyc
/home/kim/stm_ws/install/motor_node/lib/python3.10/site-packages/motor_node/__pycache__/rccar_stm32.cpython-310.pyc
/home/kim/stm_ws/install/motor_node/share/ament_index/resource_index/packages/motor_node
/home/kim/stm_ws/install/motor_node/share/motor_node/package.xml
/home/kim/stm_ws/install/motor_node/lib/python3.10/site-packages/motor_node-0.0.0-py3.10.egg-info/PKG-INFO
/home/kim/stm_ws/install/motor_node/lib/python3.10/site-packages/motor_node-0.0.0-py3.10.egg-info/zip-safe
/home/kim/stm_ws/install/motor_node/lib/python3.10/site-packages/motor_node-0.0.0-py3.10.egg-info/requires.txt
/home/kim/stm_ws/install/motor_node/lib/python3.10/site-packages/motor_node-0.0.0-py3.10.egg-info/SOURCES.txt
/home/kim/stm_ws/install/motor_node/lib/python3.10/site-packages/motor_node-0.0.0-py3.10.egg-info/dependency_links.txt
/home/kim/stm_ws/install/motor_node/lib/python3.10/site-packages/motor_node-0.0.0-py3.10.egg-info/entry_points.txt
/home/kim/stm_ws/install/motor_node/lib/python3.10/site-packages/motor_node-0.0.0-py3.10.egg-info/top_level.txt
/home/kim/stm_ws/install/motor_node/lib/motor_node/motor_node
/home/kim/stm_ws/install/motor_node/lib/motor_node/motor_node2
/home/kim/stm_ws/install/motor_node/lib/motor_node/moving_rc_car
