[0.634s] Invoking command in '/home/kim/ros2_ws/src/slam_pkg': PYTHONPATH=/home/kim/ros2_ws/build/slam_pkg/prefix_override:/usr/lib/python3/dist-packages/colcon_core/task/python/colcon_distutils_commands:/home/kim/ros2_ws/install/slam_pkg/lib/python3.10/site-packages:${PYTHONPATH} /usr/bin/python3 -W ignore:setup.py install is deprecated -W ignore:easy_install command is deprecated setup.py egg_info --egg-base ../../build/slam_pkg build --build-base /home/kim/ros2_ws/build/slam_pkg/build install --record /home/kim/ros2_ws/build/slam_pkg/install.log --single-version-externally-managed install_data
[0.848s] running egg_info
[0.848s] writing ../../build/slam_pkg/slam_pkg.egg-info/PKG-INFO
[0.848s] writing dependency_links to ../../build/slam_pkg/slam_pkg.egg-info/dependency_links.txt
[0.848s] writing entry points to ../../build/slam_pkg/slam_pkg.egg-info/entry_points.txt
[0.848s] writing requirements to ../../build/slam_pkg/slam_pkg.egg-info/requires.txt
[0.849s] writing top-level names to ../../build/slam_pkg/slam_pkg.egg-info/top_level.txt
[0.850s] reading manifest file '../../build/slam_pkg/slam_pkg.egg-info/SOURCES.txt'
[0.851s] writing manifest file '../../build/slam_pkg/slam_pkg.egg-info/SOURCES.txt'
[0.851s] running build
[0.851s] running build_py
[0.851s] running install
[0.852s] running install_lib
[0.853s] running install_data
[0.853s] running install_egg_info
[0.855s] removing '/home/kim/ros2_ws/install/slam_pkg/lib/python3.10/site-packages/slam_pkg-0.0.0-py3.10.egg-info' (and everything under it)
[0.858s] Copying ../../build/slam_pkg/slam_pkg.egg-info to /home/kim/ros2_ws/install/slam_pkg/lib/python3.10/site-packages/slam_pkg-0.0.0-py3.10.egg-info
[0.858s] running install_scripts
[0.877s] Installing og_pub script to /home/kim/ros2_ws/install/slam_pkg/lib/slam_pkg
[0.877s] writing list of installed files to '/home/kim/ros2_ws/build/slam_pkg/install.log'
[0.900s] Invoked command in '/home/kim/ros2_ws/src/slam_pkg' returned '0': PYTHONPATH=/home/kim/ros2_ws/build/slam_pkg/prefix_override:/usr/lib/python3/dist-packages/colcon_core/task/python/colcon_distutils_commands:/home/kim/ros2_ws/install/slam_pkg/lib/python3.10/site-packages:${PYTHONPATH} /usr/bin/python3 -W ignore:setup.py install is deprecated -W ignore:easy_install command is deprecated setup.py egg_info --egg-base ../../build/slam_pkg build --build-base /home/kim/ros2_ws/build/slam_pkg/build install --record /home/kim/ros2_ws/build/slam_pkg/install.log --single-version-externally-managed install_data
