[0.780s] Invoking command in '/home/kim/ros2_ws/src/robot_math': PYTHONPATH=/home/kim/ros2_ws/build/robot_math/prefix_override:/usr/lib/python3/dist-packages/colcon_core/task/python/colcon_distutils_commands:/home/kim/ros2_ws/install/robot_math/lib/python3.10/site-packages:${PYTHONPATH} /usr/bin/python3 -W ignore:setup.py install is deprecated -W ignore:easy_install command is deprecated setup.py egg_info --egg-base ../../build/robot_math build --build-base /home/kim/ros2_ws/build/robot_math/build install --record /home/kim/ros2_ws/build/robot_math/install.log --single-version-externally-managed install_data
[1.084s] running egg_info
[1.085s] writing ../../build/robot_math/robot_math.egg-info/PKG-INFO
[1.085s] writing dependency_links to ../../build/robot_math/robot_math.egg-info/dependency_links.txt
[1.085s] writing entry points to ../../build/robot_math/robot_math.egg-info/entry_points.txt
[1.085s] writing requirements to ../../build/robot_math/robot_math.egg-info/requires.txt
[1.085s] writing top-level names to ../../build/robot_math/robot_math.egg-info/top_level.txt
[1.086s] reading manifest file '../../build/robot_math/robot_math.egg-info/SOURCES.txt'
[1.087s] writing manifest file '../../build/robot_math/robot_math.egg-info/SOURCES.txt'
[1.087s] running build
[1.087s] running build_py
[1.087s] copying robot_math/angular_vel.py -> /home/kim/ros2_ws/build/robot_math/build/lib/robot_math
[1.088s] running install
[1.088s] running install_lib
[1.089s] copying /home/kim/ros2_ws/build/robot_math/build/lib/robot_math/angular_vel.py -> /home/kim/ros2_ws/install/robot_math/lib/python3.10/site-packages/robot_math
[1.089s] byte-compiling /home/kim/ros2_ws/install/robot_math/lib/python3.10/site-packages/robot_math/angular_vel.py to angular_vel.cpython-310.pyc
[1.090s] running install_data
[1.090s] running install_egg_info
[1.093s] removing '/home/kim/ros2_ws/install/robot_math/lib/python3.10/site-packages/robot_math-0.0.0-py3.10.egg-info' (and everything under it)
[1.094s] Copying ../../build/robot_math/robot_math.egg-info to /home/kim/ros2_ws/install/robot_math/lib/python3.10/site-packages/robot_math-0.0.0-py3.10.egg-info
[1.094s] running install_scripts
[1.115s] Installing angular_vel script to /home/kim/ros2_ws/install/robot_math/lib/robot_math
[1.115s] writing list of installed files to '/home/kim/ros2_ws/build/robot_math/install.log'
[1.140s] Invoked command in '/home/kim/ros2_ws/src/robot_math' returned '0': PYTHONPATH=/home/kim/ros2_ws/build/robot_math/prefix_override:/usr/lib/python3/dist-packages/colcon_core/task/python/colcon_distutils_commands:/home/kim/ros2_ws/install/robot_math/lib/python3.10/site-packages:${PYTHONPATH} /usr/bin/python3 -W ignore:setup.py install is deprecated -W ignore:easy_install command is deprecated setup.py egg_info --egg-base ../../build/robot_math build --build-base /home/kim/ros2_ws/build/robot_math/build install --record /home/kim/ros2_ws/build/robot_math/install.log --single-version-externally-managed install_data
