[0.096s] DEBUG:colcon:Command line arguments: ['/usr/bin/colcon', 'build']
[0.096s] DEBUG:colcon:Parsed command line arguments: Namespace(log_base=None, log_level=None, verb_name='build', build_base='build', install_base='install', merge_install=False, symlink_install=False, test_result_base=None, continue_on_error=False, executor='parallel', parallel_workers=8, event_handlers=None, ignore_user_meta=False, metas=['./colcon.meta'], base_paths=['.'], packages_ignore=None, packages_ignore_regex=None, paths=None, packages_up_to=None, packages_up_to_regex=None, packages_above=None, packages_above_and_dependencies=None, packages_above_depth=None, packages_select_by_dep=None, packages_skip_by_dep=None, packages_skip_up_to=None, packages_select_build_failed=False, packages_skip_build_finished=False, packages_select_test_failures=False, packages_skip_test_passed=False, packages_select=None, packages_skip=None, packages_select_regex=None, packages_skip_regex=None, packages_start=None, packages_end=None, allow_overriding=[], cmake_args=None, cmake_target=None, cmake_target_skip_unavailable=False, cmake_clean_cache=False, cmake_clean_first=False, cmake_force_configure=False, ament_cmake_args=None, catkin_cmake_args=None, catkin_skip_building_tests=False, mixin_files=None, mixin=None, verb_parser=<colcon_mixin.mixin.mixin_argument.MixinArgumentDecorator object at 0x7727c57fde70>, verb_extension=<colcon_core.verb.build.BuildVerb object at 0x7727c57fd8a0>, main=<bound method BuildVerb.main of <colcon_core.verb.build.BuildVerb object at 0x7727c57fd8a0>>, mixin_verb=('build',))
[0.240s] Level 1:colcon.colcon_core.package_discovery:discover_packages(colcon_meta) check parameters
[0.240s] Level 1:colcon.colcon_core.package_discovery:discover_packages(recursive) check parameters
[0.240s] Level 1:colcon.colcon_core.package_discovery:discover_packages(ignore) check parameters
[0.240s] Level 1:colcon.colcon_core.package_discovery:discover_packages(path) check parameters
[0.240s] Level 1:colcon.colcon_core.package_discovery:discover_packages(colcon_meta) discover
[0.240s] Level 1:colcon.colcon_core.package_discovery:discover_packages(recursive) discover
[0.240s] INFO:colcon.colcon_core.package_discovery:Crawling recursively for packages in '/home/kim/ros2_ws'
[0.240s] Level 1:colcon.colcon_core.package_identification:_identify(.) by extensions ['ignore', 'ignore_ament_install']
[0.241s] Level 1:colcon.colcon_core.package_identification:_identify(.) by extension 'ignore'
[0.241s] Level 1:colcon.colcon_core.package_identification:_identify(.) by extension 'ignore_ament_install'
[0.241s] Level 1:colcon.colcon_core.package_identification:_identify(.) by extensions ['colcon_pkg']
[0.241s] Level 1:colcon.colcon_core.package_identification:_identify(.) by extension 'colcon_pkg'
[0.241s] Level 1:colcon.colcon_core.package_identification:_identify(.) by extensions ['colcon_meta']
[0.241s] Level 1:colcon.colcon_core.package_identification:_identify(.) by extension 'colcon_meta'
[0.241s] Level 1:colcon.colcon_core.package_identification:_identify(.) by extensions ['ros']
[0.241s] Level 1:colcon.colcon_core.package_identification:_identify(.) by extension 'ros'
[0.263s] Level 1:colcon.colcon_core.package_identification:_identify(.) by extensions ['cmake', 'python']
[0.263s] Level 1:colcon.colcon_core.package_identification:_identify(.) by extension 'cmake'
[0.264s] Level 1:colcon.colcon_core.package_identification:_identify(.) by extension 'python'
[0.264s] Level 1:colcon.colcon_core.package_identification:_identify(.) by extensions ['python_setup_py']
[0.264s] Level 1:colcon.colcon_core.package_identification:_identify(.) by extension 'python_setup_py'
[0.264s] Level 1:colcon.colcon_core.package_identification:_identify(build) by extensions ['ignore', 'ignore_ament_install']
[0.264s] Level 1:colcon.colcon_core.package_identification:_identify(build) by extension 'ignore'
[0.264s] Level 1:colcon.colcon_core.package_identification:_identify(build) ignored
[0.264s] Level 1:colcon.colcon_core.package_identification:_identify(install) by extensions ['ignore', 'ignore_ament_install']
[0.264s] Level 1:colcon.colcon_core.package_identification:_identify(install) by extension 'ignore'
[0.264s] Level 1:colcon.colcon_core.package_identification:_identify(install) ignored
[0.265s] Level 1:colcon.colcon_core.package_identification:_identify(log) by extensions ['ignore', 'ignore_ament_install']
[0.265s] Level 1:colcon.colcon_core.package_identification:_identify(log) by extension 'ignore'
[0.265s] Level 1:colcon.colcon_core.package_identification:_identify(log) ignored
[0.265s] Level 1:colcon.colcon_core.package_identification:_identify(src) by extensions ['ignore', 'ignore_ament_install']
[0.265s] Level 1:colcon.colcon_core.package_identification:_identify(src) by extension 'ignore'
[0.265s] Level 1:colcon.colcon_core.package_identification:_identify(src) by extension 'ignore_ament_install'
[0.265s] Level 1:colcon.colcon_core.package_identification:_identify(src) by extensions ['colcon_pkg']
[0.265s] Level 1:colcon.colcon_core.package_identification:_identify(src) by extension 'colcon_pkg'
[0.265s] Level 1:colcon.colcon_core.package_identification:_identify(src) by extensions ['colcon_meta']
[0.265s] Level 1:colcon.colcon_core.package_identification:_identify(src) by extension 'colcon_meta'
[0.265s] Level 1:colcon.colcon_core.package_identification:_identify(src) by extensions ['ros']
[0.265s] Level 1:colcon.colcon_core.package_identification:_identify(src) by extension 'ros'
[0.265s] Level 1:colcon.colcon_core.package_identification:_identify(src) by extensions ['cmake', 'python']
[0.265s] Level 1:colcon.colcon_core.package_identification:_identify(src) by extension 'cmake'
[0.265s] Level 1:colcon.colcon_core.package_identification:_identify(src) by extension 'python'
[0.265s] Level 1:colcon.colcon_core.package_identification:_identify(src) by extensions ['python_setup_py']
[0.265s] Level 1:colcon.colcon_core.package_identification:_identify(src) by extension 'python_setup_py'
[0.266s] Level 1:colcon.colcon_core.package_identification:_identify(src/my_first_pkg) by extensions ['ignore', 'ignore_ament_install']
[0.266s] Level 1:colcon.colcon_core.package_identification:_identify(src/my_first_pkg) by extension 'ignore'
[0.266s] Level 1:colcon.colcon_core.package_identification:_identify(src/my_first_pkg) by extension 'ignore_ament_install'
[0.266s] Level 1:colcon.colcon_core.package_identification:_identify(src/my_first_pkg) by extensions ['colcon_pkg']
[0.266s] Level 1:colcon.colcon_core.package_identification:_identify(src/my_first_pkg) by extension 'colcon_pkg'
[0.266s] Level 1:colcon.colcon_core.package_identification:_identify(src/my_first_pkg) by extensions ['colcon_meta']
[0.266s] Level 1:colcon.colcon_core.package_identification:_identify(src/my_first_pkg) by extension 'colcon_meta'
[0.266s] Level 1:colcon.colcon_core.package_identification:_identify(src/my_first_pkg) by extensions ['ros']
[0.266s] Level 1:colcon.colcon_core.package_identification:_identify(src/my_first_pkg) by extension 'ros'
[0.269s] DEBUG:colcon.colcon_core.package_identification:Package 'src/my_first_pkg' with type 'ros.ament_python' and name 'my_first_pkg'
[0.269s] Level 1:colcon.colcon_core.package_identification:_identify(src/my_interfaces) by extensions ['ignore', 'ignore_ament_install']
[0.269s] Level 1:colcon.colcon_core.package_identification:_identify(src/my_interfaces) by extension 'ignore'
[0.269s] Level 1:colcon.colcon_core.package_identification:_identify(src/my_interfaces) by extension 'ignore_ament_install'
[0.269s] Level 1:colcon.colcon_core.package_identification:_identify(src/my_interfaces) by extensions ['colcon_pkg']
[0.269s] Level 1:colcon.colcon_core.package_identification:_identify(src/my_interfaces) by extension 'colcon_pkg'
[0.269s] Level 1:colcon.colcon_core.package_identification:_identify(src/my_interfaces) by extensions ['colcon_meta']
[0.269s] Level 1:colcon.colcon_core.package_identification:_identify(src/my_interfaces) by extension 'colcon_meta'
[0.269s] Level 1:colcon.colcon_core.package_identification:_identify(src/my_interfaces) by extensions ['ros']
[0.269s] Level 1:colcon.colcon_core.package_identification:_identify(src/my_interfaces) by extension 'ros'
[0.270s] DEBUG:colcon.colcon_core.package_identification:Package 'src/my_interfaces' with type 'ros.ament_cmake' and name 'my_interfaces'
[0.270s] Level 1:colcon.colcon_core.package_identification:_identify(src/simple_test_pkg) by extensions ['ignore', 'ignore_ament_install']
[0.270s] Level 1:colcon.colcon_core.package_identification:_identify(src/simple_test_pkg) by extension 'ignore'
[0.270s] Level 1:colcon.colcon_core.package_identification:_identify(src/simple_test_pkg) by extension 'ignore_ament_install'
[0.270s] Level 1:colcon.colcon_core.package_identification:_identify(src/simple_test_pkg) by extensions ['colcon_pkg']
[0.270s] Level 1:colcon.colcon_core.package_identification:_identify(src/simple_test_pkg) by extension 'colcon_pkg'
[0.270s] Level 1:colcon.colcon_core.package_identification:_identify(src/simple_test_pkg) by extensions ['colcon_meta']
[0.270s] Level 1:colcon.colcon_core.package_identification:_identify(src/simple_test_pkg) by extension 'colcon_meta'
[0.270s] Level 1:colcon.colcon_core.package_identification:_identify(src/simple_test_pkg) by extensions ['ros']
[0.270s] Level 1:colcon.colcon_core.package_identification:_identify(src/simple_test_pkg) by extension 'ros'
[0.271s] DEBUG:colcon.colcon_core.package_identification:Package 'src/simple_test_pkg' with type 'ros.ament_python' and name 'simple_test_pkg'
[0.271s] Level 1:colcon.colcon_core.package_discovery:discover_packages(recursive) using defaults
[0.271s] Level 1:colcon.colcon_core.package_discovery:discover_packages(ignore) discover
[0.271s] Level 1:colcon.colcon_core.package_discovery:discover_packages(ignore) using defaults
[0.271s] Level 1:colcon.colcon_core.package_discovery:discover_packages(path) discover
[0.271s] Level 1:colcon.colcon_core.package_discovery:discover_packages(path) using defaults
[0.300s] Level 1:colcon.colcon_core.package_discovery:discover_packages(prefix_path) check parameters
[0.302s] Level 1:colcon.colcon_core.package_discovery:discover_packages(prefix_path) discover
[0.305s] DEBUG:colcon.colcon_installed_package_information.package_discovery:Found 3 installed packages in /home/kim/ros2_ws/install
[0.307s] DEBUG:colcon.colcon_installed_package_information.package_discovery:Found 270 installed packages in /opt/ros/humble
[0.309s] Level 1:colcon.colcon_core.package_discovery:discover_packages(prefix_path) using defaults
[0.340s] Level 5:colcon.colcon_core.verb:set package 'my_interfaces' build argument 'cmake_args' from command line to 'None'
[0.340s] Level 5:colcon.colcon_core.verb:set package 'my_interfaces' build argument 'cmake_target' from command line to 'None'
[0.340s] Level 5:colcon.colcon_core.verb:set package 'my_interfaces' build argument 'cmake_target_skip_unavailable' from command line to 'False'
[0.340s] Level 5:colcon.colcon_core.verb:set package 'my_interfaces' build argument 'cmake_clean_cache' from command line to 'False'
[0.340s] Level 5:colcon.colcon_core.verb:set package 'my_interfaces' build argument 'cmake_clean_first' from command line to 'False'
[0.340s] Level 5:colcon.colcon_core.verb:set package 'my_interfaces' build argument 'cmake_force_configure' from command line to 'False'
[0.340s] Level 5:colcon.colcon_core.verb:set package 'my_interfaces' build argument 'ament_cmake_args' from command line to 'None'
[0.340s] Level 5:colcon.colcon_core.verb:set package 'my_interfaces' build argument 'catkin_cmake_args' from command line to 'None'
[0.341s] Level 5:colcon.colcon_core.verb:set package 'my_interfaces' build argument 'catkin_skip_building_tests' from command line to 'False'
[0.341s] DEBUG:colcon.colcon_core.verb:Building package 'my_interfaces' with the following arguments: {'ament_cmake_args': None, 'build_base': '/home/kim/ros2_ws/build/my_interfaces', 'catkin_cmake_args': None, 'catkin_skip_building_tests': False, 'cmake_args': None, 'cmake_clean_cache': False, 'cmake_clean_first': False, 'cmake_force_configure': False, 'cmake_target': None, 'cmake_target_skip_unavailable': False, 'install_base': '/home/kim/ros2_ws/install/my_interfaces', 'merge_install': False, 'path': '/home/kim/ros2_ws/src/my_interfaces', 'symlink_install': False, 'test_result_base': None}
[0.341s] Level 5:colcon.colcon_core.verb:set package 'simple_test_pkg' build argument 'cmake_args' from command line to 'None'
[0.341s] Level 5:colcon.colcon_core.verb:set package 'simple_test_pkg' build argument 'cmake_target' from command line to 'None'
[0.341s] Level 5:colcon.colcon_core.verb:set package 'simple_test_pkg' build argument 'cmake_target_skip_unavailable' from command line to 'False'
[0.341s] Level 5:colcon.colcon_core.verb:set package 'simple_test_pkg' build argument 'cmake_clean_cache' from command line to 'False'
[0.341s] Level 5:colcon.colcon_core.verb:set package 'simple_test_pkg' build argument 'cmake_clean_first' from command line to 'False'
[0.341s] Level 5:colcon.colcon_core.verb:set package 'simple_test_pkg' build argument 'cmake_force_configure' from command line to 'False'
[0.341s] Level 5:colcon.colcon_core.verb:set package 'simple_test_pkg' build argument 'ament_cmake_args' from command line to 'None'
[0.341s] Level 5:colcon.colcon_core.verb:set package 'simple_test_pkg' build argument 'catkin_cmake_args' from command line to 'None'
[0.341s] Level 5:colcon.colcon_core.verb:set package 'simple_test_pkg' build argument 'catkin_skip_building_tests' from command line to 'False'
[0.341s] DEBUG:colcon.colcon_core.verb:Building package 'simple_test_pkg' with the following arguments: {'ament_cmake_args': None, 'build_base': '/home/kim/ros2_ws/build/simple_test_pkg', 'catkin_cmake_args': None, 'catkin_skip_building_tests': False, 'cmake_args': None, 'cmake_clean_cache': False, 'cmake_clean_first': False, 'cmake_force_configure': False, 'cmake_target': None, 'cmake_target_skip_unavailable': False, 'install_base': '/home/kim/ros2_ws/install/simple_test_pkg', 'merge_install': False, 'path': '/home/kim/ros2_ws/src/simple_test_pkg', 'symlink_install': False, 'test_result_base': None}
[0.341s] Level 5:colcon.colcon_core.verb:set package 'my_first_pkg' build argument 'cmake_args' from command line to 'None'
[0.342s] Level 5:colcon.colcon_core.verb:set package 'my_first_pkg' build argument 'cmake_target' from command line to 'None'
[0.342s] Level 5:colcon.colcon_core.verb:set package 'my_first_pkg' build argument 'cmake_target_skip_unavailable' from command line to 'False'
[0.342s] Level 5:colcon.colcon_core.verb:set package 'my_first_pkg' build argument 'cmake_clean_cache' from command line to 'False'
[0.342s] Level 5:colcon.colcon_core.verb:set package 'my_first_pkg' build argument 'cmake_clean_first' from command line to 'False'
[0.342s] Level 5:colcon.colcon_core.verb:set package 'my_first_pkg' build argument 'cmake_force_configure' from command line to 'False'
[0.342s] Level 5:colcon.colcon_core.verb:set package 'my_first_pkg' build argument 'ament_cmake_args' from command line to 'None'
[0.342s] Level 5:colcon.colcon_core.verb:set package 'my_first_pkg' build argument 'catkin_cmake_args' from command line to 'None'
[0.342s] Level 5:colcon.colcon_core.verb:set package 'my_first_pkg' build argument 'catkin_skip_building_tests' from command line to 'False'
[0.342s] DEBUG:colcon.colcon_core.verb:Building package 'my_first_pkg' with the following arguments: {'ament_cmake_args': None, 'build_base': '/home/kim/ros2_ws/build/my_first_pkg', 'catkin_cmake_args': None, 'catkin_skip_building_tests': False, 'cmake_args': None, 'cmake_clean_cache': False, 'cmake_clean_first': False, 'cmake_force_configure': False, 'cmake_target': None, 'cmake_target_skip_unavailable': False, 'install_base': '/home/kim/ros2_ws/install/my_first_pkg', 'merge_install': False, 'path': '/home/kim/ros2_ws/src/my_first_pkg', 'symlink_install': False, 'test_result_base': None}
[0.342s] INFO:colcon.colcon_core.executor:Executing jobs using 'parallel' executor
[0.343s] DEBUG:colcon.colcon_parallel_executor.executor.parallel:run_until_complete
[0.343s] INFO:colcon.colcon_ros.task.ament_cmake.build:Building ROS package in '/home/kim/ros2_ws/src/my_interfaces' with build type 'ament_cmake'
[0.343s] INFO:colcon.colcon_cmake.task.cmake.build:Building CMake package in '/home/kim/ros2_ws/src/my_interfaces'
[0.346s] INFO:colcon.colcon_core.plugin_system:Skipping extension 'colcon_core.shell.bat': Not used on non-Windows systems
[0.346s] INFO:colcon.colcon_core.shell:Skip shell extension 'powershell' for command environment: Not usable outside of PowerShell
[0.346s] DEBUG:colcon.colcon_core.shell:Skip shell extension 'dsv' for command environment
[0.349s] INFO:colcon.colcon_ros.task.ament_python.build:Building ROS package in '/home/kim/ros2_ws/src/simple_test_pkg' with build type 'ament_python'
[0.349s] Level 1:colcon.colcon_core.shell:create_environment_hook('simple_test_pkg', 'ament_prefix_path')
[0.350s] INFO:colcon.colcon_core.shell:Creating environment hook '/home/kim/ros2_ws/install/simple_test_pkg/share/simple_test_pkg/hook/ament_prefix_path.ps1'
[0.350s] INFO:colcon.colcon_core.shell:Creating environment descriptor '/home/kim/ros2_ws/install/simple_test_pkg/share/simple_test_pkg/hook/ament_prefix_path.dsv'
[0.351s] INFO:colcon.colcon_core.shell:Creating environment hook '/home/kim/ros2_ws/install/simple_test_pkg/share/simple_test_pkg/hook/ament_prefix_path.sh'
[0.352s] INFO:colcon.colcon_core.shell:Skip shell extension 'powershell' for command environment: Not usable outside of PowerShell
[0.352s] DEBUG:colcon.colcon_core.shell:Skip shell extension 'dsv' for command environment
[0.369s] DEBUG:colcon.colcon_core.event_handler.log_command:Invoking command in '/home/kim/ros2_ws/build/my_interfaces': CMAKE_PREFIX_PATH=${CMAKE_PREFIX_PATH}:/home/kim/ros2_ws/install/simple_test_pkg:/home/kim/ros2_ws/install/my_first_pkg:/opt/ros/humble /usr/bin/cmake --build /home/kim/ros2_ws/build/my_interfaces -- -j8 -l8
[0.710s] INFO:colcon.colcon_core.task.python.build:Building Python package in '/home/kim/ros2_ws/src/simple_test_pkg'
[0.711s] INFO:colcon.colcon_core.shell:Skip shell extension 'powershell' for command environment: Not usable outside of PowerShell
[0.711s] DEBUG:colcon.colcon_core.shell:Skip shell extension 'dsv' for command environment
[0.821s] DEBUG:colcon.colcon_core.event_handler.log_command:Invoked command in '/home/kim/ros2_ws/build/my_interfaces' returned '0': CMAKE_PREFIX_PATH=${CMAKE_PREFIX_PATH}:/home/kim/ros2_ws/install/simple_test_pkg:/home/kim/ros2_ws/install/my_first_pkg:/opt/ros/humble /usr/bin/cmake --build /home/kim/ros2_ws/build/my_interfaces -- -j8 -l8
[0.833s] DEBUG:colcon.colcon_core.event_handler.log_command:Invoking command in '/home/kim/ros2_ws/build/my_interfaces': CMAKE_PREFIX_PATH=${CMAKE_PREFIX_PATH}:/home/kim/ros2_ws/install/simple_test_pkg:/home/kim/ros2_ws/install/my_first_pkg:/opt/ros/humble /usr/bin/cmake --install /home/kim/ros2_ws/build/my_interfaces
[0.899s] Level 1:colcon.colcon_core.environment:create_environment_scripts_only(my_interfaces)
[0.902s] DEBUG:colcon.colcon_core.event_handler.log_command:Invoked command in '/home/kim/ros2_ws/build/my_interfaces' returned '0': CMAKE_PREFIX_PATH=${CMAKE_PREFIX_PATH}:/home/kim/ros2_ws/install/simple_test_pkg:/home/kim/ros2_ws/install/my_first_pkg:/opt/ros/humble /usr/bin/cmake --install /home/kim/ros2_ws/build/my_interfaces
[0.903s] Level 1:colcon.colcon_core.environment:checking '/home/kim/ros2_ws/install/my_interfaces' for CMake module files
[0.903s] Level 1:colcon.colcon_core.environment:checking '/home/kim/ros2_ws/install/my_interfaces' for CMake config files
[0.904s] Level 1:colcon.colcon_core.shell:create_environment_hook('my_interfaces', 'cmake_prefix_path')
[0.904s] INFO:colcon.colcon_core.shell:Creating environment hook '/home/kim/ros2_ws/install/my_interfaces/share/my_interfaces/hook/cmake_prefix_path.ps1'
[0.904s] INFO:colcon.colcon_core.shell:Creating environment descriptor '/home/kim/ros2_ws/install/my_interfaces/share/my_interfaces/hook/cmake_prefix_path.dsv'
[0.905s] INFO:colcon.colcon_core.shell:Creating environment hook '/home/kim/ros2_ws/install/my_interfaces/share/my_interfaces/hook/cmake_prefix_path.sh'
[0.906s] Level 1:colcon.colcon_core.environment:checking '/home/kim/ros2_ws/install/my_interfaces/lib'
[0.906s] Level 1:colcon.colcon_core.shell:create_environment_hook('my_interfaces', 'ld_library_path_lib')
[0.906s] INFO:colcon.colcon_core.shell:Creating environment hook '/home/kim/ros2_ws/install/my_interfaces/share/my_interfaces/hook/ld_library_path_lib.ps1'
[0.907s] INFO:colcon.colcon_core.shell:Creating environment descriptor '/home/kim/ros2_ws/install/my_interfaces/share/my_interfaces/hook/ld_library_path_lib.dsv'
[0.907s] INFO:colcon.colcon_core.shell:Creating environment hook '/home/kim/ros2_ws/install/my_interfaces/share/my_interfaces/hook/ld_library_path_lib.sh'
[0.908s] Level 1:colcon.colcon_core.environment:checking '/home/kim/ros2_ws/install/my_interfaces/bin'
[0.908s] Level 1:colcon.colcon_core.environment:checking '/home/kim/ros2_ws/install/my_interfaces/lib/pkgconfig/my_interfaces.pc'
[0.908s] Level 1:colcon.colcon_core.environment:checking '/home/kim/ros2_ws/install/my_interfaces/lib/python3.10/site-packages'
[0.908s] Level 1:colcon.colcon_core.environment:checking '/home/kim/ros2_ws/install/my_interfaces/bin'
[0.909s] INFO:colcon.colcon_core.shell:Creating package script '/home/kim/ros2_ws/install/my_interfaces/share/my_interfaces/package.ps1'
[0.909s] INFO:colcon.colcon_core.shell:Creating package descriptor '/home/kim/ros2_ws/install/my_interfaces/share/my_interfaces/package.dsv'
[0.910s] INFO:colcon.colcon_core.shell:Creating package script '/home/kim/ros2_ws/install/my_interfaces/share/my_interfaces/package.sh'
[0.911s] INFO:colcon.colcon_core.shell:Creating package script '/home/kim/ros2_ws/install/my_interfaces/share/my_interfaces/package.bash'
[0.911s] INFO:colcon.colcon_core.shell:Creating package script '/home/kim/ros2_ws/install/my_interfaces/share/my_interfaces/package.zsh'
[0.912s] Level 1:colcon.colcon_core.environment:create_file_with_runtime_dependencies(/home/kim/ros2_ws/install/my_interfaces/share/colcon-core/packages/my_interfaces)
[0.913s] Level 1:colcon.colcon_core.environment:create_environment_scripts_only(my_interfaces)
[0.913s] Level 1:colcon.colcon_core.environment:checking '/home/kim/ros2_ws/install/my_interfaces' for CMake module files
[0.913s] Level 1:colcon.colcon_core.environment:checking '/home/kim/ros2_ws/install/my_interfaces' for CMake config files
[0.913s] Level 1:colcon.colcon_core.shell:create_environment_hook('my_interfaces', 'cmake_prefix_path')
[0.914s] INFO:colcon.colcon_core.shell:Creating environment hook '/home/kim/ros2_ws/install/my_interfaces/share/my_interfaces/hook/cmake_prefix_path.ps1'
[0.914s] INFO:colcon.colcon_core.shell:Creating environment descriptor '/home/kim/ros2_ws/install/my_interfaces/share/my_interfaces/hook/cmake_prefix_path.dsv'
[0.914s] INFO:colcon.colcon_core.shell:Creating environment hook '/home/kim/ros2_ws/install/my_interfaces/share/my_interfaces/hook/cmake_prefix_path.sh'
[0.915s] Level 1:colcon.colcon_core.environment:checking '/home/kim/ros2_ws/install/my_interfaces/lib'
[0.915s] Level 1:colcon.colcon_core.shell:create_environment_hook('my_interfaces', 'ld_library_path_lib')
[0.915s] INFO:colcon.colcon_core.shell:Creating environment hook '/home/kim/ros2_ws/install/my_interfaces/share/my_interfaces/hook/ld_library_path_lib.ps1'
[0.915s] INFO:colcon.colcon_core.shell:Creating environment descriptor '/home/kim/ros2_ws/install/my_interfaces/share/my_interfaces/hook/ld_library_path_lib.dsv'
[0.916s] INFO:colcon.colcon_core.shell:Creating environment hook '/home/kim/ros2_ws/install/my_interfaces/share/my_interfaces/hook/ld_library_path_lib.sh'
[0.916s] Level 1:colcon.colcon_core.environment:checking '/home/kim/ros2_ws/install/my_interfaces/bin'
[0.916s] Level 1:colcon.colcon_core.environment:checking '/home/kim/ros2_ws/install/my_interfaces/lib/pkgconfig/my_interfaces.pc'
[0.916s] Level 1:colcon.colcon_core.environment:checking '/home/kim/ros2_ws/install/my_interfaces/lib/python3.10/site-packages'
[0.917s] Level 1:colcon.colcon_core.environment:checking '/home/kim/ros2_ws/install/my_interfaces/bin'
[0.917s] INFO:colcon.colcon_core.shell:Creating package script '/home/kim/ros2_ws/install/my_interfaces/share/my_interfaces/package.ps1'
[0.917s] INFO:colcon.colcon_core.shell:Creating package descriptor '/home/kim/ros2_ws/install/my_interfaces/share/my_interfaces/package.dsv'
[0.918s] INFO:colcon.colcon_core.shell:Creating package script '/home/kim/ros2_ws/install/my_interfaces/share/my_interfaces/package.sh'
[0.918s] INFO:colcon.colcon_core.shell:Creating package script '/home/kim/ros2_ws/install/my_interfaces/share/my_interfaces/package.bash'
[0.919s] INFO:colcon.colcon_core.shell:Creating package script '/home/kim/ros2_ws/install/my_interfaces/share/my_interfaces/package.zsh'
[0.919s] Level 1:colcon.colcon_core.environment:create_file_with_runtime_dependencies(/home/kim/ros2_ws/install/my_interfaces/share/colcon-core/packages/my_interfaces)
[0.919s] INFO:colcon.colcon_ros.task.ament_python.build:Building ROS package in '/home/kim/ros2_ws/src/my_first_pkg' with build type 'ament_python'
[0.919s] Level 1:colcon.colcon_core.shell:create_environment_hook('my_first_pkg', 'ament_prefix_path')
[0.920s] INFO:colcon.colcon_core.shell:Creating environment hook '/home/kim/ros2_ws/install/my_first_pkg/share/my_first_pkg/hook/ament_prefix_path.ps1'
[0.920s] INFO:colcon.colcon_core.shell:Creating environment descriptor '/home/kim/ros2_ws/install/my_first_pkg/share/my_first_pkg/hook/ament_prefix_path.dsv'
[0.922s] INFO:colcon.colcon_core.shell:Creating environment hook '/home/kim/ros2_ws/install/my_first_pkg/share/my_first_pkg/hook/ament_prefix_path.sh'
[0.923s] INFO:colcon.colcon_core.shell:Skip shell extension 'powershell' for command environment: Not usable outside of PowerShell
[0.923s] DEBUG:colcon.colcon_core.shell:Skip shell extension 'dsv' for command environment
[1.189s] INFO:colcon.colcon_core.task.python.build:Building Python package in '/home/kim/ros2_ws/src/my_first_pkg'
[1.190s] INFO:colcon.colcon_core.shell:Skip shell extension 'powershell' for command environment: Not usable outside of PowerShell
[1.190s] DEBUG:colcon.colcon_core.shell:Skip shell extension 'dsv' for command environment
[1.196s] DEBUG:colcon.colcon_core.event_handler.log_command:Invoking command in '/home/kim/ros2_ws/src/simple_test_pkg': PYTHONPATH=/home/kim/ros2_ws/build/simple_test_pkg/prefix_override:/usr/lib/python3/dist-packages/colcon_core/task/python/colcon_distutils_commands:/home/kim/ros2_ws/install/simple_test_pkg/lib/python3.10/site-packages:${PYTHONPATH} /usr/bin/python3 -W ignore:setup.py install is deprecated -W ignore:easy_install command is deprecated setup.py egg_info --egg-base ../../build/simple_test_pkg build --build-base /home/kim/ros2_ws/build/simple_test_pkg/build install --record /home/kim/ros2_ws/build/simple_test_pkg/install.log --single-version-externally-managed install_data
[1.462s] Level 1:colcon.colcon_core.environment:checking '/home/kim/ros2_ws/install/simple_test_pkg' for CMake module files
[1.463s] DEBUG:colcon.colcon_core.event_handler.log_command:Invoked command in '/home/kim/ros2_ws/src/simple_test_pkg' returned '0': PYTHONPATH=/home/kim/ros2_ws/build/simple_test_pkg/prefix_override:/usr/lib/python3/dist-packages/colcon_core/task/python/colcon_distutils_commands:/home/kim/ros2_ws/install/simple_test_pkg/lib/python3.10/site-packages:${PYTHONPATH} /usr/bin/python3 -W ignore:setup.py install is deprecated -W ignore:easy_install command is deprecated setup.py egg_info --egg-base ../../build/simple_test_pkg build --build-base /home/kim/ros2_ws/build/simple_test_pkg/build install --record /home/kim/ros2_ws/build/simple_test_pkg/install.log --single-version-externally-managed install_data
[1.464s] Level 1:colcon.colcon_core.environment:checking '/home/kim/ros2_ws/install/simple_test_pkg' for CMake config files
[1.464s] Level 1:colcon.colcon_core.environment:checking '/home/kim/ros2_ws/install/simple_test_pkg/lib'
[1.465s] Level 1:colcon.colcon_core.environment:checking '/home/kim/ros2_ws/install/simple_test_pkg/bin'
[1.465s] Level 1:colcon.colcon_core.environment:checking '/home/kim/ros2_ws/install/simple_test_pkg/lib/pkgconfig/simple_test_pkg.pc'
[1.465s] Level 1:colcon.colcon_core.environment:checking '/home/kim/ros2_ws/install/simple_test_pkg/lib/python3.10/site-packages'
[1.465s] Level 1:colcon.colcon_core.shell:create_environment_hook('simple_test_pkg', 'pythonpath')
[1.465s] INFO:colcon.colcon_core.shell:Creating environment hook '/home/kim/ros2_ws/install/simple_test_pkg/share/simple_test_pkg/hook/pythonpath.ps1'
[1.466s] INFO:colcon.colcon_core.shell:Creating environment descriptor '/home/kim/ros2_ws/install/simple_test_pkg/share/simple_test_pkg/hook/pythonpath.dsv'
[1.466s] INFO:colcon.colcon_core.shell:Creating environment hook '/home/kim/ros2_ws/install/simple_test_pkg/share/simple_test_pkg/hook/pythonpath.sh'
[1.467s] Level 1:colcon.colcon_core.environment:checking '/home/kim/ros2_ws/install/simple_test_pkg/bin'
[1.467s] Level 1:colcon.colcon_core.environment:create_environment_scripts_only(simple_test_pkg)
[1.467s] INFO:colcon.colcon_core.shell:Creating package script '/home/kim/ros2_ws/install/simple_test_pkg/share/simple_test_pkg/package.ps1'
[1.468s] INFO:colcon.colcon_core.shell:Creating package descriptor '/home/kim/ros2_ws/install/simple_test_pkg/share/simple_test_pkg/package.dsv'
[1.468s] INFO:colcon.colcon_core.shell:Creating package script '/home/kim/ros2_ws/install/simple_test_pkg/share/simple_test_pkg/package.sh'
[1.469s] INFO:colcon.colcon_core.shell:Creating package script '/home/kim/ros2_ws/install/simple_test_pkg/share/simple_test_pkg/package.bash'
[1.469s] INFO:colcon.colcon_core.shell:Creating package script '/home/kim/ros2_ws/install/simple_test_pkg/share/simple_test_pkg/package.zsh'
[1.469s] Level 1:colcon.colcon_core.environment:create_file_with_runtime_dependencies(/home/kim/ros2_ws/install/simple_test_pkg/share/colcon-core/packages/simple_test_pkg)
[1.488s] DEBUG:colcon.colcon_core.event_handler.log_command:Invoking command in '/home/kim/ros2_ws/src/my_first_pkg': PYTHONPATH=/home/kim/ros2_ws/build/my_first_pkg/prefix_override:/usr/lib/python3/dist-packages/colcon_core/task/python/colcon_distutils_commands:/home/kim/ros2_ws/install/my_first_pkg/lib/python3.10/site-packages:${PYTHONPATH} /usr/bin/python3 -W ignore:setup.py install is deprecated -W ignore:easy_install command is deprecated setup.py egg_info --egg-base ../../build/my_first_pkg build --build-base /home/kim/ros2_ws/build/my_first_pkg/build install --record /home/kim/ros2_ws/build/my_first_pkg/install.log --single-version-externally-managed install_data
[1.758s] Level 1:colcon.colcon_core.environment:checking '/home/kim/ros2_ws/install/my_first_pkg' for CMake module files
[1.758s] DEBUG:colcon.colcon_core.event_handler.log_command:Invoked command in '/home/kim/ros2_ws/src/my_first_pkg' returned '0': PYTHONPATH=/home/kim/ros2_ws/build/my_first_pkg/prefix_override:/usr/lib/python3/dist-packages/colcon_core/task/python/colcon_distutils_commands:/home/kim/ros2_ws/install/my_first_pkg/lib/python3.10/site-packages:${PYTHONPATH} /usr/bin/python3 -W ignore:setup.py install is deprecated -W ignore:easy_install command is deprecated setup.py egg_info --egg-base ../../build/my_first_pkg build --build-base /home/kim/ros2_ws/build/my_first_pkg/build install --record /home/kim/ros2_ws/build/my_first_pkg/install.log --single-version-externally-managed install_data
[1.759s] Level 1:colcon.colcon_core.environment:checking '/home/kim/ros2_ws/install/my_first_pkg' for CMake config files
[1.759s] Level 1:colcon.colcon_core.environment:checking '/home/kim/ros2_ws/install/my_first_pkg/lib'
[1.760s] Level 1:colcon.colcon_core.environment:checking '/home/kim/ros2_ws/install/my_first_pkg/bin'
[1.760s] Level 1:colcon.colcon_core.environment:checking '/home/kim/ros2_ws/install/my_first_pkg/lib/pkgconfig/my_first_pkg.pc'
[1.760s] Level 1:colcon.colcon_core.environment:checking '/home/kim/ros2_ws/install/my_first_pkg/lib/python3.10/site-packages'
[1.760s] Level 1:colcon.colcon_core.shell:create_environment_hook('my_first_pkg', 'pythonpath')
[1.760s] INFO:colcon.colcon_core.shell:Creating environment hook '/home/kim/ros2_ws/install/my_first_pkg/share/my_first_pkg/hook/pythonpath.ps1'
[1.761s] INFO:colcon.colcon_core.shell:Creating environment descriptor '/home/kim/ros2_ws/install/my_first_pkg/share/my_first_pkg/hook/pythonpath.dsv'
[1.761s] INFO:colcon.colcon_core.shell:Creating environment hook '/home/kim/ros2_ws/install/my_first_pkg/share/my_first_pkg/hook/pythonpath.sh'
[1.762s] Level 1:colcon.colcon_core.environment:checking '/home/kim/ros2_ws/install/my_first_pkg/bin'
[1.762s] Level 1:colcon.colcon_core.environment:create_environment_scripts_only(my_first_pkg)
[1.762s] INFO:colcon.colcon_core.shell:Creating package script '/home/kim/ros2_ws/install/my_first_pkg/share/my_first_pkg/package.ps1'
[1.763s] INFO:colcon.colcon_core.shell:Creating package descriptor '/home/kim/ros2_ws/install/my_first_pkg/share/my_first_pkg/package.dsv'
[1.763s] INFO:colcon.colcon_core.shell:Creating package script '/home/kim/ros2_ws/install/my_first_pkg/share/my_first_pkg/package.sh'
[1.763s] INFO:colcon.colcon_core.shell:Creating package script '/home/kim/ros2_ws/install/my_first_pkg/share/my_first_pkg/package.bash'
[1.764s] INFO:colcon.colcon_core.shell:Creating package script '/home/kim/ros2_ws/install/my_first_pkg/share/my_first_pkg/package.zsh'
[1.764s] Level 1:colcon.colcon_core.environment:create_file_with_runtime_dependencies(/home/kim/ros2_ws/install/my_first_pkg/share/colcon-core/packages/my_first_pkg)
[1.765s] DEBUG:colcon.colcon_parallel_executor.executor.parallel:closing loop
[1.765s] DEBUG:colcon.colcon_parallel_executor.executor.parallel:loop closed
[1.765s] DEBUG:colcon.colcon_parallel_executor.executor.parallel:run_until_complete finished with '0'
[1.765s] DEBUG:colcon.colcon_core.event_reactor:joining thread
[1.771s] INFO:colcon.colcon_core.plugin_system:Skipping extension 'colcon_notification.desktop_notification.terminal_notifier': Not used on non-Darwin systems
[1.771s] INFO:colcon.colcon_core.plugin_system:Skipping extension 'colcon_notification.desktop_notification.win32': Not used on non-Windows systems
[1.771s] INFO:colcon.colcon_notification.desktop_notification:Sending desktop notification using 'notify2'
[1.790s] DEBUG:colcon.colcon_core.event_reactor:joined thread
[1.790s] INFO:colcon.colcon_core.shell:Creating prefix script '/home/kim/ros2_ws/install/local_setup.ps1'
[1.791s] INFO:colcon.colcon_core.shell:Creating prefix util module '/home/kim/ros2_ws/install/_local_setup_util_ps1.py'
[1.793s] INFO:colcon.colcon_core.shell:Creating prefix chain script '/home/kim/ros2_ws/install/setup.ps1'
[1.794s] INFO:colcon.colcon_core.shell:Creating prefix script '/home/kim/ros2_ws/install/local_setup.sh'
[1.794s] INFO:colcon.colcon_core.shell:Creating prefix util module '/home/kim/ros2_ws/install/_local_setup_util_sh.py'
[1.795s] INFO:colcon.colcon_core.shell:Creating prefix chain script '/home/kim/ros2_ws/install/setup.sh'
[1.797s] INFO:colcon.colcon_core.shell:Creating prefix script '/home/kim/ros2_ws/install/local_setup.bash'
[1.798s] INFO:colcon.colcon_core.shell:Creating prefix chain script '/home/kim/ros2_ws/install/setup.bash'
[1.800s] INFO:colcon.colcon_core.shell:Creating prefix script '/home/kim/ros2_ws/install/local_setup.zsh'
[1.801s] INFO:colcon.colcon_core.shell:Creating prefix chain script '/home/kim/ros2_ws/install/setup.zsh'
