[0.553s] Invoking command in '/home/kim/ros2_ws/src/my_first_pkg': CMAKE_PREFIX_PATH=/home/kim/ros2_ws/install/my_interfaces:/home/kim/ros2_ws/install/my_robot_discription PYTHONPATH=/home/kim/ros2_ws/build/my_first_pkg/prefix_override:/usr/lib/python3/dist-packages/colcon_core/task/python/colcon_distutils_commands:/home/kim/ros2_ws/install/my_first_pkg/lib/python3.10/site-packages:${PYTHONPATH} /usr/bin/python3 -W ignore:setup.py install is deprecated -W ignore:easy_install command is deprecated setup.py egg_info --egg-base ../../build/my_first_pkg build --build-base /home/kim/ros2_ws/build/my_first_pkg/build install --record /home/kim/ros2_ws/build/my_first_pkg/install.log --single-version-externally-managed install_data
[0.745s] running egg_info
[0.745s] writing ../../build/my_first_pkg/my_first_pkg.egg-info/PKG-INFO
[0.746s] writing dependency_links to ../../build/my_first_pkg/my_first_pkg.egg-info/dependency_links.txt
[0.746s] writing entry points to ../../build/my_first_pkg/my_first_pkg.egg-info/entry_points.txt
[0.746s] writing requirements to ../../build/my_first_pkg/my_first_pkg.egg-info/requires.txt
[0.746s] writing top-level names to ../../build/my_first_pkg/my_first_pkg.egg-info/top_level.txt
[0.748s] reading manifest file '../../build/my_first_pkg/my_first_pkg.egg-info/SOURCES.txt'
[0.749s] writing manifest file '../../build/my_first_pkg/my_first_pkg.egg-info/SOURCES.txt'
[0.749s] running build
[0.749s] running build_py
[0.750s] running install
[0.751s] running install_lib
[0.755s] running install_data
[0.755s] running install_egg_info
[0.755s] removing '/home/kim/ros2_ws/install/my_first_pkg/lib/python3.10/site-packages/my_first_pkg-0.0.0-py3.10.egg-info' (and everything under it)
[0.759s] Copying ../../build/my_first_pkg/my_first_pkg.egg-info to /home/kim/ros2_ws/install/my_first_pkg/lib/python3.10/site-packages/my_first_pkg-0.0.0-py3.10.egg-info
[0.759s] running install_scripts
[0.796s] Installing add_three_ints_client script to /home/kim/ros2_ws/install/my_first_pkg/lib/my_first_pkg
[0.796s] Installing add_three_ints_server script to /home/kim/ros2_ws/install/my_first_pkg/lib/my_first_pkg
[0.796s] Installing add_two_ints_client script to /home/kim/ros2_ws/install/my_first_pkg/lib/my_first_pkg
[0.797s] Installing add_two_ints_server script to /home/kim/ros2_ws/install/my_first_pkg/lib/my_first_pkg
[0.797s] Installing counter_node script to /home/kim/ros2_ws/install/my_first_pkg/lib/my_first_pkg
[0.797s] Installing counter_pub script to /home/kim/ros2_ws/install/my_first_pkg/lib/my_first_pkg
[0.797s] Installing robot_station2 script to /home/kim/ros2_ws/install/my_first_pkg/lib/my_first_pkg
[0.797s] Installing sensor_status_pub script to /home/kim/ros2_ws/install/my_first_pkg/lib/my_first_pkg
[0.798s] Installing sensor_status_sub script to /home/kim/ros2_ws/install/my_first_pkg/lib/my_first_pkg
[0.798s] Installing set_agv_speed_client script to /home/kim/ros2_ws/install/my_first_pkg/lib/my_first_pkg
[0.798s] Installing set_agv_speed_controller script to /home/kim/ros2_ws/install/my_first_pkg/lib/my_first_pkg
[0.798s] Installing sub_sub script to /home/kim/ros2_ws/install/my_first_pkg/lib/my_first_pkg
[0.798s] Installing turtle_color script to /home/kim/ros2_ws/install/my_first_pkg/lib/my_first_pkg
[0.798s] Installing turtle_pose script to /home/kim/ros2_ws/install/my_first_pkg/lib/my_first_pkg
[0.798s] Installing turtlesim_controller script to /home/kim/ros2_ws/install/my_first_pkg/lib/my_first_pkg
[0.798s] Installing turtlesim_pub script to /home/kim/ros2_ws/install/my_first_pkg/lib/my_first_pkg
[0.798s] writing list of installed files to '/home/kim/ros2_ws/build/my_first_pkg/install.log'
[0.822s] Invoked command in '/home/kim/ros2_ws/src/my_first_pkg' returned '0': CMAKE_PREFIX_PATH=/home/kim/ros2_ws/install/my_interfaces:/home/kim/ros2_ws/install/my_robot_discription PYTHONPATH=/home/kim/ros2_ws/build/my_first_pkg/prefix_override:/usr/lib/python3/dist-packages/colcon_core/task/python/colcon_distutils_commands:/home/kim/ros2_ws/install/my_first_pkg/lib/python3.10/site-packages:${PYTHONPATH} /usr/bin/python3 -W ignore:setup.py install is deprecated -W ignore:easy_install command is deprecated setup.py egg_info --egg-base ../../build/my_first_pkg build --build-base /home/kim/ros2_ws/build/my_first_pkg/build install --record /home/kim/ros2_ws/build/my_first_pkg/install.log --single-version-externally-managed install_data
