-- Install configuration: ""
-- Up-to-date: /home/kim/ros2_ws/install/nav_pkg/share/nav_pkg/config
-- Up-to-date: /home/kim/ros2_ws/install/nav_pkg/share/nav_pkg/config/turtlebot3_lds_2d.lua
-- Up-to-date: /home/kim/ros2_ws/install/nav_pkg/share/nav_pkg/launch
-- Installing: /home/kim/ros2_ws/install/nav_pkg/share/nav_pkg/launch/mapping.launch.py
-- Up-to-date: /home/kim/ros2_ws/install/nav_pkg/share/ament_index/resource_index/package_run_dependencies/nav_pkg
-- Up-to-date: /home/kim/ros2_ws/install/nav_pkg/share/ament_index/resource_index/parent_prefix_path/nav_pkg
-- Up-to-date: /home/kim/ros2_ws/install/nav_pkg/share/nav_pkg/environment/ament_prefix_path.sh
-- Up-to-date: /home/kim/ros2_ws/install/nav_pkg/share/nav_pkg/environment/ament_prefix_path.dsv
-- Up-to-date: /home/kim/ros2_ws/install/nav_pkg/share/nav_pkg/environment/path.sh
-- Up-to-date: /home/kim/ros2_ws/install/nav_pkg/share/nav_pkg/environment/path.dsv
-- Up-to-date: /home/kim/ros2_ws/install/nav_pkg/share/nav_pkg/local_setup.bash
-- Up-to-date: /home/kim/ros2_ws/install/nav_pkg/share/nav_pkg/local_setup.sh
-- Up-to-date: /home/kim/ros2_ws/install/nav_pkg/share/nav_pkg/local_setup.zsh
-- Up-to-date: /home/kim/ros2_ws/install/nav_pkg/share/nav_pkg/local_setup.dsv
-- Up-to-date: /home/kim/ros2_ws/install/nav_pkg/share/nav_pkg/package.dsv
-- Up-to-date: /home/kim/ros2_ws/install/nav_pkg/share/ament_index/resource_index/packages/nav_pkg
-- Up-to-date: /home/kim/ros2_ws/install/nav_pkg/share/nav_pkg/cmake/nav_pkgConfig.cmake
-- Up-to-date: /home/kim/ros2_ws/install/nav_pkg/share/nav_pkg/cmake/nav_pkgConfig-version.cmake
-- Up-to-date: /home/kim/ros2_ws/install/nav_pkg/share/nav_pkg/package.xml
