[0.937s] Invoking command in '/home/kim/ros2_ws/src/robot_math': PYTHONPATH=/home/kim/ros2_ws/build/robot_math/prefix_override:/usr/lib/python3/dist-packages/colcon_core/task/python/colcon_distutils_commands:/home/kim/ros2_ws/install/robot_math/lib/python3.10/site-packages:${PYTHONPATH} /usr/bin/python3 -W ignore:setup.py install is deprecated -W ignore:easy_install command is deprecated setup.py egg_info --egg-base ../../build/robot_math build --build-base /home/kim/ros2_ws/build/robot_math/build install --record /home/kim/ros2_ws/build/robot_math/install.log --single-version-externally-managed install_data
[1.205s] running egg_info
[1.206s] writing ../../build/robot_math/robot_math.egg-info/PKG-INFO
[1.209s] writing dependency_links to ../../build/robot_math/robot_math.egg-info/dependency_links.txt
[1.209s] writing entry points to ../../build/robot_math/robot_math.egg-info/entry_points.txt
[1.209s] writing requirements to ../../build/robot_math/robot_math.egg-info/requires.txt
[1.209s] writing top-level names to ../../build/robot_math/robot_math.egg-info/top_level.txt
[1.211s] reading manifest file '../../build/robot_math/robot_math.egg-info/SOURCES.txt'
[1.212s] writing manifest file '../../build/robot_math/robot_math.egg-info/SOURCES.txt'
[1.212s] running build
[1.212s] running build_py
[1.214s] copying robot_math/go_to_goal.py -> /home/kim/ros2_ws/build/robot_math/build/lib/robot_math
[1.215s] running install
[1.215s] running install_lib
[1.215s] copying /home/kim/ros2_ws/build/robot_math/build/lib/robot_math/go_to_goal.py -> /home/kim/ros2_ws/install/robot_math/lib/python3.10/site-packages/robot_math
[1.215s] byte-compiling /home/kim/ros2_ws/install/robot_math/lib/python3.10/site-packages/robot_math/go_to_goal.py to go_to_goal.cpython-310.pyc
[1.216s] running install_data
[1.216s] copying package.xml -> /home/kim/ros2_ws/install/robot_math/share/robot_math
[1.216s] running install_egg_info
[1.219s] removing '/home/kim/ros2_ws/install/robot_math/lib/python3.10/site-packages/robot_math-0.0.0-py3.10.egg-info' (and everything under it)
[1.221s] Copying ../../build/robot_math/robot_math.egg-info to /home/kim/ros2_ws/install/robot_math/lib/python3.10/site-packages/robot_math-0.0.0-py3.10.egg-info
[1.223s] running install_scripts
[1.252s] Installing angular_vel script to /home/kim/ros2_ws/install/robot_math/lib/robot_math
[1.256s] writing list of installed files to '/home/kim/ros2_ws/build/robot_math/install.log'
[1.282s] Invoked command in '/home/kim/ros2_ws/src/robot_math' returned '0': PYTHONPATH=/home/kim/ros2_ws/build/robot_math/prefix_override:/usr/lib/python3/dist-packages/colcon_core/task/python/colcon_distutils_commands:/home/kim/ros2_ws/install/robot_math/lib/python3.10/site-packages:${PYTHONPATH} /usr/bin/python3 -W ignore:setup.py install is deprecated -W ignore:easy_install command is deprecated setup.py egg_info --egg-base ../../build/robot_math build --build-base /home/kim/ros2_ws/build/robot_math/build install --record /home/kim/ros2_ws/build/robot_math/install.log --single-version-externally-managed install_data
