[0.570s] Invoking command in '/home/kim/ros2_ws/src/my_first_pkg': PYTHONPATH=/home/kim/ros2_ws/build/my_first_pkg/prefix_override:/usr/lib/python3/dist-packages/colcon_core/task/python/colcon_distutils_commands:/home/kim/ros2_ws/install/my_first_pkg/lib/python3.10/site-packages:${PYTHONPATH} /usr/bin/python3 -W ignore:setup.py install is deprecated -W ignore:easy_install command is deprecated setup.py egg_info --egg-base ../../build/my_first_pkg build --build-base /home/kim/ros2_ws/build/my_first_pkg/build install --record /home/kim/ros2_ws/build/my_first_pkg/install.log --single-version-externally-managed install_data
[0.762s] running egg_info
[0.762s] writing ../../build/my_first_pkg/my_first_pkg.egg-info/PKG-INFO
[0.763s] writing dependency_links to ../../build/my_first_pkg/my_first_pkg.egg-info/dependency_links.txt
[0.763s] writing entry points to ../../build/my_first_pkg/my_first_pkg.egg-info/entry_points.txt
[0.764s] writing requirements to ../../build/my_first_pkg/my_first_pkg.egg-info/requires.txt
[0.764s] writing top-level names to ../../build/my_first_pkg/my_first_pkg.egg-info/top_level.txt
[0.765s] reading manifest file '../../build/my_first_pkg/my_first_pkg.egg-info/SOURCES.txt'
[0.768s] writing manifest file '../../build/my_first_pkg/my_first_pkg.egg-info/SOURCES.txt'
[0.768s] running build
[0.768s] running build_py
[0.768s] copying my_first_pkg/robot_station.py -> /home/kim/ros2_ws/build/my_first_pkg/build/lib/my_first_pkg
[0.768s] copying my_first_pkg/news_sub.py -> /home/kim/ros2_ws/build/my_first_pkg/build/lib/my_first_pkg
[0.768s] running install
[0.770s] running install_lib
[0.770s] copying /home/kim/ros2_ws/build/my_first_pkg/build/lib/my_first_pkg/robot_station.py -> /home/kim/ros2_ws/install/my_first_pkg/lib/python3.10/site-packages/my_first_pkg
[0.770s] copying /home/kim/ros2_ws/build/my_first_pkg/build/lib/my_first_pkg/news_sub.py -> /home/kim/ros2_ws/install/my_first_pkg/lib/python3.10/site-packages/my_first_pkg
[0.770s] byte-compiling /home/kim/ros2_ws/install/my_first_pkg/lib/python3.10/site-packages/my_first_pkg/robot_station.py to robot_station.cpython-310.pyc
[0.773s] byte-compiling /home/kim/ros2_ws/install/my_first_pkg/lib/python3.10/site-packages/my_first_pkg/news_sub.py to news_sub.cpython-310.pyc
[0.773s] running install_data
[0.773s] copying package.xml -> /home/kim/ros2_ws/install/my_first_pkg/share/my_first_pkg
[0.773s] running install_egg_info
[0.774s] removing '/home/kim/ros2_ws/install/my_first_pkg/lib/python3.10/site-packages/my_first_pkg-0.0.0-py3.10.egg-info' (and everything under it)
[0.776s] Copying ../../build/my_first_pkg/my_first_pkg.egg-info to /home/kim/ros2_ws/install/my_first_pkg/lib/python3.10/site-packages/my_first_pkg-0.0.0-py3.10.egg-info
[0.778s] running install_scripts
[0.797s] Installing counter_node script to /home/kim/ros2_ws/install/my_first_pkg/lib/my_first_pkg
[0.797s] Installing counter_pub script to /home/kim/ros2_ws/install/my_first_pkg/lib/my_first_pkg
[0.797s] Installing robot_station2 script to /home/kim/ros2_ws/install/my_first_pkg/lib/my_first_pkg
[0.797s] Installing sub_sub script to /home/kim/ros2_ws/install/my_first_pkg/lib/my_first_pkg
[0.797s] writing list of installed files to '/home/kim/ros2_ws/build/my_first_pkg/install.log'
[0.815s] Invoked command in '/home/kim/ros2_ws/src/my_first_pkg' returned '0': PYTHONPATH=/home/kim/ros2_ws/build/my_first_pkg/prefix_override:/usr/lib/python3/dist-packages/colcon_core/task/python/colcon_distutils_commands:/home/kim/ros2_ws/install/my_first_pkg/lib/python3.10/site-packages:${PYTHONPATH} /usr/bin/python3 -W ignore:setup.py install is deprecated -W ignore:easy_install command is deprecated setup.py egg_info --egg-base ../../build/my_first_pkg build --build-base /home/kim/ros2_ws/build/my_first_pkg/build install --record /home/kim/ros2_ws/build/my_first_pkg/install.log --single-version-externally-managed install_data
