[0.011s] Invoking command in '/home/kim/ros2_ws/build/nav_pkg': CMAKE_PREFIX_PATH=${CMAKE_PREFIX_PATH}:/home/kim/ros2_ws/install/slam_pkg:/home/kim/ros2_ws/install/simple_test_pkg:/home/kim/ros2_ws/install/my_first_pkg:/home/kim/ros2_ws/install/cv2_pkg:/opt/ros/humble /usr/bin/cmake --build /home/kim/ros2_ws/build/nav_pkg -- -j8 -l8
[0.084s] Invoked command in '/home/kim/ros2_ws/build/nav_pkg' returned '0': CMAKE_PREFIX_PATH=${CMAKE_PREFIX_PATH}:/home/kim/ros2_ws/install/slam_pkg:/home/kim/ros2_ws/install/simple_test_pkg:/home/kim/ros2_ws/install/my_first_pkg:/home/kim/ros2_ws/install/cv2_pkg:/opt/ros/humble /usr/bin/cmake --build /home/kim/ros2_ws/build/nav_pkg -- -j8 -l8
[0.095s] Invoking command in '/home/kim/ros2_ws/build/nav_pkg': CMAKE_PREFIX_PATH=${CMAKE_PREFIX_PATH}:/home/kim/ros2_ws/install/slam_pkg:/home/kim/ros2_ws/install/simple_test_pkg:/home/kim/ros2_ws/install/my_first_pkg:/home/kim/ros2_ws/install/cv2_pkg:/opt/ros/humble /usr/bin/cmake --install /home/kim/ros2_ws/build/nav_pkg
[0.103s] -- Install configuration: ""
[0.103s] -- Up-to-date: /home/kim/ros2_ws/install/nav_pkg/share/nav_pkg/config
[0.104s] -- Up-to-date: /home/kim/ros2_ws/install/nav_pkg/share/nav_pkg/config/navigation.rviz
[0.104s] -- Up-to-date: /home/kim/ros2_ws/install/nav_pkg/share/nav_pkg/config/turtlebot3_lds_2d.lua
[0.104s] -- Up-to-date: /home/kim/ros2_ws/install/nav_pkg/share/nav_pkg/config/my_map.pgm
[0.104s] -- Up-to-date: /home/kim/ros2_ws/install/nav_pkg/share/nav_pkg/config/my_map.yaml
[0.104s] -- Up-to-date: /home/kim/ros2_ws/install/nav_pkg/share/nav_pkg/config/nav_waffle.yaml
[0.105s] -- Up-to-date: /home/kim/ros2_ws/install/nav_pkg/share/nav_pkg/launch
[0.105s] -- Installing: /home/kim/ros2_ws/install/nav_pkg/share/nav_pkg/launch/my_nav2.launch.py
[0.105s] -- Up-to-date: /home/kim/ros2_ws/install/nav_pkg/share/nav_pkg/launch/mapping.launch.py
[0.105s] -- Up-to-date: /home/kim/ros2_ws/install/nav_pkg/share/ament_index/resource_index/package_run_dependencies/nav_pkg
[0.105s] -- Up-to-date: /home/kim/ros2_ws/install/nav_pkg/share/ament_index/resource_index/parent_prefix_path/nav_pkg
[0.105s] -- Up-to-date: /home/kim/ros2_ws/install/nav_pkg/share/nav_pkg/environment/ament_prefix_path.sh
[0.105s] -- Up-to-date: /home/kim/ros2_ws/install/nav_pkg/share/nav_pkg/environment/ament_prefix_path.dsv
[0.105s] -- Up-to-date: /home/kim/ros2_ws/install/nav_pkg/share/nav_pkg/environment/path.sh
[0.105s] -- Up-to-date: /home/kim/ros2_ws/install/nav_pkg/share/nav_pkg/environment/path.dsv
[0.105s] -- Up-to-date: /home/kim/ros2_ws/install/nav_pkg/share/nav_pkg/local_setup.bash
[0.105s] -- Up-to-date: /home/kim/ros2_ws/install/nav_pkg/share/nav_pkg/local_setup.sh
[0.105s] -- Up-to-date: /home/kim/ros2_ws/install/nav_pkg/share/nav_pkg/local_setup.zsh
[0.105s] -- Up-to-date: /home/kim/ros2_ws/install/nav_pkg/share/nav_pkg/local_setup.dsv
[0.105s] -- Installing: /home/kim/ros2_ws/install/nav_pkg/share/nav_pkg/package.dsv
[0.105s] -- Up-to-date: /home/kim/ros2_ws/install/nav_pkg/share/ament_index/resource_index/packages/nav_pkg
[0.106s] -- Up-to-date: /home/kim/ros2_ws/install/nav_pkg/share/nav_pkg/cmake/nav_pkgConfig.cmake
[0.107s] -- Up-to-date: /home/kim/ros2_ws/install/nav_pkg/share/nav_pkg/cmake/nav_pkgConfig-version.cmake
[0.107s] -- Up-to-date: /home/kim/ros2_ws/install/nav_pkg/share/nav_pkg/package.xml
[0.107s] Invoked command in '/home/kim/ros2_ws/build/nav_pkg' returned '0': CMAKE_PREFIX_PATH=${CMAKE_PREFIX_PATH}:/home/kim/ros2_ws/install/slam_pkg:/home/kim/ros2_ws/install/simple_test_pkg:/home/kim/ros2_ws/install/my_first_pkg:/home/kim/ros2_ws/install/cv2_pkg:/opt/ros/humble /usr/bin/cmake --install /home/kim/ros2_ws/build/nav_pkg
