[  1%] Built target my_interfaces__cpp
[35m[1mConsolidate compiler generated dependencies of target my_interfaces__rosidl_generator_c[0m
[35m[1mConsolidate compiler generated dependencies of target my_interfaces__rosidl_typesupport_cpp[0m
[35m[1mConsolidate compiler generated dependencies of target my_interfaces__rosidl_typesupport_introspection_cpp[0m
[35m[1mConsolidate compiler generated dependencies of target my_interfaces__rosidl_typesupport_fastrtps_cpp[0m
[  1%] Built target ament_cmake_python_copy_my_interfaces
[ 12%] Built target my_interfaces__rosidl_generator_c
[ 23%] Built target my_interfaces__rosidl_typesupport_fastrtps_cpp
[35m[1mConsolidate compiler generated dependencies of target my_interfaces__rosidl_typesupport_fastrtps_c[0m
[35m[1mConsolidate compiler generated dependencies of target my_interfaces__rosidl_typesupport_introspection_c[0m
[35m[1mConsolidate compiler generated dependencies of target my_interfaces__rosidl_typesupport_c[0m
[ 34%] Built target my_interfaces__rosidl_typesupport_introspection_cpp
[ 46%] Built target my_interfaces__rosidl_typesupport_cpp
[ 57%] Built target my_interfaces__rosidl_typesupport_c
[ 68%] Built target my_interfaces__rosidl_typesupport_introspection_c
[ 79%] Built target my_interfaces__rosidl_typesupport_fastrtps_c
[ 79%] Built target my_interfaces
[ 80%] Built target my_interfaces__py
[35m[1mConsolidate compiler generated dependencies of target my_interfaces__rosidl_generator_py[0m
[ 90%] Built target my_interfaces__rosidl_generator_py
[35m[1mConsolidate compiler generated dependencies of target my_interfaces__rosidl_typesupport_introspection_c__pyext[0m
[35m[1mConsolidate compiler generated dependencies of target my_interfaces__rosidl_typesupport_c__pyext[0m
[35m[1mConsolidate compiler generated dependencies of target my_interfaces__rosidl_typesupport_fastrtps_c__pyext[0m
[ 93%] Built target my_interfaces__rosidl_typesupport_fastrtps_c__pyext
[ 96%] Built target my_interfaces__rosidl_typesupport_introspection_c__pyext
[100%] Built target my_interfaces__rosidl_typesupport_c__pyext
running egg_info
writing my_interfaces.egg-info/PKG-INFO
writing dependency_links to my_interfaces.egg-info/dependency_links.txt
writing top-level names to my_interfaces.egg-info/top_level.txt
reading manifest file 'my_interfaces.egg-info/SOURCES.txt'
writing manifest file 'my_interfaces.egg-info/SOURCES.txt'
[100%] Built target ament_cmake_python_build_my_interfaces_egg
