[0.033s] Invoking command in '/home/kim/ros2_ws/build/my_interfaces': CMAKE_PREFIX_PATH=${CMAKE_PREFIX_PATH}:/home/kim/ros2_ws/install/simple_test_pkg:/home/kim/ros2_ws/install/my_first_pkg:/opt/ros/humble /usr/bin/cmake --build /home/kim/ros2_ws/build/my_interfaces -- -j8 -l8
[0.174s] [  1%] Built target my_interfaces__cpp
[0.182s] [35m[1mConsolidate compiler generated dependencies of target my_interfaces__rosidl_generator_c[0m
[0.206s] [35m[1mConsolidate compiler generated dependencies of target my_interfaces__rosidl_typesupport_cpp[0m
[0.208s] [35m[1mConsolidate compiler generated dependencies of target my_interfaces__rosidl_typesupport_introspection_cpp[0m
[0.214s] [35m[1mConsolidate compiler generated dependencies of target my_interfaces__rosidl_typesupport_fastrtps_cpp[0m
[0.221s] [  1%] Built target ament_cmake_python_copy_my_interfaces
[0.226s] [ 12%] Built target my_interfaces__rosidl_generator_c
[0.276s] [ 23%] Built target my_interfaces__rosidl_typesupport_fastrtps_cpp
[0.276s] [35m[1mConsolidate compiler generated dependencies of target my_interfaces__rosidl_typesupport_fastrtps_c[0m
[0.277s] [35m[1mConsolidate compiler generated dependencies of target my_interfaces__rosidl_typesupport_introspection_c[0m
[0.280s] [35m[1mConsolidate compiler generated dependencies of target my_interfaces__rosidl_typesupport_c[0m
[0.280s] [ 34%] Built target my_interfaces__rosidl_typesupport_introspection_cpp
[0.285s] [ 46%] Built target my_interfaces__rosidl_typesupport_cpp
[0.296s] [ 57%] Built target my_interfaces__rosidl_typesupport_c
[0.301s] [ 68%] Built target my_interfaces__rosidl_typesupport_introspection_c
[0.309s] [ 79%] Built target my_interfaces__rosidl_typesupport_fastrtps_c
[0.350s] [ 79%] Built target my_interfaces
[0.425s] [ 80%] Built target my_interfaces__py
[0.466s] [35m[1mConsolidate compiler generated dependencies of target my_interfaces__rosidl_generator_py[0m
[0.491s] [ 90%] Built target my_interfaces__rosidl_generator_py
[0.517s] [35m[1mConsolidate compiler generated dependencies of target my_interfaces__rosidl_typesupport_introspection_c__pyext[0m
[0.517s] [35m[1mConsolidate compiler generated dependencies of target my_interfaces__rosidl_typesupport_c__pyext[0m
[0.522s] [35m[1mConsolidate compiler generated dependencies of target my_interfaces__rosidl_typesupport_fastrtps_c__pyext[0m
[0.537s] [ 93%] Built target my_interfaces__rosidl_typesupport_fastrtps_c__pyext
[0.549s] [ 96%] Built target my_interfaces__rosidl_typesupport_introspection_c__pyext
[0.549s] [100%] Built target my_interfaces__rosidl_typesupport_c__pyext
[0.590s] running egg_info
[0.592s] writing my_interfaces.egg-info/PKG-INFO
[0.592s] writing dependency_links to my_interfaces.egg-info/dependency_links.txt
[0.592s] writing top-level names to my_interfaces.egg-info/top_level.txt
[0.598s] reading manifest file 'my_interfaces.egg-info/SOURCES.txt'
[0.600s] writing manifest file 'my_interfaces.egg-info/SOURCES.txt'
[0.639s] [100%] Built target ament_cmake_python_build_my_interfaces_egg
