running egg_info
creating ../../build/robot_math/robot_math.egg-info
writing ../../build/robot_math/robot_math.egg-info/PKG-INFO
writing dependency_links to ../../build/robot_math/robot_math.egg-info/dependency_links.txt
writing entry points to ../../build/robot_math/robot_math.egg-info/entry_points.txt
writing requirements to ../../build/robot_math/robot_math.egg-info/requires.txt
writing top-level names to ../../build/robot_math/robot_math.egg-info/top_level.txt
writing manifest file '../../build/robot_math/robot_math.egg-info/SOURCES.txt'
reading manifest file '../../build/robot_math/robot_math.egg-info/SOURCES.txt'
writing manifest file '../../build/robot_math/robot_math.egg-info/SOURCES.txt'
running build
running build_py
creating /home/kim/ros2_ws/build/robot_math/build
creating /home/kim/ros2_ws/build/robot_math/build/lib
creating /home/kim/ros2_ws/build/robot_math/build/lib/robot_math
copying robot_math/angular_vel.py -> /home/kim/ros2_ws/build/robot_math/build/lib/robot_math
copying robot_math/__init__.py -> /home/kim/ros2_ws/build/robot_math/build/lib/robot_math
running install
running install_lib
creating /home/kim/ros2_ws/install/robot_math/lib/python3.10/site-packages/robot_math
copying /home/kim/ros2_ws/build/robot_math/build/lib/robot_math/angular_vel.py -> /home/kim/ros2_ws/install/robot_math/lib/python3.10/site-packages/robot_math
copying /home/kim/ros2_ws/build/robot_math/build/lib/robot_math/__init__.py -> /home/kim/ros2_ws/install/robot_math/lib/python3.10/site-packages/robot_math
byte-compiling /home/kim/ros2_ws/install/robot_math/lib/python3.10/site-packages/robot_math/angular_vel.py to angular_vel.cpython-310.pyc
byte-compiling /home/kim/ros2_ws/install/robot_math/lib/python3.10/site-packages/robot_math/__init__.py to __init__.cpython-310.pyc
running install_data
creating /home/kim/ros2_ws/install/robot_math/share/ament_index
creating /home/kim/ros2_ws/install/robot_math/share/ament_index/resource_index
creating /home/kim/ros2_ws/install/robot_math/share/ament_index/resource_index/packages
copying resource/robot_math -> /home/kim/ros2_ws/install/robot_math/share/ament_index/resource_index/packages
copying package.xml -> /home/kim/ros2_ws/install/robot_math/share/robot_math
running install_egg_info
Copying ../../build/robot_math/robot_math.egg-info to /home/kim/ros2_ws/install/robot_math/lib/python3.10/site-packages/robot_math-0.0.0-py3.10.egg-info
running install_scripts
writing list of installed files to '/home/kim/ros2_ws/build/robot_math/install.log'
