[1.256s] Invoking command in '/home/kim/ros2_ws/src/robot_math': PYTHONPATH=/home/kim/ros2_ws/build/robot_math/prefix_override:/usr/lib/python3/dist-packages/colcon_core/task/python/colcon_distutils_commands:/home/kim/ros2_ws/install/robot_math/lib/python3.10/site-packages:${PYTHONPATH} /usr/bin/python3 -W ignore:setup.py install is deprecated -W ignore:easy_install command is deprecated setup.py egg_info --egg-base ../../build/robot_math build --build-base /home/kim/ros2_ws/build/robot_math/build install --record /home/kim/ros2_ws/build/robot_math/install.log --single-version-externally-managed install_data
[1.535s] running egg_info
[1.535s] creating ../../build/robot_math/robot_math.egg-info
[1.535s] writing ../../build/robot_math/robot_math.egg-info/PKG-INFO
[1.535s] writing dependency_links to ../../build/robot_math/robot_math.egg-info/dependency_links.txt
[1.535s] writing entry points to ../../build/robot_math/robot_math.egg-info/entry_points.txt
[1.535s] writing requirements to ../../build/robot_math/robot_math.egg-info/requires.txt
[1.535s] writing top-level names to ../../build/robot_math/robot_math.egg-info/top_level.txt
[1.535s] writing manifest file '../../build/robot_math/robot_math.egg-info/SOURCES.txt'
[1.535s] reading manifest file '../../build/robot_math/robot_math.egg-info/SOURCES.txt'
[1.536s] writing manifest file '../../build/robot_math/robot_math.egg-info/SOURCES.txt'
[1.536s] running build
[1.536s] running build_py
[1.536s] creating /home/kim/ros2_ws/build/robot_math/build
[1.537s] creating /home/kim/ros2_ws/build/robot_math/build/lib
[1.537s] creating /home/kim/ros2_ws/build/robot_math/build/lib/robot_math
[1.537s] copying robot_math/angular_vel.py -> /home/kim/ros2_ws/build/robot_math/build/lib/robot_math
[1.537s] copying robot_math/__init__.py -> /home/kim/ros2_ws/build/robot_math/build/lib/robot_math
[1.537s] running install
[1.537s] running install_lib
[1.537s] creating /home/kim/ros2_ws/install/robot_math/lib/python3.10/site-packages/robot_math
[1.538s] copying /home/kim/ros2_ws/build/robot_math/build/lib/robot_math/angular_vel.py -> /home/kim/ros2_ws/install/robot_math/lib/python3.10/site-packages/robot_math
[1.538s] copying /home/kim/ros2_ws/build/robot_math/build/lib/robot_math/__init__.py -> /home/kim/ros2_ws/install/robot_math/lib/python3.10/site-packages/robot_math
[1.538s] byte-compiling /home/kim/ros2_ws/install/robot_math/lib/python3.10/site-packages/robot_math/angular_vel.py to angular_vel.cpython-310.pyc
[1.538s] byte-compiling /home/kim/ros2_ws/install/robot_math/lib/python3.10/site-packages/robot_math/__init__.py to __init__.cpython-310.pyc
[1.538s] running install_data
[1.539s] creating /home/kim/ros2_ws/install/robot_math/share/ament_index
[1.539s] creating /home/kim/ros2_ws/install/robot_math/share/ament_index/resource_index
[1.539s] creating /home/kim/ros2_ws/install/robot_math/share/ament_index/resource_index/packages
[1.539s] copying resource/robot_math -> /home/kim/ros2_ws/install/robot_math/share/ament_index/resource_index/packages
[1.539s] copying package.xml -> /home/kim/ros2_ws/install/robot_math/share/robot_math
[1.539s] running install_egg_info
[1.542s] Copying ../../build/robot_math/robot_math.egg-info to /home/kim/ros2_ws/install/robot_math/lib/python3.10/site-packages/robot_math-0.0.0-py3.10.egg-info
[1.543s] running install_scripts
[1.566s] writing list of installed files to '/home/kim/ros2_ws/build/robot_math/install.log'
[1.615s] Invoked command in '/home/kim/ros2_ws/src/robot_math' returned '0': PYTHONPATH=/home/kim/ros2_ws/build/robot_math/prefix_override:/usr/lib/python3/dist-packages/colcon_core/task/python/colcon_distutils_commands:/home/kim/ros2_ws/install/robot_math/lib/python3.10/site-packages:${PYTHONPATH} /usr/bin/python3 -W ignore:setup.py install is deprecated -W ignore:easy_install command is deprecated setup.py egg_info --egg-base ../../build/robot_math build --build-base /home/kim/ros2_ws/build/robot_math/build install --record /home/kim/ros2_ws/build/robot_math/install.log --single-version-externally-managed install_data
