[0.017s] Invoking command in '/home/kim/ros2_ws/build/my_robot_description': CMAKE_PREFIX_PATH=${CMAKE_PREFIX_PATH}:/home/kim/ros2_ws/install/simple_test_pkg:/home/kim/ros2_ws/install/my_first_pkg:/opt/ros/humble /usr/bin/cmake --build /home/kim/ros2_ws/build/my_robot_description -- -j8 -l8
[0.046s] -- Found ament_cmake: 1.3.10 (/opt/ros/humble/share/ament_cmake/cmake)
[0.169s] -- Found ament_lint_auto: 0.12.11 (/opt/ros/humble/share/ament_lint_auto/cmake)
[0.247s] -- Added test 'flake8' to check Python code syntax and style conventions
[0.247s] -- Added test 'lint_cmake' to check CMake code style
[0.247s] -- Added test 'pep257' to check Python code against some of the docstring style conventions in PEP 257
[0.248s] -- Added test 'xmllint' to check XML markup files
[0.248s] -- Configuring done
[0.275s] -- Generating done
[0.277s] -- Build files have been written to: /home/kim/ros2_ws/build/my_robot_description
[0.295s] Invoked command in '/home/kim/ros2_ws/build/my_robot_description' returned '0': CMAKE_PREFIX_PATH=${CMAKE_PREFIX_PATH}:/home/kim/ros2_ws/install/simple_test_pkg:/home/kim/ros2_ws/install/my_first_pkg:/opt/ros/humble /usr/bin/cmake --build /home/kim/ros2_ws/build/my_robot_description -- -j8 -l8
[0.306s] Invoking command in '/home/kim/ros2_ws/build/my_robot_description': CMAKE_PREFIX_PATH=${CMAKE_PREFIX_PATH}:/home/kim/ros2_ws/install/simple_test_pkg:/home/kim/ros2_ws/install/my_first_pkg:/opt/ros/humble /usr/bin/cmake --install /home/kim/ros2_ws/build/my_robot_description
[0.313s] -- Install configuration: ""
[0.313s] -- Installing: /home/kim/ros2_ws/install/my_robot_description/share/my_robot_description/urdf
[0.314s] -- Installing: /home/kim/ros2_ws/install/my_robot_description/share/my_robot_description/urdf/my_rover.urdf
[0.314s] -- Installing: /home/kim/ros2_ws/install/my_robot_description/share/my_robot_description/config
[0.314s] -- Installing: /home/kim/ros2_ws/install/my_robot_description/share/my_robot_description/config/rviz_config.rviz
[0.314s] -- Installing: /home/kim/ros2_ws/install/my_robot_description/share/my_robot_description/launch
[0.314s] -- Installing: /home/kim/ros2_ws/install/my_robot_description/share/my_robot_description/launch/display.launch.py
[0.314s] -- Installing: /home/kim/ros2_ws/install/my_robot_description/share/ament_index/resource_index/package_run_dependencies/my_robot_description
[0.315s] -- Up-to-date: /home/kim/ros2_ws/install/my_robot_description/share/ament_index/resource_index/parent_prefix_path/my_robot_description
[0.315s] -- Up-to-date: /home/kim/ros2_ws/install/my_robot_description/share/my_robot_description/environment/ament_prefix_path.sh
[0.315s] -- Installing: /home/kim/ros2_ws/install/my_robot_description/share/my_robot_description/environment/ament_prefix_path.dsv
[0.315s] -- Up-to-date: /home/kim/ros2_ws/install/my_robot_description/share/my_robot_description/environment/path.sh
[0.315s] -- Installing: /home/kim/ros2_ws/install/my_robot_description/share/my_robot_description/environment/path.dsv
[0.316s] -- Up-to-date: /home/kim/ros2_ws/install/my_robot_description/share/my_robot_description/local_setup.bash
[0.316s] -- Up-to-date: /home/kim/ros2_ws/install/my_robot_description/share/my_robot_description/local_setup.sh
[0.316s] -- Up-to-date: /home/kim/ros2_ws/install/my_robot_description/share/my_robot_description/local_setup.zsh
[0.316s] -- Installing: /home/kim/ros2_ws/install/my_robot_description/share/my_robot_description/local_setup.dsv
[0.316s] -- Installing: /home/kim/ros2_ws/install/my_robot_description/share/my_robot_description/package.dsv
[0.316s] -- Up-to-date: /home/kim/ros2_ws/install/my_robot_description/share/ament_index/resource_index/packages/my_robot_description
[0.316s] -- Up-to-date: /home/kim/ros2_ws/install/my_robot_description/share/my_robot_description/cmake/my_robot_descriptionConfig.cmake
[0.317s] -- Up-to-date: /home/kim/ros2_ws/install/my_robot_description/share/my_robot_description/cmake/my_robot_descriptionConfig-version.cmake
[0.318s] -- Installing: /home/kim/ros2_ws/install/my_robot_description/share/my_robot_description/package.xml
[0.319s] Invoked command in '/home/kim/ros2_ws/build/my_robot_description' returned '0': CMAKE_PREFIX_PATH=${CMAKE_PREFIX_PATH}:/home/kim/ros2_ws/install/simple_test_pkg:/home/kim/ros2_ws/install/my_first_pkg:/opt/ros/humble /usr/bin/cmake --install /home/kim/ros2_ws/build/my_robot_description
