[0.025s] Invoking command in '/home/kim/ros2_ws/build/my_interfaces': CMAKE_PREFIX_PATH=${CMAKE_PREFIX_PATH}:/home/kim/ros2_ws/install/simple_test_pkg:/home/kim/ros2_ws/install/my_first_pkg:/opt/ros/humble /usr/bin/cmake --build /home/kim/ros2_ws/build/my_interfaces -- -j8 -l8
[0.093s] [  1%] Built target my_interfaces__cpp
[0.103s] [ 12%] Built target my_interfaces__rosidl_generator_c
[0.145s] [ 12%] Built target ament_cmake_python_copy_my_interfaces
[0.148s] [ 23%] Built target my_interfaces__rosidl_typesupport_introspection_cpp
[0.160s] [ 36%] Built target my_interfaces__rosidl_typesupport_fastrtps_c
[0.160s] [ 47%] Built target my_interfaces__rosidl_typesupport_introspection_c
[0.160s] [ 57%] Built target my_interfaces__rosidl_typesupport_c
[0.163s] [ 68%] Built target my_interfaces__rosidl_typesupport_fastrtps_cpp
[0.164s] [ 79%] Built target my_interfaces__rosidl_typesupport_cpp
[0.196s] [ 79%] Built target my_interfaces
[0.224s] [ 80%] Built target my_interfaces__py
[0.262s] [ 90%] Built target my_interfaces__rosidl_generator_py
[0.293s] [ 93%] Built target my_interfaces__rosidl_typesupport_introspection_c__pyext
[0.298s] [ 96%] Built target my_interfaces__rosidl_typesupport_fastrtps_c__pyext
[0.300s] [100%] Built target my_interfaces__rosidl_typesupport_c__pyext
[0.421s] running egg_info
[0.422s] writing my_interfaces.egg-info/PKG-INFO
[0.422s] writing dependency_links to my_interfaces.egg-info/dependency_links.txt
[0.422s] writing top-level names to my_interfaces.egg-info/top_level.txt
[0.425s] reading manifest file 'my_interfaces.egg-info/SOURCES.txt'
[0.429s] writing manifest file 'my_interfaces.egg-info/SOURCES.txt'
[0.462s] [100%] Built target ament_cmake_python_build_my_interfaces_egg
