[0.034s] Invoking command in '/home/kim/ros2_ws/build/my_interfaces': CMAKE_PREFIX_PATH=${CMAKE_PREFIX_PATH}:/home/kim/ros2_ws/install/simple_test_pkg:/home/kim/ros2_ws/install/my_first_pkg:/opt/ros/humble /usr/bin/cmake --build /home/kim/ros2_ws/build/my_interfaces -- -j8 -l8
[0.083s] [35m[1mConsolidate compiler generated dependencies of target my_interfaces__rosidl_generator_c[0m
[0.104s] [  0%] Built target ament_cmake_python_copy_my_interfaces
[0.104s] [  2%] Built target my_interfaces__cpp
[0.117s] [ 12%] Built target my_interfaces__rosidl_generator_c
[0.121s] [35m[1mConsolidate compiler generated dependencies of target my_interfaces__rosidl_typesupport_fastrtps_cpp[0m
[0.127s] [35m[1mConsolidate compiler generated dependencies of target my_interfaces__rosidl_typesupport_cpp[0m
[0.135s] [35m[1mConsolidate compiler generated dependencies of target my_interfaces__rosidl_typesupport_introspection_cpp[0m
[0.143s] [35m[1mConsolidate compiler generated dependencies of target my_interfaces__rosidl_typesupport_c[0m
[0.150s] [35m[1mConsolidate compiler generated dependencies of target my_interfaces__rosidl_typesupport_introspection_c[0m
[0.151s] [35m[1mConsolidate compiler generated dependencies of target my_interfaces__rosidl_typesupport_fastrtps_c[0m
[0.155s] [ 23%] Built target my_interfaces__rosidl_typesupport_fastrtps_cpp
[0.162s] [ 34%] Built target my_interfaces__rosidl_typesupport_cpp
[0.166s] [ 44%] Built target my_interfaces__rosidl_typesupport_c
[0.167s] [ 55%] Built target my_interfaces__rosidl_typesupport_introspection_cpp
[0.179s] [ 65%] Built target my_interfaces__rosidl_typesupport_introspection_c
[0.180s] [ 76%] Built target my_interfaces__rosidl_typesupport_fastrtps_c
[0.206s] [ 76%] Built target my_interfaces
[0.245s] [ 78%] Built target my_interfaces__py
[0.267s] [35m[1mConsolidate compiler generated dependencies of target my_interfaces__rosidl_generator_py[0m
[0.289s] [ 87%] Built target my_interfaces__rosidl_generator_py
[0.301s] [35m[1mConsolidate compiler generated dependencies of target my_interfaces__rosidl_typesupport_introspection_c__pyext[0m
[0.303s] [35m[1mConsolidate compiler generated dependencies of target my_interfaces__rosidl_typesupport_fastrtps_c__pyext[0m
[0.304s] [35m[1mConsolidate compiler generated dependencies of target my_interfaces__rosidl_typesupport_c__pyext[0m
[0.325s] [ 91%] Built target my_interfaces__rosidl_typesupport_c__pyext
[0.327s] [ 95%] Built target my_interfaces__rosidl_typesupport_introspection_c__pyext
[0.330s] [100%] Built target my_interfaces__rosidl_typesupport_fastrtps_c__pyext
[0.408s] running egg_info
[0.408s] writing my_interfaces.egg-info/PKG-INFO
[0.408s] writing dependency_links to my_interfaces.egg-info/dependency_links.txt
[0.409s] writing top-level names to my_interfaces.egg-info/top_level.txt
[0.412s] reading manifest file 'my_interfaces.egg-info/SOURCES.txt'
[0.414s] writing manifest file 'my_interfaces.egg-info/SOURCES.txt'
[0.452s] [100%] Built target ament_cmake_python_build_my_interfaces_egg
[0.472s] Invoked command in '/home/kim/ros2_ws/build/my_interfaces' returned '0': CMAKE_PREFIX_PATH=${CMAKE_PREFIX_PATH}:/home/kim/ros2_ws/install/simple_test_pkg:/home/kim/ros2_ws/install/my_first_pkg:/opt/ros/humble /usr/bin/cmake --build /home/kim/ros2_ws/build/my_interfaces -- -j8 -l8
[0.473s] Invoking command in '/home/kim/ros2_ws/build/my_interfaces': CMAKE_PREFIX_PATH=${CMAKE_PREFIX_PATH}:/home/kim/ros2_ws/install/simple_test_pkg:/home/kim/ros2_ws/install/my_first_pkg:/opt/ros/humble /usr/bin/cmake --install /home/kim/ros2_ws/build/my_interfaces
[0.488s] -- Install configuration: ""
[0.488s] -- Up-to-date: /home/kim/ros2_ws/install/my_interfaces/share/ament_index/resource_index/rosidl_interfaces/my_interfaces
[0.488s] -- Up-to-date: /home/kim/ros2_ws/install/my_interfaces/include/my_interfaces/my_interfaces
[0.489s] -- Up-to-date: /home/kim/ros2_ws/install/my_interfaces/include/my_interfaces/my_interfaces/srv
[0.490s] -- Up-to-date: /home/kim/ros2_ws/install/my_interfaces/include/my_interfaces/my_interfaces/srv/move.h
[0.490s] -- Up-to-date: /home/kim/ros2_ws/install/my_interfaces/include/my_interfaces/my_interfaces/srv/add_three_ints.h
[0.491s] -- Up-to-date: /home/kim/ros2_ws/install/my_interfaces/include/my_interfaces/my_interfaces/srv/detail
[0.491s] -- Up-to-date: /home/kim/ros2_ws/install/my_interfaces/include/my_interfaces/my_interfaces/srv/detail/add_three_ints__functions.h
[0.492s] -- Up-to-date: /home/kim/ros2_ws/install/my_interfaces/include/my_interfaces/my_interfaces/srv/detail/add_three_ints__struct.h
[0.492s] -- Up-to-date: /home/kim/ros2_ws/install/my_interfaces/include/my_interfaces/my_interfaces/srv/detail/move__struct.h
[0.492s] -- Up-to-date: /home/kim/ros2_ws/install/my_interfaces/include/my_interfaces/my_interfaces/srv/detail/move__type_support.h
[0.492s] -- Up-to-date: /home/kim/ros2_ws/install/my_interfaces/include/my_interfaces/my_interfaces/srv/detail/add_three_ints__type_support.h
[0.492s] -- Up-to-date: /home/kim/ros2_ws/install/my_interfaces/include/my_interfaces/my_interfaces/srv/detail/move__functions.h
[0.492s] -- Up-to-date: /home/kim/ros2_ws/install/my_interfaces/include/my_interfaces/my_interfaces/srv/detail/add_three_ints__functions.c
[0.492s] -- Up-to-date: /home/kim/ros2_ws/install/my_interfaces/include/my_interfaces/my_interfaces/srv/detail/move__functions.c
[0.492s] -- Up-to-date: /home/kim/ros2_ws/install/my_interfaces/include/my_interfaces/my_interfaces/msg
[0.492s] -- Up-to-date: /home/kim/ros2_ws/install/my_interfaces/include/my_interfaces/my_interfaces/msg/rosidl_generator_c__visibility_control.h
[0.492s] -- Up-to-date: /home/kim/ros2_ws/install/my_interfaces/include/my_interfaces/my_interfaces/msg/detail
[0.492s] -- Up-to-date: /home/kim/ros2_ws/install/my_interfaces/include/my_interfaces/my_interfaces/msg/detail/sensor_status__functions.h
[0.492s] -- Up-to-date: /home/kim/ros2_ws/install/my_interfaces/include/my_interfaces/my_interfaces/msg/detail/sensor_status__functions.c
[0.493s] -- Up-to-date: /home/kim/ros2_ws/install/my_interfaces/include/my_interfaces/my_interfaces/msg/detail/sensor_status__type_support.h
[0.493s] -- Up-to-date: /home/kim/ros2_ws/install/my_interfaces/include/my_interfaces/my_interfaces/msg/detail/sensor_status__struct.h
[0.493s] -- Up-to-date: /home/kim/ros2_ws/install/my_interfaces/include/my_interfaces/my_interfaces/msg/sensor_status.h
[0.493s] -- Up-to-date: /home/kim/ros2_ws/install/my_interfaces/share/my_interfaces/environment/library_path.sh
[0.493s] -- Up-to-date: /home/kim/ros2_ws/install/my_interfaces/share/my_interfaces/environment/library_path.dsv
[0.493s] -- Up-to-date: /home/kim/ros2_ws/install/my_interfaces/lib/libmy_interfaces__rosidl_generator_c.so
[0.493s] -- Up-to-date: /home/kim/ros2_ws/install/my_interfaces/include/my_interfaces/my_interfaces
[0.493s] -- Up-to-date: /home/kim/ros2_ws/install/my_interfaces/include/my_interfaces/my_interfaces/srv
[0.493s] -- Up-to-date: /home/kim/ros2_ws/install/my_interfaces/include/my_interfaces/my_interfaces/srv/detail
[0.493s] -- Up-to-date: /home/kim/ros2_ws/install/my_interfaces/include/my_interfaces/my_interfaces/srv/detail/add_three_ints__rosidl_typesupport_fastrtps_c.h
[0.493s] -- Up-to-date: /home/kim/ros2_ws/install/my_interfaces/include/my_interfaces/my_interfaces/srv/detail/move__rosidl_typesupport_fastrtps_c.h
[0.493s] -- Up-to-date: /home/kim/ros2_ws/install/my_interfaces/include/my_interfaces/my_interfaces/msg
[0.493s] -- Up-to-date: /home/kim/ros2_ws/install/my_interfaces/include/my_interfaces/my_interfaces/msg/rosidl_typesupport_fastrtps_c__visibility_control.h
[0.493s] -- Up-to-date: /home/kim/ros2_ws/install/my_interfaces/include/my_interfaces/my_interfaces/msg/detail
[0.494s] -- Up-to-date: /home/kim/ros2_ws/install/my_interfaces/include/my_interfaces/my_interfaces/msg/detail/sensor_status__rosidl_typesupport_fastrtps_c.h
[0.494s] -- Up-to-date: /home/kim/ros2_ws/install/my_interfaces/lib/libmy_interfaces__rosidl_typesupport_fastrtps_c.so
[0.494s] -- Up-to-date: /home/kim/ros2_ws/install/my_interfaces/include/my_interfaces/my_interfaces
[0.494s] -- Up-to-date: /home/kim/ros2_ws/install/my_interfaces/include/my_interfaces/my_interfaces/srv
[0.494s] -- Up-to-date: /home/kim/ros2_ws/install/my_interfaces/include/my_interfaces/my_interfaces/srv/detail
[0.494s] -- Up-to-date: /home/kim/ros2_ws/install/my_interfaces/include/my_interfaces/my_interfaces/srv/detail/add_three_ints__type_support.c
[0.494s] -- Up-to-date: /home/kim/ros2_ws/install/my_interfaces/include/my_interfaces/my_interfaces/srv/detail/move__type_support.c
[0.494s] -- Up-to-date: /home/kim/ros2_ws/install/my_interfaces/include/my_interfaces/my_interfaces/srv/detail/add_three_ints__rosidl_typesupport_introspection_c.h
[0.494s] -- Up-to-date: /home/kim/ros2_ws/install/my_interfaces/include/my_interfaces/my_interfaces/srv/detail/move__rosidl_typesupport_introspection_c.h
[0.494s] -- Up-to-date: /home/kim/ros2_ws/install/my_interfaces/include/my_interfaces/my_interfaces/msg
[0.494s] -- Up-to-date: /home/kim/ros2_ws/install/my_interfaces/include/my_interfaces/my_interfaces/msg/rosidl_typesupport_introspection_c__visibility_control.h
[0.494s] -- Up-to-date: /home/kim/ros2_ws/install/my_interfaces/include/my_interfaces/my_interfaces/msg/detail
[0.494s] -- Up-to-date: /home/kim/ros2_ws/install/my_interfaces/include/my_interfaces/my_interfaces/msg/detail/sensor_status__rosidl_typesupport_introspection_c.h
[0.494s] -- Up-to-date: /home/kim/ros2_ws/install/my_interfaces/include/my_interfaces/my_interfaces/msg/detail/sensor_status__type_support.c
[0.494s] -- Up-to-date: /home/kim/ros2_ws/install/my_interfaces/lib/libmy_interfaces__rosidl_typesupport_introspection_c.so
[0.494s] -- Up-to-date: /home/kim/ros2_ws/install/my_interfaces/lib/libmy_interfaces__rosidl_typesupport_c.so
[0.494s] -- Up-to-date: /home/kim/ros2_ws/install/my_interfaces/include/my_interfaces/my_interfaces
[0.495s] -- Up-to-date: /home/kim/ros2_ws/install/my_interfaces/include/my_interfaces/my_interfaces/srv
[0.495s] -- Up-to-date: /home/kim/ros2_ws/install/my_interfaces/include/my_interfaces/my_interfaces/srv/move.hpp
[0.495s] -- Up-to-date: /home/kim/ros2_ws/install/my_interfaces/include/my_interfaces/my_interfaces/srv/add_three_ints.hpp
[0.495s] -- Up-to-date: /home/kim/ros2_ws/install/my_interfaces/include/my_interfaces/my_interfaces/srv/detail
[0.495s] -- Up-to-date: /home/kim/ros2_ws/install/my_interfaces/include/my_interfaces/my_interfaces/srv/detail/add_three_ints__struct.hpp
[0.495s] -- Up-to-date: /home/kim/ros2_ws/install/my_interfaces/include/my_interfaces/my_interfaces/srv/detail/move__traits.hpp
[0.495s] -- Up-to-date: /home/kim/ros2_ws/install/my_interfaces/include/my_interfaces/my_interfaces/srv/detail/move__builder.hpp
[0.495s] -- Up-to-date: /home/kim/ros2_ws/install/my_interfaces/include/my_interfaces/my_interfaces/srv/detail/add_three_ints__traits.hpp
[0.495s] -- Up-to-date: /home/kim/ros2_ws/install/my_interfaces/include/my_interfaces/my_interfaces/srv/detail/move__struct.hpp
[0.495s] -- Up-to-date: /home/kim/ros2_ws/install/my_interfaces/include/my_interfaces/my_interfaces/srv/detail/add_three_ints__builder.hpp
[0.495s] -- Up-to-date: /home/kim/ros2_ws/install/my_interfaces/include/my_interfaces/my_interfaces/msg
[0.495s] -- Up-to-date: /home/kim/ros2_ws/install/my_interfaces/include/my_interfaces/my_interfaces/msg/detail
[0.495s] -- Up-to-date: /home/kim/ros2_ws/install/my_interfaces/include/my_interfaces/my_interfaces/msg/detail/sensor_status__struct.hpp
[0.495s] -- Up-to-date: /home/kim/ros2_ws/install/my_interfaces/include/my_interfaces/my_interfaces/msg/detail/sensor_status__builder.hpp
[0.495s] -- Up-to-date: /home/kim/ros2_ws/install/my_interfaces/include/my_interfaces/my_interfaces/msg/detail/sensor_status__traits.hpp
[0.495s] -- Up-to-date: /home/kim/ros2_ws/install/my_interfaces/include/my_interfaces/my_interfaces/msg/sensor_status.hpp
[0.496s] -- Up-to-date: /home/kim/ros2_ws/install/my_interfaces/include/my_interfaces/my_interfaces
[0.496s] -- Up-to-date: /home/kim/ros2_ws/install/my_interfaces/include/my_interfaces/my_interfaces/srv
[0.496s] -- Up-to-date: /home/kim/ros2_ws/install/my_interfaces/include/my_interfaces/my_interfaces/srv/detail
[0.496s] -- Up-to-date: /home/kim/ros2_ws/install/my_interfaces/include/my_interfaces/my_interfaces/srv/detail/dds_fastrtps
[0.496s] -- Up-to-date: /home/kim/ros2_ws/install/my_interfaces/include/my_interfaces/my_interfaces/srv/detail/move__rosidl_typesupport_fastrtps_cpp.hpp
[0.496s] -- Up-to-date: /home/kim/ros2_ws/install/my_interfaces/include/my_interfaces/my_interfaces/srv/detail/add_three_ints__rosidl_typesupport_fastrtps_cpp.hpp
[0.496s] -- Up-to-date: /home/kim/ros2_ws/install/my_interfaces/include/my_interfaces/my_interfaces/msg
[0.496s] -- Up-to-date: /home/kim/ros2_ws/install/my_interfaces/include/my_interfaces/my_interfaces/msg/detail
[0.496s] -- Up-to-date: /home/kim/ros2_ws/install/my_interfaces/include/my_interfaces/my_interfaces/msg/detail/dds_fastrtps
[0.496s] -- Up-to-date: /home/kim/ros2_ws/install/my_interfaces/include/my_interfaces/my_interfaces/msg/detail/sensor_status__rosidl_typesupport_fastrtps_cpp.hpp
[0.496s] -- Up-to-date: /home/kim/ros2_ws/install/my_interfaces/include/my_interfaces/my_interfaces/msg/rosidl_typesupport_fastrtps_cpp__visibility_control.h
[0.496s] -- Up-to-date: /home/kim/ros2_ws/install/my_interfaces/lib/libmy_interfaces__rosidl_typesupport_fastrtps_cpp.so
[0.496s] -- Up-to-date: /home/kim/ros2_ws/install/my_interfaces/include/my_interfaces/my_interfaces
[0.496s] -- Up-to-date: /home/kim/ros2_ws/install/my_interfaces/include/my_interfaces/my_interfaces/srv
[0.496s] -- Up-to-date: /home/kim/ros2_ws/install/my_interfaces/include/my_interfaces/my_interfaces/srv/detail
[0.496s] -- Up-to-date: /home/kim/ros2_ws/install/my_interfaces/include/my_interfaces/my_interfaces/srv/detail/add_three_ints__rosidl_typesupport_introspection_cpp.hpp
[0.496s] -- Up-to-date: /home/kim/ros2_ws/install/my_interfaces/include/my_interfaces/my_interfaces/srv/detail/move__type_support.cpp
[0.496s] -- Up-to-date: /home/kim/ros2_ws/install/my_interfaces/include/my_interfaces/my_interfaces/srv/detail/move__rosidl_typesupport_introspection_cpp.hpp
[0.496s] -- Up-to-date: /home/kim/ros2_ws/install/my_interfaces/include/my_interfaces/my_interfaces/srv/detail/add_three_ints__type_support.cpp
[0.496s] -- Up-to-date: /home/kim/ros2_ws/install/my_interfaces/include/my_interfaces/my_interfaces/msg
[0.496s] -- Up-to-date: /home/kim/ros2_ws/install/my_interfaces/include/my_interfaces/my_interfaces/msg/detail
[0.497s] -- Up-to-date: /home/kim/ros2_ws/install/my_interfaces/include/my_interfaces/my_interfaces/msg/detail/sensor_status__type_support.cpp
[0.497s] -- Up-to-date: /home/kim/ros2_ws/install/my_interfaces/include/my_interfaces/my_interfaces/msg/detail/sensor_status__rosidl_typesupport_introspection_cpp.hpp
[0.498s] -- Up-to-date: /home/kim/ros2_ws/install/my_interfaces/lib/libmy_interfaces__rosidl_typesupport_introspection_cpp.so
[0.498s] -- Up-to-date: /home/kim/ros2_ws/install/my_interfaces/lib/libmy_interfaces__rosidl_typesupport_cpp.so
[0.498s] -- Up-to-date: /home/kim/ros2_ws/install/my_interfaces/share/my_interfaces/environment/pythonpath.sh
[0.498s] -- Up-to-date: /home/kim/ros2_ws/install/my_interfaces/share/my_interfaces/environment/pythonpath.dsv
[0.498s] -- Up-to-date: /home/kim/ros2_ws/install/my_interfaces/local/lib/python3.10/dist-packages/my_interfaces-0.0.0-py3.10.egg-info
[0.498s] -- Installing: /home/kim/ros2_ws/install/my_interfaces/local/lib/python3.10/dist-packages/my_interfaces-0.0.0-py3.10.egg-info/PKG-INFO
[0.498s] -- Installing: /home/kim/ros2_ws/install/my_interfaces/local/lib/python3.10/dist-packages/my_interfaces-0.0.0-py3.10.egg-info/SOURCES.txt
[0.498s] -- Installing: /home/kim/ros2_ws/install/my_interfaces/local/lib/python3.10/dist-packages/my_interfaces-0.0.0-py3.10.egg-info/dependency_links.txt
[0.498s] -- Installing: /home/kim/ros2_ws/install/my_interfaces/local/lib/python3.10/dist-packages/my_interfaces-0.0.0-py3.10.egg-info/top_level.txt
[0.498s] -- Up-to-date: /home/kim/ros2_ws/install/my_interfaces/local/lib/python3.10/dist-packages/my_interfaces
[0.498s] -- Up-to-date: /home/kim/ros2_ws/install/my_interfaces/local/lib/python3.10/dist-packages/my_interfaces/my_interfaces_s__rosidl_typesupport_fastrtps_c.cpython-310-x86_64-linux-gnu.so
[0.498s] -- Up-to-date: /home/kim/ros2_ws/install/my_interfaces/local/lib/python3.10/dist-packages/my_interfaces/libmy_interfaces__rosidl_generator_py.so
[0.498s] -- Up-to-date: /home/kim/ros2_ws/install/my_interfaces/local/lib/python3.10/dist-packages/my_interfaces/my_interfaces_s__rosidl_typesupport_introspection_c.cpython-310-x86_64-linux-gnu.so
[0.498s] -- Up-to-date: /home/kim/ros2_ws/install/my_interfaces/local/lib/python3.10/dist-packages/my_interfaces/_my_interfaces_s.ep.rosidl_typesupport_c.c
[0.498s] -- Up-to-date: /home/kim/ros2_ws/install/my_interfaces/local/lib/python3.10/dist-packages/my_interfaces/srv
[0.498s] -- Up-to-date: /home/kim/ros2_ws/install/my_interfaces/local/lib/python3.10/dist-packages/my_interfaces/srv/_add_three_ints_s.c
[0.498s] -- Up-to-date: /home/kim/ros2_ws/install/my_interfaces/local/lib/python3.10/dist-packages/my_interfaces/srv/_move_s.c
[0.498s] -- Up-to-date: /home/kim/ros2_ws/install/my_interfaces/local/lib/python3.10/dist-packages/my_interfaces/srv/__init__.py
[0.498s] -- Up-to-date: /home/kim/ros2_ws/install/my_interfaces/local/lib/python3.10/dist-packages/my_interfaces/srv/_move.py
[0.498s] -- Up-to-date: /home/kim/ros2_ws/install/my_interfaces/local/lib/python3.10/dist-packages/my_interfaces/srv/_add_three_ints.py
[0.498s] -- Up-to-date: /home/kim/ros2_ws/install/my_interfaces/local/lib/python3.10/dist-packages/my_interfaces/__init__.py
[0.499s] -- Up-to-date: /home/kim/ros2_ws/install/my_interfaces/local/lib/python3.10/dist-packages/my_interfaces/msg
[0.499s] -- Up-to-date: /home/kim/ros2_ws/install/my_interfaces/local/lib/python3.10/dist-packages/my_interfaces/msg/__init__.py
[0.499s] -- Up-to-date: /home/kim/ros2_ws/install/my_interfaces/local/lib/python3.10/dist-packages/my_interfaces/msg/_sensor_status.py
[0.499s] -- Up-to-date: /home/kim/ros2_ws/install/my_interfaces/local/lib/python3.10/dist-packages/my_interfaces/msg/_sensor_status_s.c
[0.499s] -- Up-to-date: /home/kim/ros2_ws/install/my_interfaces/local/lib/python3.10/dist-packages/my_interfaces/_my_interfaces_s.ep.rosidl_typesupport_introspection_c.c
[0.499s] -- Up-to-date: /home/kim/ros2_ws/install/my_interfaces/local/lib/python3.10/dist-packages/my_interfaces/my_interfaces_s__rosidl_typesupport_c.cpython-310-x86_64-linux-gnu.so
[0.499s] -- Up-to-date: /home/kim/ros2_ws/install/my_interfaces/local/lib/python3.10/dist-packages/my_interfaces/_my_interfaces_s.ep.rosidl_typesupport_fastrtps_c.c
[0.537s] Listing '/home/kim/ros2_ws/install/my_interfaces/local/lib/python3.10/dist-packages/my_interfaces'...
[0.538s] Listing '/home/kim/ros2_ws/install/my_interfaces/local/lib/python3.10/dist-packages/my_interfaces/msg'...
[0.538s] Listing '/home/kim/ros2_ws/install/my_interfaces/local/lib/python3.10/dist-packages/my_interfaces/srv'...
[0.542s] -- Up-to-date: /home/kim/ros2_ws/install/my_interfaces/local/lib/python3.10/dist-packages/my_interfaces/my_interfaces_s__rosidl_typesupport_fastrtps_c.cpython-310-x86_64-linux-gnu.so
[0.543s] -- Up-to-date: /home/kim/ros2_ws/install/my_interfaces/local/lib/python3.10/dist-packages/my_interfaces/my_interfaces_s__rosidl_typesupport_introspection_c.cpython-310-x86_64-linux-gnu.so
[0.543s] -- Up-to-date: /home/kim/ros2_ws/install/my_interfaces/local/lib/python3.10/dist-packages/my_interfaces/my_interfaces_s__rosidl_typesupport_c.cpython-310-x86_64-linux-gnu.so
[0.543s] -- Up-to-date: /home/kim/ros2_ws/install/my_interfaces/lib/libmy_interfaces__rosidl_generator_py.so
[0.544s] -- Up-to-date: /home/kim/ros2_ws/install/my_interfaces/share/my_interfaces/srv/AddThreeInts.idl
[0.544s] -- Up-to-date: /home/kim/ros2_ws/install/my_interfaces/share/my_interfaces/msg/SensorStatus.idl
[0.544s] -- Up-to-date: /home/kim/ros2_ws/install/my_interfaces/share/my_interfaces/srv/Move.idl
[0.545s] -- Up-to-date: /home/kim/ros2_ws/install/my_interfaces/share/my_interfaces/srv/AddThreeInts.srv
[0.545s] -- Up-to-date: /home/kim/ros2_ws/install/my_interfaces/share/my_interfaces/srv/AddThreeInts_Request.msg
[0.545s] -- Up-to-date: /home/kim/ros2_ws/install/my_interfaces/share/my_interfaces/srv/AddThreeInts_Response.msg
[0.546s] -- Up-to-date: /home/kim/ros2_ws/install/my_interfaces/share/my_interfaces/msg/SensorStatus.msg
[0.546s] -- Up-to-date: /home/kim/ros2_ws/install/my_interfaces/share/my_interfaces/srv/Move.srv
[0.546s] -- Up-to-date: /home/kim/ros2_ws/install/my_interfaces/share/my_interfaces/srv/Move_Request.msg
[0.546s] -- Up-to-date: /home/kim/ros2_ws/install/my_interfaces/share/my_interfaces/srv/Move_Response.msg
[0.547s] -- Up-to-date: /home/kim/ros2_ws/install/my_interfaces/share/my_interfaces/srv
[0.547s] -- Up-to-date: /home/kim/ros2_ws/install/my_interfaces/share/my_interfaces/srv/AddThreeInts.srv
[0.547s] -- Up-to-date: /home/kim/ros2_ws/install/my_interfaces/share/my_interfaces/srv/Move.srv
[0.548s] -- Up-to-date: /home/kim/ros2_ws/install/my_interfaces/share/ament_index/resource_index/package_run_dependencies/my_interfaces
[0.548s] -- Up-to-date: /home/kim/ros2_ws/install/my_interfaces/share/ament_index/resource_index/parent_prefix_path/my_interfaces
[0.548s] -- Up-to-date: /home/kim/ros2_ws/install/my_interfaces/share/my_interfaces/environment/ament_prefix_path.sh
[0.548s] -- Up-to-date: /home/kim/ros2_ws/install/my_interfaces/share/my_interfaces/environment/ament_prefix_path.dsv
[0.549s] -- Up-to-date: /home/kim/ros2_ws/install/my_interfaces/share/my_interfaces/environment/path.sh
[0.549s] -- Up-to-date: /home/kim/ros2_ws/install/my_interfaces/share/my_interfaces/environment/path.dsv
[0.550s] -- Up-to-date: /home/kim/ros2_ws/install/my_interfaces/share/my_interfaces/local_setup.bash
[0.550s] -- Up-to-date: /home/kim/ros2_ws/install/my_interfaces/share/my_interfaces/local_setup.sh
[0.550s] -- Up-to-date: /home/kim/ros2_ws/install/my_interfaces/share/my_interfaces/local_setup.zsh
[0.550s] -- Up-to-date: /home/kim/ros2_ws/install/my_interfaces/share/my_interfaces/local_setup.dsv
[0.550s] -- Installing: /home/kim/ros2_ws/install/my_interfaces/share/my_interfaces/package.dsv
[0.550s] -- Up-to-date: /home/kim/ros2_ws/install/my_interfaces/share/ament_index/resource_index/packages/my_interfaces
[0.550s] -- Up-to-date: /home/kim/ros2_ws/install/my_interfaces/share/my_interfaces/cmake/export_my_interfaces__rosidl_generator_cExport.cmake
[0.550s] -- Up-to-date: /home/kim/ros2_ws/install/my_interfaces/share/my_interfaces/cmake/export_my_interfaces__rosidl_generator_cExport-noconfig.cmake
[0.550s] -- Up-to-date: /home/kim/ros2_ws/install/my_interfaces/share/my_interfaces/cmake/export_my_interfaces__rosidl_typesupport_fastrtps_cExport.cmake
[0.550s] -- Up-to-date: /home/kim/ros2_ws/install/my_interfaces/share/my_interfaces/cmake/export_my_interfaces__rosidl_typesupport_fastrtps_cExport-noconfig.cmake
[0.551s] -- Up-to-date: /home/kim/ros2_ws/install/my_interfaces/share/my_interfaces/cmake/my_interfaces__rosidl_typesupport_introspection_cExport.cmake
[0.551s] -- Up-to-date: /home/kim/ros2_ws/install/my_interfaces/share/my_interfaces/cmake/my_interfaces__rosidl_typesupport_introspection_cExport-noconfig.cmake
[0.551s] -- Up-to-date: /home/kim/ros2_ws/install/my_interfaces/share/my_interfaces/cmake/my_interfaces__rosidl_typesupport_cExport.cmake
[0.551s] -- Up-to-date: /home/kim/ros2_ws/install/my_interfaces/share/my_interfaces/cmake/my_interfaces__rosidl_typesupport_cExport-noconfig.cmake
[0.551s] -- Up-to-date: /home/kim/ros2_ws/install/my_interfaces/share/my_interfaces/cmake/export_my_interfaces__rosidl_generator_cppExport.cmake
[0.551s] -- Up-to-date: /home/kim/ros2_ws/install/my_interfaces/share/my_interfaces/cmake/export_my_interfaces__rosidl_typesupport_fastrtps_cppExport.cmake
[0.551s] -- Up-to-date: /home/kim/ros2_ws/install/my_interfaces/share/my_interfaces/cmake/export_my_interfaces__rosidl_typesupport_fastrtps_cppExport-noconfig.cmake
[0.551s] -- Up-to-date: /home/kim/ros2_ws/install/my_interfaces/share/my_interfaces/cmake/my_interfaces__rosidl_typesupport_introspection_cppExport.cmake
[0.551s] -- Up-to-date: /home/kim/ros2_ws/install/my_interfaces/share/my_interfaces/cmake/my_interfaces__rosidl_typesupport_introspection_cppExport-noconfig.cmake
[0.551s] -- Up-to-date: /home/kim/ros2_ws/install/my_interfaces/share/my_interfaces/cmake/my_interfaces__rosidl_typesupport_cppExport.cmake
[0.551s] -- Up-to-date: /home/kim/ros2_ws/install/my_interfaces/share/my_interfaces/cmake/my_interfaces__rosidl_typesupport_cppExport-noconfig.cmake
[0.551s] -- Up-to-date: /home/kim/ros2_ws/install/my_interfaces/share/my_interfaces/cmake/export_my_interfaces__rosidl_generator_pyExport.cmake
[0.551s] -- Up-to-date: /home/kim/ros2_ws/install/my_interfaces/share/my_interfaces/cmake/export_my_interfaces__rosidl_generator_pyExport-noconfig.cmake
[0.551s] -- Up-to-date: /home/kim/ros2_ws/install/my_interfaces/share/my_interfaces/cmake/rosidl_cmake-extras.cmake
[0.551s] -- Up-to-date: /home/kim/ros2_ws/install/my_interfaces/share/my_interfaces/cmake/ament_cmake_export_include_directories-extras.cmake
[0.551s] -- Up-to-date: /home/kim/ros2_ws/install/my_interfaces/share/my_interfaces/cmake/ament_cmake_export_libraries-extras.cmake
[0.551s] -- Up-to-date: /home/kim/ros2_ws/install/my_interfaces/share/my_interfaces/cmake/ament_cmake_export_targets-extras.cmake
[0.552s] -- Up-to-date: /home/kim/ros2_ws/install/my_interfaces/share/my_interfaces/cmake/rosidl_cmake_export_typesupport_targets-extras.cmake
[0.552s] -- Up-to-date: /home/kim/ros2_ws/install/my_interfaces/share/my_interfaces/cmake/ament_cmake_export_dependencies-extras.cmake
[0.552s] -- Up-to-date: /home/kim/ros2_ws/install/my_interfaces/share/my_interfaces/cmake/rosidl_cmake_export_typesupport_libraries-extras.cmake
[0.552s] -- Up-to-date: /home/kim/ros2_ws/install/my_interfaces/share/my_interfaces/cmake/my_interfacesConfig.cmake
[0.552s] -- Up-to-date: /home/kim/ros2_ws/install/my_interfaces/share/my_interfaces/cmake/my_interfacesConfig-version.cmake
[0.553s] -- Up-to-date: /home/kim/ros2_ws/install/my_interfaces/share/my_interfaces/package.xml
[0.554s] Invoked command in '/home/kim/ros2_ws/build/my_interfaces' returned '0': CMAKE_PREFIX_PATH=${CMAKE_PREFIX_PATH}:/home/kim/ros2_ws/install/simple_test_pkg:/home/kim/ros2_ws/install/my_first_pkg:/opt/ros/humble /usr/bin/cmake --install /home/kim/ros2_ws/build/my_interfaces
