[0.679s] Invoking command in '/home/kim/ros2_ws/src/slam_pkg': PYTHONPATH=/home/kim/ros2_ws/build/slam_pkg/prefix_override:/usr/lib/python3/dist-packages/colcon_core/task/python/colcon_distutils_commands:/home/kim/ros2_ws/install/slam_pkg/lib/python3.10/site-packages:${PYTHONPATH} /usr/bin/python3 -W ignore:setup.py install is deprecated -W ignore:easy_install command is deprecated setup.py egg_info --egg-base ../../build/slam_pkg build --build-base /home/kim/ros2_ws/build/slam_pkg/build install --record /home/kim/ros2_ws/build/slam_pkg/install.log --single-version-externally-managed install_data
[0.889s] running egg_info
[0.889s] writing ../../build/slam_pkg/slam_pkg.egg-info/PKG-INFO
[0.890s] writing dependency_links to ../../build/slam_pkg/slam_pkg.egg-info/dependency_links.txt
[0.890s] writing entry points to ../../build/slam_pkg/slam_pkg.egg-info/entry_points.txt
[0.890s] writing requirements to ../../build/slam_pkg/slam_pkg.egg-info/requires.txt
[0.890s] writing top-level names to ../../build/slam_pkg/slam_pkg.egg-info/top_level.txt
[0.892s] reading manifest file '../../build/slam_pkg/slam_pkg.egg-info/SOURCES.txt'
[0.892s] writing manifest file '../../build/slam_pkg/slam_pkg.egg-info/SOURCES.txt'
[0.892s] running build
[0.892s] running build_py
[0.892s] running install
[0.893s] running install_lib
[0.894s] running install_data
[0.894s] running install_egg_info
[0.896s] removing '/home/kim/ros2_ws/install/slam_pkg/lib/python3.10/site-packages/slam_pkg-0.0.0-py3.10.egg-info' (and everything under it)
[0.899s] Copying ../../build/slam_pkg/slam_pkg.egg-info to /home/kim/ros2_ws/install/slam_pkg/lib/python3.10/site-packages/slam_pkg-0.0.0-py3.10.egg-info
[0.899s] running install_scripts
[0.917s] Installing og_pub script to /home/kim/ros2_ws/install/slam_pkg/lib/slam_pkg
[0.918s] writing list of installed files to '/home/kim/ros2_ws/build/slam_pkg/install.log'
[0.936s] Invoked command in '/home/kim/ros2_ws/src/slam_pkg' returned '0': PYTHONPATH=/home/kim/ros2_ws/build/slam_pkg/prefix_override:/usr/lib/python3/dist-packages/colcon_core/task/python/colcon_distutils_commands:/home/kim/ros2_ws/install/slam_pkg/lib/python3.10/site-packages:${PYTHONPATH} /usr/bin/python3 -W ignore:setup.py install is deprecated -W ignore:easy_install command is deprecated setup.py egg_info --egg-base ../../build/slam_pkg build --build-base /home/kim/ros2_ws/build/slam_pkg/build install --record /home/kim/ros2_ws/build/slam_pkg/install.log --single-version-externally-managed install_data
