[0.013s] Invoking command in '/home/kim/ros2_ws/build/my_robot_description': CMAKE_PREFIX_PATH=${CMAKE_PREFIX_PATH}:/home/kim/ros2_ws/install/simple_test_pkg:/home/kim/ros2_ws/install/my_first_pkg:/home/kim/ros2_ws/install/cv2_pkg:/opt/ros/humble /usr/bin/cmake --build /home/kim/ros2_ws/build/my_robot_description -- -j8 -l8
[0.056s] Invoked command in '/home/kim/ros2_ws/build/my_robot_description' returned '0': CMAKE_PREFIX_PATH=${CMAKE_PREFIX_PATH}:/home/kim/ros2_ws/install/simple_test_pkg:/home/kim/ros2_ws/install/my_first_pkg:/home/kim/ros2_ws/install/cv2_pkg:/opt/ros/humble /usr/bin/cmake --build /home/kim/ros2_ws/build/my_robot_description -- -j8 -l8
[0.067s] Invoking command in '/home/kim/ros2_ws/build/my_robot_description': CMAKE_PREFIX_PATH=${CMAKE_PREFIX_PATH}:/home/kim/ros2_ws/install/simple_test_pkg:/home/kim/ros2_ws/install/my_first_pkg:/home/kim/ros2_ws/install/cv2_pkg:/opt/ros/humble /usr/bin/cmake --install /home/kim/ros2_ws/build/my_robot_description
[0.074s] -- Install configuration: ""
[0.074s] -- Up-to-date: /home/kim/ros2_ws/install/my_robot_description/share/ament_index/resource_index/package_run_dependencies/my_robot_description
[0.074s] -- Up-to-date: /home/kim/ros2_ws/install/my_robot_description/share/ament_index/resource_index/parent_prefix_path/my_robot_description
[0.075s] -- Up-to-date: /home/kim/ros2_ws/install/my_robot_description/share/my_robot_description/environment/ament_prefix_path.sh
[0.075s] -- Up-to-date: /home/kim/ros2_ws/install/my_robot_description/share/my_robot_description/environment/ament_prefix_path.dsv
[0.075s] -- Up-to-date: /home/kim/ros2_ws/install/my_robot_description/share/my_robot_description/environment/path.sh
[0.075s] -- Up-to-date: /home/kim/ros2_ws/install/my_robot_description/share/my_robot_description/environment/path.dsv
[0.075s] -- Up-to-date: /home/kim/ros2_ws/install/my_robot_description/share/my_robot_description/local_setup.bash
[0.075s] -- Up-to-date: /home/kim/ros2_ws/install/my_robot_description/share/my_robot_description/local_setup.sh
[0.075s] -- Up-to-date: /home/kim/ros2_ws/install/my_robot_description/share/my_robot_description/local_setup.zsh
[0.075s] -- Up-to-date: /home/kim/ros2_ws/install/my_robot_description/share/my_robot_description/local_setup.dsv
[0.075s] -- Installing: /home/kim/ros2_ws/install/my_robot_description/share/my_robot_description/package.dsv
[0.075s] -- Up-to-date: /home/kim/ros2_ws/install/my_robot_description/share/ament_index/resource_index/packages/my_robot_description
[0.075s] -- Up-to-date: /home/kim/ros2_ws/install/my_robot_description/share/my_robot_description/cmake/my_robot_descriptionConfig.cmake
[0.075s] -- Up-to-date: /home/kim/ros2_ws/install/my_robot_description/share/my_robot_description/cmake/my_robot_descriptionConfig-version.cmake
[0.075s] -- Up-to-date: /home/kim/ros2_ws/install/my_robot_description/share/my_robot_description/package.xml
[0.077s] Invoked command in '/home/kim/ros2_ws/build/my_robot_description' returned '0': CMAKE_PREFIX_PATH=${CMAKE_PREFIX_PATH}:/home/kim/ros2_ws/install/simple_test_pkg:/home/kim/ros2_ws/install/my_first_pkg:/home/kim/ros2_ws/install/cv2_pkg:/opt/ros/humble /usr/bin/cmake --install /home/kim/ros2_ws/build/my_robot_description
