running egg_info
creating ../../build/my_first_pkg/my_first_pkg.egg-info
writing ../../build/my_first_pkg/my_first_pkg.egg-info/PKG-INFO
writing dependency_links to ../../build/my_first_pkg/my_first_pkg.egg-info/dependency_links.txt
writing entry points to ../../build/my_first_pkg/my_first_pkg.egg-info/entry_points.txt
writing requirements to ../../build/my_first_pkg/my_first_pkg.egg-info/requires.txt
writing top-level names to ../../build/my_first_pkg/my_first_pkg.egg-info/top_level.txt
writing manifest file '../../build/my_first_pkg/my_first_pkg.egg-info/SOURCES.txt'
reading manifest file '../../build/my_first_pkg/my_first_pkg.egg-info/SOURCES.txt'
writing manifest file '../../build/my_first_pkg/my_first_pkg.egg-info/SOURCES.txt'
running build
running build_py
creating /home/kim/ros2_ws/build/my_first_pkg/build
creating /home/kim/ros2_ws/build/my_first_pkg/build/lib
creating /home/kim/ros2_ws/build/my_first_pkg/build/lib/my_first_pkg
copying my_first_pkg/__init__.py -> /home/kim/ros2_ws/build/my_first_pkg/build/lib/my_first_pkg
copying my_first_pkg/my_first_node.py -> /home/kim/ros2_ws/build/my_first_pkg/build/lib/my_first_pkg
running install
running install_lib
creating /home/kim/ros2_ws/install/my_first_pkg/lib/python3.10/site-packages/my_first_pkg
copying /home/kim/ros2_ws/build/my_first_pkg/build/lib/my_first_pkg/__init__.py -> /home/kim/ros2_ws/install/my_first_pkg/lib/python3.10/site-packages/my_first_pkg
copying /home/kim/ros2_ws/build/my_first_pkg/build/lib/my_first_pkg/my_first_node.py -> /home/kim/ros2_ws/install/my_first_pkg/lib/python3.10/site-packages/my_first_pkg
byte-compiling /home/kim/ros2_ws/install/my_first_pkg/lib/python3.10/site-packages/my_first_pkg/__init__.py to __init__.cpython-310.pyc
byte-compiling /home/kim/ros2_ws/install/my_first_pkg/lib/python3.10/site-packages/my_first_pkg/my_first_node.py to my_first_node.cpython-310.pyc
running install_data
creating /home/kim/ros2_ws/install/my_first_pkg/share/ament_index
creating /home/kim/ros2_ws/install/my_first_pkg/share/ament_index/resource_index
creating /home/kim/ros2_ws/install/my_first_pkg/share/ament_index/resource_index/packages
copying resource/my_first_pkg -> /home/kim/ros2_ws/install/my_first_pkg/share/ament_index/resource_index/packages
copying package.xml -> /home/kim/ros2_ws/install/my_first_pkg/share/my_first_pkg
running install_egg_info
Copying ../../build/my_first_pkg/my_first_pkg.egg-info to /home/kim/ros2_ws/install/my_first_pkg/lib/python3.10/site-packages/my_first_pkg-0.0.0-py3.10.egg-info
running install_scripts
writing list of installed files to '/home/kim/ros2_ws/build/my_first_pkg/install.log'
