[0.614s] Invoking command in '/home/kim/ros2_ws/src/my_first_pkg': PYTHONPATH=/home/kim/ros2_ws/build/my_first_pkg/prefix_override:/usr/lib/python3/dist-packages/colcon_core/task/python/colcon_distutils_commands:/home/kim/ros2_ws/install/my_first_pkg/lib/python3.10/site-packages:${PYTHONPATH} /usr/bin/python3 -W ignore:setup.py install is deprecated -W ignore:easy_install command is deprecated setup.py egg_info --egg-base ../../build/my_first_pkg build --build-base /home/kim/ros2_ws/build/my_first_pkg/build install --record /home/kim/ros2_ws/build/my_first_pkg/install.log --single-version-externally-managed install_data
[0.810s] running egg_info
[0.810s] creating ../../build/my_first_pkg/my_first_pkg.egg-info
[0.811s] writing ../../build/my_first_pkg/my_first_pkg.egg-info/PKG-INFO
[0.811s] writing dependency_links to ../../build/my_first_pkg/my_first_pkg.egg-info/dependency_links.txt
[0.811s] writing entry points to ../../build/my_first_pkg/my_first_pkg.egg-info/entry_points.txt
[0.811s] writing requirements to ../../build/my_first_pkg/my_first_pkg.egg-info/requires.txt
[0.811s] writing top-level names to ../../build/my_first_pkg/my_first_pkg.egg-info/top_level.txt
[0.811s] writing manifest file '../../build/my_first_pkg/my_first_pkg.egg-info/SOURCES.txt'
[0.811s] reading manifest file '../../build/my_first_pkg/my_first_pkg.egg-info/SOURCES.txt'
[0.811s] writing manifest file '../../build/my_first_pkg/my_first_pkg.egg-info/SOURCES.txt'
[0.811s] running build
[0.812s] running build_py
[0.812s] creating /home/kim/ros2_ws/build/my_first_pkg/build
[0.812s] creating /home/kim/ros2_ws/build/my_first_pkg/build/lib
[0.812s] creating /home/kim/ros2_ws/build/my_first_pkg/build/lib/my_first_pkg
[0.812s] copying my_first_pkg/__init__.py -> /home/kim/ros2_ws/build/my_first_pkg/build/lib/my_first_pkg
[0.812s] copying my_first_pkg/my_first_node.py -> /home/kim/ros2_ws/build/my_first_pkg/build/lib/my_first_pkg
[0.812s] running install
[0.813s] running install_lib
[0.813s] creating /home/kim/ros2_ws/install/my_first_pkg/lib/python3.10/site-packages/my_first_pkg
[0.813s] copying /home/kim/ros2_ws/build/my_first_pkg/build/lib/my_first_pkg/__init__.py -> /home/kim/ros2_ws/install/my_first_pkg/lib/python3.10/site-packages/my_first_pkg
[0.813s] copying /home/kim/ros2_ws/build/my_first_pkg/build/lib/my_first_pkg/my_first_node.py -> /home/kim/ros2_ws/install/my_first_pkg/lib/python3.10/site-packages/my_first_pkg
[0.815s] byte-compiling /home/kim/ros2_ws/install/my_first_pkg/lib/python3.10/site-packages/my_first_pkg/__init__.py to __init__.cpython-310.pyc
[0.815s] byte-compiling /home/kim/ros2_ws/install/my_first_pkg/lib/python3.10/site-packages/my_first_pkg/my_first_node.py to my_first_node.cpython-310.pyc
[0.815s] running install_data
[0.815s] creating /home/kim/ros2_ws/install/my_first_pkg/share/ament_index
[0.815s] creating /home/kim/ros2_ws/install/my_first_pkg/share/ament_index/resource_index
[0.815s] creating /home/kim/ros2_ws/install/my_first_pkg/share/ament_index/resource_index/packages
[0.816s] copying resource/my_first_pkg -> /home/kim/ros2_ws/install/my_first_pkg/share/ament_index/resource_index/packages
[0.816s] copying package.xml -> /home/kim/ros2_ws/install/my_first_pkg/share/my_first_pkg
[0.816s] running install_egg_info
[0.817s] Copying ../../build/my_first_pkg/my_first_pkg.egg-info to /home/kim/ros2_ws/install/my_first_pkg/lib/python3.10/site-packages/my_first_pkg-0.0.0-py3.10.egg-info
[0.817s] running install_scripts
[0.836s] writing list of installed files to '/home/kim/ros2_ws/build/my_first_pkg/install.log'
[0.852s] Invoked command in '/home/kim/ros2_ws/src/my_first_pkg' returned '0': PYTHONPATH=/home/kim/ros2_ws/build/my_first_pkg/prefix_override:/usr/lib/python3/dist-packages/colcon_core/task/python/colcon_distutils_commands:/home/kim/ros2_ws/install/my_first_pkg/lib/python3.10/site-packages:${PYTHONPATH} /usr/bin/python3 -W ignore:setup.py install is deprecated -W ignore:easy_install command is deprecated setup.py egg_info --egg-base ../../build/my_first_pkg build --build-base /home/kim/ros2_ws/build/my_first_pkg/build install --record /home/kim/ros2_ws/build/my_first_pkg/install.log --single-version-externally-managed install_data
