[0.014s] Invoking command in '/home/kim/ros2_ws/build/my_interfaces': CMAKE_PREFIX_PATH=${CMAKE_PREFIX_PATH}:/home/kim/ros2_ws/install/simple_test_pkg:/home/kim/ros2_ws/install/my_first_pkg:/home/kim/ros2_ws/install/cv2_pkg:/opt/ros/humble /usr/bin/cmake --build /home/kim/ros2_ws/build/my_interfaces -- -j8 -l8
[0.056s] -- Found ament_cmake: 1.3.10 (/opt/ros/humble/share/ament_cmake/cmake)
[0.184s] -- Found rosidl_default_generators: 1.2.0 (/opt/ros/humble/share/rosidl_default_generators/cmake)
[0.188s] -- Using all available rosidl_typesupport_c: rosidl_typesupport_fastrtps_c;rosidl_typesupport_introspection_c
[0.193s] -- Found rosidl_adapter: 3.1.5 (/opt/ros/humble/share/rosidl_adapter/cmake)
[0.256s] -- Using all available rosidl_typesupport_cpp: rosidl_typesupport_fastrtps_cpp;rosidl_typesupport_introspection_cpp
[0.733s] -- Found ament_cmake_ros: 0.10.0 (/opt/ros/humble/share/ament_cmake_ros/cmake)
[0.945s] -- Using all available rosidl_typesupport_c: rosidl_typesupport_fastrtps_c;rosidl_typesupport_introspection_c
[1.196s] -- Using all available rosidl_typesupport_cpp: rosidl_typesupport_fastrtps_cpp;rosidl_typesupport_introspection_cpp
[1.221s] -- Found python_cmake_module: 0.10.0 (/opt/ros/humble/share/python_cmake_module/cmake)
[1.247s] -- Using PYTHON_EXECUTABLE: /usr/bin/python3
[1.247s] -- Using PYTHON_INCLUDE_DIRS: /usr/include/python3.10
[1.247s] -- Using PYTHON_LIBRARIES: /usr/lib/x86_64-linux-gnu/libpython3.10.so
[1.270s] -- Found ament_lint_auto: 0.12.11 (/opt/ros/humble/share/ament_lint_auto/cmake)
[1.287s] -- Added test 'lint_cmake' to check CMake code style
[1.287s] -- Added test 'xmllint' to check XML markup files
[1.291s] -- Configuring done
[1.348s] -- Generating done
[1.363s] -- Build files have been written to: /home/kim/ros2_ws/build/my_interfaces
[1.389s] [  1%] [34m[1mGenerating C code for ROS interfaces[0m
[1.403s] [  2%] [34m[1mGenerating C++ code for ROS interfaces[0m
[1.441s] [  2%] Built target ament_cmake_python_copy_my_interfaces
[1.737s] running egg_info
[1.737s] writing my_interfaces.egg-info/PKG-INFO
[1.737s] writing dependency_links to my_interfaces.egg-info/dependency_links.txt
[1.738s] writing top-level names to my_interfaces.egg-info/top_level.txt
[1.740s] reading manifest file 'my_interfaces.egg-info/SOURCES.txt'
[1.743s] writing manifest file 'my_interfaces.egg-info/SOURCES.txt'
[1.781s] [  2%] Built target ament_cmake_python_build_my_interfaces_egg
[2.385s] [  2%] Built target my_interfaces__cpp
[2.401s] [  4%] [34m[1mGenerating C++ introspection for ROS interfaces[0m
[2.405s] [  5%] [34m[1mGenerating C++ type support dispatch for ROS interfaces[0m
[2.405s] [  7%] [34m[1mGenerating C++ type support for eProsima Fast-RTPS[0m
[2.446s] [35m[1mConsolidate compiler generated dependencies of target my_interfaces__rosidl_generator_c[0m
[2.474s] [  8%] [32mBuilding C object CMakeFiles/my_interfaces__rosidl_generator_c.dir/rosidl_generator_c/my_interfaces/msg/detail/sensor_status__functions.c.o[0m
[2.476s] [  9%] [32mBuilding C object CMakeFiles/my_interfaces__rosidl_generator_c.dir/rosidl_generator_c/my_interfaces/srv/detail/add_three_ints__functions.c.o[0m
[2.481s] [ 11%] [32mBuilding C object CMakeFiles/my_interfaces__rosidl_generator_c.dir/rosidl_generator_c/my_interfaces/srv/detail/move__functions.c.o[0m
[2.486s] [ 12%] [32mBuilding C object CMakeFiles/my_interfaces__rosidl_generator_c.dir/rosidl_generator_c/my_interfaces/action/detail/count_until__functions.c.o[0m
[2.488s] [ 14%] [32mBuilding C object CMakeFiles/my_interfaces__rosidl_generator_c.dir/rosidl_generator_c/my_interfaces/action/detail/move__functions.c.o[0m
[2.626s] [ 15%] [32mBuilding C object CMakeFiles/my_interfaces__rosidl_generator_c.dir/rosidl_generator_c/my_interfaces/msg/detail/num_for_test__functions.c.o[0m
[2.742s] [ 16%] [32m[1mLinking C shared library libmy_interfaces__rosidl_generator_c.so[0m
[2.833s] [ 16%] Built target my_interfaces__rosidl_generator_c
[2.849s] [ 18%] [34m[1mGenerating C introspection for ROS interfaces[0m
[2.858s] [ 19%] [34m[1mGenerating C type support for eProsima Fast-RTPS[0m
[2.876s] [ 21%] [34m[1mGenerating C type support dispatch for ROS interfaces[0m
[3.225s] [35m[1mConsolidate compiler generated dependencies of target my_interfaces__rosidl_typesupport_cpp[0m
[3.284s] [ 22%] [32mBuilding CXX object CMakeFiles/my_interfaces__rosidl_typesupport_cpp.dir/rosidl_typesupport_cpp/my_interfaces/msg/sensor_status__type_support.cpp.o[0m
[3.290s] [ 23%] [32mBuilding CXX object CMakeFiles/my_interfaces__rosidl_typesupport_cpp.dir/rosidl_typesupport_cpp/my_interfaces/srv/add_three_ints__type_support.cpp.o[0m
[3.299s] [ 25%] [32mBuilding CXX object CMakeFiles/my_interfaces__rosidl_typesupport_cpp.dir/rosidl_typesupport_cpp/my_interfaces/srv/move__type_support.cpp.o[0m
[3.545s] [35m[1mConsolidate compiler generated dependencies of target my_interfaces__rosidl_typesupport_fastrtps_cpp[0m
[3.566s] [35m[1mConsolidate compiler generated dependencies of target my_interfaces__rosidl_typesupport_introspection_cpp[0m
[3.588s] [ 26%] [32mBuilding CXX object CMakeFiles/my_interfaces__rosidl_typesupport_fastrtps_cpp.dir/rosidl_typesupport_fastrtps_cpp/my_interfaces/srv/detail/dds_fastrtps/add_three_ints__type_support.cpp.o[0m
[3.626s] [ 28%] [32mBuilding CXX object CMakeFiles/my_interfaces__rosidl_typesupport_introspection_cpp.dir/rosidl_typesupport_introspection_cpp/my_interfaces/srv/detail/add_three_ints__type_support.cpp.o[0m
[3.731s] [35m[1mConsolidate compiler generated dependencies of target my_interfaces__rosidl_typesupport_c[0m
[3.810s] [ 29%] [32mBuilding CXX object CMakeFiles/my_interfaces__rosidl_typesupport_c.dir/rosidl_typesupport_c/my_interfaces/srv/add_three_ints__type_support.cpp.o[0m
[3.962s] [ 30%] [32mBuilding CXX object CMakeFiles/my_interfaces__rosidl_typesupport_c.dir/rosidl_typesupport_c/my_interfaces/msg/sensor_status__type_support.cpp.o[0m
[4.097s] [ 32%] [32mBuilding CXX object CMakeFiles/my_interfaces__rosidl_typesupport_c.dir/rosidl_typesupport_c/my_interfaces/srv/move__type_support.cpp.o[0m
[4.214s] [ 33%] [32mBuilding CXX object CMakeFiles/my_interfaces__rosidl_typesupport_c.dir/rosidl_typesupport_c/my_interfaces/action/count_until__type_support.cpp.o[0m
[4.351s] [ 35%] [32mBuilding CXX object CMakeFiles/my_interfaces__rosidl_typesupport_c.dir/rosidl_typesupport_c/my_interfaces/action/move__type_support.cpp.o[0m
[4.351s] [ 36%] [32mBuilding CXX object CMakeFiles/my_interfaces__rosidl_typesupport_cpp.dir/rosidl_typesupport_cpp/my_interfaces/action/count_until__type_support.cpp.o[0m
[4.359s] [ 38%] [32mBuilding CXX object CMakeFiles/my_interfaces__rosidl_typesupport_fastrtps_cpp.dir/rosidl_typesupport_fastrtps_cpp/my_interfaces/msg/detail/dds_fastrtps/sensor_status__type_support.cpp.o[0m
[4.383s] [ 39%] [32mBuilding CXX object CMakeFiles/my_interfaces__rosidl_typesupport_introspection_cpp.dir/rosidl_typesupport_introspection_cpp/my_interfaces/msg/detail/sensor_status__type_support.cpp.o[0m
[4.423s] [ 40%] [32mBuilding CXX object CMakeFiles/my_interfaces__rosidl_typesupport_c.dir/rosidl_typesupport_c/my_interfaces/msg/num_for_test__type_support.cpp.o[0m
[4.429s] [35m[1mConsolidate compiler generated dependencies of target my_interfaces__rosidl_typesupport_introspection_c[0m
[4.456s] [ 42%] [32mBuilding C object CMakeFiles/my_interfaces__rosidl_typesupport_introspection_c.dir/rosidl_typesupport_introspection_c/my_interfaces/srv/detail/add_three_ints__type_support.c.o[0m
[4.490s] [ 43%] [32m[1mLinking CXX shared library libmy_interfaces__rosidl_typesupport_c.so[0m
[4.554s] [ 45%] [32mBuilding C object CMakeFiles/my_interfaces__rosidl_typesupport_introspection_c.dir/rosidl_typesupport_introspection_c/my_interfaces/msg/detail/sensor_status__type_support.c.o[0m
[4.590s] [ 45%] Built target my_interfaces__rosidl_typesupport_c
[4.605s] [ 46%] [32mBuilding CXX object CMakeFiles/my_interfaces__rosidl_typesupport_fastrtps_cpp.dir/rosidl_typesupport_fastrtps_cpp/my_interfaces/srv/detail/dds_fastrtps/move__type_support.cpp.o[0m
[4.629s] [ 47%] [32mBuilding C object CMakeFiles/my_interfaces__rosidl_typesupport_introspection_c.dir/rosidl_typesupport_introspection_c/my_interfaces/srv/detail/move__type_support.c.o[0m
[4.650s] [ 49%] [32mBuilding CXX object CMakeFiles/my_interfaces__rosidl_typesupport_fastrtps_cpp.dir/rosidl_typesupport_fastrtps_cpp/my_interfaces/action/detail/dds_fastrtps/count_until__type_support.cpp.o[0m
[4.671s] [35m[1mConsolidate compiler generated dependencies of target my_interfaces__rosidl_typesupport_fastrtps_c[0m
[4.699s] [ 50%] [32mBuilding C object CMakeFiles/my_interfaces__rosidl_typesupport_introspection_c.dir/rosidl_typesupport_introspection_c/my_interfaces/action/detail/count_until__type_support.c.o[0m
[4.709s] [ 52%] [32mBuilding CXX object CMakeFiles/my_interfaces__rosidl_typesupport_fastrtps_cpp.dir/rosidl_typesupport_fastrtps_cpp/my_interfaces/action/detail/dds_fastrtps/move__type_support.cpp.o[0m
[4.711s] [ 53%] [32mBuilding CXX object CMakeFiles/my_interfaces__rosidl_typesupport_fastrtps_c.dir/rosidl_typesupport_fastrtps_c/my_interfaces/srv/detail/add_three_ints__type_support_c.cpp.o[0m
[4.861s] [ 54%] [32mBuilding C object CMakeFiles/my_interfaces__rosidl_typesupport_introspection_c.dir/rosidl_typesupport_introspection_c/my_interfaces/action/detail/move__type_support.c.o[0m
[5.028s] [ 56%] [32mBuilding C object CMakeFiles/my_interfaces__rosidl_typesupport_introspection_c.dir/rosidl_typesupport_introspection_c/my_interfaces/msg/detail/num_for_test__type_support.c.o[0m
[5.140s] [ 57%] [32m[1mLinking C shared library libmy_interfaces__rosidl_typesupport_introspection_c.so[0m
[5.272s] [ 57%] Built target my_interfaces__rosidl_typesupport_introspection_c
[5.314s] [ 59%] [32mBuilding CXX object CMakeFiles/my_interfaces__rosidl_typesupport_fastrtps_c.dir/rosidl_typesupport_fastrtps_c/my_interfaces/msg/detail/sensor_status__type_support_c.cpp.o[0m
[5.321s] [ 60%] [32mBuilding CXX object CMakeFiles/my_interfaces__rosidl_typesupport_fastrtps_cpp.dir/rosidl_typesupport_fastrtps_cpp/my_interfaces/msg/detail/dds_fastrtps/num_for_test__type_support.cpp.o[0m
[5.326s] [ 61%] [32mBuilding CXX object CMakeFiles/my_interfaces__rosidl_typesupport_introspection_cpp.dir/rosidl_typesupport_introspection_cpp/my_interfaces/srv/detail/move__type_support.cpp.o[0m
[5.838s] [ 63%] [32mBuilding CXX object CMakeFiles/my_interfaces__rosidl_typesupport_cpp.dir/rosidl_typesupport_cpp/my_interfaces/action/move__type_support.cpp.o[0m
[5.934s] [ 64%] [32mBuilding CXX object CMakeFiles/my_interfaces__rosidl_typesupport_fastrtps_c.dir/rosidl_typesupport_fastrtps_c/my_interfaces/srv/detail/move__type_support_c.cpp.o[0m
[5.937s] [ 66%] [32mBuilding CXX object CMakeFiles/my_interfaces__rosidl_typesupport_fastrtps_c.dir/rosidl_typesupport_fastrtps_c/my_interfaces/action/detail/count_until__type_support_c.cpp.o[0m
[6.067s] [ 67%] [32mBuilding CXX object CMakeFiles/my_interfaces__rosidl_typesupport_introspection_cpp.dir/rosidl_typesupport_introspection_cpp/my_interfaces/action/detail/count_until__type_support.cpp.o[0m
[6.204s] [ 69%] [32mBuilding CXX object CMakeFiles/my_interfaces__rosidl_typesupport_introspection_cpp.dir/rosidl_typesupport_introspection_cpp/my_interfaces/action/detail/move__type_support.cpp.o[0m
[6.206s] [ 70%] [32mBuilding CXX object CMakeFiles/my_interfaces__rosidl_typesupport_fastrtps_c.dir/rosidl_typesupport_fastrtps_c/my_interfaces/action/detail/move__type_support_c.cpp.o[0m
[6.216s] [ 71%] [32mBuilding CXX object CMakeFiles/my_interfaces__rosidl_typesupport_fastrtps_c.dir/rosidl_typesupport_fastrtps_c/my_interfaces/msg/detail/num_for_test__type_support_c.cpp.o[0m
[6.306s] [ 73%] [32m[1mLinking CXX shared library libmy_interfaces__rosidl_typesupport_fastrtps_cpp.so[0m
[6.443s] [ 73%] Built target my_interfaces__rosidl_typesupport_fastrtps_cpp
[6.472s] [ 74%] [32mBuilding CXX object CMakeFiles/my_interfaces__rosidl_typesupport_cpp.dir/rosidl_typesupport_cpp/my_interfaces/msg/num_for_test__type_support.cpp.o[0m
[6.543s] [ 76%] [32mBuilding CXX object CMakeFiles/my_interfaces__rosidl_typesupport_introspection_cpp.dir/rosidl_typesupport_introspection_cpp/my_interfaces/msg/detail/num_for_test__type_support.cpp.o[0m
[6.904s] [ 77%] [32m[1mLinking CXX shared library libmy_interfaces__rosidl_typesupport_fastrtps_c.so[0m
[6.964s] [ 78%] [32m[1mLinking CXX shared library libmy_interfaces__rosidl_typesupport_cpp.so[0m
[7.031s] [ 78%] Built target my_interfaces__rosidl_typesupport_fastrtps_c
[7.040s] [ 78%] Built target my_interfaces__rosidl_typesupport_cpp
[7.138s] [ 80%] [32m[1mLinking CXX shared library libmy_interfaces__rosidl_typesupport_introspection_cpp.so[0m
[7.218s] [ 80%] Built target my_interfaces__rosidl_typesupport_introspection_cpp
[7.239s] [ 80%] Built target my_interfaces
[7.261s] [ 81%] [34m[1mGenerating Python code for ROS interfaces[0m
[8.741s] [ 81%] Built target my_interfaces__py
[8.755s] [35m[1mConsolidate compiler generated dependencies of target my_interfaces__rosidl_generator_py[0m
[8.778s] [ 83%] [32mBuilding C object CMakeFiles/my_interfaces__rosidl_generator_py.dir/rosidl_generator_py/my_interfaces/msg/_sensor_status_s.c.o[0m
[8.779s] [ 84%] [32mBuilding C object CMakeFiles/my_interfaces__rosidl_generator_py.dir/rosidl_generator_py/my_interfaces/srv/_add_three_ints_s.c.o[0m
[8.779s] [ 87%] [32mBuilding C object CMakeFiles/my_interfaces__rosidl_generator_py.dir/rosidl_generator_py/my_interfaces/msg/_num_for_test_s.c.o[0m
[8.780s] [ 87%] [32mBuilding C object CMakeFiles/my_interfaces__rosidl_generator_py.dir/rosidl_generator_py/my_interfaces/srv/_move_s.c.o[0m
[8.785s] [ 88%] [32mBuilding C object CMakeFiles/my_interfaces__rosidl_generator_py.dir/rosidl_generator_py/my_interfaces/action/_count_until_s.c.o[0m
[8.786s] [ 90%] [32mBuilding C object CMakeFiles/my_interfaces__rosidl_generator_py.dir/rosidl_generator_py/my_interfaces/action/_move_s.c.o[0m
[9.018s] [ 91%] [32m[1mLinking C shared library rosidl_generator_py/my_interfaces/libmy_interfaces__rosidl_generator_py.so[0m
[9.065s] [ 91%] Built target my_interfaces__rosidl_generator_py
[9.078s] [35m[1mConsolidate compiler generated dependencies of target my_interfaces__rosidl_typesupport_fastrtps_c__pyext[0m
[9.078s] [35m[1mConsolidate compiler generated dependencies of target my_interfaces__rosidl_typesupport_c__pyext[0m
[9.079s] [35m[1mConsolidate compiler generated dependencies of target my_interfaces__rosidl_typesupport_introspection_c__pyext[0m
[9.095s] [ 92%] [32mBuilding C object CMakeFiles/my_interfaces__rosidl_typesupport_fastrtps_c__pyext.dir/rosidl_generator_py/my_interfaces/_my_interfaces_s.ep.rosidl_typesupport_fastrtps_c.c.o[0m
[9.095s] [ 94%] [32mBuilding C object CMakeFiles/my_interfaces__rosidl_typesupport_c__pyext.dir/rosidl_generator_py/my_interfaces/_my_interfaces_s.ep.rosidl_typesupport_c.c.o[0m
[9.098s] [ 95%] [32mBuilding C object CMakeFiles/my_interfaces__rosidl_typesupport_introspection_c__pyext.dir/rosidl_generator_py/my_interfaces/_my_interfaces_s.ep.rosidl_typesupport_introspection_c.c.o[0m
[9.289s] [ 97%] [32m[1mLinking C shared library rosidl_generator_py/my_interfaces/my_interfaces_s__rosidl_typesupport_introspection_c.cpython-310-x86_64-linux-gnu.so[0m
[9.292s] [ 98%] [32m[1mLinking C shared library rosidl_generator_py/my_interfaces/my_interfaces_s__rosidl_typesupport_fastrtps_c.cpython-310-x86_64-linux-gnu.so[0m
[9.298s] [100%] [32m[1mLinking C shared library rosidl_generator_py/my_interfaces/my_interfaces_s__rosidl_typesupport_c.cpython-310-x86_64-linux-gnu.so[0m
[9.340s] [100%] Built target my_interfaces__rosidl_typesupport_fastrtps_c__pyext
[9.343s] [100%] Built target my_interfaces__rosidl_typesupport_introspection_c__pyext
[9.346s] [100%] Built target my_interfaces__rosidl_typesupport_c__pyext
[9.362s] Invoked command in '/home/kim/ros2_ws/build/my_interfaces' returned '0': CMAKE_PREFIX_PATH=${CMAKE_PREFIX_PATH}:/home/kim/ros2_ws/install/simple_test_pkg:/home/kim/ros2_ws/install/my_first_pkg:/home/kim/ros2_ws/install/cv2_pkg:/opt/ros/humble /usr/bin/cmake --build /home/kim/ros2_ws/build/my_interfaces -- -j8 -l8
[9.370s] Invoking command in '/home/kim/ros2_ws/build/my_interfaces': CMAKE_PREFIX_PATH=${CMAKE_PREFIX_PATH}:/home/kim/ros2_ws/install/simple_test_pkg:/home/kim/ros2_ws/install/my_first_pkg:/home/kim/ros2_ws/install/cv2_pkg:/opt/ros/humble /usr/bin/cmake --install /home/kim/ros2_ws/build/my_interfaces
[9.377s] -- Install configuration: ""
[9.377s] -- Installing: /home/kim/ros2_ws/install/my_interfaces/share/ament_index/resource_index/rosidl_interfaces/my_interfaces
[9.377s] -- Up-to-date: /home/kim/ros2_ws/install/my_interfaces/include/my_interfaces/my_interfaces
[9.378s] -- Up-to-date: /home/kim/ros2_ws/install/my_interfaces/include/my_interfaces/my_interfaces/srv
[9.378s] -- Installing: /home/kim/ros2_ws/install/my_interfaces/include/my_interfaces/my_interfaces/srv/move.h
[9.378s] -- Installing: /home/kim/ros2_ws/install/my_interfaces/include/my_interfaces/my_interfaces/srv/add_three_ints.h
[9.378s] -- Up-to-date: /home/kim/ros2_ws/install/my_interfaces/include/my_interfaces/my_interfaces/srv/detail
[9.378s] -- Installing: /home/kim/ros2_ws/install/my_interfaces/include/my_interfaces/my_interfaces/srv/detail/add_three_ints__functions.h
[9.378s] -- Installing: /home/kim/ros2_ws/install/my_interfaces/include/my_interfaces/my_interfaces/srv/detail/add_three_ints__struct.h
[9.378s] -- Installing: /home/kim/ros2_ws/install/my_interfaces/include/my_interfaces/my_interfaces/srv/detail/move__struct.h
[9.378s] -- Installing: /home/kim/ros2_ws/install/my_interfaces/include/my_interfaces/my_interfaces/srv/detail/move__type_support.h
[9.378s] -- Installing: /home/kim/ros2_ws/install/my_interfaces/include/my_interfaces/my_interfaces/srv/detail/add_three_ints__type_support.h
[9.378s] -- Installing: /home/kim/ros2_ws/install/my_interfaces/include/my_interfaces/my_interfaces/srv/detail/move__functions.h
[9.378s] -- Installing: /home/kim/ros2_ws/install/my_interfaces/include/my_interfaces/my_interfaces/srv/detail/add_three_ints__functions.c
[9.378s] -- Installing: /home/kim/ros2_ws/install/my_interfaces/include/my_interfaces/my_interfaces/srv/detail/move__functions.c
[9.378s] -- Up-to-date: /home/kim/ros2_ws/install/my_interfaces/include/my_interfaces/my_interfaces/action
[9.379s] -- Installing: /home/kim/ros2_ws/install/my_interfaces/include/my_interfaces/my_interfaces/action/move.h
[9.379s] -- Installing: /home/kim/ros2_ws/install/my_interfaces/include/my_interfaces/my_interfaces/action/count_until.h
[9.379s] -- Up-to-date: /home/kim/ros2_ws/install/my_interfaces/include/my_interfaces/my_interfaces/action/detail
[9.379s] -- Installing: /home/kim/ros2_ws/install/my_interfaces/include/my_interfaces/my_interfaces/action/detail/count_until__functions.c
[9.379s] -- Installing: /home/kim/ros2_ws/install/my_interfaces/include/my_interfaces/my_interfaces/action/detail/move__struct.h
[9.379s] -- Installing: /home/kim/ros2_ws/install/my_interfaces/include/my_interfaces/my_interfaces/action/detail/move__type_support.h
[9.379s] -- Installing: /home/kim/ros2_ws/install/my_interfaces/include/my_interfaces/my_interfaces/action/detail/count_until__struct.h
[9.379s] -- Installing: /home/kim/ros2_ws/install/my_interfaces/include/my_interfaces/my_interfaces/action/detail/count_until__functions.h
[9.379s] -- Installing: /home/kim/ros2_ws/install/my_interfaces/include/my_interfaces/my_interfaces/action/detail/move__functions.h
[9.379s] -- Installing: /home/kim/ros2_ws/install/my_interfaces/include/my_interfaces/my_interfaces/action/detail/count_until__type_support.h
[9.379s] -- Installing: /home/kim/ros2_ws/install/my_interfaces/include/my_interfaces/my_interfaces/action/detail/move__functions.c
[9.380s] -- Up-to-date: /home/kim/ros2_ws/install/my_interfaces/include/my_interfaces/my_interfaces/msg
[9.380s] -- Up-to-date: /home/kim/ros2_ws/install/my_interfaces/include/my_interfaces/my_interfaces/msg/rosidl_generator_c__visibility_control.h
[9.380s] -- Installing: /home/kim/ros2_ws/install/my_interfaces/include/my_interfaces/my_interfaces/msg/num_for_test.h
[9.380s] -- Up-to-date: /home/kim/ros2_ws/install/my_interfaces/include/my_interfaces/my_interfaces/msg/detail
[9.380s] -- Installing: /home/kim/ros2_ws/install/my_interfaces/include/my_interfaces/my_interfaces/msg/detail/sensor_status__functions.h
[9.381s] -- Installing: /home/kim/ros2_ws/install/my_interfaces/include/my_interfaces/my_interfaces/msg/detail/num_for_test__struct.h
[9.381s] -- Installing: /home/kim/ros2_ws/install/my_interfaces/include/my_interfaces/my_interfaces/msg/detail/num_for_test__functions.h
[9.381s] -- Installing: /home/kim/ros2_ws/install/my_interfaces/include/my_interfaces/my_interfaces/msg/detail/num_for_test__type_support.h
[9.381s] -- Installing: /home/kim/ros2_ws/install/my_interfaces/include/my_interfaces/my_interfaces/msg/detail/num_for_test__functions.c
[9.381s] -- Installing: /home/kim/ros2_ws/install/my_interfaces/include/my_interfaces/my_interfaces/msg/detail/sensor_status__functions.c
[9.381s] -- Installing: /home/kim/ros2_ws/install/my_interfaces/include/my_interfaces/my_interfaces/msg/detail/sensor_status__type_support.h
[9.381s] -- Installing: /home/kim/ros2_ws/install/my_interfaces/include/my_interfaces/my_interfaces/msg/detail/sensor_status__struct.h
[9.381s] -- Installing: /home/kim/ros2_ws/install/my_interfaces/include/my_interfaces/my_interfaces/msg/sensor_status.h
[9.381s] -- Up-to-date: /home/kim/ros2_ws/install/my_interfaces/share/my_interfaces/environment/library_path.sh
[9.381s] -- Installing: /home/kim/ros2_ws/install/my_interfaces/share/my_interfaces/environment/library_path.dsv
[9.385s] -- Installing: /home/kim/ros2_ws/install/my_interfaces/lib/libmy_interfaces__rosidl_generator_c.so
[9.385s] -- Set runtime path of "/home/kim/ros2_ws/install/my_interfaces/lib/libmy_interfaces__rosidl_generator_c.so" to ""
[9.385s] -- Up-to-date: /home/kim/ros2_ws/install/my_interfaces/include/my_interfaces/my_interfaces
[9.385s] -- Up-to-date: /home/kim/ros2_ws/install/my_interfaces/include/my_interfaces/my_interfaces/srv
[9.385s] -- Up-to-date: /home/kim/ros2_ws/install/my_interfaces/include/my_interfaces/my_interfaces/srv/detail
[9.385s] -- Installing: /home/kim/ros2_ws/install/my_interfaces/include/my_interfaces/my_interfaces/srv/detail/add_three_ints__rosidl_typesupport_fastrtps_c.h
[9.385s] -- Installing: /home/kim/ros2_ws/install/my_interfaces/include/my_interfaces/my_interfaces/srv/detail/move__rosidl_typesupport_fastrtps_c.h
[9.385s] -- Up-to-date: /home/kim/ros2_ws/install/my_interfaces/include/my_interfaces/my_interfaces/action
[9.385s] -- Up-to-date: /home/kim/ros2_ws/install/my_interfaces/include/my_interfaces/my_interfaces/action/detail
[9.385s] -- Installing: /home/kim/ros2_ws/install/my_interfaces/include/my_interfaces/my_interfaces/action/detail/move__rosidl_typesupport_fastrtps_c.h
[9.385s] -- Installing: /home/kim/ros2_ws/install/my_interfaces/include/my_interfaces/my_interfaces/action/detail/count_until__rosidl_typesupport_fastrtps_c.h
[9.385s] -- Up-to-date: /home/kim/ros2_ws/install/my_interfaces/include/my_interfaces/my_interfaces/msg
[9.386s] -- Up-to-date: /home/kim/ros2_ws/install/my_interfaces/include/my_interfaces/my_interfaces/msg/rosidl_typesupport_fastrtps_c__visibility_control.h
[9.386s] -- Up-to-date: /home/kim/ros2_ws/install/my_interfaces/include/my_interfaces/my_interfaces/msg/detail
[9.386s] -- Installing: /home/kim/ros2_ws/install/my_interfaces/include/my_interfaces/my_interfaces/msg/detail/num_for_test__rosidl_typesupport_fastrtps_c.h
[9.386s] -- Installing: /home/kim/ros2_ws/install/my_interfaces/include/my_interfaces/my_interfaces/msg/detail/sensor_status__rosidl_typesupport_fastrtps_c.h
[9.387s] -- Installing: /home/kim/ros2_ws/install/my_interfaces/lib/libmy_interfaces__rosidl_typesupport_fastrtps_c.so
[9.388s] -- Set runtime path of "/home/kim/ros2_ws/install/my_interfaces/lib/libmy_interfaces__rosidl_typesupport_fastrtps_c.so" to ""
[9.388s] -- Up-to-date: /home/kim/ros2_ws/install/my_interfaces/include/my_interfaces/my_interfaces
[9.388s] -- Up-to-date: /home/kim/ros2_ws/install/my_interfaces/include/my_interfaces/my_interfaces/srv
[9.388s] -- Up-to-date: /home/kim/ros2_ws/install/my_interfaces/include/my_interfaces/my_interfaces/srv/detail
[9.389s] -- Installing: /home/kim/ros2_ws/install/my_interfaces/include/my_interfaces/my_interfaces/srv/detail/add_three_ints__type_support.c
[9.389s] -- Installing: /home/kim/ros2_ws/install/my_interfaces/include/my_interfaces/my_interfaces/srv/detail/move__type_support.c
[9.389s] -- Installing: /home/kim/ros2_ws/install/my_interfaces/include/my_interfaces/my_interfaces/srv/detail/add_three_ints__rosidl_typesupport_introspection_c.h
[9.389s] -- Installing: /home/kim/ros2_ws/install/my_interfaces/include/my_interfaces/my_interfaces/srv/detail/move__rosidl_typesupport_introspection_c.h
[9.389s] -- Up-to-date: /home/kim/ros2_ws/install/my_interfaces/include/my_interfaces/my_interfaces/action
[9.389s] -- Up-to-date: /home/kim/ros2_ws/install/my_interfaces/include/my_interfaces/my_interfaces/action/detail
[9.389s] -- Installing: /home/kim/ros2_ws/install/my_interfaces/include/my_interfaces/my_interfaces/action/detail/count_until__type_support.c
[9.389s] -- Installing: /home/kim/ros2_ws/install/my_interfaces/include/my_interfaces/my_interfaces/action/detail/move__type_support.c
[9.390s] -- Installing: /home/kim/ros2_ws/install/my_interfaces/include/my_interfaces/my_interfaces/action/detail/count_until__rosidl_typesupport_introspection_c.h
[9.390s] -- Installing: /home/kim/ros2_ws/install/my_interfaces/include/my_interfaces/my_interfaces/action/detail/move__rosidl_typesupport_introspection_c.h
[9.390s] -- Up-to-date: /home/kim/ros2_ws/install/my_interfaces/include/my_interfaces/my_interfaces/msg
[9.390s] -- Up-to-date: /home/kim/ros2_ws/install/my_interfaces/include/my_interfaces/my_interfaces/msg/rosidl_typesupport_introspection_c__visibility_control.h
[9.390s] -- Up-to-date: /home/kim/ros2_ws/install/my_interfaces/include/my_interfaces/my_interfaces/msg/detail
[9.390s] -- Installing: /home/kim/ros2_ws/install/my_interfaces/include/my_interfaces/my_interfaces/msg/detail/num_for_test__rosidl_typesupport_introspection_c.h
[9.390s] -- Installing: /home/kim/ros2_ws/install/my_interfaces/include/my_interfaces/my_interfaces/msg/detail/num_for_test__type_support.c
[9.390s] -- Installing: /home/kim/ros2_ws/install/my_interfaces/include/my_interfaces/my_interfaces/msg/detail/sensor_status__rosidl_typesupport_introspection_c.h
[9.390s] -- Installing: /home/kim/ros2_ws/install/my_interfaces/include/my_interfaces/my_interfaces/msg/detail/sensor_status__type_support.c
[9.391s] -- Installing: /home/kim/ros2_ws/install/my_interfaces/lib/libmy_interfaces__rosidl_typesupport_introspection_c.so
[9.391s] -- Set runtime path of "/home/kim/ros2_ws/install/my_interfaces/lib/libmy_interfaces__rosidl_typesupport_introspection_c.so" to ""
[9.392s] -- Installing: /home/kim/ros2_ws/install/my_interfaces/lib/libmy_interfaces__rosidl_typesupport_c.so
[9.392s] -- Set runtime path of "/home/kim/ros2_ws/install/my_interfaces/lib/libmy_interfaces__rosidl_typesupport_c.so" to ""
[9.393s] -- Up-to-date: /home/kim/ros2_ws/install/my_interfaces/include/my_interfaces/my_interfaces
[9.393s] -- Up-to-date: /home/kim/ros2_ws/install/my_interfaces/include/my_interfaces/my_interfaces/srv
[9.393s] -- Installing: /home/kim/ros2_ws/install/my_interfaces/include/my_interfaces/my_interfaces/srv/move.hpp
[9.393s] -- Installing: /home/kim/ros2_ws/install/my_interfaces/include/my_interfaces/my_interfaces/srv/add_three_ints.hpp
[9.393s] -- Up-to-date: /home/kim/ros2_ws/install/my_interfaces/include/my_interfaces/my_interfaces/srv/detail
[9.394s] -- Installing: /home/kim/ros2_ws/install/my_interfaces/include/my_interfaces/my_interfaces/srv/detail/add_three_ints__struct.hpp
[9.394s] -- Installing: /home/kim/ros2_ws/install/my_interfaces/include/my_interfaces/my_interfaces/srv/detail/move__traits.hpp
[9.394s] -- Installing: /home/kim/ros2_ws/install/my_interfaces/include/my_interfaces/my_interfaces/srv/detail/move__builder.hpp
[9.394s] -- Installing: /home/kim/ros2_ws/install/my_interfaces/include/my_interfaces/my_interfaces/srv/detail/add_three_ints__traits.hpp
[9.394s] -- Installing: /home/kim/ros2_ws/install/my_interfaces/include/my_interfaces/my_interfaces/srv/detail/move__struct.hpp
[9.395s] -- Installing: /home/kim/ros2_ws/install/my_interfaces/include/my_interfaces/my_interfaces/srv/detail/add_three_ints__builder.hpp
[9.395s] -- Up-to-date: /home/kim/ros2_ws/install/my_interfaces/include/my_interfaces/my_interfaces/action
[9.395s] -- Installing: /home/kim/ros2_ws/install/my_interfaces/include/my_interfaces/my_interfaces/action/move.hpp
[9.395s] -- Up-to-date: /home/kim/ros2_ws/install/my_interfaces/include/my_interfaces/my_interfaces/action/detail
[9.395s] -- Installing: /home/kim/ros2_ws/install/my_interfaces/include/my_interfaces/my_interfaces/action/detail/move__traits.hpp
[9.395s] -- Installing: /home/kim/ros2_ws/install/my_interfaces/include/my_interfaces/my_interfaces/action/detail/count_until__builder.hpp
[9.395s] -- Installing: /home/kim/ros2_ws/install/my_interfaces/include/my_interfaces/my_interfaces/action/detail/move__builder.hpp
[9.395s] -- Installing: /home/kim/ros2_ws/install/my_interfaces/include/my_interfaces/my_interfaces/action/detail/count_until__traits.hpp
[9.395s] -- Installing: /home/kim/ros2_ws/install/my_interfaces/include/my_interfaces/my_interfaces/action/detail/move__struct.hpp
[9.395s] -- Installing: /home/kim/ros2_ws/install/my_interfaces/include/my_interfaces/my_interfaces/action/detail/count_until__struct.hpp
[9.395s] -- Installing: /home/kim/ros2_ws/install/my_interfaces/include/my_interfaces/my_interfaces/action/count_until.hpp
[9.396s] -- Up-to-date: /home/kim/ros2_ws/install/my_interfaces/include/my_interfaces/my_interfaces/msg
[9.396s] -- Installing: /home/kim/ros2_ws/install/my_interfaces/include/my_interfaces/my_interfaces/msg/num_for_test.hpp
[9.396s] -- Up-to-date: /home/kim/ros2_ws/install/my_interfaces/include/my_interfaces/my_interfaces/msg/detail
[9.396s] -- Installing: /home/kim/ros2_ws/install/my_interfaces/include/my_interfaces/my_interfaces/msg/detail/num_for_test__struct.hpp
[9.397s] -- Installing: /home/kim/ros2_ws/install/my_interfaces/include/my_interfaces/my_interfaces/msg/detail/sensor_status__struct.hpp
[9.397s] -- Installing: /home/kim/ros2_ws/install/my_interfaces/include/my_interfaces/my_interfaces/msg/detail/num_for_test__builder.hpp
[9.397s] -- Installing: /home/kim/ros2_ws/install/my_interfaces/include/my_interfaces/my_interfaces/msg/detail/sensor_status__builder.hpp
[9.397s] -- Installing: /home/kim/ros2_ws/install/my_interfaces/include/my_interfaces/my_interfaces/msg/detail/sensor_status__traits.hpp
[9.398s] -- Installing: /home/kim/ros2_ws/install/my_interfaces/include/my_interfaces/my_interfaces/msg/detail/num_for_test__traits.hpp
[9.398s] -- Installing: /home/kim/ros2_ws/install/my_interfaces/include/my_interfaces/my_interfaces/msg/sensor_status.hpp
[9.398s] -- Up-to-date: /home/kim/ros2_ws/install/my_interfaces/include/my_interfaces/my_interfaces
[9.398s] -- Up-to-date: /home/kim/ros2_ws/install/my_interfaces/include/my_interfaces/my_interfaces/srv
[9.398s] -- Up-to-date: /home/kim/ros2_ws/install/my_interfaces/include/my_interfaces/my_interfaces/srv/detail
[9.399s] -- Up-to-date: /home/kim/ros2_ws/install/my_interfaces/include/my_interfaces/my_interfaces/srv/detail/dds_fastrtps
[9.399s] -- Installing: /home/kim/ros2_ws/install/my_interfaces/include/my_interfaces/my_interfaces/srv/detail/move__rosidl_typesupport_fastrtps_cpp.hpp
[9.399s] -- Installing: /home/kim/ros2_ws/install/my_interfaces/include/my_interfaces/my_interfaces/srv/detail/add_three_ints__rosidl_typesupport_fastrtps_cpp.hpp
[9.399s] -- Up-to-date: /home/kim/ros2_ws/install/my_interfaces/include/my_interfaces/my_interfaces/action
[9.399s] -- Up-to-date: /home/kim/ros2_ws/install/my_interfaces/include/my_interfaces/my_interfaces/action/detail
[9.399s] -- Up-to-date: /home/kim/ros2_ws/install/my_interfaces/include/my_interfaces/my_interfaces/action/detail/dds_fastrtps
[9.399s] -- Installing: /home/kim/ros2_ws/install/my_interfaces/include/my_interfaces/my_interfaces/action/detail/move__rosidl_typesupport_fastrtps_cpp.hpp
[9.399s] -- Installing: /home/kim/ros2_ws/install/my_interfaces/include/my_interfaces/my_interfaces/action/detail/count_until__rosidl_typesupport_fastrtps_cpp.hpp
[9.400s] -- Up-to-date: /home/kim/ros2_ws/install/my_interfaces/include/my_interfaces/my_interfaces/msg
[9.400s] -- Up-to-date: /home/kim/ros2_ws/install/my_interfaces/include/my_interfaces/my_interfaces/msg/detail
[9.400s] -- Up-to-date: /home/kim/ros2_ws/install/my_interfaces/include/my_interfaces/my_interfaces/msg/detail/dds_fastrtps
[9.400s] -- Installing: /home/kim/ros2_ws/install/my_interfaces/include/my_interfaces/my_interfaces/msg/detail/num_for_test__rosidl_typesupport_fastrtps_cpp.hpp
[9.400s] -- Installing: /home/kim/ros2_ws/install/my_interfaces/include/my_interfaces/my_interfaces/msg/detail/sensor_status__rosidl_typesupport_fastrtps_cpp.hpp
[9.400s] -- Up-to-date: /home/kim/ros2_ws/install/my_interfaces/include/my_interfaces/my_interfaces/msg/rosidl_typesupport_fastrtps_cpp__visibility_control.h
[9.400s] -- Installing: /home/kim/ros2_ws/install/my_interfaces/lib/libmy_interfaces__rosidl_typesupport_fastrtps_cpp.so
[9.401s] -- Set runtime path of "/home/kim/ros2_ws/install/my_interfaces/lib/libmy_interfaces__rosidl_typesupport_fastrtps_cpp.so" to ""
[9.401s] -- Up-to-date: /home/kim/ros2_ws/install/my_interfaces/include/my_interfaces/my_interfaces
[9.401s] -- Up-to-date: /home/kim/ros2_ws/install/my_interfaces/include/my_interfaces/my_interfaces/srv
[9.401s] -- Up-to-date: /home/kim/ros2_ws/install/my_interfaces/include/my_interfaces/my_interfaces/srv/detail
[9.402s] -- Installing: /home/kim/ros2_ws/install/my_interfaces/include/my_interfaces/my_interfaces/srv/detail/add_three_ints__rosidl_typesupport_introspection_cpp.hpp
[9.402s] -- Installing: /home/kim/ros2_ws/install/my_interfaces/include/my_interfaces/my_interfaces/srv/detail/move__type_support.cpp
[9.402s] -- Installing: /home/kim/ros2_ws/install/my_interfaces/include/my_interfaces/my_interfaces/srv/detail/move__rosidl_typesupport_introspection_cpp.hpp
[9.402s] -- Installing: /home/kim/ros2_ws/install/my_interfaces/include/my_interfaces/my_interfaces/srv/detail/add_three_ints__type_support.cpp
[9.402s] -- Up-to-date: /home/kim/ros2_ws/install/my_interfaces/include/my_interfaces/my_interfaces/action
[9.402s] -- Up-to-date: /home/kim/ros2_ws/install/my_interfaces/include/my_interfaces/my_interfaces/action/detail
[9.403s] -- Installing: /home/kim/ros2_ws/install/my_interfaces/include/my_interfaces/my_interfaces/action/detail/move__type_support.cpp
[9.403s] -- Installing: /home/kim/ros2_ws/install/my_interfaces/include/my_interfaces/my_interfaces/action/detail/count_until__type_support.cpp
[9.403s] -- Installing: /home/kim/ros2_ws/install/my_interfaces/include/my_interfaces/my_interfaces/action/detail/move__rosidl_typesupport_introspection_cpp.hpp
[9.403s] -- Installing: /home/kim/ros2_ws/install/my_interfaces/include/my_interfaces/my_interfaces/action/detail/count_until__rosidl_typesupport_introspection_cpp.hpp
[9.403s] -- Up-to-date: /home/kim/ros2_ws/install/my_interfaces/include/my_interfaces/my_interfaces/msg
[9.403s] -- Up-to-date: /home/kim/ros2_ws/install/my_interfaces/include/my_interfaces/my_interfaces/msg/detail
[9.404s] -- Installing: /home/kim/ros2_ws/install/my_interfaces/include/my_interfaces/my_interfaces/msg/detail/sensor_status__type_support.cpp
[9.404s] -- Installing: /home/kim/ros2_ws/install/my_interfaces/include/my_interfaces/my_interfaces/msg/detail/sensor_status__rosidl_typesupport_introspection_cpp.hpp
[9.404s] -- Installing: /home/kim/ros2_ws/install/my_interfaces/include/my_interfaces/my_interfaces/msg/detail/num_for_test__rosidl_typesupport_introspection_cpp.hpp
[9.404s] -- Installing: /home/kim/ros2_ws/install/my_interfaces/include/my_interfaces/my_interfaces/msg/detail/num_for_test__type_support.cpp
[9.405s] -- Installing: /home/kim/ros2_ws/install/my_interfaces/lib/libmy_interfaces__rosidl_typesupport_introspection_cpp.so
[9.406s] -- Set runtime path of "/home/kim/ros2_ws/install/my_interfaces/lib/libmy_interfaces__rosidl_typesupport_introspection_cpp.so" to ""
[9.407s] -- Installing: /home/kim/ros2_ws/install/my_interfaces/lib/libmy_interfaces__rosidl_typesupport_cpp.so
[9.408s] -- Set runtime path of "/home/kim/ros2_ws/install/my_interfaces/lib/libmy_interfaces__rosidl_typesupport_cpp.so" to ""
[9.408s] -- Up-to-date: /home/kim/ros2_ws/install/my_interfaces/share/my_interfaces/environment/pythonpath.sh
[9.409s] -- Installing: /home/kim/ros2_ws/install/my_interfaces/share/my_interfaces/environment/pythonpath.dsv
[9.409s] -- Up-to-date: /home/kim/ros2_ws/install/my_interfaces/local/lib/python3.10/dist-packages/my_interfaces-0.0.0-py3.10.egg-info
[9.409s] -- Installing: /home/kim/ros2_ws/install/my_interfaces/local/lib/python3.10/dist-packages/my_interfaces-0.0.0-py3.10.egg-info/PKG-INFO
[9.409s] -- Installing: /home/kim/ros2_ws/install/my_interfaces/local/lib/python3.10/dist-packages/my_interfaces-0.0.0-py3.10.egg-info/SOURCES.txt
[9.409s] -- Installing: /home/kim/ros2_ws/install/my_interfaces/local/lib/python3.10/dist-packages/my_interfaces-0.0.0-py3.10.egg-info/dependency_links.txt
[9.409s] -- Installing: /home/kim/ros2_ws/install/my_interfaces/local/lib/python3.10/dist-packages/my_interfaces-0.0.0-py3.10.egg-info/top_level.txt
[9.410s] -- Up-to-date: /home/kim/ros2_ws/install/my_interfaces/local/lib/python3.10/dist-packages/my_interfaces
[9.410s] -- Installing: /home/kim/ros2_ws/install/my_interfaces/local/lib/python3.10/dist-packages/my_interfaces/my_interfaces_s__rosidl_typesupport_fastrtps_c.cpython-310-x86_64-linux-gnu.so
[9.410s] -- Installing: /home/kim/ros2_ws/install/my_interfaces/local/lib/python3.10/dist-packages/my_interfaces/libmy_interfaces__rosidl_generator_py.so
[9.410s] -- Installing: /home/kim/ros2_ws/install/my_interfaces/local/lib/python3.10/dist-packages/my_interfaces/my_interfaces_s__rosidl_typesupport_introspection_c.cpython-310-x86_64-linux-gnu.so
[9.410s] -- Installing: /home/kim/ros2_ws/install/my_interfaces/local/lib/python3.10/dist-packages/my_interfaces/_my_interfaces_s.ep.rosidl_typesupport_c.c
[9.411s] -- Up-to-date: /home/kim/ros2_ws/install/my_interfaces/local/lib/python3.10/dist-packages/my_interfaces/srv
[9.411s] -- Installing: /home/kim/ros2_ws/install/my_interfaces/local/lib/python3.10/dist-packages/my_interfaces/srv/_add_three_ints_s.c
[9.411s] -- Installing: /home/kim/ros2_ws/install/my_interfaces/local/lib/python3.10/dist-packages/my_interfaces/srv/_move_s.c
[9.411s] -- Installing: /home/kim/ros2_ws/install/my_interfaces/local/lib/python3.10/dist-packages/my_interfaces/srv/__init__.py
[9.411s] -- Installing: /home/kim/ros2_ws/install/my_interfaces/local/lib/python3.10/dist-packages/my_interfaces/srv/_move.py
[9.411s] -- Installing: /home/kim/ros2_ws/install/my_interfaces/local/lib/python3.10/dist-packages/my_interfaces/srv/_add_three_ints.py
[9.411s] -- Installing: /home/kim/ros2_ws/install/my_interfaces/local/lib/python3.10/dist-packages/my_interfaces/__init__.py
[9.412s] -- Up-to-date: /home/kim/ros2_ws/install/my_interfaces/local/lib/python3.10/dist-packages/my_interfaces/action
[9.412s] -- Installing: /home/kim/ros2_ws/install/my_interfaces/local/lib/python3.10/dist-packages/my_interfaces/action/_move_s.c
[9.412s] -- Installing: /home/kim/ros2_ws/install/my_interfaces/local/lib/python3.10/dist-packages/my_interfaces/action/_count_until_s.c
[9.412s] -- Installing: /home/kim/ros2_ws/install/my_interfaces/local/lib/python3.10/dist-packages/my_interfaces/action/__init__.py
[9.412s] -- Installing: /home/kim/ros2_ws/install/my_interfaces/local/lib/python3.10/dist-packages/my_interfaces/action/_count_until.py
[9.412s] -- Installing: /home/kim/ros2_ws/install/my_interfaces/local/lib/python3.10/dist-packages/my_interfaces/action/_move.py
[9.412s] -- Up-to-date: /home/kim/ros2_ws/install/my_interfaces/local/lib/python3.10/dist-packages/my_interfaces/msg
[9.412s] -- Installing: /home/kim/ros2_ws/install/my_interfaces/local/lib/python3.10/dist-packages/my_interfaces/msg/_num_for_test_s.c
[9.412s] -- Installing: /home/kim/ros2_ws/install/my_interfaces/local/lib/python3.10/dist-packages/my_interfaces/msg/__init__.py
[9.413s] -- Installing: /home/kim/ros2_ws/install/my_interfaces/local/lib/python3.10/dist-packages/my_interfaces/msg/_sensor_status.py
[9.413s] -- Installing: /home/kim/ros2_ws/install/my_interfaces/local/lib/python3.10/dist-packages/my_interfaces/msg/_num_for_test.py
[9.413s] -- Installing: /home/kim/ros2_ws/install/my_interfaces/local/lib/python3.10/dist-packages/my_interfaces/msg/_sensor_status_s.c
[9.413s] -- Installing: /home/kim/ros2_ws/install/my_interfaces/local/lib/python3.10/dist-packages/my_interfaces/_my_interfaces_s.ep.rosidl_typesupport_introspection_c.c
[9.413s] -- Installing: /home/kim/ros2_ws/install/my_interfaces/local/lib/python3.10/dist-packages/my_interfaces/my_interfaces_s__rosidl_typesupport_c.cpython-310-x86_64-linux-gnu.so
[9.413s] -- Installing: /home/kim/ros2_ws/install/my_interfaces/local/lib/python3.10/dist-packages/my_interfaces/_my_interfaces_s.ep.rosidl_typesupport_fastrtps_c.c
[9.466s] Listing '/home/kim/ros2_ws/install/my_interfaces/local/lib/python3.10/dist-packages/my_interfaces'...
[9.466s] Compiling '/home/kim/ros2_ws/install/my_interfaces/local/lib/python3.10/dist-packages/my_interfaces/__init__.py'...
[9.466s] Listing '/home/kim/ros2_ws/install/my_interfaces/local/lib/python3.10/dist-packages/my_interfaces/action'...
[9.466s] Compiling '/home/kim/ros2_ws/install/my_interfaces/local/lib/python3.10/dist-packages/my_interfaces/action/__init__.py'...
[9.467s] Compiling '/home/kim/ros2_ws/install/my_interfaces/local/lib/python3.10/dist-packages/my_interfaces/action/_count_until.py'...
[9.467s] Compiling '/home/kim/ros2_ws/install/my_interfaces/local/lib/python3.10/dist-packages/my_interfaces/action/_move.py'...
[9.467s] Listing '/home/kim/ros2_ws/install/my_interfaces/local/lib/python3.10/dist-packages/my_interfaces/msg'...
[9.467s] Compiling '/home/kim/ros2_ws/install/my_interfaces/local/lib/python3.10/dist-packages/my_interfaces/msg/__init__.py'...
[9.467s] Compiling '/home/kim/ros2_ws/install/my_interfaces/local/lib/python3.10/dist-packages/my_interfaces/msg/_num_for_test.py'...
[9.467s] Compiling '/home/kim/ros2_ws/install/my_interfaces/local/lib/python3.10/dist-packages/my_interfaces/msg/_sensor_status.py'...
[9.467s] Listing '/home/kim/ros2_ws/install/my_interfaces/local/lib/python3.10/dist-packages/my_interfaces/srv'...
[9.467s] Compiling '/home/kim/ros2_ws/install/my_interfaces/local/lib/python3.10/dist-packages/my_interfaces/srv/__init__.py'...
[9.467s] Compiling '/home/kim/ros2_ws/install/my_interfaces/local/lib/python3.10/dist-packages/my_interfaces/srv/_add_three_ints.py'...
[9.467s] Compiling '/home/kim/ros2_ws/install/my_interfaces/local/lib/python3.10/dist-packages/my_interfaces/srv/_move.py'...
[9.470s] -- Installing: /home/kim/ros2_ws/install/my_interfaces/local/lib/python3.10/dist-packages/my_interfaces/my_interfaces_s__rosidl_typesupport_fastrtps_c.cpython-310-x86_64-linux-gnu.so
[9.470s] -- Set runtime path of "/home/kim/ros2_ws/install/my_interfaces/local/lib/python3.10/dist-packages/my_interfaces/my_interfaces_s__rosidl_typesupport_fastrtps_c.cpython-310-x86_64-linux-gnu.so" to ""
[9.471s] -- Installing: /home/kim/ros2_ws/install/my_interfaces/local/lib/python3.10/dist-packages/my_interfaces/my_interfaces_s__rosidl_typesupport_introspection_c.cpython-310-x86_64-linux-gnu.so
[9.471s] -- Set runtime path of "/home/kim/ros2_ws/install/my_interfaces/local/lib/python3.10/dist-packages/my_interfaces/my_interfaces_s__rosidl_typesupport_introspection_c.cpython-310-x86_64-linux-gnu.so" to ""
[9.471s] -- Installing: /home/kim/ros2_ws/install/my_interfaces/local/lib/python3.10/dist-packages/my_interfaces/my_interfaces_s__rosidl_typesupport_c.cpython-310-x86_64-linux-gnu.so
[9.472s] -- Set runtime path of "/home/kim/ros2_ws/install/my_interfaces/local/lib/python3.10/dist-packages/my_interfaces/my_interfaces_s__rosidl_typesupport_c.cpython-310-x86_64-linux-gnu.so" to ""
[9.473s] -- Installing: /home/kim/ros2_ws/install/my_interfaces/lib/libmy_interfaces__rosidl_generator_py.so
[9.473s] -- Set runtime path of "/home/kim/ros2_ws/install/my_interfaces/lib/libmy_interfaces__rosidl_generator_py.so" to ""
[9.474s] -- Up-to-date: /home/kim/ros2_ws/install/my_interfaces/share/my_interfaces/srv/AddThreeInts.idl
[9.474s] -- Up-to-date: /home/kim/ros2_ws/install/my_interfaces/share/my_interfaces/msg/SensorStatus.idl
[9.474s] -- Up-to-date: /home/kim/ros2_ws/install/my_interfaces/share/my_interfaces/srv/Move.idl
[9.475s] -- Up-to-date: /home/kim/ros2_ws/install/my_interfaces/share/my_interfaces/action/CountUntil.idl
[9.475s] -- Up-to-date: /home/kim/ros2_ws/install/my_interfaces/share/my_interfaces/action/Move.idl
[9.475s] -- Installing: /home/kim/ros2_ws/install/my_interfaces/share/my_interfaces/msg/NumForTest.idl
[9.475s] -- Up-to-date: /home/kim/ros2_ws/install/my_interfaces/share/my_interfaces/srv/AddThreeInts.srv
[9.475s] -- Up-to-date: /home/kim/ros2_ws/install/my_interfaces/share/my_interfaces/srv/AddThreeInts_Request.msg
[9.475s] -- Up-to-date: /home/kim/ros2_ws/install/my_interfaces/share/my_interfaces/srv/AddThreeInts_Response.msg
[9.476s] -- Up-to-date: /home/kim/ros2_ws/install/my_interfaces/share/my_interfaces/msg/SensorStatus.msg
[9.476s] -- Installing: /home/kim/ros2_ws/install/my_interfaces/share/my_interfaces/srv/Move.srv
[9.476s] -- Up-to-date: /home/kim/ros2_ws/install/my_interfaces/share/my_interfaces/srv/Move_Request.msg
[9.476s] -- Installing: /home/kim/ros2_ws/install/my_interfaces/share/my_interfaces/srv/Move_Response.msg
[9.476s] -- Up-to-date: /home/kim/ros2_ws/install/my_interfaces/share/my_interfaces/action/CountUntil.action
[9.476s] -- Up-to-date: /home/kim/ros2_ws/install/my_interfaces/share/my_interfaces/action/Move.action
[9.476s] -- Installing: /home/kim/ros2_ws/install/my_interfaces/share/my_interfaces/msg/NumForTest.msg
[9.476s] -- Up-to-date: /home/kim/ros2_ws/install/my_interfaces/share/my_interfaces/srv
[9.476s] -- Up-to-date: /home/kim/ros2_ws/install/my_interfaces/share/my_interfaces/srv/AddThreeInts.srv
[9.476s] -- Up-to-date: /home/kim/ros2_ws/install/my_interfaces/share/my_interfaces/srv/Move.srv
[9.476s] -- Up-to-date: /home/kim/ros2_ws/install/my_interfaces/share/ament_index/resource_index/package_run_dependencies/my_interfaces
[9.476s] -- Installing: /home/kim/ros2_ws/install/my_interfaces/share/ament_index/resource_index/parent_prefix_path/my_interfaces
[9.476s] -- Up-to-date: /home/kim/ros2_ws/install/my_interfaces/share/my_interfaces/environment/ament_prefix_path.sh
[9.476s] -- Installing: /home/kim/ros2_ws/install/my_interfaces/share/my_interfaces/environment/ament_prefix_path.dsv
[9.476s] -- Up-to-date: /home/kim/ros2_ws/install/my_interfaces/share/my_interfaces/environment/path.sh
[9.476s] -- Installing: /home/kim/ros2_ws/install/my_interfaces/share/my_interfaces/environment/path.dsv
[9.476s] -- Up-to-date: /home/kim/ros2_ws/install/my_interfaces/share/my_interfaces/local_setup.bash
[9.477s] -- Up-to-date: /home/kim/ros2_ws/install/my_interfaces/share/my_interfaces/local_setup.sh
[9.477s] -- Up-to-date: /home/kim/ros2_ws/install/my_interfaces/share/my_interfaces/local_setup.zsh
[9.477s] -- Installing: /home/kim/ros2_ws/install/my_interfaces/share/my_interfaces/local_setup.dsv
[9.477s] -- Installing: /home/kim/ros2_ws/install/my_interfaces/share/my_interfaces/package.dsv
[9.477s] -- Up-to-date: /home/kim/ros2_ws/install/my_interfaces/share/ament_index/resource_index/packages/my_interfaces
[9.477s] -- Up-to-date: /home/kim/ros2_ws/install/my_interfaces/share/my_interfaces/cmake/export_my_interfaces__rosidl_generator_cExport.cmake
[9.477s] -- Up-to-date: /home/kim/ros2_ws/install/my_interfaces/share/my_interfaces/cmake/export_my_interfaces__rosidl_generator_cExport-noconfig.cmake
[9.477s] -- Up-to-date: /home/kim/ros2_ws/install/my_interfaces/share/my_interfaces/cmake/export_my_interfaces__rosidl_typesupport_fastrtps_cExport.cmake
[9.477s] -- Up-to-date: /home/kim/ros2_ws/install/my_interfaces/share/my_interfaces/cmake/export_my_interfaces__rosidl_typesupport_fastrtps_cExport-noconfig.cmake
[9.477s] -- Up-to-date: /home/kim/ros2_ws/install/my_interfaces/share/my_interfaces/cmake/my_interfaces__rosidl_typesupport_introspection_cExport.cmake
[9.477s] -- Up-to-date: /home/kim/ros2_ws/install/my_interfaces/share/my_interfaces/cmake/my_interfaces__rosidl_typesupport_introspection_cExport-noconfig.cmake
[9.478s] -- Up-to-date: /home/kim/ros2_ws/install/my_interfaces/share/my_interfaces/cmake/my_interfaces__rosidl_typesupport_cExport.cmake
[9.478s] -- Up-to-date: /home/kim/ros2_ws/install/my_interfaces/share/my_interfaces/cmake/my_interfaces__rosidl_typesupport_cExport-noconfig.cmake
[9.478s] -- Up-to-date: /home/kim/ros2_ws/install/my_interfaces/share/my_interfaces/cmake/export_my_interfaces__rosidl_generator_cppExport.cmake
[9.479s] -- Up-to-date: /home/kim/ros2_ws/install/my_interfaces/share/my_interfaces/cmake/export_my_interfaces__rosidl_typesupport_fastrtps_cppExport.cmake
[9.479s] -- Up-to-date: /home/kim/ros2_ws/install/my_interfaces/share/my_interfaces/cmake/export_my_interfaces__rosidl_typesupport_fastrtps_cppExport-noconfig.cmake
[9.479s] -- Up-to-date: /home/kim/ros2_ws/install/my_interfaces/share/my_interfaces/cmake/my_interfaces__rosidl_typesupport_introspection_cppExport.cmake
[9.479s] -- Up-to-date: /home/kim/ros2_ws/install/my_interfaces/share/my_interfaces/cmake/my_interfaces__rosidl_typesupport_introspection_cppExport-noconfig.cmake
[9.480s] -- Up-to-date: /home/kim/ros2_ws/install/my_interfaces/share/my_interfaces/cmake/my_interfaces__rosidl_typesupport_cppExport.cmake
[9.480s] -- Up-to-date: /home/kim/ros2_ws/install/my_interfaces/share/my_interfaces/cmake/my_interfaces__rosidl_typesupport_cppExport-noconfig.cmake
[9.482s] -- Up-to-date: /home/kim/ros2_ws/install/my_interfaces/share/my_interfaces/cmake/export_my_interfaces__rosidl_generator_pyExport.cmake
[9.482s] -- Up-to-date: /home/kim/ros2_ws/install/my_interfaces/share/my_interfaces/cmake/export_my_interfaces__rosidl_generator_pyExport-noconfig.cmake
[9.482s] -- Installing: /home/kim/ros2_ws/install/my_interfaces/share/my_interfaces/cmake/rosidl_cmake-extras.cmake
[9.483s] -- Up-to-date: /home/kim/ros2_ws/install/my_interfaces/share/my_interfaces/cmake/ament_cmake_export_dependencies-extras.cmake
[9.483s] -- Up-to-date: /home/kim/ros2_ws/install/my_interfaces/share/my_interfaces/cmake/ament_cmake_export_include_directories-extras.cmake
[9.484s] -- Up-to-date: /home/kim/ros2_ws/install/my_interfaces/share/my_interfaces/cmake/ament_cmake_export_libraries-extras.cmake
[9.484s] -- Up-to-date: /home/kim/ros2_ws/install/my_interfaces/share/my_interfaces/cmake/ament_cmake_export_targets-extras.cmake
[9.484s] -- Up-to-date: /home/kim/ros2_ws/install/my_interfaces/share/my_interfaces/cmake/rosidl_cmake_export_typesupport_targets-extras.cmake
[9.484s] -- Up-to-date: /home/kim/ros2_ws/install/my_interfaces/share/my_interfaces/cmake/rosidl_cmake_export_typesupport_libraries-extras.cmake
[9.484s] -- Up-to-date: /home/kim/ros2_ws/install/my_interfaces/share/my_interfaces/cmake/my_interfacesConfig.cmake
[9.485s] -- Up-to-date: /home/kim/ros2_ws/install/my_interfaces/share/my_interfaces/cmake/my_interfacesConfig-version.cmake
[9.485s] -- Up-to-date: /home/kim/ros2_ws/install/my_interfaces/share/my_interfaces/package.xml
[9.485s] Invoked command in '/home/kim/ros2_ws/build/my_interfaces' returned '0': CMAKE_PREFIX_PATH=${CMAKE_PREFIX_PATH}:/home/kim/ros2_ws/install/simple_test_pkg:/home/kim/ros2_ws/install/my_first_pkg:/home/kim/ros2_ws/install/cv2_pkg:/opt/ros/humble /usr/bin/cmake --install /home/kim/ros2_ws/build/my_interfaces
