[0.013s] Invoking command in '/home/kim/ros2_ws/build/nav_pkg': CMAKE_PREFIX_PATH=${CMAKE_PREFIX_PATH}:/home/kim/ros2_ws/install/slam_pkg:/home/kim/ros2_ws/install/simple_test_pkg:/home/kim/ros2_ws/install/my_first_pkg:/home/kim/ros2_ws/install/cv2_pkg:/opt/ros/humble /usr/bin/cmake /home/kim/ros2_ws/src/nav_pkg -DCMAKE_INSTALL_PREFIX=/home/kim/ros2_ws/install/nav_pkg
[0.181s] -- The C compiler identification is GNU 11.4.0
[0.338s] -- The CXX compiler identification is GNU 11.4.0
[0.362s] -- Detecting C compiler ABI info
[0.513s] -- Detecting C compiler ABI info - done
[0.520s] -- Check for working C compiler: /usr/bin/cc - skipped
[0.521s] -- Detecting C compile features
[0.523s] -- Detecting C compile features - done
[0.528s] -- Detecting CXX compiler ABI info
[0.619s] -- Detecting CXX compiler ABI info - done
[0.626s] -- Check for working CXX compiler: /usr/bin/c++ - skipped
[0.626s] -- Detecting CXX compile features
[0.626s] -- Detecting CXX compile features - done
[0.637s] -- Found ament_cmake: 1.3.10 (/opt/ros/humble/share/ament_cmake/cmake)
[0.840s] -- Found Python3: /usr/bin/python3 (found version "3.10.12") found components: Interpreter 
[0.979s] -- Found rclcpp: 16.0.10 (/opt/ros/humble/share/rclcpp/cmake)
[1.053s] -- Found rosidl_generator_c: 3.1.5 (/opt/ros/humble/share/rosidl_generator_c/cmake)
[1.061s] -- Found rosidl_adapter: 3.1.5 (/opt/ros/humble/share/rosidl_adapter/cmake)
[1.083s] -- Found rosidl_generator_cpp: 3.1.5 (/opt/ros/humble/share/rosidl_generator_cpp/cmake)
[1.109s] -- Using all available rosidl_typesupport_c: rosidl_typesupport_fastrtps_c;rosidl_typesupport_introspection_c
[1.135s] -- Using all available rosidl_typesupport_cpp: rosidl_typesupport_fastrtps_cpp;rosidl_typesupport_introspection_cpp
[1.250s] -- Found rmw_implementation_cmake: 6.1.2 (/opt/ros/humble/share/rmw_implementation_cmake/cmake)
[1.257s] -- Found rmw_fastrtps_cpp: 6.2.7 (/opt/ros/humble/share/rmw_fastrtps_cpp/cmake)
[1.420s] -- Found OpenSSL: /usr/lib/x86_64-linux-gnu/libcrypto.so (found version "3.0.2")  
[1.466s] -- Found FastRTPS: /opt/ros/humble/include  
[1.509s] -- Using RMW implementation 'rmw_fastrtps_cpp' as default
[1.528s] -- Looking for pthread.h
[1.635s] -- Looking for pthread.h - found
[1.636s] -- Performing Test CMAKE_HAVE_LIBC_PTHREAD
[1.719s] -- Performing Test CMAKE_HAVE_LIBC_PTHREAD - Success
[1.720s] -- Found Threads: TRUE  
[1.829s] [31mCMake Error at CMakeLists.txt:18 (install):
[1.829s]   install DIRECTORY given no DESTINATION!
[1.830s] 
[1.830s] [0m
[1.832s] -- Found ament_lint_auto: 0.12.11 (/opt/ros/humble/share/ament_lint_auto/cmake)
[1.930s] -- Added test 'flake8' to check Python code syntax and style conventions
[1.931s] -- Added test 'lint_cmake' to check CMake code style
[1.932s] -- Added test 'pep257' to check Python code against some of the docstring style conventions in PEP 257
[1.933s] -- Added test 'xmllint' to check XML markup files
[1.936s] -- Configuring incomplete, errors occurred!
[1.936s] See also "/home/kim/ros2_ws/build/nav_pkg/CMakeFiles/CMakeOutput.log".
[1.947s] Invoked command in '/home/kim/ros2_ws/build/nav_pkg' returned '1': CMAKE_PREFIX_PATH=${CMAKE_PREFIX_PATH}:/home/kim/ros2_ws/install/slam_pkg:/home/kim/ros2_ws/install/simple_test_pkg:/home/kim/ros2_ws/install/my_first_pkg:/home/kim/ros2_ws/install/cv2_pkg:/opt/ros/humble /usr/bin/cmake /home/kim/ros2_ws/src/nav_pkg -DCMAKE_INSTALL_PREFIX=/home/kim/ros2_ws/install/nav_pkg
