[0.723s] Invoking command in '/home/kim/ros2_ws/src/slam_pkg': PYTHONPATH=/home/kim/ros2_ws/build/slam_pkg/prefix_override:/usr/lib/python3/dist-packages/colcon_core/task/python/colcon_distutils_commands:/home/kim/ros2_ws/install/slam_pkg/lib/python3.10/site-packages:${PYTHONPATH} /usr/bin/python3 -W ignore:setup.py install is deprecated -W ignore:easy_install command is deprecated setup.py egg_info --egg-base ../../build/slam_pkg build --build-base /home/kim/ros2_ws/build/slam_pkg/build install --record /home/kim/ros2_ws/build/slam_pkg/install.log --single-version-externally-managed install_data
[0.947s] running egg_info
[0.948s] writing ../../build/slam_pkg/slam_pkg.egg-info/PKG-INFO
[0.948s] writing dependency_links to ../../build/slam_pkg/slam_pkg.egg-info/dependency_links.txt
[0.948s] writing entry points to ../../build/slam_pkg/slam_pkg.egg-info/entry_points.txt
[0.949s] writing requirements to ../../build/slam_pkg/slam_pkg.egg-info/requires.txt
[0.949s] writing top-level names to ../../build/slam_pkg/slam_pkg.egg-info/top_level.txt
[0.950s] reading manifest file '../../build/slam_pkg/slam_pkg.egg-info/SOURCES.txt'
[0.950s] writing manifest file '../../build/slam_pkg/slam_pkg.egg-info/SOURCES.txt'
[0.950s] running build
[0.950s] running build_py
[0.950s] copying slam_pkg/occupancy_pub.py -> /home/kim/ros2_ws/build/slam_pkg/build/lib/slam_pkg
[0.952s] running install
[0.952s] running install_lib
[0.952s] copying /home/kim/ros2_ws/build/slam_pkg/build/lib/slam_pkg/occupancy_pub.py -> /home/kim/ros2_ws/install/slam_pkg/lib/python3.10/site-packages/slam_pkg
[0.952s] byte-compiling /home/kim/ros2_ws/install/slam_pkg/lib/python3.10/site-packages/slam_pkg/occupancy_pub.py to occupancy_pub.cpython-310.pyc
[0.953s] running install_data
[0.954s] copying package.xml -> /home/kim/ros2_ws/install/slam_pkg/share/slam_pkg
[0.954s] running install_egg_info
[0.955s] removing '/home/kim/ros2_ws/install/slam_pkg/lib/python3.10/site-packages/slam_pkg-0.0.0-py3.10.egg-info' (and everything under it)
[0.959s] Copying ../../build/slam_pkg/slam_pkg.egg-info to /home/kim/ros2_ws/install/slam_pkg/lib/python3.10/site-packages/slam_pkg-0.0.0-py3.10.egg-info
[0.959s] running install_scripts
[0.976s] writing list of installed files to '/home/kim/ros2_ws/build/slam_pkg/install.log'
[1.007s] Invoked command in '/home/kim/ros2_ws/src/slam_pkg' returned '0': PYTHONPATH=/home/kim/ros2_ws/build/slam_pkg/prefix_override:/usr/lib/python3/dist-packages/colcon_core/task/python/colcon_distutils_commands:/home/kim/ros2_ws/install/slam_pkg/lib/python3.10/site-packages:${PYTHONPATH} /usr/bin/python3 -W ignore:setup.py install is deprecated -W ignore:easy_install command is deprecated setup.py egg_info --egg-base ../../build/slam_pkg build --build-base /home/kim/ros2_ws/build/slam_pkg/build install --record /home/kim/ros2_ws/build/slam_pkg/install.log --single-version-externally-managed install_data
