[0.586s] Invoking command in '/home/kim/ros2_ws/src/my_first_pkg': PYTHONPATH=/home/kim/ros2_ws/build/my_first_pkg/prefix_override:/usr/lib/python3/dist-packages/colcon_core/task/python/colcon_distutils_commands:/home/kim/ros2_ws/install/my_first_pkg/lib/python3.10/site-packages:${PYTHONPATH} /usr/bin/python3 -W ignore:setup.py install is deprecated -W ignore:easy_install command is deprecated setup.py egg_info --egg-base ../../build/my_first_pkg build --build-base /home/kim/ros2_ws/build/my_first_pkg/build install --record /home/kim/ros2_ws/build/my_first_pkg/install.log --single-version-externally-managed install_data
[0.815s] running egg_info
[0.815s] writing ../../build/my_first_pkg/my_first_pkg.egg-info/PKG-INFO
[0.815s] writing dependency_links to ../../build/my_first_pkg/my_first_pkg.egg-info/dependency_links.txt
[0.816s] writing entry points to ../../build/my_first_pkg/my_first_pkg.egg-info/entry_points.txt
[0.816s] writing requirements to ../../build/my_first_pkg/my_first_pkg.egg-info/requires.txt
[0.816s] writing top-level names to ../../build/my_first_pkg/my_first_pkg.egg-info/top_level.txt
[0.818s] reading manifest file '../../build/my_first_pkg/my_first_pkg.egg-info/SOURCES.txt'
[0.818s] writing manifest file '../../build/my_first_pkg/my_first_pkg.egg-info/SOURCES.txt'
[0.819s] running build
[0.819s] running build_py
[0.821s] copying my_first_pkg/news_sub.py -> /home/kim/ros2_ws/build/my_first_pkg/build/lib/my_first_pkg
[0.822s] running install
[0.822s] running install_lib
[0.822s] copying /home/kim/ros2_ws/build/my_first_pkg/build/lib/my_first_pkg/news_sub.py -> /home/kim/ros2_ws/install/my_first_pkg/lib/python3.10/site-packages/my_first_pkg
[0.826s] byte-compiling /home/kim/ros2_ws/install/my_first_pkg/lib/python3.10/site-packages/my_first_pkg/news_sub.py to news_sub.cpython-310.pyc
[0.826s] running install_data
[0.826s] copying launch/new.launch.py -> /home/kim/ros2_ws/install/my_first_pkg/share/my_first_pkg/launch
[0.826s] running install_egg_info
[0.827s] removing '/home/kim/ros2_ws/install/my_first_pkg/lib/python3.10/site-packages/my_first_pkg-0.0.0-py3.10.egg-info' (and everything under it)
[0.828s] Copying ../../build/my_first_pkg/my_first_pkg.egg-info to /home/kim/ros2_ws/install/my_first_pkg/lib/python3.10/site-packages/my_first_pkg-0.0.0-py3.10.egg-info
[0.828s] running install_scripts
[0.850s] Installing add_three_ints_client script to /home/kim/ros2_ws/install/my_first_pkg/lib/my_first_pkg
[0.850s] Installing add_three_ints_server script to /home/kim/ros2_ws/install/my_first_pkg/lib/my_first_pkg
[0.851s] Installing add_two_ints_client script to /home/kim/ros2_ws/install/my_first_pkg/lib/my_first_pkg
[0.851s] Installing add_two_ints_server script to /home/kim/ros2_ws/install/my_first_pkg/lib/my_first_pkg
[0.851s] Installing counter_node script to /home/kim/ros2_ws/install/my_first_pkg/lib/my_first_pkg
[0.852s] Installing counter_pub script to /home/kim/ros2_ws/install/my_first_pkg/lib/my_first_pkg
[0.852s] Installing robot_station2 script to /home/kim/ros2_ws/install/my_first_pkg/lib/my_first_pkg
[0.852s] Installing sensor_status_pub script to /home/kim/ros2_ws/install/my_first_pkg/lib/my_first_pkg
[0.852s] Installing sensor_status_sub script to /home/kim/ros2_ws/install/my_first_pkg/lib/my_first_pkg
[0.852s] Installing sub_sub script to /home/kim/ros2_ws/install/my_first_pkg/lib/my_first_pkg
[0.852s] Installing turtle_color script to /home/kim/ros2_ws/install/my_first_pkg/lib/my_first_pkg
[0.852s] Installing turtle_pose script to /home/kim/ros2_ws/install/my_first_pkg/lib/my_first_pkg
[0.852s] Installing turtlesim_controller script to /home/kim/ros2_ws/install/my_first_pkg/lib/my_first_pkg
[0.853s] Installing turtlesim_pub script to /home/kim/ros2_ws/install/my_first_pkg/lib/my_first_pkg
[0.853s] writing list of installed files to '/home/kim/ros2_ws/build/my_first_pkg/install.log'
[0.880s] Invoked command in '/home/kim/ros2_ws/src/my_first_pkg' returned '0': PYTHONPATH=/home/kim/ros2_ws/build/my_first_pkg/prefix_override:/usr/lib/python3/dist-packages/colcon_core/task/python/colcon_distutils_commands:/home/kim/ros2_ws/install/my_first_pkg/lib/python3.10/site-packages:${PYTHONPATH} /usr/bin/python3 -W ignore:setup.py install is deprecated -W ignore:easy_install command is deprecated setup.py egg_info --egg-base ../../build/my_first_pkg build --build-base /home/kim/ros2_ws/build/my_first_pkg/build install --record /home/kim/ros2_ws/build/my_first_pkg/install.log --single-version-externally-managed install_data
