[0.777s] Invoking command in '/home/kim/ros2_ws/src/my_first_pkg': PYTHONPATH=/home/kim/ros2_ws/build/my_first_pkg/prefix_override:/usr/lib/python3/dist-packages/colcon_core/task/python/colcon_distutils_commands:/home/kim/ros2_ws/install/my_first_pkg/lib/python3.10/site-packages:${PYTHONPATH} /usr/bin/python3 -W ignore:setup.py install is deprecated -W ignore:easy_install command is deprecated setup.py egg_info --egg-base ../../build/my_first_pkg build --build-base /home/kim/ros2_ws/build/my_first_pkg/build install --record /home/kim/ros2_ws/build/my_first_pkg/install.log --single-version-externally-managed install_data
[1.136s] running egg_info
[1.139s] writing ../../build/my_first_pkg/my_first_pkg.egg-info/PKG-INFO
[1.140s] writing dependency_links to ../../build/my_first_pkg/my_first_pkg.egg-info/dependency_links.txt
[1.140s] writing entry points to ../../build/my_first_pkg/my_first_pkg.egg-info/entry_points.txt
[1.140s] writing requirements to ../../build/my_first_pkg/my_first_pkg.egg-info/requires.txt
[1.140s] writing top-level names to ../../build/my_first_pkg/my_first_pkg.egg-info/top_level.txt
[1.143s] reading manifest file '../../build/my_first_pkg/my_first_pkg.egg-info/SOURCES.txt'
[1.145s] writing manifest file '../../build/my_first_pkg/my_first_pkg.egg-info/SOURCES.txt'
[1.145s] running build
[1.146s] running build_py
[1.147s] copying my_first_pkg/add_three_ints_client.py -> /home/kim/ros2_ws/build/my_first_pkg/build/lib/my_first_pkg
[1.147s] copying my_first_pkg/add_three_ints_server.py -> /home/kim/ros2_ws/build/my_first_pkg/build/lib/my_first_pkg
[1.147s] copying my_first_pkg/add_two_ints_client.py -> /home/kim/ros2_ws/build/my_first_pkg/build/lib/my_first_pkg
[1.148s] running install
[1.149s] running install_lib
[1.151s] copying /home/kim/ros2_ws/build/my_first_pkg/build/lib/my_first_pkg/add_three_ints_client.py -> /home/kim/ros2_ws/install/my_first_pkg/lib/python3.10/site-packages/my_first_pkg
[1.152s] copying /home/kim/ros2_ws/build/my_first_pkg/build/lib/my_first_pkg/add_three_ints_server.py -> /home/kim/ros2_ws/install/my_first_pkg/lib/python3.10/site-packages/my_first_pkg
[1.152s] copying /home/kim/ros2_ws/build/my_first_pkg/build/lib/my_first_pkg/add_two_ints_client.py -> /home/kim/ros2_ws/install/my_first_pkg/lib/python3.10/site-packages/my_first_pkg
[1.154s] byte-compiling /home/kim/ros2_ws/install/my_first_pkg/lib/python3.10/site-packages/my_first_pkg/add_three_ints_client.py to add_three_ints_client.cpython-310.pyc
[1.158s] byte-compiling /home/kim/ros2_ws/install/my_first_pkg/lib/python3.10/site-packages/my_first_pkg/add_three_ints_server.py to add_three_ints_server.cpython-310.pyc
[1.158s] byte-compiling /home/kim/ros2_ws/install/my_first_pkg/lib/python3.10/site-packages/my_first_pkg/add_two_ints_client.py to add_two_ints_client.cpython-310.pyc
[1.158s] running install_data
[1.158s] copying package.xml -> /home/kim/ros2_ws/install/my_first_pkg/share/my_first_pkg
[1.158s] running install_egg_info
[1.158s] removing '/home/kim/ros2_ws/install/my_first_pkg/lib/python3.10/site-packages/my_first_pkg-0.0.0-py3.10.egg-info' (and everything under it)
[1.160s] Copying ../../build/my_first_pkg/my_first_pkg.egg-info to /home/kim/ros2_ws/install/my_first_pkg/lib/python3.10/site-packages/my_first_pkg-0.0.0-py3.10.egg-info
[1.162s] running install_scripts
[1.187s] Installing add_two_ints_client script to /home/kim/ros2_ws/install/my_first_pkg/lib/my_first_pkg
[1.189s] Installing add_two_ints_server script to /home/kim/ros2_ws/install/my_first_pkg/lib/my_first_pkg
[1.189s] Installing counter_node script to /home/kim/ros2_ws/install/my_first_pkg/lib/my_first_pkg
[1.189s] Installing counter_pub script to /home/kim/ros2_ws/install/my_first_pkg/lib/my_first_pkg
[1.192s] Installing robot_station2 script to /home/kim/ros2_ws/install/my_first_pkg/lib/my_first_pkg
[1.192s] Installing sub_sub script to /home/kim/ros2_ws/install/my_first_pkg/lib/my_first_pkg
[1.192s] Installing turtle_color script to /home/kim/ros2_ws/install/my_first_pkg/lib/my_first_pkg
[1.192s] Installing turtle_pose script to /home/kim/ros2_ws/install/my_first_pkg/lib/my_first_pkg
[1.193s] Installing turtlesim_controller script to /home/kim/ros2_ws/install/my_first_pkg/lib/my_first_pkg
[1.193s] Installing turtlesim_pub script to /home/kim/ros2_ws/install/my_first_pkg/lib/my_first_pkg
[1.193s] writing list of installed files to '/home/kim/ros2_ws/build/my_first_pkg/install.log'
[1.233s] Invoked command in '/home/kim/ros2_ws/src/my_first_pkg' returned '0': PYTHONPATH=/home/kim/ros2_ws/build/my_first_pkg/prefix_override:/usr/lib/python3/dist-packages/colcon_core/task/python/colcon_distutils_commands:/home/kim/ros2_ws/install/my_first_pkg/lib/python3.10/site-packages:${PYTHONPATH} /usr/bin/python3 -W ignore:setup.py install is deprecated -W ignore:easy_install command is deprecated setup.py egg_info --egg-base ../../build/my_first_pkg build --build-base /home/kim/ros2_ws/build/my_first_pkg/build install --record /home/kim/ros2_ws/build/my_first_pkg/install.log --single-version-externally-managed install_data
