[0.039s] Invoking command in '/home/kim/ros2_ws/build/my_robot_description': CMAKE_PREFIX_PATH=${CMAKE_PREFIX_PATH}:/home/kim/ros2_ws/install/simple_test_pkg:/home/kim/ros2_ws/install/my_first_pkg:/opt/ros/humble /usr/bin/cmake /home/kim/ros2_ws/src/my_robot_description -DCMAKE_INSTALL_PREFIX=/home/kim/ros2_ws/install/my_robot_description
[0.097s] -- The C compiler identification is GNU 11.4.0
[0.167s] -- The CXX compiler identification is GNU 11.4.0
[0.178s] -- Detecting C compiler ABI info
[0.253s] -- Detecting C compiler ABI info - done
[0.262s] -- Check for working C compiler: /usr/bin/cc - skipped
[0.262s] -- Detecting C compile features
[0.262s] -- Detecting C compile features - done
[0.264s] -- Detecting CXX compiler ABI info
[0.356s] -- Detecting CXX compiler ABI info - done
[0.362s] -- Check for working CXX compiler: /usr/bin/c++ - skipped
[0.362s] -- Detecting CXX compile features
[0.362s] -- Detecting CXX compile features - done
[0.369s] -- Found ament_cmake: 1.3.10 (/opt/ros/humble/share/ament_cmake/cmake)
[0.516s] -- Found Python3: /usr/bin/python3 (found version "3.10.12") found components: Interpreter 
[0.603s] -- Found ament_lint_auto: 0.12.11 (/opt/ros/humble/share/ament_lint_auto/cmake)
[0.672s] -- Added test 'flake8' to check Python code syntax and style conventions
[0.674s] -- Added test 'lint_cmake' to check CMake code style
[0.674s] -- Added test 'pep257' to check Python code against some of the docstring style conventions in PEP 257
[0.674s] -- Added test 'xmllint' to check XML markup files
[0.676s] -- Configuring done
[0.678s] -- Generating done
[0.680s] -- Build files have been written to: /home/kim/ros2_ws/build/my_robot_description
[0.682s] Invoked command in '/home/kim/ros2_ws/build/my_robot_description' returned '0': CMAKE_PREFIX_PATH=${CMAKE_PREFIX_PATH}:/home/kim/ros2_ws/install/simple_test_pkg:/home/kim/ros2_ws/install/my_first_pkg:/opt/ros/humble /usr/bin/cmake /home/kim/ros2_ws/src/my_robot_description -DCMAKE_INSTALL_PREFIX=/home/kim/ros2_ws/install/my_robot_description
[0.684s] Invoking command in '/home/kim/ros2_ws/build/my_robot_description': CMAKE_PREFIX_PATH=${CMAKE_PREFIX_PATH}:/home/kim/ros2_ws/install/simple_test_pkg:/home/kim/ros2_ws/install/my_first_pkg:/opt/ros/humble /usr/bin/cmake --build /home/kim/ros2_ws/build/my_robot_description -- -j8 -l8
[0.718s] Invoked command in '/home/kim/ros2_ws/build/my_robot_description' returned '0': CMAKE_PREFIX_PATH=${CMAKE_PREFIX_PATH}:/home/kim/ros2_ws/install/simple_test_pkg:/home/kim/ros2_ws/install/my_first_pkg:/opt/ros/humble /usr/bin/cmake --build /home/kim/ros2_ws/build/my_robot_description -- -j8 -l8
[0.729s] Invoking command in '/home/kim/ros2_ws/build/my_robot_description': CMAKE_PREFIX_PATH=${CMAKE_PREFIX_PATH}:/home/kim/ros2_ws/install/simple_test_pkg:/home/kim/ros2_ws/install/my_first_pkg:/opt/ros/humble /usr/bin/cmake --install /home/kim/ros2_ws/build/my_robot_description
[0.735s] -- Install configuration: ""
[0.735s] -- Installing: /home/kim/ros2_ws/install/my_robot_description/share/ament_index/resource_index/package_run_dependencies/my_robot_description
[0.735s] -- Installing: /home/kim/ros2_ws/install/my_robot_description/share/ament_index/resource_index/parent_prefix_path/my_robot_description
[0.735s] -- Installing: /home/kim/ros2_ws/install/my_robot_description/share/my_robot_description/environment/ament_prefix_path.sh
[0.736s] -- Installing: /home/kim/ros2_ws/install/my_robot_description/share/my_robot_description/environment/ament_prefix_path.dsv
[0.736s] -- Installing: /home/kim/ros2_ws/install/my_robot_description/share/my_robot_description/environment/path.sh
[0.739s] -- Installing: /home/kim/ros2_ws/install/my_robot_description/share/my_robot_description/environment/path.dsv
[0.740s] -- Installing: /home/kim/ros2_ws/install/my_robot_description/share/my_robot_description/local_setup.bash
[0.741s] -- Installing: /home/kim/ros2_ws/install/my_robot_description/share/my_robot_description/local_setup.sh
[0.742s] -- Installing: /home/kim/ros2_ws/install/my_robot_description/share/my_robot_description/local_setup.zsh
[0.742s] -- Installing: /home/kim/ros2_ws/install/my_robot_description/share/my_robot_description/local_setup.dsv
[0.742s] -- Installing: /home/kim/ros2_ws/install/my_robot_description/share/my_robot_description/package.dsv
[0.742s] -- Installing: /home/kim/ros2_ws/install/my_robot_description/share/ament_index/resource_index/packages/my_robot_description
[0.742s] -- Installing: /home/kim/ros2_ws/install/my_robot_description/share/my_robot_description/cmake/my_robot_descriptionConfig.cmake
[0.743s] -- Installing: /home/kim/ros2_ws/install/my_robot_description/share/my_robot_description/cmake/my_robot_descriptionConfig-version.cmake
[0.743s] -- Installing: /home/kim/ros2_ws/install/my_robot_description/share/my_robot_description/package.xml
[0.744s] Invoked command in '/home/kim/ros2_ws/build/my_robot_description' returned '0': CMAKE_PREFIX_PATH=${CMAKE_PREFIX_PATH}:/home/kim/ros2_ws/install/simple_test_pkg:/home/kim/ros2_ws/install/my_first_pkg:/opt/ros/humble /usr/bin/cmake --install /home/kim/ros2_ws/build/my_robot_description
