[0.008s] Invoking command in '/home/kim/ros2_ws/build/nav_pkg': CMAKE_PREFIX_PATH=${CMAKE_PREFIX_PATH}:/home/kim/ros2_ws/install/slam_pkg:/home/kim/ros2_ws/install/simple_test_pkg:/home/kim/ros2_ws/install/my_first_pkg:/home/kim/ros2_ws/install/cv2_pkg:/opt/ros/humble /usr/bin/cmake /home/kim/ros2_ws/src/nav_pkg -DCMAKE_INSTALL_PREFIX=/home/kim/ros2_ws/install/nav_pkg
[0.026s] -- Found ament_cmake: 1.3.10 (/opt/ros/humble/share/ament_cmake/cmake)
[0.171s] -- Found rclcpp: 16.0.10 (/opt/ros/humble/share/rclcpp/cmake)
[0.202s] -- Found rosidl_generator_c: 3.1.5 (/opt/ros/humble/share/rosidl_generator_c/cmake)
[0.204s] -- Found rosidl_adapter: 3.1.5 (/opt/ros/humble/share/rosidl_adapter/cmake)
[0.210s] -- Found rosidl_generator_cpp: 3.1.5 (/opt/ros/humble/share/rosidl_generator_cpp/cmake)
[0.219s] -- Using all available rosidl_typesupport_c: rosidl_typesupport_fastrtps_c;rosidl_typesupport_introspection_c
[0.230s] -- Using all available rosidl_typesupport_cpp: rosidl_typesupport_fastrtps_cpp;rosidl_typesupport_introspection_cpp
[0.261s] -- Found rmw_implementation_cmake: 6.1.2 (/opt/ros/humble/share/rmw_implementation_cmake/cmake)
[0.262s] -- Found rmw_fastrtps_cpp: 6.2.7 (/opt/ros/humble/share/rmw_fastrtps_cpp/cmake)
[0.367s] -- Using RMW implementation 'rmw_fastrtps_cpp' as default
[0.435s] -- Found ament_lint_auto: 0.12.11 (/opt/ros/humble/share/ament_lint_auto/cmake)
[0.527s] -- Added test 'flake8' to check Python code syntax and style conventions
[0.529s] -- Added test 'lint_cmake' to check CMake code style
[0.529s] -- Added test 'pep257' to check Python code against some of the docstring style conventions in PEP 257
[0.529s] -- Added test 'xmllint' to check XML markup files
[0.529s] -- Configuring done
[0.532s] -- Generating done
[0.534s] -- Build files have been written to: /home/kim/ros2_ws/build/nav_pkg
[0.547s] Invoked command in '/home/kim/ros2_ws/build/nav_pkg' returned '0': CMAKE_PREFIX_PATH=${CMAKE_PREFIX_PATH}:/home/kim/ros2_ws/install/slam_pkg:/home/kim/ros2_ws/install/simple_test_pkg:/home/kim/ros2_ws/install/my_first_pkg:/home/kim/ros2_ws/install/cv2_pkg:/opt/ros/humble /usr/bin/cmake /home/kim/ros2_ws/src/nav_pkg -DCMAKE_INSTALL_PREFIX=/home/kim/ros2_ws/install/nav_pkg
[0.548s] Invoking command in '/home/kim/ros2_ws/build/nav_pkg': CMAKE_PREFIX_PATH=${CMAKE_PREFIX_PATH}:/home/kim/ros2_ws/install/slam_pkg:/home/kim/ros2_ws/install/simple_test_pkg:/home/kim/ros2_ws/install/my_first_pkg:/home/kim/ros2_ws/install/cv2_pkg:/opt/ros/humble /usr/bin/cmake --build /home/kim/ros2_ws/build/nav_pkg -- -j8 -l8
[0.605s] Invoked command in '/home/kim/ros2_ws/build/nav_pkg' returned '0': CMAKE_PREFIX_PATH=${CMAKE_PREFIX_PATH}:/home/kim/ros2_ws/install/slam_pkg:/home/kim/ros2_ws/install/simple_test_pkg:/home/kim/ros2_ws/install/my_first_pkg:/home/kim/ros2_ws/install/cv2_pkg:/opt/ros/humble /usr/bin/cmake --build /home/kim/ros2_ws/build/nav_pkg -- -j8 -l8
[0.614s] Invoking command in '/home/kim/ros2_ws/build/nav_pkg': CMAKE_PREFIX_PATH=${CMAKE_PREFIX_PATH}:/home/kim/ros2_ws/install/slam_pkg:/home/kim/ros2_ws/install/simple_test_pkg:/home/kim/ros2_ws/install/my_first_pkg:/home/kim/ros2_ws/install/cv2_pkg:/opt/ros/humble /usr/bin/cmake --install /home/kim/ros2_ws/build/nav_pkg
[0.620s] -- Install configuration: ""
[0.620s] -- Installing: /home/kim/ros2_ws/install/nav_pkg/share/nav_pkg/config
[0.620s] -- Installing: /home/kim/ros2_ws/install/nav_pkg/share/nav_pkg/config/turtlebot3_lds_2d.lua
[0.621s] -- Installing: /home/kim/ros2_ws/install/nav_pkg/share/nav_pkg/launch
[0.621s] -- Installing: /home/kim/ros2_ws/install/nav_pkg/share/nav_pkg/launch/mapping.launch.py
[0.621s] -- Installing: /home/kim/ros2_ws/install/nav_pkg/share/ament_index/resource_index/package_run_dependencies/nav_pkg
[0.622s] -- Installing: /home/kim/ros2_ws/install/nav_pkg/share/ament_index/resource_index/parent_prefix_path/nav_pkg
[0.622s] -- Installing: /home/kim/ros2_ws/install/nav_pkg/share/nav_pkg/environment/ament_prefix_path.sh
[0.622s] -- Installing: /home/kim/ros2_ws/install/nav_pkg/share/nav_pkg/environment/ament_prefix_path.dsv
[0.622s] -- Installing: /home/kim/ros2_ws/install/nav_pkg/share/nav_pkg/environment/path.sh
[0.622s] -- Installing: /home/kim/ros2_ws/install/nav_pkg/share/nav_pkg/environment/path.dsv
[0.623s] -- Installing: /home/kim/ros2_ws/install/nav_pkg/share/nav_pkg/local_setup.bash
[0.623s] -- Installing: /home/kim/ros2_ws/install/nav_pkg/share/nav_pkg/local_setup.sh
[0.623s] -- Installing: /home/kim/ros2_ws/install/nav_pkg/share/nav_pkg/local_setup.zsh
[0.623s] -- Installing: /home/kim/ros2_ws/install/nav_pkg/share/nav_pkg/local_setup.dsv
[0.623s] -- Installing: /home/kim/ros2_ws/install/nav_pkg/share/nav_pkg/package.dsv
[0.623s] -- Installing: /home/kim/ros2_ws/install/nav_pkg/share/ament_index/resource_index/packages/nav_pkg
[0.623s] -- Installing: /home/kim/ros2_ws/install/nav_pkg/share/nav_pkg/cmake/nav_pkgConfig.cmake
[0.623s] -- Installing: /home/kim/ros2_ws/install/nav_pkg/share/nav_pkg/cmake/nav_pkgConfig-version.cmake
[0.623s] -- Installing: /home/kim/ros2_ws/install/nav_pkg/share/nav_pkg/package.xml
[0.625s] Invoked command in '/home/kim/ros2_ws/build/nav_pkg' returned '0': CMAKE_PREFIX_PATH=${CMAKE_PREFIX_PATH}:/home/kim/ros2_ws/install/slam_pkg:/home/kim/ros2_ws/install/simple_test_pkg:/home/kim/ros2_ws/install/my_first_pkg:/home/kim/ros2_ws/install/cv2_pkg:/opt/ros/humble /usr/bin/cmake --install /home/kim/ros2_ws/build/nav_pkg
