[0.015s] Invoking command in '/home/kim/ros2_ws/build/my_interfaces': CMAKE_PREFIX_PATH=${CMAKE_PREFIX_PATH}:/home/kim/ros2_ws/install/simple_test_pkg:/home/kim/ros2_ws/install/my_first_pkg:/opt/ros/humble /usr/bin/cmake --build /home/kim/ros2_ws/build/my_interfaces -- -j8 -l8
[0.096s] [ 10%] Built target my_interfaces__rosidl_generator_c
[0.105s] [ 12%] Built target my_interfaces__cpp
[0.116s] [ 12%] Built target ament_cmake_python_copy_my_interfaces
[0.138s] [ 23%] Built target my_interfaces__rosidl_typesupport_introspection_c
[0.160s] [ 33%] Built target my_interfaces__rosidl_typesupport_c
[0.160s] [ 43%] Built target my_interfaces__rosidl_typesupport_cpp
[0.163s] [ 53%] Built target my_interfaces__rosidl_typesupport_fastrtps_c
[0.165s] [ 64%] Built target my_interfaces__rosidl_typesupport_fastrtps_cpp
[0.174s] [ 74%] Built target my_interfaces__rosidl_typesupport_introspection_cpp
[0.201s] [ 74%] Built target my_interfaces
[0.237s] [ 76%] Built target my_interfaces__py
[0.277s] [ 84%] Built target my_interfaces__rosidl_generator_py
[0.307s] [ 89%] Built target my_interfaces__rosidl_typesupport_fastrtps_c__pyext
[0.314s] [ 94%] Built target my_interfaces__rosidl_typesupport_introspection_c__pyext
[0.316s] [100%] Built target my_interfaces__rosidl_typesupport_c__pyext
[0.443s] running egg_info
[0.444s] writing my_interfaces.egg-info/PKG-INFO
[0.444s] writing dependency_links to my_interfaces.egg-info/dependency_links.txt
[0.445s] writing top-level names to my_interfaces.egg-info/top_level.txt
[0.447s] reading manifest file 'my_interfaces.egg-info/SOURCES.txt'
[0.447s] writing manifest file 'my_interfaces.egg-info/SOURCES.txt'
[0.474s] [100%] Built target ament_cmake_python_build_my_interfaces_egg
[0.488s] Invoked command in '/home/kim/ros2_ws/build/my_interfaces' returned '0': CMAKE_PREFIX_PATH=${CMAKE_PREFIX_PATH}:/home/kim/ros2_ws/install/simple_test_pkg:/home/kim/ros2_ws/install/my_first_pkg:/opt/ros/humble /usr/bin/cmake --build /home/kim/ros2_ws/build/my_interfaces -- -j8 -l8
[0.499s] Invoking command in '/home/kim/ros2_ws/build/my_interfaces': CMAKE_PREFIX_PATH=${CMAKE_PREFIX_PATH}:/home/kim/ros2_ws/install/simple_test_pkg:/home/kim/ros2_ws/install/my_first_pkg:/opt/ros/humble /usr/bin/cmake --install /home/kim/ros2_ws/build/my_interfaces
[0.509s] -- Install configuration: ""
[0.509s] -- Up-to-date: /home/kim/ros2_ws/install/my_interfaces/share/ament_index/resource_index/rosidl_interfaces/my_interfaces
[0.509s] -- Up-to-date: /home/kim/ros2_ws/install/my_interfaces/include/my_interfaces/my_interfaces
[0.509s] -- Up-to-date: /home/kim/ros2_ws/install/my_interfaces/include/my_interfaces/my_interfaces/srv
[0.510s] -- Up-to-date: /home/kim/ros2_ws/install/my_interfaces/include/my_interfaces/my_interfaces/srv/add_three_ints.h
[0.510s] -- Up-to-date: /home/kim/ros2_ws/install/my_interfaces/include/my_interfaces/my_interfaces/srv/detail
[0.510s] -- Up-to-date: /home/kim/ros2_ws/install/my_interfaces/include/my_interfaces/my_interfaces/srv/detail/add_three_ints__functions.h
[0.510s] -- Up-to-date: /home/kim/ros2_ws/install/my_interfaces/include/my_interfaces/my_interfaces/srv/detail/add_three_ints__struct.h
[0.510s] -- Up-to-date: /home/kim/ros2_ws/install/my_interfaces/include/my_interfaces/my_interfaces/srv/detail/add_three_ints__type_support.h
[0.510s] -- Up-to-date: /home/kim/ros2_ws/install/my_interfaces/include/my_interfaces/my_interfaces/srv/detail/add_three_ints__functions.c
[0.510s] -- Up-to-date: /home/kim/ros2_ws/install/my_interfaces/include/my_interfaces/my_interfaces/msg
[0.510s] -- Up-to-date: /home/kim/ros2_ws/install/my_interfaces/include/my_interfaces/my_interfaces/msg/rosidl_generator_c__visibility_control.h
[0.510s] -- Up-to-date: /home/kim/ros2_ws/install/my_interfaces/include/my_interfaces/my_interfaces/msg/detail
[0.510s] -- Up-to-date: /home/kim/ros2_ws/install/my_interfaces/include/my_interfaces/my_interfaces/msg/detail/sensor_status__functions.h
[0.510s] -- Up-to-date: /home/kim/ros2_ws/install/my_interfaces/include/my_interfaces/my_interfaces/msg/detail/sensor_status__functions.c
[0.510s] -- Up-to-date: /home/kim/ros2_ws/install/my_interfaces/include/my_interfaces/my_interfaces/msg/detail/sensor_status__type_support.h
[0.510s] -- Up-to-date: /home/kim/ros2_ws/install/my_interfaces/include/my_interfaces/my_interfaces/msg/detail/sensor_status__struct.h
[0.510s] -- Up-to-date: /home/kim/ros2_ws/install/my_interfaces/include/my_interfaces/my_interfaces/msg/sensor_status.h
[0.510s] -- Up-to-date: /home/kim/ros2_ws/install/my_interfaces/share/my_interfaces/environment/library_path.sh
[0.511s] -- Up-to-date: /home/kim/ros2_ws/install/my_interfaces/share/my_interfaces/environment/library_path.dsv
[0.511s] -- Up-to-date: /home/kim/ros2_ws/install/my_interfaces/lib/libmy_interfaces__rosidl_generator_c.so
[0.511s] -- Up-to-date: /home/kim/ros2_ws/install/my_interfaces/include/my_interfaces/my_interfaces
[0.511s] -- Up-to-date: /home/kim/ros2_ws/install/my_interfaces/include/my_interfaces/my_interfaces/srv
[0.511s] -- Up-to-date: /home/kim/ros2_ws/install/my_interfaces/include/my_interfaces/my_interfaces/srv/detail
[0.511s] -- Up-to-date: /home/kim/ros2_ws/install/my_interfaces/include/my_interfaces/my_interfaces/srv/detail/add_three_ints__rosidl_typesupport_fastrtps_c.h
[0.511s] -- Up-to-date: /home/kim/ros2_ws/install/my_interfaces/include/my_interfaces/my_interfaces/msg
[0.512s] -- Up-to-date: /home/kim/ros2_ws/install/my_interfaces/include/my_interfaces/my_interfaces/msg/rosidl_typesupport_fastrtps_c__visibility_control.h
[0.512s] -- Up-to-date: /home/kim/ros2_ws/install/my_interfaces/include/my_interfaces/my_interfaces/msg/detail
[0.512s] -- Up-to-date: /home/kim/ros2_ws/install/my_interfaces/include/my_interfaces/my_interfaces/msg/detail/sensor_status__rosidl_typesupport_fastrtps_c.h
[0.512s] -- Up-to-date: /home/kim/ros2_ws/install/my_interfaces/lib/libmy_interfaces__rosidl_typesupport_fastrtps_c.so
[0.512s] -- Up-to-date: /home/kim/ros2_ws/install/my_interfaces/include/my_interfaces/my_interfaces
[0.512s] -- Up-to-date: /home/kim/ros2_ws/install/my_interfaces/include/my_interfaces/my_interfaces/srv
[0.512s] -- Up-to-date: /home/kim/ros2_ws/install/my_interfaces/include/my_interfaces/my_interfaces/srv/detail
[0.512s] -- Up-to-date: /home/kim/ros2_ws/install/my_interfaces/include/my_interfaces/my_interfaces/srv/detail/add_three_ints__type_support.c
[0.512s] -- Up-to-date: /home/kim/ros2_ws/install/my_interfaces/include/my_interfaces/my_interfaces/srv/detail/add_three_ints__rosidl_typesupport_introspection_c.h
[0.512s] -- Up-to-date: /home/kim/ros2_ws/install/my_interfaces/include/my_interfaces/my_interfaces/msg
[0.512s] -- Up-to-date: /home/kim/ros2_ws/install/my_interfaces/include/my_interfaces/my_interfaces/msg/rosidl_typesupport_introspection_c__visibility_control.h
[0.512s] -- Up-to-date: /home/kim/ros2_ws/install/my_interfaces/include/my_interfaces/my_interfaces/msg/detail
[0.512s] -- Up-to-date: /home/kim/ros2_ws/install/my_interfaces/include/my_interfaces/my_interfaces/msg/detail/sensor_status__rosidl_typesupport_introspection_c.h
[0.512s] -- Up-to-date: /home/kim/ros2_ws/install/my_interfaces/include/my_interfaces/my_interfaces/msg/detail/sensor_status__type_support.c
[0.512s] -- Up-to-date: /home/kim/ros2_ws/install/my_interfaces/lib/libmy_interfaces__rosidl_typesupport_introspection_c.so
[0.512s] -- Up-to-date: /home/kim/ros2_ws/install/my_interfaces/lib/libmy_interfaces__rosidl_typesupport_c.so
[0.512s] -- Up-to-date: /home/kim/ros2_ws/install/my_interfaces/include/my_interfaces/my_interfaces
[0.512s] -- Up-to-date: /home/kim/ros2_ws/install/my_interfaces/include/my_interfaces/my_interfaces/srv
[0.512s] -- Up-to-date: /home/kim/ros2_ws/install/my_interfaces/include/my_interfaces/my_interfaces/srv/add_three_ints.hpp
[0.512s] -- Up-to-date: /home/kim/ros2_ws/install/my_interfaces/include/my_interfaces/my_interfaces/srv/detail
[0.513s] -- Up-to-date: /home/kim/ros2_ws/install/my_interfaces/include/my_interfaces/my_interfaces/srv/detail/add_three_ints__struct.hpp
[0.513s] -- Up-to-date: /home/kim/ros2_ws/install/my_interfaces/include/my_interfaces/my_interfaces/srv/detail/add_three_ints__traits.hpp
[0.513s] -- Up-to-date: /home/kim/ros2_ws/install/my_interfaces/include/my_interfaces/my_interfaces/srv/detail/add_three_ints__builder.hpp
[0.513s] -- Up-to-date: /home/kim/ros2_ws/install/my_interfaces/include/my_interfaces/my_interfaces/msg
[0.513s] -- Up-to-date: /home/kim/ros2_ws/install/my_interfaces/include/my_interfaces/my_interfaces/msg/detail
[0.513s] -- Up-to-date: /home/kim/ros2_ws/install/my_interfaces/include/my_interfaces/my_interfaces/msg/detail/sensor_status__struct.hpp
[0.513s] -- Up-to-date: /home/kim/ros2_ws/install/my_interfaces/include/my_interfaces/my_interfaces/msg/detail/sensor_status__builder.hpp
[0.513s] -- Up-to-date: /home/kim/ros2_ws/install/my_interfaces/include/my_interfaces/my_interfaces/msg/detail/sensor_status__traits.hpp
[0.513s] -- Up-to-date: /home/kim/ros2_ws/install/my_interfaces/include/my_interfaces/my_interfaces/msg/sensor_status.hpp
[0.513s] -- Up-to-date: /home/kim/ros2_ws/install/my_interfaces/include/my_interfaces/my_interfaces
[0.513s] -- Up-to-date: /home/kim/ros2_ws/install/my_interfaces/include/my_interfaces/my_interfaces/srv
[0.513s] -- Up-to-date: /home/kim/ros2_ws/install/my_interfaces/include/my_interfaces/my_interfaces/srv/detail
[0.513s] -- Up-to-date: /home/kim/ros2_ws/install/my_interfaces/include/my_interfaces/my_interfaces/srv/detail/dds_fastrtps
[0.513s] -- Up-to-date: /home/kim/ros2_ws/install/my_interfaces/include/my_interfaces/my_interfaces/srv/detail/add_three_ints__rosidl_typesupport_fastrtps_cpp.hpp
[0.513s] -- Up-to-date: /home/kim/ros2_ws/install/my_interfaces/include/my_interfaces/my_interfaces/msg
[0.514s] -- Up-to-date: /home/kim/ros2_ws/install/my_interfaces/include/my_interfaces/my_interfaces/msg/detail
[0.514s] -- Up-to-date: /home/kim/ros2_ws/install/my_interfaces/include/my_interfaces/my_interfaces/msg/detail/dds_fastrtps
[0.514s] -- Up-to-date: /home/kim/ros2_ws/install/my_interfaces/include/my_interfaces/my_interfaces/msg/detail/sensor_status__rosidl_typesupport_fastrtps_cpp.hpp
[0.515s] -- Up-to-date: /home/kim/ros2_ws/install/my_interfaces/include/my_interfaces/my_interfaces/msg/rosidl_typesupport_fastrtps_cpp__visibility_control.h
[0.515s] -- Up-to-date: /home/kim/ros2_ws/install/my_interfaces/lib/libmy_interfaces__rosidl_typesupport_fastrtps_cpp.so
[0.515s] -- Up-to-date: /home/kim/ros2_ws/install/my_interfaces/include/my_interfaces/my_interfaces
[0.515s] -- Up-to-date: /home/kim/ros2_ws/install/my_interfaces/include/my_interfaces/my_interfaces/srv
[0.515s] -- Up-to-date: /home/kim/ros2_ws/install/my_interfaces/include/my_interfaces/my_interfaces/srv/detail
[0.515s] -- Up-to-date: /home/kim/ros2_ws/install/my_interfaces/include/my_interfaces/my_interfaces/srv/detail/add_three_ints__rosidl_typesupport_introspection_cpp.hpp
[0.515s] -- Up-to-date: /home/kim/ros2_ws/install/my_interfaces/include/my_interfaces/my_interfaces/srv/detail/add_three_ints__type_support.cpp
[0.515s] -- Up-to-date: /home/kim/ros2_ws/install/my_interfaces/include/my_interfaces/my_interfaces/msg
[0.516s] -- Up-to-date: /home/kim/ros2_ws/install/my_interfaces/include/my_interfaces/my_interfaces/msg/detail
[0.516s] -- Up-to-date: /home/kim/ros2_ws/install/my_interfaces/include/my_interfaces/my_interfaces/msg/detail/sensor_status__type_support.cpp
[0.516s] -- Up-to-date: /home/kim/ros2_ws/install/my_interfaces/include/my_interfaces/my_interfaces/msg/detail/sensor_status__rosidl_typesupport_introspection_cpp.hpp
[0.516s] -- Up-to-date: /home/kim/ros2_ws/install/my_interfaces/lib/libmy_interfaces__rosidl_typesupport_introspection_cpp.so
[0.516s] -- Up-to-date: /home/kim/ros2_ws/install/my_interfaces/lib/libmy_interfaces__rosidl_typesupport_cpp.so
[0.516s] -- Up-to-date: /home/kim/ros2_ws/install/my_interfaces/share/my_interfaces/environment/pythonpath.sh
[0.516s] -- Up-to-date: /home/kim/ros2_ws/install/my_interfaces/share/my_interfaces/environment/pythonpath.dsv
[0.516s] -- Up-to-date: /home/kim/ros2_ws/install/my_interfaces/local/lib/python3.10/dist-packages/my_interfaces-0.0.0-py3.10.egg-info
[0.516s] -- Installing: /home/kim/ros2_ws/install/my_interfaces/local/lib/python3.10/dist-packages/my_interfaces-0.0.0-py3.10.egg-info/PKG-INFO
[0.517s] -- Installing: /home/kim/ros2_ws/install/my_interfaces/local/lib/python3.10/dist-packages/my_interfaces-0.0.0-py3.10.egg-info/SOURCES.txt
[0.517s] -- Installing: /home/kim/ros2_ws/install/my_interfaces/local/lib/python3.10/dist-packages/my_interfaces-0.0.0-py3.10.egg-info/dependency_links.txt
[0.517s] -- Installing: /home/kim/ros2_ws/install/my_interfaces/local/lib/python3.10/dist-packages/my_interfaces-0.0.0-py3.10.egg-info/top_level.txt
[0.517s] -- Up-to-date: /home/kim/ros2_ws/install/my_interfaces/local/lib/python3.10/dist-packages/my_interfaces
[0.517s] -- Up-to-date: /home/kim/ros2_ws/install/my_interfaces/local/lib/python3.10/dist-packages/my_interfaces/my_interfaces_s__rosidl_typesupport_fastrtps_c.cpython-310-x86_64-linux-gnu.so
[0.517s] -- Up-to-date: /home/kim/ros2_ws/install/my_interfaces/local/lib/python3.10/dist-packages/my_interfaces/libmy_interfaces__rosidl_generator_py.so
[0.517s] -- Up-to-date: /home/kim/ros2_ws/install/my_interfaces/local/lib/python3.10/dist-packages/my_interfaces/my_interfaces_s__rosidl_typesupport_introspection_c.cpython-310-x86_64-linux-gnu.so
[0.517s] -- Up-to-date: /home/kim/ros2_ws/install/my_interfaces/local/lib/python3.10/dist-packages/my_interfaces/_my_interfaces_s.ep.rosidl_typesupport_c.c
[0.517s] -- Up-to-date: /home/kim/ros2_ws/install/my_interfaces/local/lib/python3.10/dist-packages/my_interfaces/srv
[0.518s] -- Up-to-date: /home/kim/ros2_ws/install/my_interfaces/local/lib/python3.10/dist-packages/my_interfaces/srv/_add_three_ints_s.c
[0.518s] -- Up-to-date: /home/kim/ros2_ws/install/my_interfaces/local/lib/python3.10/dist-packages/my_interfaces/srv/__init__.py
[0.518s] -- Up-to-date: /home/kim/ros2_ws/install/my_interfaces/local/lib/python3.10/dist-packages/my_interfaces/srv/_add_three_ints.py
[0.518s] -- Up-to-date: /home/kim/ros2_ws/install/my_interfaces/local/lib/python3.10/dist-packages/my_interfaces/__init__.py
[0.518s] -- Up-to-date: /home/kim/ros2_ws/install/my_interfaces/local/lib/python3.10/dist-packages/my_interfaces/msg
[0.518s] -- Up-to-date: /home/kim/ros2_ws/install/my_interfaces/local/lib/python3.10/dist-packages/my_interfaces/msg/__init__.py
[0.518s] -- Up-to-date: /home/kim/ros2_ws/install/my_interfaces/local/lib/python3.10/dist-packages/my_interfaces/msg/_sensor_status.py
[0.518s] -- Up-to-date: /home/kim/ros2_ws/install/my_interfaces/local/lib/python3.10/dist-packages/my_interfaces/msg/_sensor_status_s.c
[0.518s] -- Up-to-date: /home/kim/ros2_ws/install/my_interfaces/local/lib/python3.10/dist-packages/my_interfaces/_my_interfaces_s.ep.rosidl_typesupport_introspection_c.c
[0.519s] -- Up-to-date: /home/kim/ros2_ws/install/my_interfaces/local/lib/python3.10/dist-packages/my_interfaces/my_interfaces_s__rosidl_typesupport_c.cpython-310-x86_64-linux-gnu.so
[0.519s] -- Up-to-date: /home/kim/ros2_ws/install/my_interfaces/local/lib/python3.10/dist-packages/my_interfaces/_my_interfaces_s.ep.rosidl_typesupport_fastrtps_c.c
[0.552s] Listing '/home/kim/ros2_ws/install/my_interfaces/local/lib/python3.10/dist-packages/my_interfaces'...
[0.552s] Listing '/home/kim/ros2_ws/install/my_interfaces/local/lib/python3.10/dist-packages/my_interfaces/msg'...
[0.552s] Listing '/home/kim/ros2_ws/install/my_interfaces/local/lib/python3.10/dist-packages/my_interfaces/srv'...
[0.556s] -- Up-to-date: /home/kim/ros2_ws/install/my_interfaces/local/lib/python3.10/dist-packages/my_interfaces/my_interfaces_s__rosidl_typesupport_fastrtps_c.cpython-310-x86_64-linux-gnu.so
[0.557s] -- Up-to-date: /home/kim/ros2_ws/install/my_interfaces/local/lib/python3.10/dist-packages/my_interfaces/my_interfaces_s__rosidl_typesupport_introspection_c.cpython-310-x86_64-linux-gnu.so
[0.558s] -- Up-to-date: /home/kim/ros2_ws/install/my_interfaces/local/lib/python3.10/dist-packages/my_interfaces/my_interfaces_s__rosidl_typesupport_c.cpython-310-x86_64-linux-gnu.so
[0.558s] -- Up-to-date: /home/kim/ros2_ws/install/my_interfaces/lib/libmy_interfaces__rosidl_generator_py.so
[0.558s] -- Up-to-date: /home/kim/ros2_ws/install/my_interfaces/share/my_interfaces/srv/AddThreeInts.idl
[0.559s] -- Up-to-date: /home/kim/ros2_ws/install/my_interfaces/share/my_interfaces/msg/SensorStatus.idl
[0.559s] -- Up-to-date: /home/kim/ros2_ws/install/my_interfaces/share/my_interfaces/srv/AddThreeInts.srv
[0.559s] -- Up-to-date: /home/kim/ros2_ws/install/my_interfaces/share/my_interfaces/srv/AddThreeInts_Request.msg
[0.559s] -- Up-to-date: /home/kim/ros2_ws/install/my_interfaces/share/my_interfaces/srv/AddThreeInts_Response.msg
[0.560s] -- Up-to-date: /home/kim/ros2_ws/install/my_interfaces/share/my_interfaces/msg/SensorStatus.msg
[0.560s] -- Up-to-date: /home/kim/ros2_ws/install/my_interfaces/share/my_interfaces/srv
[0.560s] -- Up-to-date: /home/kim/ros2_ws/install/my_interfaces/share/my_interfaces/srv/AddThreeInts.srv
[0.561s] -- Up-to-date: /home/kim/ros2_ws/install/my_interfaces/share/ament_index/resource_index/package_run_dependencies/my_interfaces
[0.561s] -- Up-to-date: /home/kim/ros2_ws/install/my_interfaces/share/ament_index/resource_index/parent_prefix_path/my_interfaces
[0.561s] -- Up-to-date: /home/kim/ros2_ws/install/my_interfaces/share/my_interfaces/environment/ament_prefix_path.sh
[0.561s] -- Up-to-date: /home/kim/ros2_ws/install/my_interfaces/share/my_interfaces/environment/ament_prefix_path.dsv
[0.561s] -- Up-to-date: /home/kim/ros2_ws/install/my_interfaces/share/my_interfaces/environment/path.sh
[0.561s] -- Up-to-date: /home/kim/ros2_ws/install/my_interfaces/share/my_interfaces/environment/path.dsv
[0.561s] -- Up-to-date: /home/kim/ros2_ws/install/my_interfaces/share/my_interfaces/local_setup.bash
[0.562s] -- Up-to-date: /home/kim/ros2_ws/install/my_interfaces/share/my_interfaces/local_setup.sh
[0.562s] -- Up-to-date: /home/kim/ros2_ws/install/my_interfaces/share/my_interfaces/local_setup.zsh
[0.562s] -- Up-to-date: /home/kim/ros2_ws/install/my_interfaces/share/my_interfaces/local_setup.dsv
[0.562s] -- Installing: /home/kim/ros2_ws/install/my_interfaces/share/my_interfaces/package.dsv
[0.563s] -- Up-to-date: /home/kim/ros2_ws/install/my_interfaces/share/ament_index/resource_index/packages/my_interfaces
[0.563s] -- Up-to-date: /home/kim/ros2_ws/install/my_interfaces/share/my_interfaces/cmake/export_my_interfaces__rosidl_generator_cExport.cmake
[0.563s] -- Up-to-date: /home/kim/ros2_ws/install/my_interfaces/share/my_interfaces/cmake/export_my_interfaces__rosidl_generator_cExport-noconfig.cmake
[0.564s] -- Up-to-date: /home/kim/ros2_ws/install/my_interfaces/share/my_interfaces/cmake/export_my_interfaces__rosidl_typesupport_fastrtps_cExport.cmake
[0.564s] -- Up-to-date: /home/kim/ros2_ws/install/my_interfaces/share/my_interfaces/cmake/export_my_interfaces__rosidl_typesupport_fastrtps_cExport-noconfig.cmake
[0.564s] -- Up-to-date: /home/kim/ros2_ws/install/my_interfaces/share/my_interfaces/cmake/my_interfaces__rosidl_typesupport_introspection_cExport.cmake
[0.564s] -- Up-to-date: /home/kim/ros2_ws/install/my_interfaces/share/my_interfaces/cmake/my_interfaces__rosidl_typesupport_introspection_cExport-noconfig.cmake
[0.565s] -- Up-to-date: /home/kim/ros2_ws/install/my_interfaces/share/my_interfaces/cmake/my_interfaces__rosidl_typesupport_cExport.cmake
[0.565s] -- Up-to-date: /home/kim/ros2_ws/install/my_interfaces/share/my_interfaces/cmake/my_interfaces__rosidl_typesupport_cExport-noconfig.cmake
[0.565s] -- Up-to-date: /home/kim/ros2_ws/install/my_interfaces/share/my_interfaces/cmake/export_my_interfaces__rosidl_generator_cppExport.cmake
[0.565s] -- Up-to-date: /home/kim/ros2_ws/install/my_interfaces/share/my_interfaces/cmake/export_my_interfaces__rosidl_typesupport_fastrtps_cppExport.cmake
[0.565s] -- Up-to-date: /home/kim/ros2_ws/install/my_interfaces/share/my_interfaces/cmake/export_my_interfaces__rosidl_typesupport_fastrtps_cppExport-noconfig.cmake
[0.565s] -- Up-to-date: /home/kim/ros2_ws/install/my_interfaces/share/my_interfaces/cmake/my_interfaces__rosidl_typesupport_introspection_cppExport.cmake
[0.565s] -- Up-to-date: /home/kim/ros2_ws/install/my_interfaces/share/my_interfaces/cmake/my_interfaces__rosidl_typesupport_introspection_cppExport-noconfig.cmake
[0.565s] -- Up-to-date: /home/kim/ros2_ws/install/my_interfaces/share/my_interfaces/cmake/my_interfaces__rosidl_typesupport_cppExport.cmake
[0.565s] -- Up-to-date: /home/kim/ros2_ws/install/my_interfaces/share/my_interfaces/cmake/my_interfaces__rosidl_typesupport_cppExport-noconfig.cmake
[0.565s] -- Up-to-date: /home/kim/ros2_ws/install/my_interfaces/share/my_interfaces/cmake/export_my_interfaces__rosidl_generator_pyExport.cmake
[0.565s] -- Up-to-date: /home/kim/ros2_ws/install/my_interfaces/share/my_interfaces/cmake/export_my_interfaces__rosidl_generator_pyExport-noconfig.cmake
[0.565s] -- Up-to-date: /home/kim/ros2_ws/install/my_interfaces/share/my_interfaces/cmake/rosidl_cmake-extras.cmake
[0.565s] -- Up-to-date: /home/kim/ros2_ws/install/my_interfaces/share/my_interfaces/cmake/ament_cmake_export_include_directories-extras.cmake
[0.565s] -- Up-to-date: /home/kim/ros2_ws/install/my_interfaces/share/my_interfaces/cmake/ament_cmake_export_libraries-extras.cmake
[0.565s] -- Up-to-date: /home/kim/ros2_ws/install/my_interfaces/share/my_interfaces/cmake/ament_cmake_export_targets-extras.cmake
[0.565s] -- Up-to-date: /home/kim/ros2_ws/install/my_interfaces/share/my_interfaces/cmake/rosidl_cmake_export_typesupport_targets-extras.cmake
[0.565s] -- Up-to-date: /home/kim/ros2_ws/install/my_interfaces/share/my_interfaces/cmake/ament_cmake_export_dependencies-extras.cmake
[0.565s] -- Up-to-date: /home/kim/ros2_ws/install/my_interfaces/share/my_interfaces/cmake/rosidl_cmake_export_typesupport_libraries-extras.cmake
[0.565s] -- Up-to-date: /home/kim/ros2_ws/install/my_interfaces/share/my_interfaces/cmake/my_interfacesConfig.cmake
[0.566s] -- Up-to-date: /home/kim/ros2_ws/install/my_interfaces/share/my_interfaces/cmake/my_interfacesConfig-version.cmake
[0.566s] -- Up-to-date: /home/kim/ros2_ws/install/my_interfaces/share/my_interfaces/package.xml
[0.569s] Invoked command in '/home/kim/ros2_ws/build/my_interfaces' returned '0': CMAKE_PREFIX_PATH=${CMAKE_PREFIX_PATH}:/home/kim/ros2_ws/install/simple_test_pkg:/home/kim/ros2_ws/install/my_first_pkg:/opt/ros/humble /usr/bin/cmake --install /home/kim/ros2_ws/build/my_interfaces
