[0.015s] Invoking command in '/home/kim/ros2_ws/build/my_interfaces': CMAKE_PREFIX_PATH=${CMAKE_PREFIX_PATH}:/home/kim/ros2_ws/install/simple_test_pkg:/home/kim/ros2_ws/install/my_first_pkg:/opt/ros/humble /usr/bin/cmake --build /home/kim/ros2_ws/build/my_interfaces -- -j8 -l8
[0.052s] -- Found ament_cmake: 1.3.10 (/opt/ros/humble/share/ament_cmake/cmake)
[0.184s] -- Found rosidl_default_generators: 1.2.0 (/opt/ros/humble/share/rosidl_default_generators/cmake)
[0.190s] -- Using all available rosidl_typesupport_c: rosidl_typesupport_fastrtps_c;rosidl_typesupport_introspection_c
[0.194s] -- Found rosidl_adapter: 3.1.5 (/opt/ros/humble/share/rosidl_adapter/cmake)
[0.220s] -- Using all available rosidl_typesupport_cpp: rosidl_typesupport_fastrtps_cpp;rosidl_typesupport_introspection_cpp
[0.580s] -- Found ament_cmake_ros: 0.10.0 (/opt/ros/humble/share/ament_cmake_ros/cmake)
[0.770s] -- Using all available rosidl_typesupport_c: rosidl_typesupport_fastrtps_c;rosidl_typesupport_introspection_c
[1.009s] -- Using all available rosidl_typesupport_cpp: rosidl_typesupport_fastrtps_cpp;rosidl_typesupport_introspection_cpp
[1.030s] -- Found python_cmake_module: 0.10.0 (/opt/ros/humble/share/python_cmake_module/cmake)
[1.052s] -- Using PYTHON_EXECUTABLE: /usr/bin/python3
[1.052s] -- Using PYTHON_INCLUDE_DIRS: /usr/include/python3.10
[1.052s] -- Using PYTHON_LIBRARIES: /usr/lib/x86_64-linux-gnu/libpython3.10.so
[1.070s] -- Found ament_lint_auto: 0.12.11 (/opt/ros/humble/share/ament_lint_auto/cmake)
[1.078s] -- Added test 'lint_cmake' to check CMake code style
[1.078s] -- Added test 'xmllint' to check XML markup files
[1.080s] -- Configuring done
[1.116s] -- Generating done
[1.128s] -- Build files have been written to: /home/kim/ros2_ws/build/my_interfaces
[1.154s] [  1%] [34m[1mGenerating C code for ROS interfaces[0m
[1.165s] [  3%] [34m[1mGenerating C++ code for ROS interfaces[0m
[1.196s] [  3%] Built target ament_cmake_python_copy_my_interfaces
[1.551s] running egg_info
[1.553s] writing my_interfaces.egg-info/PKG-INFO
[1.554s] writing dependency_links to my_interfaces.egg-info/dependency_links.txt
[1.554s] writing top-level names to my_interfaces.egg-info/top_level.txt
[1.557s] reading manifest file 'my_interfaces.egg-info/SOURCES.txt'
[1.557s] writing manifest file 'my_interfaces.egg-info/SOURCES.txt'
[1.585s] [  3%] Built target ament_cmake_python_build_my_interfaces_egg
[1.808s] [35m[1mConsolidate compiler generated dependencies of target my_interfaces__rosidl_generator_c[0m
[1.819s] [  3%] Built target my_interfaces__cpp
[1.821s] [  5%] [32mBuilding C object CMakeFiles/my_interfaces__rosidl_generator_c.dir/rosidl_generator_c/my_interfaces/msg/detail/sensor_status__functions.c.o[0m
[1.827s] [  7%] [32mBuilding C object CMakeFiles/my_interfaces__rosidl_generator_c.dir/rosidl_generator_c/my_interfaces/srv/detail/add_three_ints__functions.c.o[0m
[1.828s] [  9%] [32mBuilding C object CMakeFiles/my_interfaces__rosidl_generator_c.dir/rosidl_generator_c/my_interfaces/srv/detail/move__functions.c.o[0m
[1.829s] [ 10%] [32mBuilding C object CMakeFiles/my_interfaces__rosidl_generator_c.dir/rosidl_generator_c/my_interfaces/action/detail/count_until__functions.c.o[0m
[1.833s] [ 12%] [34m[1mGenerating C++ type support for eProsima Fast-RTPS[0m
[1.834s] [ 14%] [34m[1mGenerating C++ type support dispatch for ROS interfaces[0m
[1.842s] [ 16%] [34m[1mGenerating C++ introspection for ROS interfaces[0m
[2.005s] [ 18%] [32m[1mLinking C shared library libmy_interfaces__rosidl_generator_c.so[0m
[2.070s] [ 18%] Built target my_interfaces__rosidl_generator_c
[2.081s] [ 20%] [34m[1mGenerating C introspection for ROS interfaces[0m
[2.083s] [ 21%] [34m[1mGenerating C type support for eProsima Fast-RTPS[0m
[2.085s] [ 23%] [34m[1mGenerating C type support dispatch for ROS interfaces[0m
[2.394s] [35m[1mConsolidate compiler generated dependencies of target my_interfaces__rosidl_typesupport_cpp[0m
[2.416s] [ 25%] [32mBuilding CXX object CMakeFiles/my_interfaces__rosidl_typesupport_cpp.dir/rosidl_typesupport_cpp/my_interfaces/msg/sensor_status__type_support.cpp.o[0m
[2.418s] [ 27%] [32mBuilding CXX object CMakeFiles/my_interfaces__rosidl_typesupport_cpp.dir/rosidl_typesupport_cpp/my_interfaces/srv/add_three_ints__type_support.cpp.o[0m
[2.418s] [ 29%] [32mBuilding CXX object CMakeFiles/my_interfaces__rosidl_typesupport_cpp.dir/rosidl_typesupport_cpp/my_interfaces/srv/move__type_support.cpp.o[0m
[2.564s] [35m[1mConsolidate compiler generated dependencies of target my_interfaces__rosidl_typesupport_introspection_cpp[0m
[2.586s] [ 30%] [32mBuilding CXX object CMakeFiles/my_interfaces__rosidl_typesupport_introspection_cpp.dir/rosidl_typesupport_introspection_cpp/my_interfaces/srv/detail/add_three_ints__type_support.cpp.o[0m
[2.600s] [35m[1mConsolidate compiler generated dependencies of target my_interfaces__rosidl_typesupport_fastrtps_cpp[0m
[2.633s] [ 32%] [32mBuilding CXX object CMakeFiles/my_interfaces__rosidl_typesupport_fastrtps_cpp.dir/rosidl_typesupport_fastrtps_cpp/my_interfaces/srv/detail/dds_fastrtps/add_three_ints__type_support.cpp.o[0m
[2.679s] [35m[1mConsolidate compiler generated dependencies of target my_interfaces__rosidl_typesupport_c[0m
[2.697s] [ 34%] [32mBuilding CXX object CMakeFiles/my_interfaces__rosidl_typesupport_c.dir/rosidl_typesupport_c/my_interfaces/srv/add_three_ints__type_support.cpp.o[0m
[2.778s] [ 36%] [32mBuilding CXX object CMakeFiles/my_interfaces__rosidl_typesupport_c.dir/rosidl_typesupport_c/my_interfaces/msg/sensor_status__type_support.cpp.o[0m
[2.874s] [ 38%] [32mBuilding CXX object CMakeFiles/my_interfaces__rosidl_typesupport_cpp.dir/rosidl_typesupport_cpp/my_interfaces/action/count_until__type_support.cpp.o[0m
[2.889s] [ 40%] [32mBuilding CXX object CMakeFiles/my_interfaces__rosidl_typesupport_c.dir/rosidl_typesupport_c/my_interfaces/srv/move__type_support.cpp.o[0m
[2.951s] [ 41%] [32mBuilding CXX object CMakeFiles/my_interfaces__rosidl_typesupport_c.dir/rosidl_typesupport_c/my_interfaces/action/count_until__type_support.cpp.o[0m
[2.958s] [35m[1mConsolidate compiler generated dependencies of target my_interfaces__rosidl_typesupport_introspection_c[0m
[2.979s] [ 43%] [32mBuilding C object CMakeFiles/my_interfaces__rosidl_typesupport_introspection_c.dir/rosidl_typesupport_introspection_c/my_interfaces/srv/detail/add_three_ints__type_support.c.o[0m
[2.992s] [ 45%] [32mBuilding C object CMakeFiles/my_interfaces__rosidl_typesupport_introspection_c.dir/rosidl_typesupport_introspection_c/my_interfaces/msg/detail/sensor_status__type_support.c.o[0m
[3.013s] [ 47%] [32mBuilding C object CMakeFiles/my_interfaces__rosidl_typesupport_introspection_c.dir/rosidl_typesupport_introspection_c/my_interfaces/srv/detail/move__type_support.c.o[0m
[3.088s] [ 49%] [32mBuilding CXX object CMakeFiles/my_interfaces__rosidl_typesupport_fastrtps_cpp.dir/rosidl_typesupport_fastrtps_cpp/my_interfaces/msg/detail/dds_fastrtps/sensor_status__type_support.cpp.o[0m
[3.090s] [ 50%] [32mBuilding C object CMakeFiles/my_interfaces__rosidl_typesupport_introspection_c.dir/rosidl_typesupport_introspection_c/my_interfaces/action/detail/count_until__type_support.c.o[0m
[3.113s] [ 52%] [32mBuilding CXX object CMakeFiles/my_interfaces__rosidl_typesupport_fastrtps_cpp.dir/rosidl_typesupport_fastrtps_cpp/my_interfaces/srv/detail/dds_fastrtps/move__type_support.cpp.o[0m
[3.113s] [ 54%] [32m[1mLinking CXX shared library libmy_interfaces__rosidl_typesupport_c.so[0m
[3.195s] [35m[1mConsolidate compiler generated dependencies of target my_interfaces__rosidl_typesupport_fastrtps_c[0m
[3.229s] [ 54%] Built target my_interfaces__rosidl_typesupport_c
[3.229s] [ 56%] [32m[1mLinking C shared library libmy_interfaces__rosidl_typesupport_introspection_c.so[0m
[3.239s] [ 58%] [32mBuilding CXX object CMakeFiles/my_interfaces__rosidl_typesupport_fastrtps_cpp.dir/rosidl_typesupport_fastrtps_cpp/my_interfaces/action/detail/dds_fastrtps/count_until__type_support.cpp.o[0m
[3.247s] [ 60%] [32mBuilding CXX object CMakeFiles/my_interfaces__rosidl_typesupport_fastrtps_c.dir/rosidl_typesupport_fastrtps_c/my_interfaces/srv/detail/add_three_ints__type_support_c.cpp.o[0m
[3.346s] [ 60%] Built target my_interfaces__rosidl_typesupport_introspection_c
[3.378s] [ 61%] [32mBuilding CXX object CMakeFiles/my_interfaces__rosidl_typesupport_fastrtps_c.dir/rosidl_typesupport_fastrtps_c/my_interfaces/msg/detail/sensor_status__type_support_c.cpp.o[0m
[3.534s] [ 63%] [32mBuilding CXX object CMakeFiles/my_interfaces__rosidl_typesupport_introspection_cpp.dir/rosidl_typesupport_introspection_cpp/my_interfaces/msg/detail/sensor_status__type_support.cpp.o[0m
[3.751s] [ 65%] [32mBuilding CXX object CMakeFiles/my_interfaces__rosidl_typesupport_introspection_cpp.dir/rosidl_typesupport_introspection_cpp/my_interfaces/srv/detail/move__type_support.cpp.o[0m
[4.072s] [ 67%] [32mBuilding CXX object CMakeFiles/my_interfaces__rosidl_typesupport_introspection_cpp.dir/rosidl_typesupport_introspection_cpp/my_interfaces/action/detail/count_until__type_support.cpp.o[0m
[4.200s] [ 69%] [32mBuilding CXX object CMakeFiles/my_interfaces__rosidl_typesupport_fastrtps_c.dir/rosidl_typesupport_fastrtps_c/my_interfaces/srv/detail/move__type_support_c.cpp.o[0m
[4.272s] [ 72%] [32m[1mLinking CXX shared library libmy_interfaces__rosidl_typesupport_cpp.so[0m
[4.273s] [ 72%] [32mBuilding CXX object CMakeFiles/my_interfaces__rosidl_typesupport_fastrtps_c.dir/rosidl_typesupport_fastrtps_c/my_interfaces/action/detail/count_until__type_support_c.cpp.o[0m
[4.364s] [ 72%] Built target my_interfaces__rosidl_typesupport_cpp
[4.538s] [ 74%] [32m[1mLinking CXX shared library libmy_interfaces__rosidl_typesupport_fastrtps_cpp.so[0m
[4.634s] [ 74%] Built target my_interfaces__rosidl_typesupport_fastrtps_cpp
[4.777s] [ 76%] [32m[1mLinking CXX shared library libmy_interfaces__rosidl_typesupport_fastrtps_c.so[0m
[4.849s] [ 76%] Built target my_interfaces__rosidl_typesupport_fastrtps_c
[4.879s] [ 78%] [32m[1mLinking CXX shared library libmy_interfaces__rosidl_typesupport_introspection_cpp.so[0m
[4.944s] [ 78%] Built target my_interfaces__rosidl_typesupport_introspection_cpp
[4.961s] [ 78%] Built target my_interfaces
[4.981s] [ 80%] [34m[1mGenerating Python code for ROS interfaces[0m
[5.904s] [ 80%] Built target my_interfaces__py
[5.914s] [35m[1mConsolidate compiler generated dependencies of target my_interfaces__rosidl_generator_py[0m
[5.928s] [ 81%] [32mBuilding C object CMakeFiles/my_interfaces__rosidl_generator_py.dir/rosidl_generator_py/my_interfaces/msg/_sensor_status_s.c.o[0m
[5.928s] [ 83%] [32mBuilding C object CMakeFiles/my_interfaces__rosidl_generator_py.dir/rosidl_generator_py/my_interfaces/srv/_add_three_ints_s.c.o[0m
[5.932s] [ 85%] [32mBuilding C object CMakeFiles/my_interfaces__rosidl_generator_py.dir/rosidl_generator_py/my_interfaces/srv/_move_s.c.o[0m
[5.934s] [ 87%] [32mBuilding C object CMakeFiles/my_interfaces__rosidl_generator_py.dir/rosidl_generator_py/my_interfaces/action/_count_until_s.c.o[0m
[6.092s] [ 89%] [32m[1mLinking C shared library rosidl_generator_py/my_interfaces/libmy_interfaces__rosidl_generator_py.so[0m
[6.142s] [ 89%] Built target my_interfaces__rosidl_generator_py
[6.156s] [35m[1mConsolidate compiler generated dependencies of target my_interfaces__rosidl_typesupport_fastrtps_c__pyext[0m
[6.156s] [35m[1mConsolidate compiler generated dependencies of target my_interfaces__rosidl_typesupport_introspection_c__pyext[0m
[6.156s] [35m[1mConsolidate compiler generated dependencies of target my_interfaces__rosidl_typesupport_c__pyext[0m
[6.173s] [ 90%] [32mBuilding C object CMakeFiles/my_interfaces__rosidl_typesupport_c__pyext.dir/rosidl_generator_py/my_interfaces/_my_interfaces_s.ep.rosidl_typesupport_c.c.o[0m
[6.174s] [ 92%] [32mBuilding C object CMakeFiles/my_interfaces__rosidl_typesupport_introspection_c__pyext.dir/rosidl_generator_py/my_interfaces/_my_interfaces_s.ep.rosidl_typesupport_introspection_c.c.o[0m
[6.175s] [ 94%] [32mBuilding C object CMakeFiles/my_interfaces__rosidl_typesupport_fastrtps_c__pyext.dir/rosidl_generator_py/my_interfaces/_my_interfaces_s.ep.rosidl_typesupport_fastrtps_c.c.o[0m
[6.325s] [ 96%] [32m[1mLinking C shared library rosidl_generator_py/my_interfaces/my_interfaces_s__rosidl_typesupport_c.cpython-310-x86_64-linux-gnu.so[0m
[6.343s] [ 98%] [32m[1mLinking C shared library rosidl_generator_py/my_interfaces/my_interfaces_s__rosidl_typesupport_introspection_c.cpython-310-x86_64-linux-gnu.so[0m
[6.345s] [100%] [32m[1mLinking C shared library rosidl_generator_py/my_interfaces/my_interfaces_s__rosidl_typesupport_fastrtps_c.cpython-310-x86_64-linux-gnu.so[0m
[6.368s] [100%] Built target my_interfaces__rosidl_typesupport_c__pyext
[6.387s] [100%] Built target my_interfaces__rosidl_typesupport_introspection_c__pyext
[6.391s] [100%] Built target my_interfaces__rosidl_typesupport_fastrtps_c__pyext
[6.404s] Invoked command in '/home/kim/ros2_ws/build/my_interfaces' returned '0': CMAKE_PREFIX_PATH=${CMAKE_PREFIX_PATH}:/home/kim/ros2_ws/install/simple_test_pkg:/home/kim/ros2_ws/install/my_first_pkg:/opt/ros/humble /usr/bin/cmake --build /home/kim/ros2_ws/build/my_interfaces -- -j8 -l8
[6.414s] Invoking command in '/home/kim/ros2_ws/build/my_interfaces': CMAKE_PREFIX_PATH=${CMAKE_PREFIX_PATH}:/home/kim/ros2_ws/install/simple_test_pkg:/home/kim/ros2_ws/install/my_first_pkg:/opt/ros/humble /usr/bin/cmake --install /home/kim/ros2_ws/build/my_interfaces
[6.423s] -- Install configuration: ""
[6.423s] -- Installing: /home/kim/ros2_ws/install/my_interfaces/share/ament_index/resource_index/rosidl_interfaces/my_interfaces
[6.424s] -- Up-to-date: /home/kim/ros2_ws/install/my_interfaces/include/my_interfaces/my_interfaces
[6.424s] -- Up-to-date: /home/kim/ros2_ws/install/my_interfaces/include/my_interfaces/my_interfaces/srv
[6.424s] -- Installing: /home/kim/ros2_ws/install/my_interfaces/include/my_interfaces/my_interfaces/srv/move.h
[6.424s] -- Installing: /home/kim/ros2_ws/install/my_interfaces/include/my_interfaces/my_interfaces/srv/add_three_ints.h
[6.424s] -- Up-to-date: /home/kim/ros2_ws/install/my_interfaces/include/my_interfaces/my_interfaces/srv/detail
[6.424s] -- Installing: /home/kim/ros2_ws/install/my_interfaces/include/my_interfaces/my_interfaces/srv/detail/add_three_ints__functions.h
[6.424s] -- Installing: /home/kim/ros2_ws/install/my_interfaces/include/my_interfaces/my_interfaces/srv/detail/add_three_ints__struct.h
[6.424s] -- Installing: /home/kim/ros2_ws/install/my_interfaces/include/my_interfaces/my_interfaces/srv/detail/move__struct.h
[6.424s] -- Installing: /home/kim/ros2_ws/install/my_interfaces/include/my_interfaces/my_interfaces/srv/detail/move__type_support.h
[6.424s] -- Installing: /home/kim/ros2_ws/install/my_interfaces/include/my_interfaces/my_interfaces/srv/detail/add_three_ints__type_support.h
[6.424s] -- Installing: /home/kim/ros2_ws/install/my_interfaces/include/my_interfaces/my_interfaces/srv/detail/move__functions.h
[6.424s] -- Installing: /home/kim/ros2_ws/install/my_interfaces/include/my_interfaces/my_interfaces/srv/detail/add_three_ints__functions.c
[6.424s] -- Installing: /home/kim/ros2_ws/install/my_interfaces/include/my_interfaces/my_interfaces/srv/detail/move__functions.c
[6.424s] -- Installing: /home/kim/ros2_ws/install/my_interfaces/include/my_interfaces/my_interfaces/action
[6.424s] -- Installing: /home/kim/ros2_ws/install/my_interfaces/include/my_interfaces/my_interfaces/action/count_until.h
[6.424s] -- Installing: /home/kim/ros2_ws/install/my_interfaces/include/my_interfaces/my_interfaces/action/detail
[6.424s] -- Installing: /home/kim/ros2_ws/install/my_interfaces/include/my_interfaces/my_interfaces/action/detail/count_until__functions.c
[6.424s] -- Installing: /home/kim/ros2_ws/install/my_interfaces/include/my_interfaces/my_interfaces/action/detail/count_until__struct.h
[6.424s] -- Installing: /home/kim/ros2_ws/install/my_interfaces/include/my_interfaces/my_interfaces/action/detail/count_until__functions.h
[6.424s] -- Installing: /home/kim/ros2_ws/install/my_interfaces/include/my_interfaces/my_interfaces/action/detail/count_until__type_support.h
[6.425s] -- Up-to-date: /home/kim/ros2_ws/install/my_interfaces/include/my_interfaces/my_interfaces/msg
[6.425s] -- Up-to-date: /home/kim/ros2_ws/install/my_interfaces/include/my_interfaces/my_interfaces/msg/rosidl_generator_c__visibility_control.h
[6.425s] -- Up-to-date: /home/kim/ros2_ws/install/my_interfaces/include/my_interfaces/my_interfaces/msg/detail
[6.425s] -- Installing: /home/kim/ros2_ws/install/my_interfaces/include/my_interfaces/my_interfaces/msg/detail/sensor_status__functions.h
[6.425s] -- Installing: /home/kim/ros2_ws/install/my_interfaces/include/my_interfaces/my_interfaces/msg/detail/sensor_status__functions.c
[6.425s] -- Installing: /home/kim/ros2_ws/install/my_interfaces/include/my_interfaces/my_interfaces/msg/detail/sensor_status__type_support.h
[6.426s] -- Installing: /home/kim/ros2_ws/install/my_interfaces/include/my_interfaces/my_interfaces/msg/detail/sensor_status__struct.h
[6.426s] -- Installing: /home/kim/ros2_ws/install/my_interfaces/include/my_interfaces/my_interfaces/msg/sensor_status.h
[6.427s] -- Up-to-date: /home/kim/ros2_ws/install/my_interfaces/share/my_interfaces/environment/library_path.sh
[6.427s] -- Installing: /home/kim/ros2_ws/install/my_interfaces/share/my_interfaces/environment/library_path.dsv
[6.427s] -- Installing: /home/kim/ros2_ws/install/my_interfaces/lib/libmy_interfaces__rosidl_generator_c.so
[6.427s] -- Set runtime path of "/home/kim/ros2_ws/install/my_interfaces/lib/libmy_interfaces__rosidl_generator_c.so" to ""
[6.428s] -- Up-to-date: /home/kim/ros2_ws/install/my_interfaces/include/my_interfaces/my_interfaces
[6.428s] -- Up-to-date: /home/kim/ros2_ws/install/my_interfaces/include/my_interfaces/my_interfaces/srv
[6.428s] -- Up-to-date: /home/kim/ros2_ws/install/my_interfaces/include/my_interfaces/my_interfaces/srv/detail
[6.428s] -- Installing: /home/kim/ros2_ws/install/my_interfaces/include/my_interfaces/my_interfaces/srv/detail/add_three_ints__rosidl_typesupport_fastrtps_c.h
[6.428s] -- Installing: /home/kim/ros2_ws/install/my_interfaces/include/my_interfaces/my_interfaces/srv/detail/move__rosidl_typesupport_fastrtps_c.h
[6.428s] -- Up-to-date: /home/kim/ros2_ws/install/my_interfaces/include/my_interfaces/my_interfaces/action
[6.428s] -- Up-to-date: /home/kim/ros2_ws/install/my_interfaces/include/my_interfaces/my_interfaces/action/detail
[6.428s] -- Installing: /home/kim/ros2_ws/install/my_interfaces/include/my_interfaces/my_interfaces/action/detail/count_until__rosidl_typesupport_fastrtps_c.h
[6.428s] -- Up-to-date: /home/kim/ros2_ws/install/my_interfaces/include/my_interfaces/my_interfaces/msg
[6.428s] -- Up-to-date: /home/kim/ros2_ws/install/my_interfaces/include/my_interfaces/my_interfaces/msg/rosidl_typesupport_fastrtps_c__visibility_control.h
[6.428s] -- Up-to-date: /home/kim/ros2_ws/install/my_interfaces/include/my_interfaces/my_interfaces/msg/detail
[6.428s] -- Installing: /home/kim/ros2_ws/install/my_interfaces/include/my_interfaces/my_interfaces/msg/detail/sensor_status__rosidl_typesupport_fastrtps_c.h
[6.429s] -- Installing: /home/kim/ros2_ws/install/my_interfaces/lib/libmy_interfaces__rosidl_typesupport_fastrtps_c.so
[6.429s] -- Set runtime path of "/home/kim/ros2_ws/install/my_interfaces/lib/libmy_interfaces__rosidl_typesupport_fastrtps_c.so" to ""
[6.429s] -- Up-to-date: /home/kim/ros2_ws/install/my_interfaces/include/my_interfaces/my_interfaces
[6.429s] -- Up-to-date: /home/kim/ros2_ws/install/my_interfaces/include/my_interfaces/my_interfaces/srv
[6.429s] -- Up-to-date: /home/kim/ros2_ws/install/my_interfaces/include/my_interfaces/my_interfaces/srv/detail
[6.429s] -- Installing: /home/kim/ros2_ws/install/my_interfaces/include/my_interfaces/my_interfaces/srv/detail/add_three_ints__type_support.c
[6.429s] -- Installing: /home/kim/ros2_ws/install/my_interfaces/include/my_interfaces/my_interfaces/srv/detail/move__type_support.c
[6.429s] -- Installing: /home/kim/ros2_ws/install/my_interfaces/include/my_interfaces/my_interfaces/srv/detail/add_three_ints__rosidl_typesupport_introspection_c.h
[6.429s] -- Installing: /home/kim/ros2_ws/install/my_interfaces/include/my_interfaces/my_interfaces/srv/detail/move__rosidl_typesupport_introspection_c.h
[6.429s] -- Up-to-date: /home/kim/ros2_ws/install/my_interfaces/include/my_interfaces/my_interfaces/action
[6.429s] -- Up-to-date: /home/kim/ros2_ws/install/my_interfaces/include/my_interfaces/my_interfaces/action/detail
[6.429s] -- Installing: /home/kim/ros2_ws/install/my_interfaces/include/my_interfaces/my_interfaces/action/detail/count_until__type_support.c
[6.429s] -- Installing: /home/kim/ros2_ws/install/my_interfaces/include/my_interfaces/my_interfaces/action/detail/count_until__rosidl_typesupport_introspection_c.h
[6.429s] -- Up-to-date: /home/kim/ros2_ws/install/my_interfaces/include/my_interfaces/my_interfaces/msg
[6.429s] -- Up-to-date: /home/kim/ros2_ws/install/my_interfaces/include/my_interfaces/my_interfaces/msg/rosidl_typesupport_introspection_c__visibility_control.h
[6.429s] -- Up-to-date: /home/kim/ros2_ws/install/my_interfaces/include/my_interfaces/my_interfaces/msg/detail
[6.429s] -- Installing: /home/kim/ros2_ws/install/my_interfaces/include/my_interfaces/my_interfaces/msg/detail/sensor_status__rosidl_typesupport_introspection_c.h
[6.429s] -- Installing: /home/kim/ros2_ws/install/my_interfaces/include/my_interfaces/my_interfaces/msg/detail/sensor_status__type_support.c
[6.429s] -- Installing: /home/kim/ros2_ws/install/my_interfaces/lib/libmy_interfaces__rosidl_typesupport_introspection_c.so
[6.429s] -- Set runtime path of "/home/kim/ros2_ws/install/my_interfaces/lib/libmy_interfaces__rosidl_typesupport_introspection_c.so" to ""
[6.429s] -- Installing: /home/kim/ros2_ws/install/my_interfaces/lib/libmy_interfaces__rosidl_typesupport_c.so
[6.430s] -- Set runtime path of "/home/kim/ros2_ws/install/my_interfaces/lib/libmy_interfaces__rosidl_typesupport_c.so" to ""
[6.430s] -- Up-to-date: /home/kim/ros2_ws/install/my_interfaces/include/my_interfaces/my_interfaces
[6.430s] -- Up-to-date: /home/kim/ros2_ws/install/my_interfaces/include/my_interfaces/my_interfaces/srv
[6.430s] -- Installing: /home/kim/ros2_ws/install/my_interfaces/include/my_interfaces/my_interfaces/srv/move.hpp
[6.430s] -- Installing: /home/kim/ros2_ws/install/my_interfaces/include/my_interfaces/my_interfaces/srv/add_three_ints.hpp
[6.430s] -- Up-to-date: /home/kim/ros2_ws/install/my_interfaces/include/my_interfaces/my_interfaces/srv/detail
[6.430s] -- Installing: /home/kim/ros2_ws/install/my_interfaces/include/my_interfaces/my_interfaces/srv/detail/add_three_ints__struct.hpp
[6.430s] -- Installing: /home/kim/ros2_ws/install/my_interfaces/include/my_interfaces/my_interfaces/srv/detail/move__traits.hpp
[6.430s] -- Installing: /home/kim/ros2_ws/install/my_interfaces/include/my_interfaces/my_interfaces/srv/detail/move__builder.hpp
[6.430s] -- Installing: /home/kim/ros2_ws/install/my_interfaces/include/my_interfaces/my_interfaces/srv/detail/add_three_ints__traits.hpp
[6.430s] -- Installing: /home/kim/ros2_ws/install/my_interfaces/include/my_interfaces/my_interfaces/srv/detail/move__struct.hpp
[6.430s] -- Installing: /home/kim/ros2_ws/install/my_interfaces/include/my_interfaces/my_interfaces/srv/detail/add_three_ints__builder.hpp
[6.430s] -- Up-to-date: /home/kim/ros2_ws/install/my_interfaces/include/my_interfaces/my_interfaces/action
[6.430s] -- Up-to-date: /home/kim/ros2_ws/install/my_interfaces/include/my_interfaces/my_interfaces/action/detail
[6.430s] -- Installing: /home/kim/ros2_ws/install/my_interfaces/include/my_interfaces/my_interfaces/action/detail/count_until__builder.hpp
[6.431s] -- Installing: /home/kim/ros2_ws/install/my_interfaces/include/my_interfaces/my_interfaces/action/detail/count_until__traits.hpp
[6.431s] -- Installing: /home/kim/ros2_ws/install/my_interfaces/include/my_interfaces/my_interfaces/action/detail/count_until__struct.hpp
[6.431s] -- Installing: /home/kim/ros2_ws/install/my_interfaces/include/my_interfaces/my_interfaces/action/count_until.hpp
[6.431s] -- Up-to-date: /home/kim/ros2_ws/install/my_interfaces/include/my_interfaces/my_interfaces/msg
[6.431s] -- Up-to-date: /home/kim/ros2_ws/install/my_interfaces/include/my_interfaces/my_interfaces/msg/detail
[6.431s] -- Installing: /home/kim/ros2_ws/install/my_interfaces/include/my_interfaces/my_interfaces/msg/detail/sensor_status__struct.hpp
[6.431s] -- Installing: /home/kim/ros2_ws/install/my_interfaces/include/my_interfaces/my_interfaces/msg/detail/sensor_status__builder.hpp
[6.431s] -- Installing: /home/kim/ros2_ws/install/my_interfaces/include/my_interfaces/my_interfaces/msg/detail/sensor_status__traits.hpp
[6.431s] -- Installing: /home/kim/ros2_ws/install/my_interfaces/include/my_interfaces/my_interfaces/msg/sensor_status.hpp
[6.431s] -- Up-to-date: /home/kim/ros2_ws/install/my_interfaces/include/my_interfaces/my_interfaces
[6.431s] -- Up-to-date: /home/kim/ros2_ws/install/my_interfaces/include/my_interfaces/my_interfaces/srv
[6.431s] -- Up-to-date: /home/kim/ros2_ws/install/my_interfaces/include/my_interfaces/my_interfaces/srv/detail
[6.431s] -- Up-to-date: /home/kim/ros2_ws/install/my_interfaces/include/my_interfaces/my_interfaces/srv/detail/dds_fastrtps
[6.431s] -- Installing: /home/kim/ros2_ws/install/my_interfaces/include/my_interfaces/my_interfaces/srv/detail/move__rosidl_typesupport_fastrtps_cpp.hpp
[6.431s] -- Installing: /home/kim/ros2_ws/install/my_interfaces/include/my_interfaces/my_interfaces/srv/detail/add_three_ints__rosidl_typesupport_fastrtps_cpp.hpp
[6.431s] -- Up-to-date: /home/kim/ros2_ws/install/my_interfaces/include/my_interfaces/my_interfaces/action
[6.431s] -- Up-to-date: /home/kim/ros2_ws/install/my_interfaces/include/my_interfaces/my_interfaces/action/detail
[6.432s] -- Installing: /home/kim/ros2_ws/install/my_interfaces/include/my_interfaces/my_interfaces/action/detail/dds_fastrtps
[6.432s] -- Installing: /home/kim/ros2_ws/install/my_interfaces/include/my_interfaces/my_interfaces/action/detail/count_until__rosidl_typesupport_fastrtps_cpp.hpp
[6.432s] -- Up-to-date: /home/kim/ros2_ws/install/my_interfaces/include/my_interfaces/my_interfaces/msg
[6.432s] -- Up-to-date: /home/kim/ros2_ws/install/my_interfaces/include/my_interfaces/my_interfaces/msg/detail
[6.433s] -- Up-to-date: /home/kim/ros2_ws/install/my_interfaces/include/my_interfaces/my_interfaces/msg/detail/dds_fastrtps
[6.433s] -- Installing: /home/kim/ros2_ws/install/my_interfaces/include/my_interfaces/my_interfaces/msg/detail/sensor_status__rosidl_typesupport_fastrtps_cpp.hpp
[6.433s] -- Up-to-date: /home/kim/ros2_ws/install/my_interfaces/include/my_interfaces/my_interfaces/msg/rosidl_typesupport_fastrtps_cpp__visibility_control.h
[6.433s] -- Installing: /home/kim/ros2_ws/install/my_interfaces/lib/libmy_interfaces__rosidl_typesupport_fastrtps_cpp.so
[6.433s] -- Set runtime path of "/home/kim/ros2_ws/install/my_interfaces/lib/libmy_interfaces__rosidl_typesupport_fastrtps_cpp.so" to ""
[6.434s] -- Up-to-date: /home/kim/ros2_ws/install/my_interfaces/include/my_interfaces/my_interfaces
[6.434s] -- Up-to-date: /home/kim/ros2_ws/install/my_interfaces/include/my_interfaces/my_interfaces/srv
[6.434s] -- Up-to-date: /home/kim/ros2_ws/install/my_interfaces/include/my_interfaces/my_interfaces/srv/detail
[6.434s] -- Installing: /home/kim/ros2_ws/install/my_interfaces/include/my_interfaces/my_interfaces/srv/detail/add_three_ints__rosidl_typesupport_introspection_cpp.hpp
[6.435s] -- Installing: /home/kim/ros2_ws/install/my_interfaces/include/my_interfaces/my_interfaces/srv/detail/move__type_support.cpp
[6.435s] -- Installing: /home/kim/ros2_ws/install/my_interfaces/include/my_interfaces/my_interfaces/srv/detail/move__rosidl_typesupport_introspection_cpp.hpp
[6.435s] -- Installing: /home/kim/ros2_ws/install/my_interfaces/include/my_interfaces/my_interfaces/srv/detail/add_three_ints__type_support.cpp
[6.435s] -- Up-to-date: /home/kim/ros2_ws/install/my_interfaces/include/my_interfaces/my_interfaces/action
[6.436s] -- Up-to-date: /home/kim/ros2_ws/install/my_interfaces/include/my_interfaces/my_interfaces/action/detail
[6.436s] -- Installing: /home/kim/ros2_ws/install/my_interfaces/include/my_interfaces/my_interfaces/action/detail/count_until__type_support.cpp
[6.436s] -- Installing: /home/kim/ros2_ws/install/my_interfaces/include/my_interfaces/my_interfaces/action/detail/count_until__rosidl_typesupport_introspection_cpp.hpp
[6.436s] -- Up-to-date: /home/kim/ros2_ws/install/my_interfaces/include/my_interfaces/my_interfaces/msg
[6.436s] -- Up-to-date: /home/kim/ros2_ws/install/my_interfaces/include/my_interfaces/my_interfaces/msg/detail
[6.436s] -- Installing: /home/kim/ros2_ws/install/my_interfaces/include/my_interfaces/my_interfaces/msg/detail/sensor_status__type_support.cpp
[6.436s] -- Installing: /home/kim/ros2_ws/install/my_interfaces/include/my_interfaces/my_interfaces/msg/detail/sensor_status__rosidl_typesupport_introspection_cpp.hpp
[6.436s] -- Installing: /home/kim/ros2_ws/install/my_interfaces/lib/libmy_interfaces__rosidl_typesupport_introspection_cpp.so
[6.436s] -- Set runtime path of "/home/kim/ros2_ws/install/my_interfaces/lib/libmy_interfaces__rosidl_typesupport_introspection_cpp.so" to ""
[6.436s] -- Installing: /home/kim/ros2_ws/install/my_interfaces/lib/libmy_interfaces__rosidl_typesupport_cpp.so
[6.436s] -- Set runtime path of "/home/kim/ros2_ws/install/my_interfaces/lib/libmy_interfaces__rosidl_typesupport_cpp.so" to ""
[6.436s] -- Up-to-date: /home/kim/ros2_ws/install/my_interfaces/share/my_interfaces/environment/pythonpath.sh
[6.436s] -- Installing: /home/kim/ros2_ws/install/my_interfaces/share/my_interfaces/environment/pythonpath.dsv
[6.436s] -- Up-to-date: /home/kim/ros2_ws/install/my_interfaces/local/lib/python3.10/dist-packages/my_interfaces-0.0.0-py3.10.egg-info
[6.437s] -- Installing: /home/kim/ros2_ws/install/my_interfaces/local/lib/python3.10/dist-packages/my_interfaces-0.0.0-py3.10.egg-info/PKG-INFO
[6.437s] -- Installing: /home/kim/ros2_ws/install/my_interfaces/local/lib/python3.10/dist-packages/my_interfaces-0.0.0-py3.10.egg-info/SOURCES.txt
[6.437s] -- Installing: /home/kim/ros2_ws/install/my_interfaces/local/lib/python3.10/dist-packages/my_interfaces-0.0.0-py3.10.egg-info/dependency_links.txt
[6.437s] -- Installing: /home/kim/ros2_ws/install/my_interfaces/local/lib/python3.10/dist-packages/my_interfaces-0.0.0-py3.10.egg-info/top_level.txt
[6.437s] -- Up-to-date: /home/kim/ros2_ws/install/my_interfaces/local/lib/python3.10/dist-packages/my_interfaces
[6.437s] -- Installing: /home/kim/ros2_ws/install/my_interfaces/local/lib/python3.10/dist-packages/my_interfaces/my_interfaces_s__rosidl_typesupport_fastrtps_c.cpython-310-x86_64-linux-gnu.so
[6.437s] -- Installing: /home/kim/ros2_ws/install/my_interfaces/local/lib/python3.10/dist-packages/my_interfaces/libmy_interfaces__rosidl_generator_py.so
[6.437s] -- Installing: /home/kim/ros2_ws/install/my_interfaces/local/lib/python3.10/dist-packages/my_interfaces/my_interfaces_s__rosidl_typesupport_introspection_c.cpython-310-x86_64-linux-gnu.so
[6.437s] -- Installing: /home/kim/ros2_ws/install/my_interfaces/local/lib/python3.10/dist-packages/my_interfaces/_my_interfaces_s.ep.rosidl_typesupport_c.c
[6.437s] -- Up-to-date: /home/kim/ros2_ws/install/my_interfaces/local/lib/python3.10/dist-packages/my_interfaces/srv
[6.437s] -- Installing: /home/kim/ros2_ws/install/my_interfaces/local/lib/python3.10/dist-packages/my_interfaces/srv/_add_three_ints_s.c
[6.437s] -- Installing: /home/kim/ros2_ws/install/my_interfaces/local/lib/python3.10/dist-packages/my_interfaces/srv/_move_s.c
[6.437s] -- Installing: /home/kim/ros2_ws/install/my_interfaces/local/lib/python3.10/dist-packages/my_interfaces/srv/__init__.py
[6.437s] -- Installing: /home/kim/ros2_ws/install/my_interfaces/local/lib/python3.10/dist-packages/my_interfaces/srv/_move.py
[6.437s] -- Installing: /home/kim/ros2_ws/install/my_interfaces/local/lib/python3.10/dist-packages/my_interfaces/srv/_add_three_ints.py
[6.437s] -- Installing: /home/kim/ros2_ws/install/my_interfaces/local/lib/python3.10/dist-packages/my_interfaces/__init__.py
[6.437s] -- Installing: /home/kim/ros2_ws/install/my_interfaces/local/lib/python3.10/dist-packages/my_interfaces/action
[6.437s] -- Installing: /home/kim/ros2_ws/install/my_interfaces/local/lib/python3.10/dist-packages/my_interfaces/action/_count_until_s.c
[6.437s] -- Installing: /home/kim/ros2_ws/install/my_interfaces/local/lib/python3.10/dist-packages/my_interfaces/action/__init__.py
[6.437s] -- Installing: /home/kim/ros2_ws/install/my_interfaces/local/lib/python3.10/dist-packages/my_interfaces/action/_count_until.py
[6.437s] -- Up-to-date: /home/kim/ros2_ws/install/my_interfaces/local/lib/python3.10/dist-packages/my_interfaces/msg
[6.437s] -- Installing: /home/kim/ros2_ws/install/my_interfaces/local/lib/python3.10/dist-packages/my_interfaces/msg/__init__.py
[6.437s] -- Installing: /home/kim/ros2_ws/install/my_interfaces/local/lib/python3.10/dist-packages/my_interfaces/msg/_sensor_status.py
[6.438s] -- Installing: /home/kim/ros2_ws/install/my_interfaces/local/lib/python3.10/dist-packages/my_interfaces/msg/_sensor_status_s.c
[6.438s] -- Installing: /home/kim/ros2_ws/install/my_interfaces/local/lib/python3.10/dist-packages/my_interfaces/_my_interfaces_s.ep.rosidl_typesupport_introspection_c.c
[6.438s] -- Installing: /home/kim/ros2_ws/install/my_interfaces/local/lib/python3.10/dist-packages/my_interfaces/my_interfaces_s__rosidl_typesupport_c.cpython-310-x86_64-linux-gnu.so
[6.438s] -- Installing: /home/kim/ros2_ws/install/my_interfaces/local/lib/python3.10/dist-packages/my_interfaces/_my_interfaces_s.ep.rosidl_typesupport_fastrtps_c.c
[6.480s] Listing '/home/kim/ros2_ws/install/my_interfaces/local/lib/python3.10/dist-packages/my_interfaces'...
[6.480s] Compiling '/home/kim/ros2_ws/install/my_interfaces/local/lib/python3.10/dist-packages/my_interfaces/__init__.py'...
[6.480s] Listing '/home/kim/ros2_ws/install/my_interfaces/local/lib/python3.10/dist-packages/my_interfaces/action'...
[6.480s] Compiling '/home/kim/ros2_ws/install/my_interfaces/local/lib/python3.10/dist-packages/my_interfaces/action/__init__.py'...
[6.480s] Compiling '/home/kim/ros2_ws/install/my_interfaces/local/lib/python3.10/dist-packages/my_interfaces/action/_count_until.py'...
[6.481s] Listing '/home/kim/ros2_ws/install/my_interfaces/local/lib/python3.10/dist-packages/my_interfaces/msg'...
[6.481s] Compiling '/home/kim/ros2_ws/install/my_interfaces/local/lib/python3.10/dist-packages/my_interfaces/msg/__init__.py'...
[6.481s] Compiling '/home/kim/ros2_ws/install/my_interfaces/local/lib/python3.10/dist-packages/my_interfaces/msg/_sensor_status.py'...
[6.481s] Listing '/home/kim/ros2_ws/install/my_interfaces/local/lib/python3.10/dist-packages/my_interfaces/srv'...
[6.482s] Compiling '/home/kim/ros2_ws/install/my_interfaces/local/lib/python3.10/dist-packages/my_interfaces/srv/__init__.py'...
[6.482s] Compiling '/home/kim/ros2_ws/install/my_interfaces/local/lib/python3.10/dist-packages/my_interfaces/srv/_add_three_ints.py'...
[6.482s] Compiling '/home/kim/ros2_ws/install/my_interfaces/local/lib/python3.10/dist-packages/my_interfaces/srv/_move.py'...
[6.484s] -- Installing: /home/kim/ros2_ws/install/my_interfaces/local/lib/python3.10/dist-packages/my_interfaces/my_interfaces_s__rosidl_typesupport_fastrtps_c.cpython-310-x86_64-linux-gnu.so
[6.485s] -- Set runtime path of "/home/kim/ros2_ws/install/my_interfaces/local/lib/python3.10/dist-packages/my_interfaces/my_interfaces_s__rosidl_typesupport_fastrtps_c.cpython-310-x86_64-linux-gnu.so" to ""
[6.485s] -- Installing: /home/kim/ros2_ws/install/my_interfaces/local/lib/python3.10/dist-packages/my_interfaces/my_interfaces_s__rosidl_typesupport_introspection_c.cpython-310-x86_64-linux-gnu.so
[6.485s] -- Set runtime path of "/home/kim/ros2_ws/install/my_interfaces/local/lib/python3.10/dist-packages/my_interfaces/my_interfaces_s__rosidl_typesupport_introspection_c.cpython-310-x86_64-linux-gnu.so" to ""
[6.486s] -- Installing: /home/kim/ros2_ws/install/my_interfaces/local/lib/python3.10/dist-packages/my_interfaces/my_interfaces_s__rosidl_typesupport_c.cpython-310-x86_64-linux-gnu.so
[6.486s] -- Set runtime path of "/home/kim/ros2_ws/install/my_interfaces/local/lib/python3.10/dist-packages/my_interfaces/my_interfaces_s__rosidl_typesupport_c.cpython-310-x86_64-linux-gnu.so" to ""
[6.486s] -- Installing: /home/kim/ros2_ws/install/my_interfaces/lib/libmy_interfaces__rosidl_generator_py.so
[6.486s] -- Set runtime path of "/home/kim/ros2_ws/install/my_interfaces/lib/libmy_interfaces__rosidl_generator_py.so" to ""
[6.486s] -- Up-to-date: /home/kim/ros2_ws/install/my_interfaces/share/my_interfaces/srv/AddThreeInts.idl
[6.486s] -- Up-to-date: /home/kim/ros2_ws/install/my_interfaces/share/my_interfaces/msg/SensorStatus.idl
[6.486s] -- Up-to-date: /home/kim/ros2_ws/install/my_interfaces/share/my_interfaces/srv/Move.idl
[6.486s] -- Installing: /home/kim/ros2_ws/install/my_interfaces/share/my_interfaces/action/CountUntil.idl
[6.487s] -- Up-to-date: /home/kim/ros2_ws/install/my_interfaces/share/my_interfaces/srv/AddThreeInts.srv
[6.487s] -- Up-to-date: /home/kim/ros2_ws/install/my_interfaces/share/my_interfaces/srv/AddThreeInts_Request.msg
[6.488s] -- Up-to-date: /home/kim/ros2_ws/install/my_interfaces/share/my_interfaces/srv/AddThreeInts_Response.msg
[6.488s] -- Up-to-date: /home/kim/ros2_ws/install/my_interfaces/share/my_interfaces/msg/SensorStatus.msg
[6.488s] -- Up-to-date: /home/kim/ros2_ws/install/my_interfaces/share/my_interfaces/srv/Move.srv
[6.489s] -- Up-to-date: /home/kim/ros2_ws/install/my_interfaces/share/my_interfaces/srv/Move_Request.msg
[6.489s] -- Up-to-date: /home/kim/ros2_ws/install/my_interfaces/share/my_interfaces/srv/Move_Response.msg
[6.489s] -- Installing: /home/kim/ros2_ws/install/my_interfaces/share/my_interfaces/action/CountUntil.action
[6.489s] -- Up-to-date: /home/kim/ros2_ws/install/my_interfaces/share/my_interfaces/srv
[6.489s] -- Up-to-date: /home/kim/ros2_ws/install/my_interfaces/share/my_interfaces/srv/AddThreeInts.srv
[6.489s] -- Up-to-date: /home/kim/ros2_ws/install/my_interfaces/share/my_interfaces/srv/Move.srv
[6.489s] -- Up-to-date: /home/kim/ros2_ws/install/my_interfaces/share/ament_index/resource_index/package_run_dependencies/my_interfaces
[6.489s] -- Up-to-date: /home/kim/ros2_ws/install/my_interfaces/share/ament_index/resource_index/parent_prefix_path/my_interfaces
[6.489s] -- Up-to-date: /home/kim/ros2_ws/install/my_interfaces/share/my_interfaces/environment/ament_prefix_path.sh
[6.490s] -- Installing: /home/kim/ros2_ws/install/my_interfaces/share/my_interfaces/environment/ament_prefix_path.dsv
[6.490s] -- Up-to-date: /home/kim/ros2_ws/install/my_interfaces/share/my_interfaces/environment/path.sh
[6.490s] -- Installing: /home/kim/ros2_ws/install/my_interfaces/share/my_interfaces/environment/path.dsv
[6.490s] -- Up-to-date: /home/kim/ros2_ws/install/my_interfaces/share/my_interfaces/local_setup.bash
[6.490s] -- Up-to-date: /home/kim/ros2_ws/install/my_interfaces/share/my_interfaces/local_setup.sh
[6.490s] -- Up-to-date: /home/kim/ros2_ws/install/my_interfaces/share/my_interfaces/local_setup.zsh
[6.490s] -- Installing: /home/kim/ros2_ws/install/my_interfaces/share/my_interfaces/local_setup.dsv
[6.490s] -- Installing: /home/kim/ros2_ws/install/my_interfaces/share/my_interfaces/package.dsv
[6.491s] -- Up-to-date: /home/kim/ros2_ws/install/my_interfaces/share/ament_index/resource_index/packages/my_interfaces
[6.491s] -- Old export file "/home/kim/ros2_ws/install/my_interfaces/share/my_interfaces/cmake/export_my_interfaces__rosidl_generator_cExport.cmake" will be replaced.  Removing files [/home/kim/ros2_ws/install/my_interfaces/share/my_interfaces/cmake/export_my_interfaces__rosidl_generator_cExport-noconfig.cmake].
[6.491s] -- Installing: /home/kim/ros2_ws/install/my_interfaces/share/my_interfaces/cmake/export_my_interfaces__rosidl_generator_cExport.cmake
[6.491s] -- Installing: /home/kim/ros2_ws/install/my_interfaces/share/my_interfaces/cmake/export_my_interfaces__rosidl_generator_cExport-noconfig.cmake
[6.491s] -- Old export file "/home/kim/ros2_ws/install/my_interfaces/share/my_interfaces/cmake/export_my_interfaces__rosidl_typesupport_fastrtps_cExport.cmake" will be replaced.  Removing files [/home/kim/ros2_ws/install/my_interfaces/share/my_interfaces/cmake/export_my_interfaces__rosidl_typesupport_fastrtps_cExport-noconfig.cmake].
[6.491s] -- Installing: /home/kim/ros2_ws/install/my_interfaces/share/my_interfaces/cmake/export_my_interfaces__rosidl_typesupport_fastrtps_cExport.cmake
[6.491s] -- Installing: /home/kim/ros2_ws/install/my_interfaces/share/my_interfaces/cmake/export_my_interfaces__rosidl_typesupport_fastrtps_cExport-noconfig.cmake
[6.491s] -- Old export file "/home/kim/ros2_ws/install/my_interfaces/share/my_interfaces/cmake/my_interfaces__rosidl_typesupport_introspection_cExport.cmake" will be replaced.  Removing files [/home/kim/ros2_ws/install/my_interfaces/share/my_interfaces/cmake/my_interfaces__rosidl_typesupport_introspection_cExport-noconfig.cmake].
[6.491s] -- Installing: /home/kim/ros2_ws/install/my_interfaces/share/my_interfaces/cmake/my_interfaces__rosidl_typesupport_introspection_cExport.cmake
[6.491s] -- Installing: /home/kim/ros2_ws/install/my_interfaces/share/my_interfaces/cmake/my_interfaces__rosidl_typesupport_introspection_cExport-noconfig.cmake
[6.491s] -- Old export file "/home/kim/ros2_ws/install/my_interfaces/share/my_interfaces/cmake/my_interfaces__rosidl_typesupport_cExport.cmake" will be replaced.  Removing files [/home/kim/ros2_ws/install/my_interfaces/share/my_interfaces/cmake/my_interfaces__rosidl_typesupport_cExport-noconfig.cmake].
[6.491s] -- Installing: /home/kim/ros2_ws/install/my_interfaces/share/my_interfaces/cmake/my_interfaces__rosidl_typesupport_cExport.cmake
[6.492s] -- Installing: /home/kim/ros2_ws/install/my_interfaces/share/my_interfaces/cmake/my_interfaces__rosidl_typesupport_cExport-noconfig.cmake
[6.492s] -- Installing: /home/kim/ros2_ws/install/my_interfaces/share/my_interfaces/cmake/export_my_interfaces__rosidl_generator_cppExport.cmake
[6.492s] -- Old export file "/home/kim/ros2_ws/install/my_interfaces/share/my_interfaces/cmake/export_my_interfaces__rosidl_typesupport_fastrtps_cppExport.cmake" will be replaced.  Removing files [/home/kim/ros2_ws/install/my_interfaces/share/my_interfaces/cmake/export_my_interfaces__rosidl_typesupport_fastrtps_cppExport-noconfig.cmake].
[6.492s] -- Installing: /home/kim/ros2_ws/install/my_interfaces/share/my_interfaces/cmake/export_my_interfaces__rosidl_typesupport_fastrtps_cppExport.cmake
[6.492s] -- Installing: /home/kim/ros2_ws/install/my_interfaces/share/my_interfaces/cmake/export_my_interfaces__rosidl_typesupport_fastrtps_cppExport-noconfig.cmake
[6.492s] -- Old export file "/home/kim/ros2_ws/install/my_interfaces/share/my_interfaces/cmake/my_interfaces__rosidl_typesupport_introspection_cppExport.cmake" will be replaced.  Removing files [/home/kim/ros2_ws/install/my_interfaces/share/my_interfaces/cmake/my_interfaces__rosidl_typesupport_introspection_cppExport-noconfig.cmake].
[6.493s] -- Installing: /home/kim/ros2_ws/install/my_interfaces/share/my_interfaces/cmake/my_interfaces__rosidl_typesupport_introspection_cppExport.cmake
[6.493s] -- Installing: /home/kim/ros2_ws/install/my_interfaces/share/my_interfaces/cmake/my_interfaces__rosidl_typesupport_introspection_cppExport-noconfig.cmake
[6.494s] -- Old export file "/home/kim/ros2_ws/install/my_interfaces/share/my_interfaces/cmake/my_interfaces__rosidl_typesupport_cppExport.cmake" will be replaced.  Removing files [/home/kim/ros2_ws/install/my_interfaces/share/my_interfaces/cmake/my_interfaces__rosidl_typesupport_cppExport-noconfig.cmake].
[6.494s] -- Installing: /home/kim/ros2_ws/install/my_interfaces/share/my_interfaces/cmake/my_interfaces__rosidl_typesupport_cppExport.cmake
[6.494s] -- Installing: /home/kim/ros2_ws/install/my_interfaces/share/my_interfaces/cmake/my_interfaces__rosidl_typesupport_cppExport-noconfig.cmake
[6.494s] -- Old export file "/home/kim/ros2_ws/install/my_interfaces/share/my_interfaces/cmake/export_my_interfaces__rosidl_generator_pyExport.cmake" will be replaced.  Removing files [/home/kim/ros2_ws/install/my_interfaces/share/my_interfaces/cmake/export_my_interfaces__rosidl_generator_pyExport-noconfig.cmake].
[6.494s] -- Installing: /home/kim/ros2_ws/install/my_interfaces/share/my_interfaces/cmake/export_my_interfaces__rosidl_generator_pyExport.cmake
[6.494s] -- Installing: /home/kim/ros2_ws/install/my_interfaces/share/my_interfaces/cmake/export_my_interfaces__rosidl_generator_pyExport-noconfig.cmake
[6.495s] -- Installing: /home/kim/ros2_ws/install/my_interfaces/share/my_interfaces/cmake/rosidl_cmake-extras.cmake
[6.495s] -- Installing: /home/kim/ros2_ws/install/my_interfaces/share/my_interfaces/cmake/ament_cmake_export_dependencies-extras.cmake
[6.497s] -- Up-to-date: /home/kim/ros2_ws/install/my_interfaces/share/my_interfaces/cmake/ament_cmake_export_include_directories-extras.cmake
[6.497s] -- Up-to-date: /home/kim/ros2_ws/install/my_interfaces/share/my_interfaces/cmake/ament_cmake_export_libraries-extras.cmake
[6.497s] -- Up-to-date: /home/kim/ros2_ws/install/my_interfaces/share/my_interfaces/cmake/ament_cmake_export_targets-extras.cmake
[6.497s] -- Up-to-date: /home/kim/ros2_ws/install/my_interfaces/share/my_interfaces/cmake/rosidl_cmake_export_typesupport_targets-extras.cmake
[6.497s] -- Up-to-date: /home/kim/ros2_ws/install/my_interfaces/share/my_interfaces/cmake/rosidl_cmake_export_typesupport_libraries-extras.cmake
[6.497s] -- Installing: /home/kim/ros2_ws/install/my_interfaces/share/my_interfaces/cmake/my_interfacesConfig.cmake
[6.497s] -- Up-to-date: /home/kim/ros2_ws/install/my_interfaces/share/my_interfaces/cmake/my_interfacesConfig-version.cmake
[6.498s] -- Up-to-date: /home/kim/ros2_ws/install/my_interfaces/share/my_interfaces/package.xml
[6.498s] Invoked command in '/home/kim/ros2_ws/build/my_interfaces' returned '0': CMAKE_PREFIX_PATH=${CMAKE_PREFIX_PATH}:/home/kim/ros2_ws/install/simple_test_pkg:/home/kim/ros2_ws/install/my_first_pkg:/opt/ros/humble /usr/bin/cmake --install /home/kim/ros2_ws/build/my_interfaces
