[0.752s] Invoking command in '/home/kim/ros2_ws/src/my_first_pkg': PYTHONPATH=/home/kim/ros2_ws/build/my_first_pkg/prefix_override:/usr/lib/python3/dist-packages/colcon_core/task/python/colcon_distutils_commands:/home/kim/ros2_ws/install/my_first_pkg/lib/python3.10/site-packages:${PYTHONPATH} /usr/bin/python3 -W ignore:setup.py install is deprecated -W ignore:easy_install command is deprecated setup.py egg_info --egg-base ../../build/my_first_pkg build --build-base /home/kim/ros2_ws/build/my_first_pkg/build install --record /home/kim/ros2_ws/build/my_first_pkg/install.log --single-version-externally-managed install_data
[1.040s] running egg_info
[1.040s] writing ../../build/my_first_pkg/my_first_pkg.egg-info/PKG-INFO
[1.040s] writing dependency_links to ../../build/my_first_pkg/my_first_pkg.egg-info/dependency_links.txt
[1.041s] writing entry points to ../../build/my_first_pkg/my_first_pkg.egg-info/entry_points.txt
[1.041s] writing requirements to ../../build/my_first_pkg/my_first_pkg.egg-info/requires.txt
[1.042s] writing top-level names to ../../build/my_first_pkg/my_first_pkg.egg-info/top_level.txt
[1.043s] reading manifest file '../../build/my_first_pkg/my_first_pkg.egg-info/SOURCES.txt'
[1.044s] writing manifest file '../../build/my_first_pkg/my_first_pkg.egg-info/SOURCES.txt'
[1.045s] running build
[1.045s] running build_py
[1.045s] copying my_first_pkg/turtlesim_pose_sub.py -> /home/kim/ros2_ws/build/my_first_pkg/build/lib/my_first_pkg
[1.045s] copying my_first_pkg/news_sub.py -> /home/kim/ros2_ws/build/my_first_pkg/build/lib/my_first_pkg
[1.046s] copying my_first_pkg/set_agv_speed_controller.py -> /home/kim/ros2_ws/build/my_first_pkg/build/lib/my_first_pkg
[1.046s] running install
[1.046s] running install_lib
[1.047s] copying /home/kim/ros2_ws/build/my_first_pkg/build/lib/my_first_pkg/turtlesim_pose_sub.py -> /home/kim/ros2_ws/install/my_first_pkg/lib/python3.10/site-packages/my_first_pkg
[1.047s] copying /home/kim/ros2_ws/build/my_first_pkg/build/lib/my_first_pkg/news_sub.py -> /home/kim/ros2_ws/install/my_first_pkg/lib/python3.10/site-packages/my_first_pkg
[1.047s] copying /home/kim/ros2_ws/build/my_first_pkg/build/lib/my_first_pkg/set_agv_speed_controller.py -> /home/kim/ros2_ws/install/my_first_pkg/lib/python3.10/site-packages/my_first_pkg
[1.048s] byte-compiling /home/kim/ros2_ws/install/my_first_pkg/lib/python3.10/site-packages/my_first_pkg/turtlesim_pose_sub.py to turtlesim_pose_sub.cpython-310.pyc
[1.049s] byte-compiling /home/kim/ros2_ws/install/my_first_pkg/lib/python3.10/site-packages/my_first_pkg/news_sub.py to news_sub.cpython-310.pyc
[1.049s] byte-compiling /home/kim/ros2_ws/install/my_first_pkg/lib/python3.10/site-packages/my_first_pkg/set_agv_speed_controller.py to set_agv_speed_controller.cpython-310.pyc
[1.050s] running install_data
[1.050s] copying launch/new.launch.py -> /home/kim/ros2_ws/install/my_first_pkg/share/my_first_pkg/launch
[1.051s] running install_egg_info
[1.052s] removing '/home/kim/ros2_ws/install/my_first_pkg/lib/python3.10/site-packages/my_first_pkg-0.0.0-py3.10.egg-info' (and everything under it)
[1.054s] Copying ../../build/my_first_pkg/my_first_pkg.egg-info to /home/kim/ros2_ws/install/my_first_pkg/lib/python3.10/site-packages/my_first_pkg-0.0.0-py3.10.egg-info
[1.055s] running install_scripts
[1.082s] Installing add_three_ints_client script to /home/kim/ros2_ws/install/my_first_pkg/lib/my_first_pkg
[1.084s] Installing add_three_ints_server script to /home/kim/ros2_ws/install/my_first_pkg/lib/my_first_pkg
[1.084s] Installing add_two_ints_client script to /home/kim/ros2_ws/install/my_first_pkg/lib/my_first_pkg
[1.084s] Installing add_two_ints_server script to /home/kim/ros2_ws/install/my_first_pkg/lib/my_first_pkg
[1.084s] Installing counter_node script to /home/kim/ros2_ws/install/my_first_pkg/lib/my_first_pkg
[1.085s] Installing counter_pub script to /home/kim/ros2_ws/install/my_first_pkg/lib/my_first_pkg
[1.085s] Installing robot_station2 script to /home/kim/ros2_ws/install/my_first_pkg/lib/my_first_pkg
[1.085s] Installing sensor_status_pub script to /home/kim/ros2_ws/install/my_first_pkg/lib/my_first_pkg
[1.085s] Installing sensor_status_sub script to /home/kim/ros2_ws/install/my_first_pkg/lib/my_first_pkg
[1.085s] Installing set_agv_speed_controller script to /home/kim/ros2_ws/install/my_first_pkg/lib/my_first_pkg
[1.085s] Installing sub_sub script to /home/kim/ros2_ws/install/my_first_pkg/lib/my_first_pkg
[1.086s] Installing turtle_color script to /home/kim/ros2_ws/install/my_first_pkg/lib/my_first_pkg
[1.086s] Installing turtle_pose script to /home/kim/ros2_ws/install/my_first_pkg/lib/my_first_pkg
[1.086s] Installing turtlesim_controller script to /home/kim/ros2_ws/install/my_first_pkg/lib/my_first_pkg
[1.086s] Installing turtlesim_pub script to /home/kim/ros2_ws/install/my_first_pkg/lib/my_first_pkg
[1.086s] writing list of installed files to '/home/kim/ros2_ws/build/my_first_pkg/install.log'
[1.115s] Invoked command in '/home/kim/ros2_ws/src/my_first_pkg' returned '0': PYTHONPATH=/home/kim/ros2_ws/build/my_first_pkg/prefix_override:/usr/lib/python3/dist-packages/colcon_core/task/python/colcon_distutils_commands:/home/kim/ros2_ws/install/my_first_pkg/lib/python3.10/site-packages:${PYTHONPATH} /usr/bin/python3 -W ignore:setup.py install is deprecated -W ignore:easy_install command is deprecated setup.py egg_info --egg-base ../../build/my_first_pkg build --build-base /home/kim/ros2_ws/build/my_first_pkg/build install --record /home/kim/ros2_ws/build/my_first_pkg/install.log --single-version-externally-managed install_data
